PROCESSING [/mnt/ssd/prank/p2rank-datasets/joined/all/fasta/1rt2A.pdb.seq.fasta]
LOG: /mnt/ssd/prank/p2rank-datasets/joined/conservation/log/1rt2A.pdb.seq.fasta.log
+ source local-setenv.sh
++ PSIBLAST_DIR=/mnt/ssd/conservation/conservation-workbench/ncbi-blast/bin
++ CDHIT_DIR=/mnt/ssd/conservation/conservation-workbench/cd-hit
++ MUSCLE_DIR=/mnt/ssd/conservation/conservation-workbench
++ JSD_DIR=/mnt/ssd/conservation/conservation-workbench/conservation_code
++ PYTHON_CMD=python
++ BLASTDB_DIR=/mnt/ssd/conservation/blastdb
++ PSIBLAST_THREADS=24
++ export PATH=/mnt/ssd/conservation/conservation-workbench/ncbi-blast/bin:/mnt/ssd/conservation/conservation-workbench/cd-hit:/mnt/ssd/conservation/conservation-workbench:/home/rdk/.sdkman/candidates/gradle/current/bin:/usr/local/sbin:/usr/local/bin:/usr/sbin:/usr/bin:/sbin:/bin:/usr/games:/usr/local/games:/snap/bin:/usr/lib/jvm/java-8-oracle/bin:/usr/lib/jvm/java-8-oracle/db/bin:/usr/lib/jvm/java-8-oracle/jre/bin
++ PATH=/mnt/ssd/conservation/conservation-workbench/ncbi-blast/bin:/mnt/ssd/conservation/conservation-workbench/cd-hit:/mnt/ssd/conservation/conservation-workbench:/home/rdk/.sdkman/candidates/gradle/current/bin:/usr/local/sbin:/usr/local/bin:/usr/sbin:/usr/bin:/sbin:/bin:/usr/games:/usr/local/games:/snap/bin:/usr/lib/jvm/java-8-oracle/bin:/usr/lib/jvm/java-8-oracle/db/bin:/usr/lib/jvm/java-8-oracle/jre/bin
++ export JSD_DIR=/mnt/ssd/conservation/conservation-workbench/conservation_code
++ JSD_DIR=/mnt/ssd/conservation/conservation-workbench/conservation_code
++ export BLASTDB=/mnt/ssd/conservation/blastdb
++ BLASTDB=/mnt/ssd/conservation/blastdb
++ export PYTHON_CMD=python
++ PYTHON_CMD=python
++ export PSIBLAST_THREADS=24
++ PSIBLAST_THREADS=24
+ file=/mnt/ssd/prank/p2rank-datasets/joined/all/fasta/1rt2A.pdb.seq.fasta
+ outdir=/mnt/ssd/prank/p2rank-datasets/joined/conservation
+ psiblast_evalue=0.00001
+ psiblast_iterations=1
+ mkdir -p /mnt/ssd/prank/p2rank-datasets/joined/conservation/alignments
+ mkdir -p /mnt/ssd/prank/p2rank-datasets/joined/conservation/scores
++ basename /mnt/ssd/prank/p2rank-datasets/joined/all/fasta/1rt2A.pdb.seq.fasta
+ file_base=1rt2A.pdb.seq.fasta
+ alignments_file=/mnt/ssd/prank/p2rank-datasets/joined/conservation/alignments/1rt2A.pdb.seq.fasta.ali
+ scores_file=/mnt/ssd/prank/p2rank-datasets/joined/conservation/scores/1rt2A.pdb.seq.fasta.hom.gz
++ tempfile
+ blastResFile=/tmp/fileM17ZDi
++ tempfile
+ blastSeq=/tmp/fileKGpQgg
++ tempfile
+ modifiedInputFile=/tmp/fileg9VVyk
++ tempfile
+ muscleResultFile=/tmp/file2mv6Yl
++ tempfile
+ conservationExtractorInput=/tmp/file5EBifp
+ search swissprot
+ db=swissprot
+ psiblast -db swissprot -outfmt '6 sallseqid qcovs pident' -evalue 0.00001 -num_threads 24 -num_iterations 1
+ ./filter.awk
+ tee /mnt/ssd/prank/p2rank-datasets/joined/conservation/alignments/1rt2A.pdb.seq.fasta.ali
+ blastdbcmd -db swissprot -entry_batch /tmp/fileM17ZDi
+ cd-hit -i /tmp/fileKGpQgg -o /tmp/fileM17ZDi
================================================================
Program: CD-HIT, V4.7 (+OpenMP), Mar 23 2018, 15:56:04
Command: cd-hit -i /tmp/fileKGpQgg -o /tmp/fileM17ZDi

Started: Thu Jan 17 05:29:52 2019
================================================================
                            Output                              
----------------------------------------------------------------
total seq: 60
longest and shortest : 1550 and 1086
Total letters: 84563
Sequences have been sorted

Approximated minimal memory consumption:
Sequence        : 0M
Buffer          : 1 X 10M = 10M
Table           : 1 X 65M = 65M
Miscellaneous   : 0M
Total           : 76M

Table limit with the given memory limit:
Max number of representatives: 467668
Max number of word counting entries: 90467584

comparing sequences from          0  to         60

       60  finished         29  clusters

Apprixmated maximum memory consumption: 76M
writing new database
writing clustering information
program completed !

Total CPU time 0.11
++ wc -l
++ grep '^>'
+ numSeq=29
+ echo Found 29 sequences in swissprot
Found 29 sequences in swissprot
++ wc -l
++ grep '^>'
+ numSeq=29
+ '[' 0 = 0 ']'
+ search uniref90
+ db=uniref90
+ ./filter.awk
+ psiblast -db uniref90 -outfmt '6 sallseqid qcovs pident' -evalue 0.00001 -num_threads 24 -num_iterations 1
+ tee /mnt/ssd/prank/p2rank-datasets/joined/conservation/alignments/1rt2A.pdb.seq.fasta.ali
+ blastdbcmd -db uniref90 -entry_batch /tmp/fileM17ZDi
+ cd-hit -i /tmp/fileKGpQgg -o /tmp/fileM17ZDi
================================================================
Program: CD-HIT, V4.7 (+OpenMP), Mar 23 2018, 15:56:04
Command: cd-hit -i /tmp/fileKGpQgg -o /tmp/fileM17ZDi

Started: Thu Jan 17 05:32:11 2019
================================================================
                            Output                              
----------------------------------------------------------------
total seq: 307
longest and shortest : 1499 and 440
Total letters: 268838
Sequences have been sorted

Approximated minimal memory consumption:
Sequence        : 0M
Buffer          : 1 X 10M = 10M
Table           : 1 X 65M = 65M
Miscellaneous   : 0M
Total           : 76M

Table limit with the given memory limit:
Max number of representatives: 655070
Max number of word counting entries: 90440556

comparing sequences from          0  to        307

      307  finished        203  clusters

Apprixmated maximum memory consumption: 77M
writing new database
writing clustering information
program completed !

Total CPU time 1.52
++ grep '^>'
++ wc -l
+ numSeq=203
+ echo Found 203 sequences in uniref90
Found 203 sequences in uniref90
+ sed 's/^>/>query_sekvence|/'
+ cat /tmp/fileM17ZDi /tmp/fileg9VVyk
+ muscle -quiet
+ awk -f sortMuscleOutput.awk
+ cd /mnt/ssd/conservation/conservation-workbench/conservation_code
+ python /mnt/ssd/conservation/conservation-workbench/conservation_code/score_conservation.py /tmp/file5EBifp
+ gzip -9
+ rm /tmp/file2mv6Yl
+ rm /tmp/fileg9VVyk
+ rm /tmp/fileKGpQgg
+ rm /tmp/fileM17ZDi
TIME: 5 min 4 s
DONE
