PROCESSING [/mnt/ssd/prank/p2rank-datasets/joined/all/fasta/2agd_AA.pdb.seq.fasta]
LOG: /mnt/ssd/prank/p2rank-datasets/joined/conservation/log/2agd_AA.pdb.seq.fasta.log
+ source local-setenv.sh
++ PSIBLAST_DIR=/mnt/ssd/conservation/conservation-workbench/ncbi-blast/bin
++ CDHIT_DIR=/mnt/ssd/conservation/conservation-workbench/cd-hit
++ MUSCLE_DIR=/mnt/ssd/conservation/conservation-workbench
++ JSD_DIR=/mnt/ssd/conservation/conservation-workbench/conservation_code
++ PYTHON_CMD=python
++ BLASTDB_DIR=/mnt/ssd/conservation/blastdb
++ PSIBLAST_THREADS=24
++ export PATH=/mnt/ssd/conservation/conservation-workbench/ncbi-blast/bin:/mnt/ssd/conservation/conservation-workbench/cd-hit:/mnt/ssd/conservation/conservation-workbench:/home/rdk/.sdkman/candidates/gradle/current/bin:/usr/local/sbin:/usr/local/bin:/usr/sbin:/usr/bin:/sbin:/bin:/usr/games:/usr/local/games:/snap/bin:/usr/lib/jvm/java-8-oracle/bin:/usr/lib/jvm/java-8-oracle/db/bin:/usr/lib/jvm/java-8-oracle/jre/bin
++ PATH=/mnt/ssd/conservation/conservation-workbench/ncbi-blast/bin:/mnt/ssd/conservation/conservation-workbench/cd-hit:/mnt/ssd/conservation/conservation-workbench:/home/rdk/.sdkman/candidates/gradle/current/bin:/usr/local/sbin:/usr/local/bin:/usr/sbin:/usr/bin:/sbin:/bin:/usr/games:/usr/local/games:/snap/bin:/usr/lib/jvm/java-8-oracle/bin:/usr/lib/jvm/java-8-oracle/db/bin:/usr/lib/jvm/java-8-oracle/jre/bin
++ export JSD_DIR=/mnt/ssd/conservation/conservation-workbench/conservation_code
++ JSD_DIR=/mnt/ssd/conservation/conservation-workbench/conservation_code
++ export BLASTDB=/mnt/ssd/conservation/blastdb
++ BLASTDB=/mnt/ssd/conservation/blastdb
++ export PYTHON_CMD=python
++ PYTHON_CMD=python
++ export PSIBLAST_THREADS=24
++ PSIBLAST_THREADS=24
+ file=/mnt/ssd/prank/p2rank-datasets/joined/all/fasta/2agd_AA.pdb.seq.fasta
+ outdir=/mnt/ssd/prank/p2rank-datasets/joined/conservation
+ psiblast_evalue=0.00001
+ psiblast_iterations=1
+ mkdir -p /mnt/ssd/prank/p2rank-datasets/joined/conservation/alignments
+ mkdir -p /mnt/ssd/prank/p2rank-datasets/joined/conservation/scores
++ basename /mnt/ssd/prank/p2rank-datasets/joined/all/fasta/2agd_AA.pdb.seq.fasta
+ file_base=2agd_AA.pdb.seq.fasta
+ alignments_file=/mnt/ssd/prank/p2rank-datasets/joined/conservation/alignments/2agd_AA.pdb.seq.fasta.ali
+ scores_file=/mnt/ssd/prank/p2rank-datasets/joined/conservation/scores/2agd_AA.pdb.seq.fasta.hom.gz
++ tempfile
+ blastResFile=/tmp/file4NZHv4
++ tempfile
+ blastSeq=/tmp/filekMngq4
++ tempfile
+ modifiedInputFile=/tmp/fileAQSnk4
++ tempfile
+ muscleResultFile=/tmp/fileSo31e4
++ tempfile
+ conservationExtractorInput=/tmp/file01FSi4
+ search swissprot
+ db=swissprot
+ tee /mnt/ssd/prank/p2rank-datasets/joined/conservation/alignments/2agd_AA.pdb.seq.fasta.ali
+ psiblast -db swissprot -outfmt '6 sallseqid qcovs pident' -evalue 0.00001 -num_threads 24 -num_iterations 1
+ ./filter.awk
+ blastdbcmd -db swissprot -entry_batch /tmp/file4NZHv4
+ cd-hit -i /tmp/filekMngq4 -o /tmp/file4NZHv4
================================================================
Program: CD-HIT, V4.7 (+OpenMP), Mar 23 2018, 15:56:04
Command: cd-hit -i /tmp/filekMngq4 -o /tmp/file4NZHv4

Started: Thu Jan 17 03:40:06 2019
================================================================
                            Output                              
----------------------------------------------------------------
total seq: 23
longest and shortest : 490 and 344
Total letters: 8833
Sequences have been sorted

Approximated minimal memory consumption:
Sequence        : 0M
Buffer          : 1 X 10M = 10M
Table           : 1 X 65M = 65M
Miscellaneous   : 0M
Total           : 75M

Table limit with the given memory limit:
Max number of representatives: 1482216
Max number of word counting entries: 90506016

comparing sequences from          0  to         23

       23  finished         11  clusters

Apprixmated maximum memory consumption: 75M
writing new database
writing clustering information
program completed !

Total CPU time 0.08
++ grep '^>'
++ wc -l
+ numSeq=11
+ echo Found 11 sequences in swissprot
Found 11 sequences in swissprot
++ grep '^>'
++ wc -l
+ numSeq=11
+ '[' 0 = 0 ']'
+ search uniref90
+ db=uniref90
+ psiblast -db uniref90 -outfmt '6 sallseqid qcovs pident' -evalue 0.00001 -num_threads 24 -num_iterations 1
+ ./filter.awk
+ tee /mnt/ssd/prank/p2rank-datasets/joined/conservation/alignments/2agd_AA.pdb.seq.fasta.ali
+ blastdbcmd -db uniref90 -entry_batch /tmp/file4NZHv4
+ cd-hit -i /tmp/filekMngq4 -o /tmp/file4NZHv4
================================================================
Program: CD-HIT, V4.7 (+OpenMP), Mar 23 2018, 15:56:04
Command: cd-hit -i /tmp/filekMngq4 -o /tmp/file4NZHv4

Started: Thu Jan 17 03:41:05 2019
================================================================
                            Output                              
----------------------------------------------------------------
total seq: 468
longest and shortest : 2526 and 220
Total letters: 171658
Sequences have been sorted

Approximated minimal memory consumption:
Sequence        : 0M
Buffer          : 1 X 11M = 11M
Table           : 1 X 65M = 65M
Miscellaneous   : 0M
Total           : 76M

Table limit with the given memory limit:
Max number of representatives: 1557230
Max number of word counting entries: 90421741

comparing sequences from          0  to        468

      468  finished        401  clusters

Apprixmated maximum memory consumption: 77M
writing new database
writing clustering information
program completed !

Total CPU time 0.16
++ grep '^>'
++ wc -l
+ numSeq=401
+ echo Found 401 sequences in uniref90
Found 401 sequences in uniref90
+ sed 's/^>/>query_sekvence|/'
+ cat /tmp/file4NZHv4 /tmp/fileAQSnk4
+ muscle -quiet
+ awk -f sortMuscleOutput.awk
+ cd /mnt/ssd/conservation/conservation-workbench/conservation_code
+ python /mnt/ssd/conservation/conservation-workbench/conservation_code/score_conservation.py /tmp/file01FSi4
+ gzip -9
+ rm /tmp/fileSo31e4
+ rm /tmp/fileAQSnk4
+ rm /tmp/filekMngq4
+ rm /tmp/file4NZHv4
TIME: 13 min 42 s
DONE
