PROCESSING [/mnt/ssd/prank/p2rank-datasets/joined/all/fasta/2msbA.pdb.seq.fasta]
LOG: /mnt/ssd/prank/p2rank-datasets/joined/conservation/log/2msbA.pdb.seq.fasta.log
+ source local-setenv.sh
++ PSIBLAST_DIR=/mnt/ssd/conservation/conservation-workbench/ncbi-blast/bin
++ CDHIT_DIR=/mnt/ssd/conservation/conservation-workbench/cd-hit
++ MUSCLE_DIR=/mnt/ssd/conservation/conservation-workbench
++ JSD_DIR=/mnt/ssd/conservation/conservation-workbench/conservation_code
++ PYTHON_CMD=python
++ BLASTDB_DIR=/mnt/ssd/conservation/blastdb
++ PSIBLAST_THREADS=24
++ export PATH=/mnt/ssd/conservation/conservation-workbench/ncbi-blast/bin:/mnt/ssd/conservation/conservation-workbench/cd-hit:/mnt/ssd/conservation/conservation-workbench:/home/rdk/.sdkman/candidates/gradle/current/bin:/usr/local/sbin:/usr/local/bin:/usr/sbin:/usr/bin:/sbin:/bin:/usr/games:/usr/local/games:/snap/bin:/usr/lib/jvm/java-8-oracle/bin:/usr/lib/jvm/java-8-oracle/db/bin:/usr/lib/jvm/java-8-oracle/jre/bin
++ PATH=/mnt/ssd/conservation/conservation-workbench/ncbi-blast/bin:/mnt/ssd/conservation/conservation-workbench/cd-hit:/mnt/ssd/conservation/conservation-workbench:/home/rdk/.sdkman/candidates/gradle/current/bin:/usr/local/sbin:/usr/local/bin:/usr/sbin:/usr/bin:/sbin:/bin:/usr/games:/usr/local/games:/snap/bin:/usr/lib/jvm/java-8-oracle/bin:/usr/lib/jvm/java-8-oracle/db/bin:/usr/lib/jvm/java-8-oracle/jre/bin
++ export JSD_DIR=/mnt/ssd/conservation/conservation-workbench/conservation_code
++ JSD_DIR=/mnt/ssd/conservation/conservation-workbench/conservation_code
++ export BLASTDB=/mnt/ssd/conservation/blastdb
++ BLASTDB=/mnt/ssd/conservation/blastdb
++ export PYTHON_CMD=python
++ PYTHON_CMD=python
++ export PSIBLAST_THREADS=24
++ PSIBLAST_THREADS=24
+ file=/mnt/ssd/prank/p2rank-datasets/joined/all/fasta/2msbA.pdb.seq.fasta
+ outdir=/mnt/ssd/prank/p2rank-datasets/joined/conservation
+ psiblast_evalue=0.00001
+ psiblast_iterations=1
+ mkdir -p /mnt/ssd/prank/p2rank-datasets/joined/conservation/alignments
+ mkdir -p /mnt/ssd/prank/p2rank-datasets/joined/conservation/scores
++ basename /mnt/ssd/prank/p2rank-datasets/joined/all/fasta/2msbA.pdb.seq.fasta
+ file_base=2msbA.pdb.seq.fasta
+ alignments_file=/mnt/ssd/prank/p2rank-datasets/joined/conservation/alignments/2msbA.pdb.seq.fasta.ali
+ scores_file=/mnt/ssd/prank/p2rank-datasets/joined/conservation/scores/2msbA.pdb.seq.fasta.hom.gz
++ tempfile
+ blastResFile=/tmp/filewk2F1B
++ tempfile
+ blastSeq=/tmp/fileJCnrYB
++ tempfile
+ modifiedInputFile=/tmp/filePxCBPB
++ tempfile
+ muscleResultFile=/tmp/fileodkXLB
++ tempfile
+ conservationExtractorInput=/tmp/file1weIHB
+ search swissprot
+ db=swissprot
+ psiblast -db swissprot -outfmt '6 sallseqid qcovs pident' -evalue 0.00001 -num_threads 24 -num_iterations 1
+ tee /mnt/ssd/prank/p2rank-datasets/joined/conservation/alignments/2msbA.pdb.seq.fasta.ali
+ ./filter.awk
+ blastdbcmd -db swissprot -entry_batch /tmp/filewk2F1B
+ cd-hit -i /tmp/fileJCnrYB -o /tmp/filewk2F1B
================================================================
Program: CD-HIT, V4.7 (+OpenMP), Mar 23 2018, 15:56:04
Command: cd-hit -i /tmp/fileJCnrYB -o /tmp/filewk2F1B

Started: Thu Jan 17 05:29:00 2019
================================================================
                            Output                              
----------------------------------------------------------------
total seq: 73
longest and shortest : 1257 and 190
Total letters: 22461
Sequences have been sorted

Approximated minimal memory consumption:
Sequence        : 0M
Buffer          : 1 X 10M = 10M
Table           : 1 X 65M = 65M
Miscellaneous   : 0M
Total           : 76M

Table limit with the given memory limit:
Max number of representatives: 1944525
Max number of word counting entries: 90482887

comparing sequences from          0  to         73

       73  finished         54  clusters

Apprixmated maximum memory consumption: 76M
writing new database
writing clustering information
program completed !

Total CPU time 0.09
++ grep '^>'
++ wc -l
+ numSeq=54
+ echo Found 54 sequences in swissprot
Found 54 sequences in swissprot
++ grep '^>'
++ wc -l
+ numSeq=54
+ '[' 1 = 0 ']'
+ sed 's/^>/>query_sekvence|/'
+ cat /tmp/filewk2F1B /tmp/filePxCBPB
+ muscle -quiet
+ awk -f sortMuscleOutput.awk
+ cd /mnt/ssd/conservation/conservation-workbench/conservation_code
+ python /mnt/ssd/conservation/conservation-workbench/conservation_code/score_conservation.py /tmp/file1weIHB
+ gzip -9
+ rm /tmp/fileodkXLB
+ rm /tmp/filePxCBPB
+ rm /tmp/fileJCnrYB
+ rm /tmp/filewk2F1B
TIME: 7 s
DONE
