1azm_A.pdb
1b3n_A.pdb
1bj4_A.pdb
1c1p_A.pdb
1c3s_A.pdb
1cb0_A.pdb
1cea_A.pdb
1d2a_B.pdb
1dp0_A.pdb
1dug_A.pdb
1e7a_A.pdb
1eem_A.pdb
1f17_A.pdb
1f3a_A.pdb
1f5l_A.pdb
1fa9_A.pdb
1fcm_A.pdb
1ffy_A.pdb
1fj8_A.pdb
1fw1_A.pdb
1fwe_C.pdb
1gtb_A.pdb
1h0c_A.pdb
1h7x_A.pdb
1hqc_A.pdb
1hwk_A.pdb
1hwl_A.pdb
1i0z_A.pdb
1ig0_A.pdb
1ig3_A.pdb
1ihi_A.pdb
1itu_A.pdb
1j3j_A.pdb
1jd0_A.pdb
1jh8_A.pdb
1jr1_A.pdb
1ju6_A.pdb
1jxm_A.pdb
1jys_A.pdb
1kdk_A.pdb
1ki2_A.pdb
1kmv_A.pdb
1kp3_A.pdb
1lj5_A.pdb
1lpd_A.pdb
1ltq_A.pdb
1lu1_A.pdb
1lxf_C.pdb
1m17_A.pdb
1m2z_A.pdb
1m54_A.pdb
1me7_A.pdb
1mrl_A.pdb
1mud_A.pdb
1n2z_A.pdb
1nrg_A.pdb
1nsi_A.pdb
1oat_A.pdb
1od2_B.pdb
1oxr_A.pdb
1p0m_A.pdb
1p5j_A.pdb
1p7r_A.pdb
1pbc_A.pdb
1pj2_A.pdb
1pk2_A.pdb
1pn3_A.pdb
1px7_A.pdb
1q1c_A.pdb
1q6i_A.pdb
1q8m_A.pdb
1q8y_B.pdb
1qb7_A.pdb
1qca_A.pdb
1qci_A.pdb
1qd2_A.pdb
1qgj_A.pdb
1qhy_A.pdb
1r4w_A.pdb
1r6n_A.pdb
1rbw_A.pdb
1rv7_B.pdb
1s19_A.pdb
1s2a_A.pdb
1s2d_A.pdb
1s9p_A.pdb
1sbr_A.pdb
1sqn_A.pdb
1sxk_A.pdb
1t69_A.pdb
1td7_A.pdb
1tgm_A.pdb
1th6_A.pdb
1tpf_A.pdb
1tt6_A.pdb
1tuf_A.pdb
1tz8_A.pdb
1uae_A.pdb
1udu_A.pdb
1umj_A.pdb
1upf_D.pdb
1usq_A.pdb
1uw6_A.pdb
1w0g_A.pdb
1w6f_A.pdb
1w6r_A.pdb
1wap_A.pdb
1x8v_A.pdb
1xcl_A.pdb
1xe8_A.pdb
1xj7_A.pdb
1y4l_B.pdb
1y8e_A.pdb
1yhm_A.pdb
1yki_B.pdb
1yxm_B.pdb
1z11_A.pdb
1zmd_A.pdb
1zn7_A.pdb
2ab2_A.pdb
2abj_A.pdb
2agd_A.pdb
2aou_A.pdb
2azx_A.pdb
2bdm_A.pdb
2biu_X.pdb
2bxg_A.pdb
2bxn_A.pdb
2c6g_A.pdb
2c6n_A.pdb
2cev_A.pdb
2cft_A.pdb
2ch5_A.pdb
2coj_A.pdb
2f2q_A.pdb
2f89_F.pdb
2f8z_F.pdb
2f92_F.pdb
2fy3_A.pdb
2gsk_A.pdb
2h79_A.pdb
2h9t_H.pdb
2hgs_A.pdb
2ht9_A.pdb
2hzp_A.pdb
2j6l_A.pdb
2jai_A.pdb
2jhf_A.pdb
2jis_A.pdb
2nvu_B.pdb
2nyr_B.pdb
2nz2_A.pdb
2obv_A.pdb
2of1_A.pdb
2oo0_A.pdb
2p8n_A.pdb
2qr2_B.pdb
2qxs_A.pdb
2vcq_A.pdb
2vdm_B.pdb
2w8y_A.pdb
2xat_A.pdb
2xh1_A.pdb
2xhd_A.pdb
2zt7_A.pdb
3b6r_B.pdb
3b9m_A.pdb
3ba0_A.pdb
3bg3_A.pdb
3bju_A.pdb
3c6m_A.pdb
3cfq_A.pdb
3cla_A.pdb
3cog_A.pdb
3czd_A.pdb
3d90_A.pdb
3dgq_A.pdb
3dk8_A.pdb
3dyd_A.pdb
3dzy_D.pdb
3e77_A.pdb
3erd_A.pdb
3ert_A.pdb
3fhx_A.pdb
3gmz_A.pdb
3gwx_A.pdb
3h6t_A.pdb
3ii0_A.pdb
3inj_A.pdb
3iyt_A.pdb
3jdw_A.pdb
3k4v_A.pdb
3kvv_A.pdb
3l6b_A.pdb
3pah_A.pdb
4pah_A.pdb
5jdw_A.pdb
6pah_A.pdb
