PROCESSING [/home/rdk/proj/p2rank-datasets/holo4k/fasta/1b09E.pdb.seq.fasta]
LOG: /home/rdk/proj/p2rank-datasets/holo4k/conservation/log/1b09E.pdb.seq.fasta.log
+ source local-setenv.sh
++ PSIBLAST_DIR=/home/rdk/proj/conservation/conservation-workbench/ncbi-blast/bin
++ CDHIT_DIR=/home/rdk/proj/conservation/conservation-workbench/cd-hit
++ MUSCLE_DIR=/home/rdk/proj/conservation/conservation-workbench
++ JSD_DIR=/home/rdk/proj/conservation/conservation-workbench/conservation_code
++ PYTHON_CMD=python
++ BLASTDB_DIR=/home/rdk/proj/conservation/blastdb
++ PSIBLAST_THREADS=16
++ export PATH=/home/rdk/proj/conservation/conservation-workbench/ncbi-blast/bin:/home/rdk/proj/conservation/conservation-workbench/cd-hit:/home/rdk/proj/conservation/conservation-workbench:/usr/local/bin:/usr/bin:/bin:/usr/local/games:/usr/games:/usr/lib/jvm/java-8-oracle/bin:/usr/lib/jvm/java-8-oracle/db/bin:/usr/lib/jvm/java-8-oracle/jre/bin
++ PATH=/home/rdk/proj/conservation/conservation-workbench/ncbi-blast/bin:/home/rdk/proj/conservation/conservation-workbench/cd-hit:/home/rdk/proj/conservation/conservation-workbench:/usr/local/bin:/usr/bin:/bin:/usr/local/games:/usr/games:/usr/lib/jvm/java-8-oracle/bin:/usr/lib/jvm/java-8-oracle/db/bin:/usr/lib/jvm/java-8-oracle/jre/bin
++ export JSD_DIR=/home/rdk/proj/conservation/conservation-workbench/conservation_code
++ JSD_DIR=/home/rdk/proj/conservation/conservation-workbench/conservation_code
++ export BLASTDB=/home/rdk/proj/conservation/blastdb
++ BLASTDB=/home/rdk/proj/conservation/blastdb
++ export PYTHON_CMD=python
++ PYTHON_CMD=python
++ export PSIBLAST_THREADS=16
++ PSIBLAST_THREADS=16
+ file=/home/rdk/proj/p2rank-datasets/holo4k/fasta/1b09E.pdb.seq.fasta
+ outdir=/home/rdk/proj/p2rank-datasets/holo4k/conservation
+ psiblast_evalue=0.00001
+ psiblast_iterations=1
+ mkdir -p /home/rdk/proj/p2rank-datasets/holo4k/conservation/alignments
+ mkdir -p /home/rdk/proj/p2rank-datasets/holo4k/conservation/scores
++ basename /home/rdk/proj/p2rank-datasets/holo4k/fasta/1b09E.pdb.seq.fasta
+ file_base=1b09E.pdb.seq.fasta
+ alignments_file=/home/rdk/proj/p2rank-datasets/holo4k/conservation/alignments/1b09E.pdb.seq.fasta.ali
+ scores_file=/home/rdk/proj/p2rank-datasets/holo4k/conservation/scores/1b09E.pdb.seq.fasta.hom.gz
++ tempfile
+ blastResFile=/tmp/fileuFpzIT
++ tempfile
+ blastSeq=/tmp/fileWI5eSV
++ tempfile
+ modifiedInputFile=/tmp/fileOJf0sW
++ tempfile
+ muscleResultFile=/tmp/fileo8GEFN
++ tempfile
+ conservationExtractorInput=/tmp/fileR53zpN
+ search swissprot
+ db=swissprot
+ psiblast -db swissprot -outfmt '6 sallseqid qcovs pident' -evalue 0.00001 -num_threads 16 -num_iterations 1
+ ./filter.awk
+ tee /home/rdk/proj/p2rank-datasets/holo4k/conservation/alignments/1b09E.pdb.seq.fasta.ali
+ blastdbcmd -db swissprot -entry_batch /tmp/fileuFpzIT
+ cd-hit -i /tmp/fileWI5eSV -o /tmp/fileuFpzIT
================================================================
Program: CD-HIT, V4.7 (+OpenMP), Mar 23 2018, 15:56:04
Command: cd-hit -i /tmp/fileWI5eSV -o /tmp/fileuFpzIT

Started: Thu Jan 17 03:12:28 2019
================================================================
                            Output                              
----------------------------------------------------------------
total seq: 25
longest and shortest : 3571 and 217
Total letters: 9992
Sequences have been sorted

Approximated minimal memory consumption:
Sequence        : 0M
Buffer          : 1 X 11M = 11M
Table           : 1 X 65M = 65M
Miscellaneous   : 0M
Total           : 76M

Table limit with the given memory limit:
Max number of representatives: 1358298
Max number of word counting entries: 90423802

comparing sequences from          0  to         25

       25  finished         23  clusters

Apprixmated maximum memory consumption: 76M
writing new database
writing clustering information
program completed !

Total CPU time 0.08
++ grep '^>'
++ wc -l
+ numSeq=23
+ echo Found 23 sequences in swissprot
Found 23 sequences in swissprot
++ grep '^>'
++ wc -l
+ numSeq=23
+ '[' 0 = 0 ']'
+ search uniref90
+ db=uniref90
+ ./filter.awk
+ tee /home/rdk/proj/p2rank-datasets/holo4k/conservation/alignments/1b09E.pdb.seq.fasta.ali
+ psiblast -db uniref90 -outfmt '6 sallseqid qcovs pident' -evalue 0.00001 -num_threads 16 -num_iterations 1
+ blastdbcmd -db uniref90 -entry_batch /tmp/fileuFpzIT
+ cd-hit -i /tmp/fileWI5eSV -o /tmp/fileuFpzIT
================================================================
Program: CD-HIT, V4.7 (+OpenMP), Mar 23 2018, 15:56:04
Command: cd-hit -i /tmp/fileWI5eSV -o /tmp/fileuFpzIT

Started: Thu Jan 17 03:32:51 2019
================================================================
                            Output                              
----------------------------------------------------------------
total seq: 501
longest and shortest : 1017 and 126
Total letters: 121990
Sequences have been sorted

Approximated minimal memory consumption:
Sequence        : 0M
Buffer          : 1 X 10M = 10M
Table           : 1 X 65M = 65M
Miscellaneous   : 0M
Total           : 76M

Table limit with the given memory limit:
Max number of representatives: 2213156
Max number of word counting entries: 90467455

comparing sequences from          0  to        501

      501  finished        462  clusters

Apprixmated maximum memory consumption: 77M
writing new database
writing clustering information
program completed !

Total CPU time 0.11
++ grep '^>'
++ wc -l
+ numSeq=462
+ echo Found 462 sequences in uniref90
Found 462 sequences in uniref90
+ sed 's/^>/>query_sekvence|/'
+ cat /tmp/fileuFpzIT /tmp/fileOJf0sW
+ muscle -quiet
+ awk -f sortMuscleOutput.awk
+ cd /home/rdk/proj/conservation/conservation-workbench/conservation_code
+ python /home/rdk/proj/conservation/conservation-workbench/conservation_code/score_conservation.py /tmp/fileR53zpN
+ gzip -9
+ rm /tmp/fileo8GEFN
+ rm /tmp/fileOJf0sW
+ rm /tmp/fileWI5eSV
+ rm /tmp/fileuFpzIT
TIME: 27 min 49 s
DONE
