PROCESSING [/home/rdk/proj/p2rank-datasets/holo4k/fasta/1b6lA.pdb.seq.fasta]
LOG: /home/rdk/proj/p2rank-datasets/holo4k/conservation/log/1b6lA.pdb.seq.fasta.log
+ source local-setenv.sh
++ PSIBLAST_DIR=/home/rdk/proj/conservation/conservation-workbench/ncbi-blast/bin
++ CDHIT_DIR=/home/rdk/proj/conservation/conservation-workbench/cd-hit
++ MUSCLE_DIR=/home/rdk/proj/conservation/conservation-workbench
++ JSD_DIR=/home/rdk/proj/conservation/conservation-workbench/conservation_code
++ PYTHON_CMD=python
++ BLASTDB_DIR=/home/rdk/proj/conservation/blastdb
++ PSIBLAST_THREADS=16
++ export PATH=/home/rdk/proj/conservation/conservation-workbench/ncbi-blast/bin:/home/rdk/proj/conservation/conservation-workbench/cd-hit:/home/rdk/proj/conservation/conservation-workbench:/usr/local/bin:/usr/bin:/bin:/usr/local/games:/usr/games:/usr/lib/jvm/java-8-oracle/bin:/usr/lib/jvm/java-8-oracle/db/bin:/usr/lib/jvm/java-8-oracle/jre/bin
++ PATH=/home/rdk/proj/conservation/conservation-workbench/ncbi-blast/bin:/home/rdk/proj/conservation/conservation-workbench/cd-hit:/home/rdk/proj/conservation/conservation-workbench:/usr/local/bin:/usr/bin:/bin:/usr/local/games:/usr/games:/usr/lib/jvm/java-8-oracle/bin:/usr/lib/jvm/java-8-oracle/db/bin:/usr/lib/jvm/java-8-oracle/jre/bin
++ export JSD_DIR=/home/rdk/proj/conservation/conservation-workbench/conservation_code
++ JSD_DIR=/home/rdk/proj/conservation/conservation-workbench/conservation_code
++ export BLASTDB=/home/rdk/proj/conservation/blastdb
++ BLASTDB=/home/rdk/proj/conservation/blastdb
++ export PYTHON_CMD=python
++ PYTHON_CMD=python
++ export PSIBLAST_THREADS=16
++ PSIBLAST_THREADS=16
+ file=/home/rdk/proj/p2rank-datasets/holo4k/fasta/1b6lA.pdb.seq.fasta
+ outdir=/home/rdk/proj/p2rank-datasets/holo4k/conservation
+ psiblast_evalue=0.00001
+ psiblast_iterations=1
+ mkdir -p /home/rdk/proj/p2rank-datasets/holo4k/conservation/alignments
+ mkdir -p /home/rdk/proj/p2rank-datasets/holo4k/conservation/scores
++ basename /home/rdk/proj/p2rank-datasets/holo4k/fasta/1b6lA.pdb.seq.fasta
+ file_base=1b6lA.pdb.seq.fasta
+ alignments_file=/home/rdk/proj/p2rank-datasets/holo4k/conservation/alignments/1b6lA.pdb.seq.fasta.ali
+ scores_file=/home/rdk/proj/p2rank-datasets/holo4k/conservation/scores/1b6lA.pdb.seq.fasta.hom.gz
++ tempfile
+ blastResFile=/tmp/fileO025jW
++ tempfile
+ blastSeq=/tmp/filel9IJXW
++ tempfile
+ modifiedInputFile=/tmp/fileB2xoOV
++ tempfile
+ muscleResultFile=/tmp/fileZLt2CY
++ tempfile
+ conservationExtractorInput=/tmp/filerLVvYX
+ search swissprot
+ db=swissprot
+ ./filter.awk
+ psiblast -db swissprot -outfmt '6 sallseqid qcovs pident' -evalue 0.00001 -num_threads 16 -num_iterations 1
+ tee /home/rdk/proj/p2rank-datasets/holo4k/conservation/alignments/1b6lA.pdb.seq.fasta.ali
+ blastdbcmd -db swissprot -entry_batch /tmp/fileO025jW
+ cd-hit -i /tmp/filel9IJXW -o /tmp/fileO025jW
================================================================
Program: CD-HIT, V4.7 (+OpenMP), Mar 23 2018, 15:56:04
Command: cd-hit -i /tmp/filel9IJXW -o /tmp/fileO025jW

Started: Thu Jan 17 07:21:56 2019
================================================================
                            Output                              
----------------------------------------------------------------
total seq: 62
longest and shortest : 1550 and 156
Total letters: 88027
Sequences have been sorted

Approximated minimal memory consumption:
Sequence        : 0M
Buffer          : 1 X 10M = 10M
Table           : 1 X 65M = 65M
Miscellaneous   : 0M
Total           : 76M

Table limit with the given memory limit:
Max number of representatives: 469486
Max number of word counting entries: 90467113

comparing sequences from          0  to         62

       62  finished         24  clusters

Apprixmated maximum memory consumption: 76M
writing new database
writing clustering information
program completed !

Total CPU time 0.13
++ wc -l
++ grep '^>'
+ numSeq=24
+ echo Found 24 sequences in swissprot
Found 24 sequences in swissprot
++ grep '^>'
++ wc -l
+ numSeq=24
+ '[' 0 = 0 ']'
+ search uniref90
+ db=uniref90
+ ./filter.awk
+ tee /home/rdk/proj/p2rank-datasets/holo4k/conservation/alignments/1b6lA.pdb.seq.fasta.ali
+ psiblast -db uniref90 -outfmt '6 sallseqid qcovs pident' -evalue 0.00001 -num_threads 16 -num_iterations 1
+ blastdbcmd -db uniref90 -entry_batch /tmp/fileO025jW
+ cd-hit -i /tmp/filel9IJXW -o /tmp/fileO025jW
================================================================
Program: CD-HIT, V4.7 (+OpenMP), Mar 23 2018, 15:56:04
Command: cd-hit -i /tmp/filel9IJXW -o /tmp/fileO025jW

Started: Thu Jan 17 07:30:05 2019
================================================================
                            Output                              
----------------------------------------------------------------
total seq: 500
longest and shortest : 572 and 96
Total letters: 104624
Sequences have been sorted

Approximated minimal memory consumption:
Sequence        : 0M
Buffer          : 1 X 10M = 10M
Table           : 1 X 65M = 65M
Miscellaneous   : 0M
Total           : 76M

Table limit with the given memory limit:
Max number of representatives: 1887137
Max number of word counting entries: 90481623

comparing sequences from          0  to        500

      500  finished        245  clusters

Apprixmated maximum memory consumption: 76M
writing new database
writing clustering information
program completed !

Total CPU time 0.28
++ grep '^>'
++ wc -l
+ numSeq=245
+ echo Found 245 sequences in uniref90
Found 245 sequences in uniref90
+ sed 's/^>/>query_sekvence|/'
+ muscle -quiet
+ cat /tmp/fileO025jW /tmp/fileB2xoOV
+ awk -f sortMuscleOutput.awk
+ cd /home/rdk/proj/conservation/conservation-workbench/conservation_code
+ gzip -9
+ python /home/rdk/proj/conservation/conservation-workbench/conservation_code/score_conservation.py /tmp/filerLVvYX
+ rm /tmp/fileZLt2CY
+ rm /tmp/fileB2xoOV
+ rm /tmp/filel9IJXW
+ rm /tmp/fileO025jW
TIME: 9 min 6 s
DONE
