PROCESSING [/home/rdk/proj/p2rank-datasets/holo4k/fasta/1dq8A.pdb.seq.fasta]
LOG: /home/rdk/proj/p2rank-datasets/holo4k/conservation/log/1dq8A.pdb.seq.fasta.log
+ source local-setenv.sh
++ PSIBLAST_DIR=/home/rdk/proj/conservation/conservation-workbench/ncbi-blast/bin
++ CDHIT_DIR=/home/rdk/proj/conservation/conservation-workbench/cd-hit
++ MUSCLE_DIR=/home/rdk/proj/conservation/conservation-workbench
++ JSD_DIR=/home/rdk/proj/conservation/conservation-workbench/conservation_code
++ PYTHON_CMD=python
++ BLASTDB_DIR=/home/rdk/proj/conservation/blastdb
++ PSIBLAST_THREADS=16
++ export PATH=/home/rdk/proj/conservation/conservation-workbench/ncbi-blast/bin:/home/rdk/proj/conservation/conservation-workbench/cd-hit:/home/rdk/proj/conservation/conservation-workbench:/usr/local/bin:/usr/bin:/bin:/usr/local/games:/usr/games:/usr/lib/jvm/java-8-oracle/bin:/usr/lib/jvm/java-8-oracle/db/bin:/usr/lib/jvm/java-8-oracle/jre/bin
++ PATH=/home/rdk/proj/conservation/conservation-workbench/ncbi-blast/bin:/home/rdk/proj/conservation/conservation-workbench/cd-hit:/home/rdk/proj/conservation/conservation-workbench:/usr/local/bin:/usr/bin:/bin:/usr/local/games:/usr/games:/usr/lib/jvm/java-8-oracle/bin:/usr/lib/jvm/java-8-oracle/db/bin:/usr/lib/jvm/java-8-oracle/jre/bin
++ export JSD_DIR=/home/rdk/proj/conservation/conservation-workbench/conservation_code
++ JSD_DIR=/home/rdk/proj/conservation/conservation-workbench/conservation_code
++ export BLASTDB=/home/rdk/proj/conservation/blastdb
++ BLASTDB=/home/rdk/proj/conservation/blastdb
++ export PYTHON_CMD=python
++ PYTHON_CMD=python
++ export PSIBLAST_THREADS=16
++ PSIBLAST_THREADS=16
+ file=/home/rdk/proj/p2rank-datasets/holo4k/fasta/1dq8A.pdb.seq.fasta
+ outdir=/home/rdk/proj/p2rank-datasets/holo4k/conservation
+ psiblast_evalue=0.00001
+ psiblast_iterations=1
+ mkdir -p /home/rdk/proj/p2rank-datasets/holo4k/conservation/alignments
+ mkdir -p /home/rdk/proj/p2rank-datasets/holo4k/conservation/scores
++ basename /home/rdk/proj/p2rank-datasets/holo4k/fasta/1dq8A.pdb.seq.fasta
+ file_base=1dq8A.pdb.seq.fasta
+ alignments_file=/home/rdk/proj/p2rank-datasets/holo4k/conservation/alignments/1dq8A.pdb.seq.fasta.ali
+ scores_file=/home/rdk/proj/p2rank-datasets/holo4k/conservation/scores/1dq8A.pdb.seq.fasta.hom.gz
++ tempfile
+ blastResFile=/tmp/filekksroK
++ tempfile
+ blastSeq=/tmp/fileGZfH8J
++ tempfile
+ modifiedInputFile=/tmp/fileN8F7XJ
++ tempfile
+ muscleResultFile=/tmp/filez7v9rN
++ tempfile
+ conservationExtractorInput=/tmp/filezyRVnN
+ search swissprot
+ db=swissprot
+ psiblast -db swissprot -outfmt '6 sallseqid qcovs pident' -evalue 0.00001 -num_threads 16 -num_iterations 1
+ tee /home/rdk/proj/p2rank-datasets/holo4k/conservation/alignments/1dq8A.pdb.seq.fasta.ali
+ ./filter.awk
+ blastdbcmd -db swissprot -entry_batch /tmp/filekksroK
+ cd-hit -i /tmp/fileGZfH8J -o /tmp/filekksroK
================================================================
Program: CD-HIT, V4.7 (+OpenMP), Mar 23 2018, 15:56:04
Command: cd-hit -i /tmp/fileGZfH8J -o /tmp/filekksroK

Started: Thu Jan 17 04:53:48 2019
================================================================
                            Output                              
----------------------------------------------------------------
total seq: 51
longest and shortest : 1183 and 397
Total letters: 37282
Sequences have been sorted

Approximated minimal memory consumption:
Sequence        : 0M
Buffer          : 1 X 10M = 10M
Table           : 1 X 65M = 65M
Miscellaneous   : 0M
Total           : 76M

Table limit with the given memory limit:
Max number of representatives: 732523
Max number of word counting entries: 90483448

comparing sequences from          0  to         51

       51  finished         39  clusters

Apprixmated maximum memory consumption: 76M
writing new database
writing clustering information
program completed !

Total CPU time 0.09
++ grep '^>'
++ wc -l
+ numSeq=39
+ echo Found 39 sequences in swissprot
Found 39 sequences in swissprot
++ grep '^>'
++ wc -l
+ numSeq=39
+ '[' 0 = 0 ']'
+ search uniref90
+ db=uniref90
+ psiblast -db uniref90 -outfmt '6 sallseqid qcovs pident' -evalue 0.00001 -num_threads 16 -num_iterations 1
+ tee /home/rdk/proj/p2rank-datasets/holo4k/conservation/alignments/1dq8A.pdb.seq.fasta.ali
+ ./filter.awk
+ blastdbcmd -db uniref90 -entry_batch /tmp/filekksroK
+ cd-hit -i /tmp/fileGZfH8J -o /tmp/filekksroK
================================================================
Program: CD-HIT, V4.7 (+OpenMP), Mar 23 2018, 15:56:04
Command: cd-hit -i /tmp/fileGZfH8J -o /tmp/filekksroK

Started: Thu Jan 17 05:42:30 2019
================================================================
                            Output                              
----------------------------------------------------------------
total seq: 490
longest and shortest : 2014 and 366
Total letters: 450740
Sequences have been sorted

Approximated minimal memory consumption:
Sequence        : 0M
Buffer          : 1 X 10M = 10M
Table           : 1 X 65M = 65M
Miscellaneous   : 0M
Total           : 76M

Table limit with the given memory limit:
Max number of representatives: 698060
Max number of word counting entries: 90400039

comparing sequences from          0  to        490

      490  finished        465  clusters

Apprixmated maximum memory consumption: 80M
writing new database
writing clustering information
program completed !

Total CPU time 0.31
++ grep '^>'
++ wc -l
+ numSeq=465
+ echo Found 465 sequences in uniref90
Found 465 sequences in uniref90
+ sed 's/^>/>query_sekvence|/'
+ cat /tmp/filekksroK /tmp/fileN8F7XJ
+ muscle -quiet
+ awk -f sortMuscleOutput.awk
+ cd /home/rdk/proj/conservation/conservation-workbench/conservation_code
+ gzip -9
+ python /home/rdk/proj/conservation/conservation-workbench/conservation_code/score_conservation.py /tmp/filezyRVnN
+ rm /tmp/filez7v9rN
+ rm /tmp/fileN8F7XJ
+ rm /tmp/fileGZfH8J
+ rm /tmp/filekksroK
TIME: 1 hours 23 min 16 s
DONE
