PROCESSING [/home/rdk/proj/p2rank-datasets/holo4k/fasta/1e3lB.pdb.seq.fasta]
LOG: /home/rdk/proj/p2rank-datasets/holo4k/conservation/log/1e3lB.pdb.seq.fasta.log
+ source local-setenv.sh
++ PSIBLAST_DIR=/home/rdk/proj/conservation/conservation-workbench/ncbi-blast/bin
++ CDHIT_DIR=/home/rdk/proj/conservation/conservation-workbench/cd-hit
++ MUSCLE_DIR=/home/rdk/proj/conservation/conservation-workbench
++ JSD_DIR=/home/rdk/proj/conservation/conservation-workbench/conservation_code
++ PYTHON_CMD=python
++ BLASTDB_DIR=/home/rdk/proj/conservation/blastdb
++ PSIBLAST_THREADS=16
++ export PATH=/home/rdk/proj/conservation/conservation-workbench/ncbi-blast/bin:/home/rdk/proj/conservation/conservation-workbench/cd-hit:/home/rdk/proj/conservation/conservation-workbench:/usr/local/bin:/usr/bin:/bin:/usr/local/games:/usr/games:/usr/lib/jvm/java-8-oracle/bin:/usr/lib/jvm/java-8-oracle/db/bin:/usr/lib/jvm/java-8-oracle/jre/bin
++ PATH=/home/rdk/proj/conservation/conservation-workbench/ncbi-blast/bin:/home/rdk/proj/conservation/conservation-workbench/cd-hit:/home/rdk/proj/conservation/conservation-workbench:/usr/local/bin:/usr/bin:/bin:/usr/local/games:/usr/games:/usr/lib/jvm/java-8-oracle/bin:/usr/lib/jvm/java-8-oracle/db/bin:/usr/lib/jvm/java-8-oracle/jre/bin
++ export JSD_DIR=/home/rdk/proj/conservation/conservation-workbench/conservation_code
++ JSD_DIR=/home/rdk/proj/conservation/conservation-workbench/conservation_code
++ export BLASTDB=/home/rdk/proj/conservation/blastdb
++ BLASTDB=/home/rdk/proj/conservation/blastdb
++ export PYTHON_CMD=python
++ PYTHON_CMD=python
++ export PSIBLAST_THREADS=16
++ PSIBLAST_THREADS=16
+ file=/home/rdk/proj/p2rank-datasets/holo4k/fasta/1e3lB.pdb.seq.fasta
+ outdir=/home/rdk/proj/p2rank-datasets/holo4k/conservation
+ psiblast_evalue=0.00001
+ psiblast_iterations=1
+ mkdir -p /home/rdk/proj/p2rank-datasets/holo4k/conservation/alignments
+ mkdir -p /home/rdk/proj/p2rank-datasets/holo4k/conservation/scores
++ basename /home/rdk/proj/p2rank-datasets/holo4k/fasta/1e3lB.pdb.seq.fasta
+ file_base=1e3lB.pdb.seq.fasta
+ alignments_file=/home/rdk/proj/p2rank-datasets/holo4k/conservation/alignments/1e3lB.pdb.seq.fasta.ali
+ scores_file=/home/rdk/proj/p2rank-datasets/holo4k/conservation/scores/1e3lB.pdb.seq.fasta.hom.gz
++ tempfile
+ blastResFile=/tmp/fileq49GdM
++ tempfile
+ blastSeq=/tmp/fileKo8f2L
++ tempfile
+ modifiedInputFile=/tmp/fileGqJ30L
++ tempfile
+ muscleResultFile=/tmp/fileYYZPPL
++ tempfile
+ conservationExtractorInput=/tmp/fileIGq6LL
+ search swissprot
+ db=swissprot
+ psiblast -db swissprot -outfmt '6 sallseqid qcovs pident' -evalue 0.00001 -num_threads 16 -num_iterations 1
+ tee /home/rdk/proj/p2rank-datasets/holo4k/conservation/alignments/1e3lB.pdb.seq.fasta.ali
+ ./filter.awk
+ blastdbcmd -db swissprot -entry_batch /tmp/fileq49GdM
+ cd-hit -i /tmp/fileKo8f2L -o /tmp/fileq49GdM
================================================================
Program: CD-HIT, V4.7 (+OpenMP), Mar 23 2018, 15:56:04
Command: cd-hit -i /tmp/fileKo8f2L -o /tmp/fileq49GdM

Started: Thu Jan 17 05:11:32 2019
================================================================
                            Output                              
----------------------------------------------------------------
total seq: 124
longest and shortest : 422 and 360
Total letters: 46680
Sequences have been sorted

Approximated minimal memory consumption:
Sequence        : 0M
Buffer          : 1 X 10M = 10M
Table           : 1 X 65M = 65M
Miscellaneous   : 0M
Total           : 75M

Table limit with the given memory limit:
Max number of representatives: 1522875
Max number of word counting entries: 90501064

comparing sequences from          0  to        124

      124  finished         78  clusters

Apprixmated maximum memory consumption: 76M
writing new database
writing clustering information
program completed !

Total CPU time 0.09
++ grep '^>'
++ wc -l
+ numSeq=78
+ echo Found 78 sequences in swissprot
Found 78 sequences in swissprot
++ grep '^>'
++ wc -l
+ numSeq=78
+ '[' 1 = 0 ']'
+ sed 's/^>/>query_sekvence|/'
+ cat /tmp/fileq49GdM /tmp/fileGqJ30L
+ muscle -quiet
+ awk -f sortMuscleOutput.awk
+ cd /home/rdk/proj/conservation/conservation-workbench/conservation_code
+ python /home/rdk/proj/conservation/conservation-workbench/conservation_code/score_conservation.py /tmp/fileIGq6LL
+ gzip -9
+ rm /tmp/fileYYZPPL
+ rm /tmp/fileGqJ30L
+ rm /tmp/fileKo8f2L
+ rm /tmp/fileq49GdM
TIME: 1 min 53 s
DONE
