PROCESSING [/home/rdk/proj/p2rank-datasets/holo4k/fasta/1gyyB.pdb.seq.fasta]
LOG: /home/rdk/proj/p2rank-datasets/holo4k/conservation/log/1gyyB.pdb.seq.fasta.log
+ source local-setenv.sh
++ PSIBLAST_DIR=/home/rdk/proj/conservation/conservation-workbench/ncbi-blast/bin
++ CDHIT_DIR=/home/rdk/proj/conservation/conservation-workbench/cd-hit
++ MUSCLE_DIR=/home/rdk/proj/conservation/conservation-workbench
++ JSD_DIR=/home/rdk/proj/conservation/conservation-workbench/conservation_code
++ PYTHON_CMD=python
++ BLASTDB_DIR=/home/rdk/proj/conservation/blastdb
++ PSIBLAST_THREADS=16
++ export PATH=/home/rdk/proj/conservation/conservation-workbench/ncbi-blast/bin:/home/rdk/proj/conservation/conservation-workbench/cd-hit:/home/rdk/proj/conservation/conservation-workbench:/usr/local/bin:/usr/bin:/bin:/usr/local/games:/usr/games:/usr/lib/jvm/java-8-oracle/bin:/usr/lib/jvm/java-8-oracle/db/bin:/usr/lib/jvm/java-8-oracle/jre/bin
++ PATH=/home/rdk/proj/conservation/conservation-workbench/ncbi-blast/bin:/home/rdk/proj/conservation/conservation-workbench/cd-hit:/home/rdk/proj/conservation/conservation-workbench:/usr/local/bin:/usr/bin:/bin:/usr/local/games:/usr/games:/usr/lib/jvm/java-8-oracle/bin:/usr/lib/jvm/java-8-oracle/db/bin:/usr/lib/jvm/java-8-oracle/jre/bin
++ export JSD_DIR=/home/rdk/proj/conservation/conservation-workbench/conservation_code
++ JSD_DIR=/home/rdk/proj/conservation/conservation-workbench/conservation_code
++ export BLASTDB=/home/rdk/proj/conservation/blastdb
++ BLASTDB=/home/rdk/proj/conservation/blastdb
++ export PYTHON_CMD=python
++ PYTHON_CMD=python
++ export PSIBLAST_THREADS=16
++ PSIBLAST_THREADS=16
+ file=/home/rdk/proj/p2rank-datasets/holo4k/fasta/1gyyB.pdb.seq.fasta
+ outdir=/home/rdk/proj/p2rank-datasets/holo4k/conservation
+ psiblast_evalue=0.00001
+ psiblast_iterations=1
+ mkdir -p /home/rdk/proj/p2rank-datasets/holo4k/conservation/alignments
+ mkdir -p /home/rdk/proj/p2rank-datasets/holo4k/conservation/scores
++ basename /home/rdk/proj/p2rank-datasets/holo4k/fasta/1gyyB.pdb.seq.fasta
+ file_base=1gyyB.pdb.seq.fasta
+ alignments_file=/home/rdk/proj/p2rank-datasets/holo4k/conservation/alignments/1gyyB.pdb.seq.fasta.ali
+ scores_file=/home/rdk/proj/p2rank-datasets/holo4k/conservation/scores/1gyyB.pdb.seq.fasta.hom.gz
++ tempfile
+ blastResFile=/tmp/filej8WSHH
++ tempfile
+ blastSeq=/tmp/fileRwrPzL
++ tempfile
+ modifiedInputFile=/tmp/fileAW0rxL
++ tempfile
+ muscleResultFile=/tmp/fileUdAkvL
++ tempfile
+ conservationExtractorInput=/tmp/filex9UcmL
+ search swissprot
+ db=swissprot
+ psiblast -db swissprot -outfmt '6 sallseqid qcovs pident' -evalue 0.00001 -num_threads 16 -num_iterations 1
+ ./filter.awk
+ tee /home/rdk/proj/p2rank-datasets/holo4k/conservation/alignments/1gyyB.pdb.seq.fasta.ali
+ blastdbcmd -db swissprot -entry_batch /tmp/filej8WSHH
+ cd-hit -i /tmp/fileRwrPzL -o /tmp/filej8WSHH
================================================================
Program: CD-HIT, V4.7 (+OpenMP), Mar 23 2018, 15:56:04
Command: cd-hit -i /tmp/fileRwrPzL -o /tmp/filej8WSHH

Started: Thu Jan 17 05:38:43 2019
================================================================
                            Output                              
----------------------------------------------------------------
total seq: 6
longest and shortest : 76 and 75
Total letters: 454
Sequences have been sorted

Approximated minimal memory consumption:
Sequence        : 0M
Buffer          : 1 X 10M = 10M
Table           : 1 X 65M = 65M
Miscellaneous   : 0M
Total           : 75M

Table limit with the given memory limit:
Max number of representatives: 4000000
Max number of word counting entries: 90518432

comparing sequences from          0  to          6

        6  finished          4  clusters

Apprixmated maximum memory consumption: 75M
writing new database
writing clustering information
program completed !

Total CPU time 0.08
++ grep '^>'
++ wc -l
+ numSeq=4
+ echo Found 4 sequences in swissprot
Found 4 sequences in swissprot
++ grep '^>'
++ wc -l
+ numSeq=4
+ '[' 0 = 0 ']'
+ search uniref90
+ db=uniref90
+ psiblast -db uniref90 -outfmt '6 sallseqid qcovs pident' -evalue 0.00001 -num_threads 16 -num_iterations 1
+ tee /home/rdk/proj/p2rank-datasets/holo4k/conservation/alignments/1gyyB.pdb.seq.fasta.ali
+ ./filter.awk
+ blastdbcmd -db uniref90 -entry_batch /tmp/filej8WSHH
+ cd-hit -i /tmp/fileRwrPzL -o /tmp/filej8WSHH
================================================================
Program: CD-HIT, V4.7 (+OpenMP), Mar 23 2018, 15:56:04
Command: cd-hit -i /tmp/fileRwrPzL -o /tmp/filej8WSHH

Started: Thu Jan 17 06:47:09 2019
================================================================
                            Output                              
----------------------------------------------------------------
total seq: 277
longest and shortest : 1411 and 68
Total letters: 28371
Sequences have been sorted

Approximated minimal memory consumption:
Sequence        : 0M
Buffer          : 1 X 10M = 10M
Table           : 1 X 65M = 65M
Miscellaneous   : 0M
Total           : 76M

Table limit with the given memory limit:
Max number of representatives: 4000000
Max number of word counting entries: 90473484

comparing sequences from          0  to        277

      277  finished        265  clusters

Apprixmated maximum memory consumption: 76M
writing new database
writing clustering information
program completed !

Total CPU time 0.09
++ grep '^>'
++ wc -l
+ numSeq=265
+ echo Found 265 sequences in uniref90
Found 265 sequences in uniref90
+ sed 's/^>/>query_sekvence|/'
+ cat /tmp/filej8WSHH /tmp/fileAW0rxL
+ muscle -quiet
+ awk -f sortMuscleOutput.awk
+ cd /home/rdk/proj/conservation/conservation-workbench/conservation_code
+ python /home/rdk/proj/conservation/conservation-workbench/conservation_code/score_conservation.py /tmp/filex9UcmL
+ gzip -9
+ rm /tmp/fileUdAkvL
+ rm /tmp/fileAW0rxL
+ rm /tmp/fileRwrPzL
+ rm /tmp/filej8WSHH
TIME: 1 hours 11 min 44 s
DONE
