PROCESSING [/home/rdk/proj/p2rank-datasets/holo4k/fasta/1hkdB.pdb.seq.fasta]
LOG: /home/rdk/proj/p2rank-datasets/holo4k/conservation/log/1hkdB.pdb.seq.fasta.log
+ source local-setenv.sh
++ PSIBLAST_DIR=/home/rdk/proj/conservation/conservation-workbench/ncbi-blast/bin
++ CDHIT_DIR=/home/rdk/proj/conservation/conservation-workbench/cd-hit
++ MUSCLE_DIR=/home/rdk/proj/conservation/conservation-workbench
++ JSD_DIR=/home/rdk/proj/conservation/conservation-workbench/conservation_code
++ PYTHON_CMD=python
++ BLASTDB_DIR=/home/rdk/proj/conservation/blastdb
++ PSIBLAST_THREADS=16
++ export PATH=/home/rdk/proj/conservation/conservation-workbench/ncbi-blast/bin:/home/rdk/proj/conservation/conservation-workbench/cd-hit:/home/rdk/proj/conservation/conservation-workbench:/usr/local/bin:/usr/bin:/bin:/usr/local/games:/usr/games:/usr/lib/jvm/java-8-oracle/bin:/usr/lib/jvm/java-8-oracle/db/bin:/usr/lib/jvm/java-8-oracle/jre/bin
++ PATH=/home/rdk/proj/conservation/conservation-workbench/ncbi-blast/bin:/home/rdk/proj/conservation/conservation-workbench/cd-hit:/home/rdk/proj/conservation/conservation-workbench:/usr/local/bin:/usr/bin:/bin:/usr/local/games:/usr/games:/usr/lib/jvm/java-8-oracle/bin:/usr/lib/jvm/java-8-oracle/db/bin:/usr/lib/jvm/java-8-oracle/jre/bin
++ export JSD_DIR=/home/rdk/proj/conservation/conservation-workbench/conservation_code
++ JSD_DIR=/home/rdk/proj/conservation/conservation-workbench/conservation_code
++ export BLASTDB=/home/rdk/proj/conservation/blastdb
++ BLASTDB=/home/rdk/proj/conservation/blastdb
++ export PYTHON_CMD=python
++ PYTHON_CMD=python
++ export PSIBLAST_THREADS=16
++ PSIBLAST_THREADS=16
+ file=/home/rdk/proj/p2rank-datasets/holo4k/fasta/1hkdB.pdb.seq.fasta
+ outdir=/home/rdk/proj/p2rank-datasets/holo4k/conservation
+ psiblast_evalue=0.00001
+ psiblast_iterations=1
+ mkdir -p /home/rdk/proj/p2rank-datasets/holo4k/conservation/alignments
+ mkdir -p /home/rdk/proj/p2rank-datasets/holo4k/conservation/scores
++ basename /home/rdk/proj/p2rank-datasets/holo4k/fasta/1hkdB.pdb.seq.fasta
+ file_base=1hkdB.pdb.seq.fasta
+ alignments_file=/home/rdk/proj/p2rank-datasets/holo4k/conservation/alignments/1hkdB.pdb.seq.fasta.ali
+ scores_file=/home/rdk/proj/p2rank-datasets/holo4k/conservation/scores/1hkdB.pdb.seq.fasta.hom.gz
++ tempfile
+ blastResFile=/tmp/fileFIsu3T
++ tempfile
+ blastSeq=/tmp/filehxUETT
++ tempfile
+ modifiedInputFile=/tmp/filebiUbST
++ tempfile
+ muscleResultFile=/tmp/fileUgCjSU
++ tempfile
+ conservationExtractorInput=/tmp/fileUDAMHU
+ search swissprot
+ db=swissprot
+ psiblast -db swissprot -outfmt '6 sallseqid qcovs pident' -evalue 0.00001 -num_threads 16 -num_iterations 1
+ tee /home/rdk/proj/p2rank-datasets/holo4k/conservation/alignments/1hkdB.pdb.seq.fasta.ali
+ ./filter.awk
+ blastdbcmd -db swissprot -entry_batch /tmp/fileFIsu3T
+ cd-hit -i /tmp/filehxUETT -o /tmp/fileFIsu3T
================================================================
Program: CD-HIT, V4.7 (+OpenMP), Mar 23 2018, 15:56:04
Command: cd-hit -i /tmp/filehxUETT -o /tmp/fileFIsu3T

Started: Thu Jan 17 04:46:24 2019
================================================================
                            Output                              
----------------------------------------------------------------
total seq: 77
longest and shortest : 293 and 52
Total letters: 17910
Sequences have been sorted

Approximated minimal memory consumption:
Sequence        : 0M
Buffer          : 1 X 10M = 10M
Table           : 1 X 65M = 65M
Miscellaneous   : 0M
Total           : 75M

Table limit with the given memory limit:
Max number of representatives: 1955403
Max number of word counting entries: 90509031

comparing sequences from          0  to         77

       77  finished         44  clusters

Apprixmated maximum memory consumption: 76M
writing new database
writing clustering information
program completed !

Total CPU time 0.08
++ grep '^>'
++ wc -l
+ numSeq=44
+ echo Found 44 sequences in swissprot
Found 44 sequences in swissprot
++ grep '^>'
++ wc -l
+ numSeq=44
+ '[' 0 = 0 ']'
+ search uniref90
+ db=uniref90
+ psiblast -db uniref90 -outfmt '6 sallseqid qcovs pident' -evalue 0.00001 -num_threads 16 -num_iterations 1
+ tee /home/rdk/proj/p2rank-datasets/holo4k/conservation/alignments/1hkdB.pdb.seq.fasta.ali
+ ./filter.awk
+ blastdbcmd -db uniref90 -entry_batch /tmp/fileFIsu3T
+ cd-hit -i /tmp/filehxUETT -o /tmp/fileFIsu3T
================================================================
Program: CD-HIT, V4.7 (+OpenMP), Mar 23 2018, 15:56:04
Command: cd-hit -i /tmp/filehxUETT -o /tmp/fileFIsu3T

Started: Thu Jan 17 05:31:59 2019
================================================================
                            Output                              
----------------------------------------------------------------
total seq: 173
longest and shortest : 4289 and 52
Total letters: 70251
Sequences have been sorted

Approximated minimal memory consumption:
Sequence        : 0M
Buffer          : 1 X 11M = 11M
Table           : 1 X 65M = 65M
Miscellaneous   : 0M
Total           : 76M

Table limit with the given memory limit:
Max number of representatives: 997052
Max number of word counting entries: 90393934

comparing sequences from          0  to        173

      173  finished        164  clusters

Apprixmated maximum memory consumption: 77M
writing new database
writing clustering information
program completed !

Total CPU time 0.10
++ grep '^>'
++ wc -l
+ numSeq=164
+ echo Found 164 sequences in uniref90
Found 164 sequences in uniref90
+ sed 's/^>/>query_sekvence|/'
+ cat /tmp/fileFIsu3T /tmp/filebiUbST
+ muscle -quiet
+ awk -f sortMuscleOutput.awk
+ cd /home/rdk/proj/conservation/conservation-workbench/conservation_code
+ python /home/rdk/proj/conservation/conservation-workbench/conservation_code/score_conservation.py /tmp/fileUDAMHU
+ gzip -9
+ rm /tmp/fileUgCjSU
+ rm /tmp/filebiUbST
+ rm /tmp/filehxUETT
+ rm /tmp/fileFIsu3T
TIME: 51 min 23 s
DONE
