PROCESSING [/home/rdk/proj/p2rank-datasets/holo4k/fasta/1kaeA.pdb.seq.fasta]
LOG: /home/rdk/proj/p2rank-datasets/holo4k/conservation/log/1kaeA.pdb.seq.fasta.log
+ source local-setenv.sh
++ PSIBLAST_DIR=/home/rdk/proj/conservation/conservation-workbench/ncbi-blast/bin
++ CDHIT_DIR=/home/rdk/proj/conservation/conservation-workbench/cd-hit
++ MUSCLE_DIR=/home/rdk/proj/conservation/conservation-workbench
++ JSD_DIR=/home/rdk/proj/conservation/conservation-workbench/conservation_code
++ PYTHON_CMD=python
++ BLASTDB_DIR=/home/rdk/proj/conservation/blastdb
++ PSIBLAST_THREADS=16
++ export PATH=/home/rdk/proj/conservation/conservation-workbench/ncbi-blast/bin:/home/rdk/proj/conservation/conservation-workbench/cd-hit:/home/rdk/proj/conservation/conservation-workbench:/usr/local/bin:/usr/bin:/bin:/usr/local/games:/usr/games:/usr/lib/jvm/java-8-oracle/bin:/usr/lib/jvm/java-8-oracle/db/bin:/usr/lib/jvm/java-8-oracle/jre/bin
++ PATH=/home/rdk/proj/conservation/conservation-workbench/ncbi-blast/bin:/home/rdk/proj/conservation/conservation-workbench/cd-hit:/home/rdk/proj/conservation/conservation-workbench:/usr/local/bin:/usr/bin:/bin:/usr/local/games:/usr/games:/usr/lib/jvm/java-8-oracle/bin:/usr/lib/jvm/java-8-oracle/db/bin:/usr/lib/jvm/java-8-oracle/jre/bin
++ export JSD_DIR=/home/rdk/proj/conservation/conservation-workbench/conservation_code
++ JSD_DIR=/home/rdk/proj/conservation/conservation-workbench/conservation_code
++ export BLASTDB=/home/rdk/proj/conservation/blastdb
++ BLASTDB=/home/rdk/proj/conservation/blastdb
++ export PYTHON_CMD=python
++ PYTHON_CMD=python
++ export PSIBLAST_THREADS=16
++ PSIBLAST_THREADS=16
+ file=/home/rdk/proj/p2rank-datasets/holo4k/fasta/1kaeA.pdb.seq.fasta
+ outdir=/home/rdk/proj/p2rank-datasets/holo4k/conservation
+ psiblast_evalue=0.00001
+ psiblast_iterations=1
+ mkdir -p /home/rdk/proj/p2rank-datasets/holo4k/conservation/alignments
+ mkdir -p /home/rdk/proj/p2rank-datasets/holo4k/conservation/scores
++ basename /home/rdk/proj/p2rank-datasets/holo4k/fasta/1kaeA.pdb.seq.fasta
+ file_base=1kaeA.pdb.seq.fasta
+ alignments_file=/home/rdk/proj/p2rank-datasets/holo4k/conservation/alignments/1kaeA.pdb.seq.fasta.ali
+ scores_file=/home/rdk/proj/p2rank-datasets/holo4k/conservation/scores/1kaeA.pdb.seq.fasta.hom.gz
++ tempfile
+ blastResFile=/tmp/filetqTKJ1
++ tempfile
+ blastSeq=/tmp/fileF7cRN1
++ tempfile
+ modifiedInputFile=/tmp/file45DOI1
++ tempfile
+ muscleResultFile=/tmp/file2V3hA1
++ tempfile
+ conservationExtractorInput=/tmp/file7PhQ81
+ search swissprot
+ db=swissprot
+ tee /home/rdk/proj/p2rank-datasets/holo4k/conservation/alignments/1kaeA.pdb.seq.fasta.ali
+ ./filter.awk
+ psiblast -db swissprot -outfmt '6 sallseqid qcovs pident' -evalue 0.00001 -num_threads 16 -num_iterations 1
+ blastdbcmd -db swissprot -entry_batch /tmp/filetqTKJ1
+ cd-hit -i /tmp/fileF7cRN1 -o /tmp/filetqTKJ1
================================================================
Program: CD-HIT, V4.7 (+OpenMP), Mar 23 2018, 15:56:04
Command: cd-hit -i /tmp/fileF7cRN1 -o /tmp/filetqTKJ1

Started: Thu Jan 17 04:06:11 2019
================================================================
                            Output                              
----------------------------------------------------------------
total seq: 216
longest and shortest : 870 and 375
Total letters: 96210
Sequences have been sorted

Approximated minimal memory consumption:
Sequence        : 0M
Buffer          : 1 X 10M = 10M
Table           : 1 X 65M = 65M
Miscellaneous   : 0M
Total           : 76M

Table limit with the given memory limit:
Max number of representatives: 1355852
Max number of word counting entries: 90481095

comparing sequences from          0  to        216

      216  finished        162  clusters

Apprixmated maximum memory consumption: 76M
writing new database
writing clustering information
program completed !

Total CPU time 0.11
++ wc -l
++ grep '^>'
+ numSeq=162
+ echo Found 162 sequences in swissprot
Found 162 sequences in swissprot
++ grep '^>'
++ wc -l
+ numSeq=162
+ '[' 1 = 0 ']'
+ sed 's/^>/>query_sekvence|/'
+ muscle -quiet
+ cat /tmp/filetqTKJ1 /tmp/file45DOI1
+ awk -f sortMuscleOutput.awk
+ cd /home/rdk/proj/conservation/conservation-workbench/conservation_code
+ python /home/rdk/proj/conservation/conservation-workbench/conservation_code/score_conservation.py /tmp/file7PhQ81
+ gzip -9
+ rm /tmp/file2V3hA1
+ rm /tmp/file45DOI1
+ rm /tmp/fileF7cRN1
+ rm /tmp/filetqTKJ1
TIME: 1 min 4 s
DONE
