PROCESSING [/home/rdk/proj/p2rank-datasets/holo4k/fasta/1m5bC.pdb.seq.fasta]
LOG: /home/rdk/proj/p2rank-datasets/holo4k/conservation/log/1m5bC.pdb.seq.fasta.log
+ source local-setenv.sh
++ PSIBLAST_DIR=/home/rdk/proj/conservation/conservation-workbench/ncbi-blast/bin
++ CDHIT_DIR=/home/rdk/proj/conservation/conservation-workbench/cd-hit
++ MUSCLE_DIR=/home/rdk/proj/conservation/conservation-workbench
++ JSD_DIR=/home/rdk/proj/conservation/conservation-workbench/conservation_code
++ PYTHON_CMD=python
++ BLASTDB_DIR=/home/rdk/proj/conservation/blastdb
++ PSIBLAST_THREADS=16
++ export PATH=/home/rdk/proj/conservation/conservation-workbench/ncbi-blast/bin:/home/rdk/proj/conservation/conservation-workbench/cd-hit:/home/rdk/proj/conservation/conservation-workbench:/usr/local/bin:/usr/bin:/bin:/usr/local/games:/usr/games:/usr/lib/jvm/java-8-oracle/bin:/usr/lib/jvm/java-8-oracle/db/bin:/usr/lib/jvm/java-8-oracle/jre/bin
++ PATH=/home/rdk/proj/conservation/conservation-workbench/ncbi-blast/bin:/home/rdk/proj/conservation/conservation-workbench/cd-hit:/home/rdk/proj/conservation/conservation-workbench:/usr/local/bin:/usr/bin:/bin:/usr/local/games:/usr/games:/usr/lib/jvm/java-8-oracle/bin:/usr/lib/jvm/java-8-oracle/db/bin:/usr/lib/jvm/java-8-oracle/jre/bin
++ export JSD_DIR=/home/rdk/proj/conservation/conservation-workbench/conservation_code
++ JSD_DIR=/home/rdk/proj/conservation/conservation-workbench/conservation_code
++ export BLASTDB=/home/rdk/proj/conservation/blastdb
++ BLASTDB=/home/rdk/proj/conservation/blastdb
++ export PYTHON_CMD=python
++ PYTHON_CMD=python
++ export PSIBLAST_THREADS=16
++ PSIBLAST_THREADS=16
+ file=/home/rdk/proj/p2rank-datasets/holo4k/fasta/1m5bC.pdb.seq.fasta
+ outdir=/home/rdk/proj/p2rank-datasets/holo4k/conservation
+ psiblast_evalue=0.00001
+ psiblast_iterations=1
+ mkdir -p /home/rdk/proj/p2rank-datasets/holo4k/conservation/alignments
+ mkdir -p /home/rdk/proj/p2rank-datasets/holo4k/conservation/scores
++ basename /home/rdk/proj/p2rank-datasets/holo4k/fasta/1m5bC.pdb.seq.fasta
+ file_base=1m5bC.pdb.seq.fasta
+ alignments_file=/home/rdk/proj/p2rank-datasets/holo4k/conservation/alignments/1m5bC.pdb.seq.fasta.ali
+ scores_file=/home/rdk/proj/p2rank-datasets/holo4k/conservation/scores/1m5bC.pdb.seq.fasta.hom.gz
++ tempfile
+ blastResFile=/tmp/fileQQSU0P
++ tempfile
+ blastSeq=/tmp/fileGJM4ZQ
++ tempfile
+ modifiedInputFile=/tmp/fileWJsPXQ
++ tempfile
+ muscleResultFile=/tmp/fileOVkdDQ
++ tempfile
+ conservationExtractorInput=/tmp/filen46VQO
+ search swissprot
+ db=swissprot
+ psiblast -db swissprot -outfmt '6 sallseqid qcovs pident' -evalue 0.00001 -num_threads 16 -num_iterations 1
+ ./filter.awk
+ tee /home/rdk/proj/p2rank-datasets/holo4k/conservation/alignments/1m5bC.pdb.seq.fasta.ali
+ blastdbcmd -db swissprot -entry_batch /tmp/fileQQSU0P
+ cd-hit -i /tmp/fileGJM4ZQ -o /tmp/fileQQSU0P
================================================================
Program: CD-HIT, V4.7 (+OpenMP), Mar 23 2018, 15:56:04
Command: cd-hit -i /tmp/fileGJM4ZQ -o /tmp/fileQQSU0P

Started: Thu Jan 17 02:45:11 2019
================================================================
                            Output                              
----------------------------------------------------------------
total seq: 100
longest and shortest : 1009 and 479
Total letters: 90801
Sequences have been sorted

Approximated minimal memory consumption:
Sequence        : 0M
Buffer          : 1 X 10M = 10M
Table           : 1 X 65M = 65M
Miscellaneous   : 0M
Total           : 76M

Table limit with the given memory limit:
Max number of representatives: 709643
Max number of word counting entries: 90480400

comparing sequences from          0  to        100

      100  finished         20  clusters

Apprixmated maximum memory consumption: 76M
writing new database
writing clustering information
program completed !

Total CPU time 0.10
++ grep '^>'
++ wc -l
+ numSeq=20
+ echo Found 20 sequences in swissprot
Found 20 sequences in swissprot
++ wc -l
++ grep '^>'
+ numSeq=20
+ '[' 0 = 0 ']'
+ search uniref90
+ db=uniref90
+ tee /home/rdk/proj/p2rank-datasets/holo4k/conservation/alignments/1m5bC.pdb.seq.fasta.ali
+ psiblast -db uniref90 -outfmt '6 sallseqid qcovs pident' -evalue 0.00001 -num_threads 16 -num_iterations 1
+ ./filter.awk
+ blastdbcmd -db uniref90 -entry_batch /tmp/fileQQSU0P
+ cd-hit -i /tmp/fileGJM4ZQ -o /tmp/fileQQSU0P
================================================================
Program: CD-HIT, V4.7 (+OpenMP), Mar 23 2018, 15:56:04
Command: cd-hit -i /tmp/fileGJM4ZQ -o /tmp/fileQQSU0P

Started: Thu Jan 17 03:01:04 2019
================================================================
                            Output                              
----------------------------------------------------------------
total seq: 606
longest and shortest : 1317 and 257
Total letters: 485710
Sequences have been sorted

Approximated minimal memory consumption:
Sequence        : 0M
Buffer          : 1 X 10M = 10M
Table           : 1 X 65M = 65M
Miscellaneous   : 0M
Total           : 76M

Table limit with the given memory limit:
Max number of representatives: 740839
Max number of word counting entries: 90411739

comparing sequences from          0  to        606

      606  finished        253  clusters

Apprixmated maximum memory consumption: 78M
writing new database
writing clustering information
program completed !

Total CPU time 0.43
++ grep '^>'
++ wc -l
+ numSeq=253
+ echo Found 253 sequences in uniref90
Found 253 sequences in uniref90
+ sed 's/^>/>query_sekvence|/'
+ cat /tmp/fileQQSU0P /tmp/fileWJsPXQ
+ muscle -quiet
+ awk -f sortMuscleOutput.awk
+ cd /home/rdk/proj/conservation/conservation-workbench/conservation_code
+ python /home/rdk/proj/conservation/conservation-workbench/conservation_code/score_conservation.py /tmp/filen46VQO
+ gzip -9
+ rm /tmp/fileOVkdDQ
+ rm /tmp/fileWJsPXQ
+ rm /tmp/fileGJM4ZQ
+ rm /tmp/fileQQSU0P
TIME: 28 min 28 s
DONE
