PROCESSING [/home/rdk/proj/p2rank-datasets/holo4k/fasta/1my3B.pdb.seq.fasta]
LOG: /home/rdk/proj/p2rank-datasets/holo4k/conservation/log/1my3B.pdb.seq.fasta.log
+ source local-setenv.sh
++ PSIBLAST_DIR=/home/rdk/proj/conservation/conservation-workbench/ncbi-blast/bin
++ CDHIT_DIR=/home/rdk/proj/conservation/conservation-workbench/cd-hit
++ MUSCLE_DIR=/home/rdk/proj/conservation/conservation-workbench
++ JSD_DIR=/home/rdk/proj/conservation/conservation-workbench/conservation_code
++ PYTHON_CMD=python
++ BLASTDB_DIR=/home/rdk/proj/conservation/blastdb
++ PSIBLAST_THREADS=16
++ export PATH=/home/rdk/proj/conservation/conservation-workbench/ncbi-blast/bin:/home/rdk/proj/conservation/conservation-workbench/cd-hit:/home/rdk/proj/conservation/conservation-workbench:/usr/local/bin:/usr/bin:/bin:/usr/local/games:/usr/games:/usr/lib/jvm/java-8-oracle/bin:/usr/lib/jvm/java-8-oracle/db/bin:/usr/lib/jvm/java-8-oracle/jre/bin
++ PATH=/home/rdk/proj/conservation/conservation-workbench/ncbi-blast/bin:/home/rdk/proj/conservation/conservation-workbench/cd-hit:/home/rdk/proj/conservation/conservation-workbench:/usr/local/bin:/usr/bin:/bin:/usr/local/games:/usr/games:/usr/lib/jvm/java-8-oracle/bin:/usr/lib/jvm/java-8-oracle/db/bin:/usr/lib/jvm/java-8-oracle/jre/bin
++ export JSD_DIR=/home/rdk/proj/conservation/conservation-workbench/conservation_code
++ JSD_DIR=/home/rdk/proj/conservation/conservation-workbench/conservation_code
++ export BLASTDB=/home/rdk/proj/conservation/blastdb
++ BLASTDB=/home/rdk/proj/conservation/blastdb
++ export PYTHON_CMD=python
++ PYTHON_CMD=python
++ export PSIBLAST_THREADS=16
++ PSIBLAST_THREADS=16
+ file=/home/rdk/proj/p2rank-datasets/holo4k/fasta/1my3B.pdb.seq.fasta
+ outdir=/home/rdk/proj/p2rank-datasets/holo4k/conservation
+ psiblast_evalue=0.00001
+ psiblast_iterations=1
+ mkdir -p /home/rdk/proj/p2rank-datasets/holo4k/conservation/alignments
+ mkdir -p /home/rdk/proj/p2rank-datasets/holo4k/conservation/scores
++ basename /home/rdk/proj/p2rank-datasets/holo4k/fasta/1my3B.pdb.seq.fasta
+ file_base=1my3B.pdb.seq.fasta
+ alignments_file=/home/rdk/proj/p2rank-datasets/holo4k/conservation/alignments/1my3B.pdb.seq.fasta.ali
+ scores_file=/home/rdk/proj/p2rank-datasets/holo4k/conservation/scores/1my3B.pdb.seq.fasta.hom.gz
++ tempfile
+ blastResFile=/tmp/filePvfPFF
++ tempfile
+ blastSeq=/tmp/file22t8yF
++ tempfile
+ modifiedInputFile=/tmp/filexRcgoF
++ tempfile
+ muscleResultFile=/tmp/filectqrnF
++ tempfile
+ conservationExtractorInput=/tmp/fileXOXBmG
+ search swissprot
+ db=swissprot
+ psiblast -db swissprot -outfmt '6 sallseqid qcovs pident' -evalue 0.00001 -num_threads 16 -num_iterations 1
+ ./filter.awk
+ tee /home/rdk/proj/p2rank-datasets/holo4k/conservation/alignments/1my3B.pdb.seq.fasta.ali
+ blastdbcmd -db swissprot -entry_batch /tmp/filePvfPFF
+ cd-hit -i /tmp/file22t8yF -o /tmp/filePvfPFF
================================================================
Program: CD-HIT, V4.7 (+OpenMP), Mar 23 2018, 15:56:04
Command: cd-hit -i /tmp/file22t8yF -o /tmp/filePvfPFF

Started: Thu Jan 17 02:43:53 2019
================================================================
                            Output                              
----------------------------------------------------------------
total seq: 102
longest and shortest : 1009 and 479
Total letters: 92795
Sequences have been sorted

Approximated minimal memory consumption:
Sequence        : 0M
Buffer          : 1 X 10M = 10M
Table           : 1 X 65M = 65M
Miscellaneous   : 0M
Total           : 76M

Table limit with the given memory limit:
Max number of representatives: 690681
Max number of word counting entries: 90480113

comparing sequences from          0  to        102

      102  finished         20  clusters

Apprixmated maximum memory consumption: 76M
writing new database
writing clustering information
program completed !

Total CPU time 0.10
++ wc -l
++ grep '^>'
+ numSeq=20
+ echo Found 20 sequences in swissprot
Found 20 sequences in swissprot
++ wc -l
++ grep '^>'
+ numSeq=20
+ '[' 0 = 0 ']'
+ search uniref90
+ db=uniref90
+ psiblast -db uniref90 -outfmt '6 sallseqid qcovs pident' -evalue 0.00001 -num_threads 16 -num_iterations 1
+ tee /home/rdk/proj/p2rank-datasets/holo4k/conservation/alignments/1my3B.pdb.seq.fasta.ali
+ ./filter.awk
+ blastdbcmd -db uniref90 -entry_batch /tmp/filePvfPFF
+ cd-hit -i /tmp/file22t8yF -o /tmp/filePvfPFF
================================================================
Program: CD-HIT, V4.7 (+OpenMP), Mar 23 2018, 15:56:04
Command: cd-hit -i /tmp/file22t8yF -o /tmp/filePvfPFF

Started: Thu Jan 17 03:01:04 2019
================================================================
                            Output                              
----------------------------------------------------------------
total seq: 605
longest and shortest : 1317 and 257
Total letters: 483431
Sequences have been sorted

Approximated minimal memory consumption:
Sequence        : 0M
Buffer          : 1 X 10M = 10M
Table           : 1 X 65M = 65M
Miscellaneous   : 0M
Total           : 76M

Table limit with the given memory limit:
Max number of representatives: 741601
Max number of word counting entries: 90412043

comparing sequences from          0  to        605

      605  finished        252  clusters

Apprixmated maximum memory consumption: 78M
writing new database
writing clustering information
program completed !

Total CPU time 0.43
++ grep '^>'
++ wc -l
+ numSeq=252
+ echo Found 252 sequences in uniref90
Found 252 sequences in uniref90
+ sed 's/^>/>query_sekvence|/'
+ cat /tmp/filePvfPFF /tmp/filexRcgoF
+ muscle -quiet
+ awk -f sortMuscleOutput.awk
+ cd /home/rdk/proj/conservation/conservation-workbench/conservation_code
+ python /home/rdk/proj/conservation/conservation-workbench/conservation_code/score_conservation.py /tmp/fileXOXBmG
+ gzip -9
+ rm /tmp/filectqrnF
+ rm /tmp/filexRcgoF
+ rm /tmp/file22t8yF
+ rm /tmp/filePvfPFF
TIME: 24 min 45 s
DONE
