PROCESSING [/home/rdk/proj/p2rank-datasets/holo4k/fasta/1nzyC.pdb.seq.fasta]
LOG: /home/rdk/proj/p2rank-datasets/holo4k/conservation/log/1nzyC.pdb.seq.fasta.log
+ source local-setenv.sh
++ PSIBLAST_DIR=/home/rdk/proj/conservation/conservation-workbench/ncbi-blast/bin
++ CDHIT_DIR=/home/rdk/proj/conservation/conservation-workbench/cd-hit
++ MUSCLE_DIR=/home/rdk/proj/conservation/conservation-workbench
++ JSD_DIR=/home/rdk/proj/conservation/conservation-workbench/conservation_code
++ PYTHON_CMD=python
++ BLASTDB_DIR=/home/rdk/proj/conservation/blastdb
++ PSIBLAST_THREADS=16
++ export PATH=/home/rdk/proj/conservation/conservation-workbench/ncbi-blast/bin:/home/rdk/proj/conservation/conservation-workbench/cd-hit:/home/rdk/proj/conservation/conservation-workbench:/usr/local/bin:/usr/bin:/bin:/usr/local/games:/usr/games:/usr/lib/jvm/java-8-oracle/bin:/usr/lib/jvm/java-8-oracle/db/bin:/usr/lib/jvm/java-8-oracle/jre/bin
++ PATH=/home/rdk/proj/conservation/conservation-workbench/ncbi-blast/bin:/home/rdk/proj/conservation/conservation-workbench/cd-hit:/home/rdk/proj/conservation/conservation-workbench:/usr/local/bin:/usr/bin:/bin:/usr/local/games:/usr/games:/usr/lib/jvm/java-8-oracle/bin:/usr/lib/jvm/java-8-oracle/db/bin:/usr/lib/jvm/java-8-oracle/jre/bin
++ export JSD_DIR=/home/rdk/proj/conservation/conservation-workbench/conservation_code
++ JSD_DIR=/home/rdk/proj/conservation/conservation-workbench/conservation_code
++ export BLASTDB=/home/rdk/proj/conservation/blastdb
++ BLASTDB=/home/rdk/proj/conservation/blastdb
++ export PYTHON_CMD=python
++ PYTHON_CMD=python
++ export PSIBLAST_THREADS=16
++ PSIBLAST_THREADS=16
+ file=/home/rdk/proj/p2rank-datasets/holo4k/fasta/1nzyC.pdb.seq.fasta
+ outdir=/home/rdk/proj/p2rank-datasets/holo4k/conservation
+ psiblast_evalue=0.00001
+ psiblast_iterations=1
+ mkdir -p /home/rdk/proj/p2rank-datasets/holo4k/conservation/alignments
+ mkdir -p /home/rdk/proj/p2rank-datasets/holo4k/conservation/scores
++ basename /home/rdk/proj/p2rank-datasets/holo4k/fasta/1nzyC.pdb.seq.fasta
+ file_base=1nzyC.pdb.seq.fasta
+ alignments_file=/home/rdk/proj/p2rank-datasets/holo4k/conservation/alignments/1nzyC.pdb.seq.fasta.ali
+ scores_file=/home/rdk/proj/p2rank-datasets/holo4k/conservation/scores/1nzyC.pdb.seq.fasta.hom.gz
++ tempfile
+ blastResFile=/tmp/file2YMd6W
++ tempfile
+ blastSeq=/tmp/file2KYIWV
++ tempfile
+ modifiedInputFile=/tmp/filec82qLZ
++ tempfile
+ muscleResultFile=/tmp/fileujfEXP
++ tempfile
+ conservationExtractorInput=/tmp/fileD8LQPS
+ search swissprot
+ db=swissprot
+ tee /home/rdk/proj/p2rank-datasets/holo4k/conservation/alignments/1nzyC.pdb.seq.fasta.ali
+ ./filter.awk
+ psiblast -db swissprot -outfmt '6 sallseqid qcovs pident' -evalue 0.00001 -num_threads 16 -num_iterations 1
+ blastdbcmd -db swissprot -entry_batch /tmp/file2YMd6W
+ cd-hit -i /tmp/file2KYIWV -o /tmp/file2YMd6W
================================================================
Program: CD-HIT, V4.7 (+OpenMP), Mar 23 2018, 15:56:04
Command: cd-hit -i /tmp/file2KYIWV -o /tmp/file2YMd6W

Started: Thu Jan 17 07:21:36 2019
================================================================
                            Output                              
----------------------------------------------------------------
total seq: 40
longest and shortest : 290 and 257
Total letters: 10642
Sequences have been sorted

Approximated minimal memory consumption:
Sequence        : 0M
Buffer          : 1 X 10M = 10M
Table           : 1 X 65M = 65M
Miscellaneous   : 0M
Total           : 75M

Table limit with the given memory limit:
Max number of representatives: 2004168
Max number of word counting entries: 90510772

comparing sequences from          0  to         40

       40  finished         14  clusters

Apprixmated maximum memory consumption: 75M
writing new database
writing clustering information
program completed !

Total CPU time 0.08
++ grep '^>'
++ wc -l
+ numSeq=14
+ echo Found 14 sequences in swissprot
Found 14 sequences in swissprot
++ wc -l
++ grep '^>'
+ numSeq=14
+ '[' 0 = 0 ']'
+ search uniref90
+ db=uniref90
+ tee /home/rdk/proj/p2rank-datasets/holo4k/conservation/alignments/1nzyC.pdb.seq.fasta.ali
+ psiblast -db uniref90 -outfmt '6 sallseqid qcovs pident' -evalue 0.00001 -num_threads 16 -num_iterations 1
+ ./filter.awk
+ blastdbcmd -db uniref90 -entry_batch /tmp/file2YMd6W
+ cd-hit -i /tmp/file2KYIWV -o /tmp/file2YMd6W
================================================================
Program: CD-HIT, V4.7 (+OpenMP), Mar 23 2018, 15:56:04
Command: cd-hit -i /tmp/file2KYIWV -o /tmp/file2YMd6W

Started: Thu Jan 17 07:30:14 2019
================================================================
                            Output                              
----------------------------------------------------------------
total seq: 445
longest and shortest : 2756 and 242
Total letters: 119541
Sequences have been sorted

Approximated minimal memory consumption:
Sequence        : 0M
Buffer          : 1 X 11M = 11M
Table           : 1 X 65M = 65M
Miscellaneous   : 0M
Total           : 76M

Table limit with the given memory limit:
Max number of representatives: 1983192
Max number of word counting entries: 90422666

comparing sequences from          0  to        445

      445  finished        436  clusters

Apprixmated maximum memory consumption: 77M
writing new database
writing clustering information
program completed !

Total CPU time 0.11
++ grep '^>'
++ wc -l
+ numSeq=436
+ echo Found 436 sequences in uniref90
Found 436 sequences in uniref90
+ sed 's/^>/>query_sekvence|/'
+ muscle -quiet
+ cat /tmp/file2YMd6W /tmp/filec82qLZ
+ awk -f sortMuscleOutput.awk
+ cd /home/rdk/proj/conservation/conservation-workbench/conservation_code
+ gzip -9
+ python /home/rdk/proj/conservation/conservation-workbench/conservation_code/score_conservation.py /tmp/fileD8LQPS
+ rm /tmp/fileujfEXP
+ rm /tmp/filec82qLZ
+ rm /tmp/file2KYIWV
+ rm /tmp/file2YMd6W
TIME: 15 min 28 s
DONE
