PROCESSING [/home/rdk/proj/p2rank-datasets/holo4k/fasta/1o25A.pdb.seq.fasta]
LOG: /home/rdk/proj/p2rank-datasets/holo4k/conservation/log/1o25A.pdb.seq.fasta.log
+ source local-setenv.sh
++ PSIBLAST_DIR=/home/rdk/proj/conservation/conservation-workbench/ncbi-blast/bin
++ CDHIT_DIR=/home/rdk/proj/conservation/conservation-workbench/cd-hit
++ MUSCLE_DIR=/home/rdk/proj/conservation/conservation-workbench
++ JSD_DIR=/home/rdk/proj/conservation/conservation-workbench/conservation_code
++ PYTHON_CMD=python
++ BLASTDB_DIR=/home/rdk/proj/conservation/blastdb
++ PSIBLAST_THREADS=16
++ export PATH=/home/rdk/proj/conservation/conservation-workbench/ncbi-blast/bin:/home/rdk/proj/conservation/conservation-workbench/cd-hit:/home/rdk/proj/conservation/conservation-workbench:/usr/local/bin:/usr/bin:/bin:/usr/local/games:/usr/games:/usr/lib/jvm/java-8-oracle/bin:/usr/lib/jvm/java-8-oracle/db/bin:/usr/lib/jvm/java-8-oracle/jre/bin
++ PATH=/home/rdk/proj/conservation/conservation-workbench/ncbi-blast/bin:/home/rdk/proj/conservation/conservation-workbench/cd-hit:/home/rdk/proj/conservation/conservation-workbench:/usr/local/bin:/usr/bin:/bin:/usr/local/games:/usr/games:/usr/lib/jvm/java-8-oracle/bin:/usr/lib/jvm/java-8-oracle/db/bin:/usr/lib/jvm/java-8-oracle/jre/bin
++ export JSD_DIR=/home/rdk/proj/conservation/conservation-workbench/conservation_code
++ JSD_DIR=/home/rdk/proj/conservation/conservation-workbench/conservation_code
++ export BLASTDB=/home/rdk/proj/conservation/blastdb
++ BLASTDB=/home/rdk/proj/conservation/blastdb
++ export PYTHON_CMD=python
++ PYTHON_CMD=python
++ export PSIBLAST_THREADS=16
++ PSIBLAST_THREADS=16
+ file=/home/rdk/proj/p2rank-datasets/holo4k/fasta/1o25A.pdb.seq.fasta
+ outdir=/home/rdk/proj/p2rank-datasets/holo4k/conservation
+ psiblast_evalue=0.00001
+ psiblast_iterations=1
+ mkdir -p /home/rdk/proj/p2rank-datasets/holo4k/conservation/alignments
+ mkdir -p /home/rdk/proj/p2rank-datasets/holo4k/conservation/scores
++ basename /home/rdk/proj/p2rank-datasets/holo4k/fasta/1o25A.pdb.seq.fasta
+ file_base=1o25A.pdb.seq.fasta
+ alignments_file=/home/rdk/proj/p2rank-datasets/holo4k/conservation/alignments/1o25A.pdb.seq.fasta.ali
+ scores_file=/home/rdk/proj/p2rank-datasets/holo4k/conservation/scores/1o25A.pdb.seq.fasta.hom.gz
++ tempfile
+ blastResFile=/tmp/fileSjpmvO
++ tempfile
+ blastSeq=/tmp/fileVYKntO
++ tempfile
+ modifiedInputFile=/tmp/fileokdgiO
++ tempfile
+ muscleResultFile=/tmp/fileYt0V5M
++ tempfile
+ conservationExtractorInput=/tmp/file3EgHUM
+ search swissprot
+ db=swissprot
+ psiblast -db swissprot -outfmt '6 sallseqid qcovs pident' -evalue 0.00001 -num_threads 16 -num_iterations 1
+ tee /home/rdk/proj/p2rank-datasets/holo4k/conservation/alignments/1o25A.pdb.seq.fasta.ali
+ ./filter.awk
+ blastdbcmd -db swissprot -entry_batch /tmp/fileSjpmvO
+ cd-hit -i /tmp/fileVYKntO -o /tmp/fileSjpmvO
================================================================
Program: CD-HIT, V4.7 (+OpenMP), Mar 23 2018, 15:56:04
Command: cd-hit -i /tmp/fileVYKntO -o /tmp/fileSjpmvO

Started: Thu Jan 17 05:34:03 2019
================================================================
                            Output                              
----------------------------------------------------------------
total seq: 33
longest and shortest : 317 and 216
Total letters: 8878
Sequences have been sorted

Approximated minimal memory consumption:
Sequence        : 0M
Buffer          : 1 X 10M = 10M
Table           : 1 X 65M = 65M
Miscellaneous   : 0M
Total           : 75M

Table limit with the given memory limit:
Max number of representatives: 1884078
Max number of word counting entries: 90510415

comparing sequences from          0  to         33

       33  finished         26  clusters

Apprixmated maximum memory consumption: 75M
writing new database
writing clustering information
program completed !

Total CPU time 0.08
++ grep '^>'
++ wc -l
+ numSeq=26
+ echo Found 26 sequences in swissprot
Found 26 sequences in swissprot
++ grep '^>'
++ wc -l
+ numSeq=26
+ '[' 0 = 0 ']'
+ search uniref90
+ db=uniref90
+ psiblast -db uniref90 -outfmt '6 sallseqid qcovs pident' -evalue 0.00001 -num_threads 16 -num_iterations 1
+ tee /home/rdk/proj/p2rank-datasets/holo4k/conservation/alignments/1o25A.pdb.seq.fasta.ali
+ ./filter.awk
+ blastdbcmd -db uniref90 -entry_batch /tmp/fileSjpmvO
+ cd-hit -i /tmp/fileVYKntO -o /tmp/fileSjpmvO
================================================================
Program: CD-HIT, V4.7 (+OpenMP), Mar 23 2018, 15:56:04
Command: cd-hit -i /tmp/fileVYKntO -o /tmp/fileSjpmvO

Started: Thu Jan 17 06:48:28 2019
================================================================
                            Output                              
----------------------------------------------------------------
total seq: 499
longest and shortest : 352 and 207
Total letters: 144570
Sequences have been sorted

Approximated minimal memory consumption:
Sequence        : 0M
Buffer          : 1 X 10M = 10M
Table           : 1 X 65M = 65M
Miscellaneous   : 0M
Total           : 76M

Table limit with the given memory limit:
Max number of representatives: 1799068
Max number of word counting entries: 90482349

comparing sequences from          0  to        499

      499  finished        491  clusters

Apprixmated maximum memory consumption: 77M
writing new database
writing clustering information
program completed !

Total CPU time 0.22
++ wc -l
++ grep '^>'
+ numSeq=491
+ echo Found 491 sequences in uniref90
Found 491 sequences in uniref90
+ sed 's/^>/>query_sekvence|/'
+ muscle -quiet
+ cat /tmp/fileSjpmvO /tmp/fileokdgiO
+ awk -f sortMuscleOutput.awk
+ cd /home/rdk/proj/conservation/conservation-workbench/conservation_code
+ python /home/rdk/proj/conservation/conservation-workbench/conservation_code/score_conservation.py /tmp/file3EgHUM
+ gzip -9
+ rm /tmp/fileYt0V5M
+ rm /tmp/fileokdgiO
+ rm /tmp/fileVYKntO
+ rm /tmp/fileSjpmvO
TIME: 1 hours 17 min 23 s
DONE
