PROCESSING [/home/rdk/proj/p2rank-datasets/holo4k/fasta/1p7tB.pdb.seq.fasta]
LOG: /home/rdk/proj/p2rank-datasets/holo4k/conservation/log/1p7tB.pdb.seq.fasta.log
+ source local-setenv.sh
++ PSIBLAST_DIR=/home/rdk/proj/conservation/conservation-workbench/ncbi-blast/bin
++ CDHIT_DIR=/home/rdk/proj/conservation/conservation-workbench/cd-hit
++ MUSCLE_DIR=/home/rdk/proj/conservation/conservation-workbench
++ JSD_DIR=/home/rdk/proj/conservation/conservation-workbench/conservation_code
++ PYTHON_CMD=python
++ BLASTDB_DIR=/home/rdk/proj/conservation/blastdb
++ PSIBLAST_THREADS=16
++ export PATH=/home/rdk/proj/conservation/conservation-workbench/ncbi-blast/bin:/home/rdk/proj/conservation/conservation-workbench/cd-hit:/home/rdk/proj/conservation/conservation-workbench:/usr/local/bin:/usr/bin:/bin:/usr/local/games:/usr/games:/usr/lib/jvm/java-8-oracle/bin:/usr/lib/jvm/java-8-oracle/db/bin:/usr/lib/jvm/java-8-oracle/jre/bin
++ PATH=/home/rdk/proj/conservation/conservation-workbench/ncbi-blast/bin:/home/rdk/proj/conservation/conservation-workbench/cd-hit:/home/rdk/proj/conservation/conservation-workbench:/usr/local/bin:/usr/bin:/bin:/usr/local/games:/usr/games:/usr/lib/jvm/java-8-oracle/bin:/usr/lib/jvm/java-8-oracle/db/bin:/usr/lib/jvm/java-8-oracle/jre/bin
++ export JSD_DIR=/home/rdk/proj/conservation/conservation-workbench/conservation_code
++ JSD_DIR=/home/rdk/proj/conservation/conservation-workbench/conservation_code
++ export BLASTDB=/home/rdk/proj/conservation/blastdb
++ BLASTDB=/home/rdk/proj/conservation/blastdb
++ export PYTHON_CMD=python
++ PYTHON_CMD=python
++ export PSIBLAST_THREADS=16
++ PSIBLAST_THREADS=16
+ file=/home/rdk/proj/p2rank-datasets/holo4k/fasta/1p7tB.pdb.seq.fasta
+ outdir=/home/rdk/proj/p2rank-datasets/holo4k/conservation
+ psiblast_evalue=0.00001
+ psiblast_iterations=1
+ mkdir -p /home/rdk/proj/p2rank-datasets/holo4k/conservation/alignments
+ mkdir -p /home/rdk/proj/p2rank-datasets/holo4k/conservation/scores
++ basename /home/rdk/proj/p2rank-datasets/holo4k/fasta/1p7tB.pdb.seq.fasta
+ file_base=1p7tB.pdb.seq.fasta
+ alignments_file=/home/rdk/proj/p2rank-datasets/holo4k/conservation/alignments/1p7tB.pdb.seq.fasta.ali
+ scores_file=/home/rdk/proj/p2rank-datasets/holo4k/conservation/scores/1p7tB.pdb.seq.fasta.hom.gz
++ tempfile
+ blastResFile=/tmp/file4g1jbM
++ tempfile
+ blastSeq=/tmp/fileGlQM5N
++ tempfile
+ modifiedInputFile=/tmp/fileuN8TMM
++ tempfile
+ muscleResultFile=/tmp/fileNXrFlQ
++ tempfile
+ conservationExtractorInput=/tmp/fileOS5D9O
+ search swissprot
+ db=swissprot
+ tee /home/rdk/proj/p2rank-datasets/holo4k/conservation/alignments/1p7tB.pdb.seq.fasta.ali
+ ./filter.awk
+ psiblast -db swissprot -outfmt '6 sallseqid qcovs pident' -evalue 0.00001 -num_threads 16 -num_iterations 1
+ blastdbcmd -db swissprot -entry_batch /tmp/file4g1jbM
+ cd-hit -i /tmp/fileGlQM5N -o /tmp/file4g1jbM
================================================================
Program: CD-HIT, V4.7 (+OpenMP), Mar 23 2018, 15:56:04
Command: cd-hit -i /tmp/fileGlQM5N -o /tmp/file4g1jbM

Started: Thu Jan 17 06:47:46 2019
================================================================
                            Output                              
----------------------------------------------------------------
total seq: 79
longest and shortest : 748 and 721
Total letters: 57568
Sequences have been sorted

Approximated minimal memory consumption:
Sequence        : 0M
Buffer          : 1 X 10M = 10M
Table           : 1 X 65M = 65M
Miscellaneous   : 0M
Total           : 76M

Table limit with the given memory limit:
Max number of representatives: 874584
Max number of word counting entries: 90491922

comparing sequences from          0  to         79

       79  finished         44  clusters

Apprixmated maximum memory consumption: 76M
writing new database
writing clustering information
program completed !

Total CPU time 0.10
++ grep '^>'
++ wc -l
+ numSeq=44
+ echo Found 44 sequences in swissprot
Found 44 sequences in swissprot
++ grep '^>'
++ wc -l
+ numSeq=44
+ '[' 0 = 0 ']'
+ search uniref90
+ db=uniref90
+ psiblast -db uniref90 -outfmt '6 sallseqid qcovs pident' -evalue 0.00001 -num_threads 16 -num_iterations 1
+ tee /home/rdk/proj/p2rank-datasets/holo4k/conservation/alignments/1p7tB.pdb.seq.fasta.ali
+ ./filter.awk
+ blastdbcmd -db uniref90 -entry_batch /tmp/file4g1jbM
+ cd-hit -i /tmp/fileGlQM5N -o /tmp/file4g1jbM
================================================================
Program: CD-HIT, V4.7 (+OpenMP), Mar 23 2018, 15:56:04
Command: cd-hit -i /tmp/fileGlQM5N -o /tmp/file4g1jbM

Started: Thu Jan 17 06:58:58 2019
================================================================
                            Output                              
----------------------------------------------------------------
total seq: 498
longest and shortest : 844 and 709
Total letters: 362715
Sequences have been sorted

Approximated minimal memory consumption:
Sequence        : 0M
Buffer          : 1 X 10M = 10M
Table           : 1 X 65M = 65M
Miscellaneous   : 0M
Total           : 76M

Table limit with the given memory limit:
Max number of representatives: 875057
Max number of word counting entries: 90441999

comparing sequences from          0  to        498

      498  finished        484  clusters

Apprixmated maximum memory consumption: 79M
writing new database
writing clustering information
program completed !

Total CPU time 0.28
++ grep '^>'
++ wc -l
+ numSeq=484
+ echo Found 484 sequences in uniref90
Found 484 sequences in uniref90
+ sed 's/^>/>query_sekvence|/'
+ cat /tmp/file4g1jbM /tmp/fileuN8TMM
+ muscle -quiet
+ awk -f sortMuscleOutput.awk
+ cd /home/rdk/proj/conservation/conservation-workbench/conservation_code
+ python /home/rdk/proj/conservation/conservation-workbench/conservation_code/score_conservation.py /tmp/fileOS5D9O
+ gzip -9
+ rm /tmp/fileNXrFlQ
+ rm /tmp/fileuN8TMM
+ rm /tmp/fileGlQM5N
+ rm /tmp/file4g1jbM
TIME: 13 min 38 s
DONE
