PROCESSING [/home/rdk/proj/p2rank-datasets/holo4k/fasta/1qm5B.pdb.seq.fasta]
LOG: /home/rdk/proj/p2rank-datasets/holo4k/conservation/log/1qm5B.pdb.seq.fasta.log
+ source local-setenv.sh
++ PSIBLAST_DIR=/home/rdk/proj/conservation/conservation-workbench/ncbi-blast/bin
++ CDHIT_DIR=/home/rdk/proj/conservation/conservation-workbench/cd-hit
++ MUSCLE_DIR=/home/rdk/proj/conservation/conservation-workbench
++ JSD_DIR=/home/rdk/proj/conservation/conservation-workbench/conservation_code
++ PYTHON_CMD=python
++ BLASTDB_DIR=/home/rdk/proj/conservation/blastdb
++ PSIBLAST_THREADS=16
++ export PATH=/home/rdk/proj/conservation/conservation-workbench/ncbi-blast/bin:/home/rdk/proj/conservation/conservation-workbench/cd-hit:/home/rdk/proj/conservation/conservation-workbench:/usr/local/bin:/usr/bin:/bin:/usr/local/games:/usr/games:/usr/lib/jvm/java-8-oracle/bin:/usr/lib/jvm/java-8-oracle/db/bin:/usr/lib/jvm/java-8-oracle/jre/bin
++ PATH=/home/rdk/proj/conservation/conservation-workbench/ncbi-blast/bin:/home/rdk/proj/conservation/conservation-workbench/cd-hit:/home/rdk/proj/conservation/conservation-workbench:/usr/local/bin:/usr/bin:/bin:/usr/local/games:/usr/games:/usr/lib/jvm/java-8-oracle/bin:/usr/lib/jvm/java-8-oracle/db/bin:/usr/lib/jvm/java-8-oracle/jre/bin
++ export JSD_DIR=/home/rdk/proj/conservation/conservation-workbench/conservation_code
++ JSD_DIR=/home/rdk/proj/conservation/conservation-workbench/conservation_code
++ export BLASTDB=/home/rdk/proj/conservation/blastdb
++ BLASTDB=/home/rdk/proj/conservation/blastdb
++ export PYTHON_CMD=python
++ PYTHON_CMD=python
++ export PSIBLAST_THREADS=16
++ PSIBLAST_THREADS=16
+ file=/home/rdk/proj/p2rank-datasets/holo4k/fasta/1qm5B.pdb.seq.fasta
+ outdir=/home/rdk/proj/p2rank-datasets/holo4k/conservation
+ psiblast_evalue=0.00001
+ psiblast_iterations=1
+ mkdir -p /home/rdk/proj/p2rank-datasets/holo4k/conservation/alignments
+ mkdir -p /home/rdk/proj/p2rank-datasets/holo4k/conservation/scores
++ basename /home/rdk/proj/p2rank-datasets/holo4k/fasta/1qm5B.pdb.seq.fasta
+ file_base=1qm5B.pdb.seq.fasta
+ alignments_file=/home/rdk/proj/p2rank-datasets/holo4k/conservation/alignments/1qm5B.pdb.seq.fasta.ali
+ scores_file=/home/rdk/proj/p2rank-datasets/holo4k/conservation/scores/1qm5B.pdb.seq.fasta.hom.gz
++ tempfile
+ blastResFile=/tmp/filep7VMlA
++ tempfile
+ blastSeq=/tmp/fileKniBhA
++ tempfile
+ modifiedInputFile=/tmp/fileSJvKHD
++ tempfile
+ muscleResultFile=/tmp/file42qnwD
++ tempfile
+ conservationExtractorInput=/tmp/filewSXBuD
+ search swissprot
+ db=swissprot
+ psiblast -db swissprot -outfmt '6 sallseqid qcovs pident' -evalue 0.00001 -num_threads 16 -num_iterations 1
+ tee /home/rdk/proj/p2rank-datasets/holo4k/conservation/alignments/1qm5B.pdb.seq.fasta.ali
+ ./filter.awk
+ blastdbcmd -db swissprot -entry_batch /tmp/filep7VMlA
+ cd-hit -i /tmp/fileKniBhA -o /tmp/filep7VMlA
================================================================
Program: CD-HIT, V4.7 (+OpenMP), Mar 23 2018, 15:56:04
Command: cd-hit -i /tmp/fileKniBhA -o /tmp/filep7VMlA

Started: Thu Jan 17 03:01:53 2019
================================================================
                            Output                              
----------------------------------------------------------------
total seq: 45
longest and shortest : 1003 and 752
Total letters: 39019
Sequences have been sorted

Approximated minimal memory consumption:
Sequence        : 0M
Buffer          : 1 X 10M = 10M
Table           : 1 X 65M = 65M
Miscellaneous   : 0M
Total           : 76M

Table limit with the given memory limit:
Max number of representatives: 766846
Max number of word counting entries: 90488138

comparing sequences from          0  to         45

       45  finished         24  clusters

Apprixmated maximum memory consumption: 76M
writing new database
writing clustering information
program completed !

Total CPU time 0.09
++ wc -l
++ grep '^>'
+ numSeq=24
+ echo Found 24 sequences in swissprot
Found 24 sequences in swissprot
++ wc -l
++ grep '^>'
+ numSeq=24
+ '[' 0 = 0 ']'
+ search uniref90
+ db=uniref90
+ ./filter.awk
+ psiblast -db uniref90 -outfmt '6 sallseqid qcovs pident' -evalue 0.00001 -num_threads 16 -num_iterations 1
+ tee /home/rdk/proj/p2rank-datasets/holo4k/conservation/alignments/1qm5B.pdb.seq.fasta.ali
+ blastdbcmd -db uniref90 -entry_batch /tmp/filep7VMlA
+ cd-hit -i /tmp/fileKniBhA -o /tmp/filep7VMlA
================================================================
Program: CD-HIT, V4.7 (+OpenMP), Mar 23 2018, 15:56:04
Command: cd-hit -i /tmp/fileKniBhA -o /tmp/filep7VMlA

Started: Thu Jan 17 03:24:56 2019
================================================================
                            Output                              
----------------------------------------------------------------
total seq: 489
longest and shortest : 1566 and 674
Total letters: 405195
Sequences have been sorted

Approximated minimal memory consumption:
Sequence        : 0M
Buffer          : 1 X 10M = 10M
Table           : 1 X 65M = 65M
Miscellaneous   : 0M
Total           : 76M

Table limit with the given memory limit:
Max number of representatives: 781512
Max number of word counting entries: 90417673

comparing sequences from          0  to        489

      489  finished        470  clusters

Apprixmated maximum memory consumption: 79M
writing new database
writing clustering information
program completed !

Total CPU time 0.32
++ wc -l
++ grep '^>'
+ numSeq=470
+ echo Found 470 sequences in uniref90
Found 470 sequences in uniref90
+ sed 's/^>/>query_sekvence|/'
+ cat /tmp/filep7VMlA /tmp/fileSJvKHD
+ muscle -quiet
+ awk -f sortMuscleOutput.awk
+ cd /home/rdk/proj/conservation/conservation-workbench/conservation_code
+ python /home/rdk/proj/conservation/conservation-workbench/conservation_code/score_conservation.py /tmp/filewSXBuD
+ gzip -9
+ rm /tmp/file42qnwD
+ rm /tmp/fileSJvKHD
+ rm /tmp/fileKniBhA
+ rm /tmp/filep7VMlA
TIME: 31 min 12 s
DONE
