PROCESSING [/home/rdk/proj/p2rank-datasets/holo4k/fasta/1ykfA.pdb.seq.fasta]
LOG: /home/rdk/proj/p2rank-datasets/holo4k/conservation/log/1ykfA.pdb.seq.fasta.log
+ source local-setenv.sh
++ PSIBLAST_DIR=/home/rdk/proj/conservation/conservation-workbench/ncbi-blast/bin
++ CDHIT_DIR=/home/rdk/proj/conservation/conservation-workbench/cd-hit
++ MUSCLE_DIR=/home/rdk/proj/conservation/conservation-workbench
++ JSD_DIR=/home/rdk/proj/conservation/conservation-workbench/conservation_code
++ PYTHON_CMD=python
++ BLASTDB_DIR=/home/rdk/proj/conservation/blastdb
++ PSIBLAST_THREADS=16
++ export PATH=/home/rdk/proj/conservation/conservation-workbench/ncbi-blast/bin:/home/rdk/proj/conservation/conservation-workbench/cd-hit:/home/rdk/proj/conservation/conservation-workbench:/usr/local/bin:/usr/bin:/bin:/usr/local/games:/usr/games:/usr/lib/jvm/java-8-oracle/bin:/usr/lib/jvm/java-8-oracle/db/bin:/usr/lib/jvm/java-8-oracle/jre/bin
++ PATH=/home/rdk/proj/conservation/conservation-workbench/ncbi-blast/bin:/home/rdk/proj/conservation/conservation-workbench/cd-hit:/home/rdk/proj/conservation/conservation-workbench:/usr/local/bin:/usr/bin:/bin:/usr/local/games:/usr/games:/usr/lib/jvm/java-8-oracle/bin:/usr/lib/jvm/java-8-oracle/db/bin:/usr/lib/jvm/java-8-oracle/jre/bin
++ export JSD_DIR=/home/rdk/proj/conservation/conservation-workbench/conservation_code
++ JSD_DIR=/home/rdk/proj/conservation/conservation-workbench/conservation_code
++ export BLASTDB=/home/rdk/proj/conservation/blastdb
++ BLASTDB=/home/rdk/proj/conservation/blastdb
++ export PYTHON_CMD=python
++ PYTHON_CMD=python
++ export PSIBLAST_THREADS=16
++ PSIBLAST_THREADS=16
+ file=/home/rdk/proj/p2rank-datasets/holo4k/fasta/1ykfA.pdb.seq.fasta
+ outdir=/home/rdk/proj/p2rank-datasets/holo4k/conservation
+ psiblast_evalue=0.00001
+ psiblast_iterations=1
+ mkdir -p /home/rdk/proj/p2rank-datasets/holo4k/conservation/alignments
+ mkdir -p /home/rdk/proj/p2rank-datasets/holo4k/conservation/scores
++ basename /home/rdk/proj/p2rank-datasets/holo4k/fasta/1ykfA.pdb.seq.fasta
+ file_base=1ykfA.pdb.seq.fasta
+ alignments_file=/home/rdk/proj/p2rank-datasets/holo4k/conservation/alignments/1ykfA.pdb.seq.fasta.ali
+ scores_file=/home/rdk/proj/p2rank-datasets/holo4k/conservation/scores/1ykfA.pdb.seq.fasta.hom.gz
++ tempfile
+ blastResFile=/tmp/fileLQ4FJv
++ tempfile
+ blastSeq=/tmp/filethwF8u
++ tempfile
+ modifiedInputFile=/tmp/filelpuy0u
++ tempfile
+ muscleResultFile=/tmp/fileCyDVWu
++ tempfile
+ conservationExtractorInput=/tmp/fileM3dHMu
+ search swissprot
+ db=swissprot
+ tee /home/rdk/proj/p2rank-datasets/holo4k/conservation/alignments/1ykfA.pdb.seq.fasta.ali
+ ./filter.awk
+ psiblast -db swissprot -outfmt '6 sallseqid qcovs pident' -evalue 0.00001 -num_threads 16 -num_iterations 1
+ blastdbcmd -db swissprot -entry_batch /tmp/fileLQ4FJv
+ cd-hit -i /tmp/filethwF8u -o /tmp/fileLQ4FJv
================================================================
Program: CD-HIT, V4.7 (+OpenMP), Mar 23 2018, 15:56:04
Command: cd-hit -i /tmp/filethwF8u -o /tmp/fileLQ4FJv

Started: Thu Jan 17 03:57:46 2019
================================================================
                            Output                              
----------------------------------------------------------------
total seq: 22
longest and shortest : 386 and 351
Total letters: 8061
Sequences have been sorted

Approximated minimal memory consumption:
Sequence        : 0M
Buffer          : 1 X 10M = 10M
Table           : 1 X 65M = 65M
Miscellaneous   : 0M
Total           : 75M

Table limit with the given memory limit:
Max number of representatives: 1572748
Max number of word counting entries: 90508905

comparing sequences from          0  to         22

       22  finished         15  clusters

Apprixmated maximum memory consumption: 75M
writing new database
writing clustering information
program completed !

Total CPU time 0.08
++ wc -l
++ grep '^>'
+ numSeq=15
+ echo Found 15 sequences in swissprot
Found 15 sequences in swissprot
++ wc -l
++ grep '^>'
+ numSeq=15
+ '[' 0 = 0 ']'
+ search uniref90
+ db=uniref90
+ psiblast -db uniref90 -outfmt '6 sallseqid qcovs pident' -evalue 0.00001 -num_threads 16 -num_iterations 1
+ ./filter.awk
+ tee /home/rdk/proj/p2rank-datasets/holo4k/conservation/alignments/1ykfA.pdb.seq.fasta.ali
+ blastdbcmd -db uniref90 -entry_batch /tmp/fileLQ4FJv
+ cd-hit -i /tmp/filethwF8u -o /tmp/fileLQ4FJv
================================================================
Program: CD-HIT, V4.7 (+OpenMP), Mar 23 2018, 15:56:04
Command: cd-hit -i /tmp/filethwF8u -o /tmp/fileLQ4FJv

Started: Thu Jan 17 04:05:31 2019
================================================================
                            Output                              
----------------------------------------------------------------
total seq: 485
longest and shortest : 425 and 295
Total letters: 172719
Sequences have been sorted

Approximated minimal memory consumption:
Sequence        : 0M
Buffer          : 1 X 10M = 10M
Table           : 1 X 65M = 65M
Miscellaneous   : 0M
Total           : 76M

Table limit with the given memory limit:
Max number of representatives: 1592820
Max number of word counting entries: 90477204

comparing sequences from          0  to        485

      485  finished        472  clusters

Apprixmated maximum memory consumption: 77M
writing new database
writing clustering information
program completed !

Total CPU time 0.14
++ grep '^>'
++ wc -l
+ numSeq=472
+ echo Found 472 sequences in uniref90
Found 472 sequences in uniref90
+ sed 's/^>/>query_sekvence|/'
+ muscle -quiet
+ cat /tmp/fileLQ4FJv /tmp/filelpuy0u
+ awk -f sortMuscleOutput.awk
+ cd /home/rdk/proj/conservation/conservation-workbench/conservation_code
+ python /home/rdk/proj/conservation/conservation-workbench/conservation_code/score_conservation.py /tmp/fileM3dHMu
+ gzip -9
+ rm /tmp/fileCyDVWu
+ rm /tmp/filelpuy0u
+ rm /tmp/filethwF8u
+ rm /tmp/fileLQ4FJv
TIME: 9 min 35 s
DONE
