PROCESSING [/mnt/ssd/prank/p2rank-datasets/fptrain/fasta/1L9NA.pdb.seq.fasta]
LOG: /mnt/ssd/prank/p2rank-datasets/fptrain/conservation_E5_I1/log/1L9NA.pdb.seq.fasta.log
+ source local-setenv.sh
++ PSIBLAST_DIR=/mnt/ssd/conservation/conservation-workbench/ncbi-blast/bin
++ CDHIT_DIR=/mnt/ssd/conservation/conservation-workbench/cd-hit
++ MUSCLE_DIR=/mnt/ssd/conservation/conservation-workbench
++ JSD_DIR=/mnt/ssd/conservation/conservation-workbench/conservation_code
++ PYTHON_CMD=python
++ BLASTDB_DIR=/mnt/ssd/conservation/blastdb
++ PSIBLAST_THREADS=24
++ export PATH=/mnt/ssd/conservation/conservation-workbench/ncbi-blast/bin:/mnt/ssd/conservation/conservation-workbench/cd-hit:/mnt/ssd/conservation/conservation-workbench:/home/rdk/.sdkman/candidates/gradle/current/bin:/usr/local/sbin:/usr/local/bin:/usr/sbin:/usr/bin:/sbin:/bin:/usr/games:/usr/local/games:/snap/bin:/usr/lib/jvm/java-8-oracle/bin:/usr/lib/jvm/java-8-oracle/db/bin:/usr/lib/jvm/java-8-oracle/jre/bin
++ PATH=/mnt/ssd/conservation/conservation-workbench/ncbi-blast/bin:/mnt/ssd/conservation/conservation-workbench/cd-hit:/mnt/ssd/conservation/conservation-workbench:/home/rdk/.sdkman/candidates/gradle/current/bin:/usr/local/sbin:/usr/local/bin:/usr/sbin:/usr/bin:/sbin:/bin:/usr/games:/usr/local/games:/snap/bin:/usr/lib/jvm/java-8-oracle/bin:/usr/lib/jvm/java-8-oracle/db/bin:/usr/lib/jvm/java-8-oracle/jre/bin
++ export JSD_DIR=/mnt/ssd/conservation/conservation-workbench/conservation_code
++ JSD_DIR=/mnt/ssd/conservation/conservation-workbench/conservation_code
++ export BLASTDB=/mnt/ssd/conservation/blastdb
++ BLASTDB=/mnt/ssd/conservation/blastdb
++ export PYTHON_CMD=python
++ PYTHON_CMD=python
++ export PSIBLAST_THREADS=24
++ PSIBLAST_THREADS=24
+ file=/mnt/ssd/prank/p2rank-datasets/fptrain/fasta/1L9NA.pdb.seq.fasta
+ outdir=/mnt/ssd/prank/p2rank-datasets/fptrain/conservation_E5_I1
+ psiblast_evalue=0.00001
+ psiblast_iterations=1
+ mkdir -p /mnt/ssd/prank/p2rank-datasets/fptrain/conservation_E5_I1/alignments
+ mkdir -p /mnt/ssd/prank/p2rank-datasets/fptrain/conservation_E5_I1/scores
++ basename /mnt/ssd/prank/p2rank-datasets/fptrain/fasta/1L9NA.pdb.seq.fasta
+ file_base=1L9NA.pdb.seq.fasta
+ alignments_file=/mnt/ssd/prank/p2rank-datasets/fptrain/conservation_E5_I1/alignments/1L9NA.pdb.seq.fasta.ali
+ scores_file=/mnt/ssd/prank/p2rank-datasets/fptrain/conservation_E5_I1/scores/1L9NA.pdb.seq.fasta.hom.gz
++ tempfile
+ blastResFile=/tmp/fileKGFU6X
++ tempfile
+ blastSeq=/tmp/file6F5wfX
++ tempfile
+ modifiedInputFile=/tmp/file2iELN0
++ tempfile
+ muscleResultFile=/tmp/file1EBbD1
++ tempfile
+ conservationExtractorInput=/tmp/filewLhR74
+ search swissprot
+ db=swissprot
+ ./filter.awk
+ tee /mnt/ssd/prank/p2rank-datasets/fptrain/conservation_E5_I1/alignments/1L9NA.pdb.seq.fasta.ali
+ psiblast -db swissprot -outfmt '6 sallseqid qcovs pident' -evalue 0.00001 -num_threads 24 -num_iterations 1
+ blastdbcmd -db swissprot -entry_batch /tmp/fileKGFU6X
+ cd-hit -i /tmp/file6F5wfX -o /tmp/fileKGFU6X
================================================================
Program: CD-HIT, V4.7 (+OpenMP), Mar 23 2018, 15:56:04
Command: cd-hit -i /tmp/file6F5wfX -o /tmp/fileKGFU6X

Started: Wed Jan 16 02:01:03 2019
================================================================
                            Output                              
----------------------------------------------------------------
total seq: 29
longest and shortest : 836 and 667
Total letters: 21000
Sequences have been sorted

Approximated minimal memory consumption:
Sequence        : 0M
Buffer          : 1 X 10M = 10M
Table           : 1 X 65M = 65M
Miscellaneous   : 0M
Total           : 76M

Table limit with the given memory limit:
Max number of representatives: 897284
Max number of word counting entries: 90495163

comparing sequences from          0  to         29

       29  finished         24  clusters

Apprixmated maximum memory consumption: 76M
writing new database
writing clustering information
program completed !

Total CPU time 0.08
++ grep '^>'
++ wc -l
+ numSeq=24
+ echo Found 24 sequences in swissprot
Found 24 sequences in swissprot
++ wc -l
++ grep '^>'
+ numSeq=24
+ '[' 0 = 0 ']'
+ search uniref90
+ db=uniref90
+ tee /mnt/ssd/prank/p2rank-datasets/fptrain/conservation_E5_I1/alignments/1L9NA.pdb.seq.fasta.ali
+ psiblast -db uniref90 -outfmt '6 sallseqid qcovs pident' -evalue 0.00001 -num_threads 24 -num_iterations 1
+ ./filter.awk
+ blastdbcmd -db uniref90 -entry_batch /tmp/fileKGFU6X
+ cd-hit -i /tmp/file6F5wfX -o /tmp/fileKGFU6X
================================================================
Program: CD-HIT, V4.7 (+OpenMP), Mar 23 2018, 15:56:04
Command: cd-hit -i /tmp/file6F5wfX -o /tmp/fileKGFU6X

Started: Wed Jan 16 02:03:27 2019
================================================================
                            Output                              
----------------------------------------------------------------
total seq: 485
longest and shortest : 2487 and 559
Total letters: 366278
Sequences have been sorted

Approximated minimal memory consumption:
Sequence        : 0M
Buffer          : 1 X 11M = 11M
Table           : 1 X 65M = 65M
Miscellaneous   : 0M
Total           : 76M

Table limit with the given memory limit:
Max number of representatives: 893386
Max number of word counting entries: 90398097

comparing sequences from          0  to        485

      485  finished        435  clusters

Apprixmated maximum memory consumption: 79M
writing new database
writing clustering information
program completed !

Total CPU time 0.26
++ grep '^>'
++ wc -l
+ numSeq=435
+ echo Found 435 sequences in uniref90
Found 435 sequences in uniref90
+ sed 's/^>/>query_sekvence|/'
+ muscle -quiet
+ cat /tmp/fileKGFU6X /tmp/file2iELN0
+ awk -f sortMuscleOutput.awk
+ cd /mnt/ssd/conservation/conservation-workbench/conservation_code
+ gzip -9
+ python /mnt/ssd/conservation/conservation-workbench/conservation_code/score_conservation.py /tmp/filewLhR74
+ rm /tmp/file1EBbD1
+ rm /tmp/file2iELN0
+ rm /tmp/file6F5wfX
+ rm /tmp/fileKGFU6X
TIME: 33 min 10 s
DONE
