PROCESSING [/mnt/ssd/prank/p2rank-datasets/joined/all/fasta/1bapA.pdb.seq.fasta]
LOG: /mnt/ssd/prank/p2rank-datasets/joined/conservation/log/1bapA.pdb.seq.fasta.log
+ source local-setenv.sh
++ PSIBLAST_DIR=/mnt/ssd/conservation/conservation-workbench/ncbi-blast/bin
++ CDHIT_DIR=/mnt/ssd/conservation/conservation-workbench/cd-hit
++ MUSCLE_DIR=/mnt/ssd/conservation/conservation-workbench
++ JSD_DIR=/mnt/ssd/conservation/conservation-workbench/conservation_code
++ PYTHON_CMD=python
++ BLASTDB_DIR=/mnt/ssd/conservation/blastdb
++ PSIBLAST_THREADS=24
++ export PATH=/mnt/ssd/conservation/conservation-workbench/ncbi-blast/bin:/mnt/ssd/conservation/conservation-workbench/cd-hit:/mnt/ssd/conservation/conservation-workbench:/home/rdk/.sdkman/candidates/gradle/current/bin:/usr/local/sbin:/usr/local/bin:/usr/sbin:/usr/bin:/sbin:/bin:/usr/games:/usr/local/games:/snap/bin:/usr/lib/jvm/java-8-oracle/bin:/usr/lib/jvm/java-8-oracle/db/bin:/usr/lib/jvm/java-8-oracle/jre/bin
++ PATH=/mnt/ssd/conservation/conservation-workbench/ncbi-blast/bin:/mnt/ssd/conservation/conservation-workbench/cd-hit:/mnt/ssd/conservation/conservation-workbench:/home/rdk/.sdkman/candidates/gradle/current/bin:/usr/local/sbin:/usr/local/bin:/usr/sbin:/usr/bin:/sbin:/bin:/usr/games:/usr/local/games:/snap/bin:/usr/lib/jvm/java-8-oracle/bin:/usr/lib/jvm/java-8-oracle/db/bin:/usr/lib/jvm/java-8-oracle/jre/bin
++ export JSD_DIR=/mnt/ssd/conservation/conservation-workbench/conservation_code
++ JSD_DIR=/mnt/ssd/conservation/conservation-workbench/conservation_code
++ export BLASTDB=/mnt/ssd/conservation/blastdb
++ BLASTDB=/mnt/ssd/conservation/blastdb
++ export PYTHON_CMD=python
++ PYTHON_CMD=python
++ export PSIBLAST_THREADS=24
++ PSIBLAST_THREADS=24
+ file=/mnt/ssd/prank/p2rank-datasets/joined/all/fasta/1bapA.pdb.seq.fasta
+ outdir=/mnt/ssd/prank/p2rank-datasets/joined/conservation
+ psiblast_evalue=0.00001
+ psiblast_iterations=1
+ mkdir -p /mnt/ssd/prank/p2rank-datasets/joined/conservation/alignments
+ mkdir -p /mnt/ssd/prank/p2rank-datasets/joined/conservation/scores
++ basename /mnt/ssd/prank/p2rank-datasets/joined/all/fasta/1bapA.pdb.seq.fasta
+ file_base=1bapA.pdb.seq.fasta
+ alignments_file=/mnt/ssd/prank/p2rank-datasets/joined/conservation/alignments/1bapA.pdb.seq.fasta.ali
+ scores_file=/mnt/ssd/prank/p2rank-datasets/joined/conservation/scores/1bapA.pdb.seq.fasta.hom.gz
++ tempfile
+ blastResFile=/tmp/filebWwAZ9
++ tempfile
+ blastSeq=/tmp/filecOtaQ9
++ tempfile
+ modifiedInputFile=/tmp/fileTQHMVa
++ tempfile
+ muscleResultFile=/tmp/file01YyPa
++ tempfile
+ conservationExtractorInput=/tmp/file8BO0Sa
+ search swissprot
+ db=swissprot
+ ./filter.awk
+ psiblast -db swissprot -outfmt '6 sallseqid qcovs pident' -evalue 0.00001 -num_threads 24 -num_iterations 1
+ tee /mnt/ssd/prank/p2rank-datasets/joined/conservation/alignments/1bapA.pdb.seq.fasta.ali
+ blastdbcmd -db swissprot -entry_batch /tmp/filebWwAZ9
+ cd-hit -i /tmp/filecOtaQ9 -o /tmp/filebWwAZ9
================================================================
Program: CD-HIT, V4.7 (+OpenMP), Mar 23 2018, 15:56:04
Command: cd-hit -i /tmp/filecOtaQ9 -o /tmp/filebWwAZ9

Started: Thu Jan 17 04:25:09 2019
================================================================
                            Output                              
----------------------------------------------------------------
total seq: 1
longest and shortest : 334 and 334
Total letters: 334
Sequences have been sorted

Approximated minimal memory consumption:
Sequence        : 0M
Buffer          : 1 X 10M = 10M
Table           : 1 X 65M = 65M
Miscellaneous   : 0M
Total           : 75M

Table limit with the given memory limit:
Max number of representatives: 1667135
Max number of word counting entries: 90511679

comparing sequences from          0  to          1

        1  finished          1  clusters

Apprixmated maximum memory consumption: 75M
writing new database
writing clustering information
program completed !

Total CPU time 0.08
++ grep '^>'
++ wc -l
+ numSeq=1
+ echo Found 1 sequences in swissprot
Found 1 sequences in swissprot
++ grep '^>'
++ wc -l
+ numSeq=1
+ '[' 0 = 0 ']'
+ search uniref90
+ db=uniref90
+ tee /mnt/ssd/prank/p2rank-datasets/joined/conservation/alignments/1bapA.pdb.seq.fasta.ali
+ psiblast -db uniref90 -outfmt '6 sallseqid qcovs pident' -evalue 0.00001 -num_threads 24 -num_iterations 1
+ ./filter.awk
+ blastdbcmd -db uniref90 -entry_batch /tmp/filebWwAZ9
+ cd-hit -i /tmp/filecOtaQ9 -o /tmp/filebWwAZ9
================================================================
Program: CD-HIT, V4.7 (+OpenMP), Mar 23 2018, 15:56:04
Command: cd-hit -i /tmp/filecOtaQ9 -o /tmp/filebWwAZ9

Started: Thu Jan 17 04:26:01 2019
================================================================
                            Output                              
----------------------------------------------------------------
total seq: 216
longest and shortest : 456 and 249
Total letters: 71461
Sequences have been sorted

Approximated minimal memory consumption:
Sequence        : 0M
Buffer          : 1 X 10M = 10M
Table           : 1 X 65M = 65M
Miscellaneous   : 0M
Total           : 76M

Table limit with the given memory limit:
Max number of representatives: 1677944
Max number of word counting entries: 90494884

comparing sequences from          0  to        216

      216  finished        200  clusters

Apprixmated maximum memory consumption: 76M
writing new database
writing clustering information
program completed !

Total CPU time 0.11
++ grep '^>'
++ wc -l
+ numSeq=200
+ echo Found 200 sequences in uniref90
Found 200 sequences in uniref90
+ sed 's/^>/>query_sekvence|/'
+ muscle -quiet
+ cat /tmp/filebWwAZ9 /tmp/fileTQHMVa
+ awk -f sortMuscleOutput.awk
+ cd /mnt/ssd/conservation/conservation-workbench/conservation_code
+ python /mnt/ssd/conservation/conservation-workbench/conservation_code/score_conservation.py /tmp/file8BO0Sa
+ gzip -9
+ rm /tmp/file01YyPa
+ rm /tmp/fileTQHMVa
+ rm /tmp/filecOtaQ9
+ rm /tmp/filebWwAZ9
TIME: 1 min 6 s
DONE
