PROCESSING [/mnt/ssd/prank/p2rank-datasets/joined/all/fasta/1pocA.pdb.seq.fasta]
LOG: /mnt/ssd/prank/p2rank-datasets/joined/conservation/log/1pocA.pdb.seq.fasta.log
+ source local-setenv.sh
++ PSIBLAST_DIR=/mnt/ssd/conservation/conservation-workbench/ncbi-blast/bin
++ CDHIT_DIR=/mnt/ssd/conservation/conservation-workbench/cd-hit
++ MUSCLE_DIR=/mnt/ssd/conservation/conservation-workbench
++ JSD_DIR=/mnt/ssd/conservation/conservation-workbench/conservation_code
++ PYTHON_CMD=python
++ BLASTDB_DIR=/mnt/ssd/conservation/blastdb
++ PSIBLAST_THREADS=24
++ export PATH=/mnt/ssd/conservation/conservation-workbench/ncbi-blast/bin:/mnt/ssd/conservation/conservation-workbench/cd-hit:/mnt/ssd/conservation/conservation-workbench:/home/rdk/.sdkman/candidates/gradle/current/bin:/usr/local/sbin:/usr/local/bin:/usr/sbin:/usr/bin:/sbin:/bin:/usr/games:/usr/local/games:/snap/bin:/usr/lib/jvm/java-8-oracle/bin:/usr/lib/jvm/java-8-oracle/db/bin:/usr/lib/jvm/java-8-oracle/jre/bin
++ PATH=/mnt/ssd/conservation/conservation-workbench/ncbi-blast/bin:/mnt/ssd/conservation/conservation-workbench/cd-hit:/mnt/ssd/conservation/conservation-workbench:/home/rdk/.sdkman/candidates/gradle/current/bin:/usr/local/sbin:/usr/local/bin:/usr/sbin:/usr/bin:/sbin:/bin:/usr/games:/usr/local/games:/snap/bin:/usr/lib/jvm/java-8-oracle/bin:/usr/lib/jvm/java-8-oracle/db/bin:/usr/lib/jvm/java-8-oracle/jre/bin
++ export JSD_DIR=/mnt/ssd/conservation/conservation-workbench/conservation_code
++ JSD_DIR=/mnt/ssd/conservation/conservation-workbench/conservation_code
++ export BLASTDB=/mnt/ssd/conservation/blastdb
++ BLASTDB=/mnt/ssd/conservation/blastdb
++ export PYTHON_CMD=python
++ PYTHON_CMD=python
++ export PSIBLAST_THREADS=24
++ PSIBLAST_THREADS=24
+ file=/mnt/ssd/prank/p2rank-datasets/joined/all/fasta/1pocA.pdb.seq.fasta
+ outdir=/mnt/ssd/prank/p2rank-datasets/joined/conservation
+ psiblast_evalue=0.00001
+ psiblast_iterations=1
+ mkdir -p /mnt/ssd/prank/p2rank-datasets/joined/conservation/alignments
+ mkdir -p /mnt/ssd/prank/p2rank-datasets/joined/conservation/scores
++ basename /mnt/ssd/prank/p2rank-datasets/joined/all/fasta/1pocA.pdb.seq.fasta
+ file_base=1pocA.pdb.seq.fasta
+ alignments_file=/mnt/ssd/prank/p2rank-datasets/joined/conservation/alignments/1pocA.pdb.seq.fasta.ali
+ scores_file=/mnt/ssd/prank/p2rank-datasets/joined/conservation/scores/1pocA.pdb.seq.fasta.hom.gz
++ tempfile
+ blastResFile=/tmp/fileJPp8Sp
++ tempfile
+ blastSeq=/tmp/fileXIwBpr
++ tempfile
+ modifiedInputFile=/tmp/filemrI7fu
++ tempfile
+ muscleResultFile=/tmp/file7IW9Yx
++ tempfile
+ conservationExtractorInput=/tmp/fileRzPaGA
+ search swissprot
+ db=swissprot
+ psiblast -db swissprot -outfmt '6 sallseqid qcovs pident' -evalue 0.00001 -num_threads 24 -num_iterations 1
+ ./filter.awk
+ tee /mnt/ssd/prank/p2rank-datasets/joined/conservation/alignments/1pocA.pdb.seq.fasta.ali
+ blastdbcmd -db swissprot -entry_batch /tmp/fileJPp8Sp
+ cd-hit -i /tmp/fileXIwBpr -o /tmp/fileJPp8Sp
================================================================
Program: CD-HIT, V4.7 (+OpenMP), Mar 23 2018, 15:56:04
Command: cd-hit -i /tmp/fileXIwBpr -o /tmp/fileJPp8Sp

Started: Thu Jan 17 04:18:43 2019
================================================================
                            Output                              
----------------------------------------------------------------
total seq: 6
longest and shortest : 179 and 134
Total letters: 897
Sequences have been sorted

Approximated minimal memory consumption:
Sequence        : 0M
Buffer          : 1 X 10M = 10M
Table           : 1 X 65M = 65M
Miscellaneous   : 0M
Total           : 75M

Table limit with the given memory limit:
Max number of representatives: 2953454
Max number of word counting entries: 90515634

comparing sequences from          0  to          6

        6  finished          6  clusters

Apprixmated maximum memory consumption: 75M
writing new database
writing clustering information
program completed !

Total CPU time 0.07
++ grep '^>'
++ wc -l
+ numSeq=6
+ echo Found 6 sequences in swissprot
Found 6 sequences in swissprot
++ grep '^>'
++ wc -l
+ numSeq=6
+ '[' 0 = 0 ']'
+ search uniref90
+ db=uniref90
+ psiblast -db uniref90 -outfmt '6 sallseqid qcovs pident' -evalue 0.00001 -num_threads 24 -num_iterations 1
+ tee /mnt/ssd/prank/p2rank-datasets/joined/conservation/alignments/1pocA.pdb.seq.fasta.ali
+ ./filter.awk
+ blastdbcmd -db uniref90 -entry_batch /tmp/fileJPp8Sp
+ cd-hit -i /tmp/fileXIwBpr -o /tmp/fileJPp8Sp
================================================================
Program: CD-HIT, V4.7 (+OpenMP), Mar 23 2018, 15:56:04
Command: cd-hit -i /tmp/fileXIwBpr -o /tmp/fileJPp8Sp

Started: Thu Jan 17 04:19:42 2019
================================================================
                            Output                              
----------------------------------------------------------------
total seq: 339
longest and shortest : 1292 and 126
Total letters: 106655
Sequences have been sorted

Approximated minimal memory consumption:
Sequence        : 0M
Buffer          : 1 X 10M = 10M
Table           : 1 X 65M = 65M
Miscellaneous   : 0M
Total           : 76M

Table limit with the given memory limit:
Max number of representatives: 1509986
Max number of word counting entries: 90465527

comparing sequences from          0  to        339

      339  finished        312  clusters

Apprixmated maximum memory consumption: 77M
writing new database
writing clustering information
program completed !

Total CPU time 0.09
++ wc -l
++ grep '^>'
+ numSeq=312
+ echo Found 312 sequences in uniref90
Found 312 sequences in uniref90
+ sed 's/^>/>query_sekvence|/'
+ cat /tmp/fileJPp8Sp /tmp/filemrI7fu
+ muscle -quiet
+ awk -f sortMuscleOutput.awk
+ cd /mnt/ssd/conservation/conservation-workbench/conservation_code
+ python /mnt/ssd/conservation/conservation-workbench/conservation_code/score_conservation.py /tmp/fileRzPaGA
+ gzip -9
+ rm /tmp/file7IW9Yx
+ rm /tmp/filemrI7fu
+ rm /tmp/fileXIwBpr
+ rm /tmp/fileJPp8Sp
TIME: 6 min 26 s
DONE
