PROCESSING [/mnt/ssd/prank/p2rank-datasets/holo4k/fasta/1b8gA.pdb.seq.fasta]
LOG: /mnt/ssd/prank/p2rank-datasets/holo4k/conservation/log/1b8gA.pdb.seq.fasta.log
+ source local-setenv.sh
++ PSIBLAST_DIR=/mnt/ssd/conservation/conservation-workbench/ncbi-blast/bin
++ CDHIT_DIR=/mnt/ssd/conservation/conservation-workbench/cd-hit
++ MUSCLE_DIR=/mnt/ssd/conservation/conservation-workbench
++ JSD_DIR=/mnt/ssd/conservation/conservation-workbench/conservation_code
++ PYTHON_CMD=python
++ BLASTDB_DIR=/mnt/ssd/conservation/blastdb
++ PSIBLAST_THREADS=24
++ export PATH=/mnt/ssd/conservation/conservation-workbench/ncbi-blast/bin:/mnt/ssd/conservation/conservation-workbench/cd-hit:/mnt/ssd/conservation/conservation-workbench:/home/rdk/.sdkman/candidates/gradle/current/bin:/usr/local/sbin:/usr/local/bin:/usr/sbin:/usr/bin:/sbin:/bin:/usr/games:/usr/local/games:/snap/bin:/usr/lib/jvm/java-8-oracle/bin:/usr/lib/jvm/java-8-oracle/db/bin:/usr/lib/jvm/java-8-oracle/jre/bin
++ PATH=/mnt/ssd/conservation/conservation-workbench/ncbi-blast/bin:/mnt/ssd/conservation/conservation-workbench/cd-hit:/mnt/ssd/conservation/conservation-workbench:/home/rdk/.sdkman/candidates/gradle/current/bin:/usr/local/sbin:/usr/local/bin:/usr/sbin:/usr/bin:/sbin:/bin:/usr/games:/usr/local/games:/snap/bin:/usr/lib/jvm/java-8-oracle/bin:/usr/lib/jvm/java-8-oracle/db/bin:/usr/lib/jvm/java-8-oracle/jre/bin
++ export JSD_DIR=/mnt/ssd/conservation/conservation-workbench/conservation_code
++ JSD_DIR=/mnt/ssd/conservation/conservation-workbench/conservation_code
++ export BLASTDB=/mnt/ssd/conservation/blastdb
++ BLASTDB=/mnt/ssd/conservation/blastdb
++ export PYTHON_CMD=python
++ PYTHON_CMD=python
++ export PSIBLAST_THREADS=24
++ PSIBLAST_THREADS=24
+ file=/mnt/ssd/prank/p2rank-datasets/holo4k/fasta/1b8gA.pdb.seq.fasta
+ outdir=/mnt/ssd/prank/p2rank-datasets/holo4k/conservation
+ psiblast_evalue=0.00001
+ psiblast_iterations=1
+ mkdir -p /mnt/ssd/prank/p2rank-datasets/holo4k/conservation/alignments
+ mkdir -p /mnt/ssd/prank/p2rank-datasets/holo4k/conservation/scores
++ basename /mnt/ssd/prank/p2rank-datasets/holo4k/fasta/1b8gA.pdb.seq.fasta
+ file_base=1b8gA.pdb.seq.fasta
+ alignments_file=/mnt/ssd/prank/p2rank-datasets/holo4k/conservation/alignments/1b8gA.pdb.seq.fasta.ali
+ scores_file=/mnt/ssd/prank/p2rank-datasets/holo4k/conservation/scores/1b8gA.pdb.seq.fasta.hom.gz
++ tempfile
+ blastResFile=/tmp/fileoqVCew
++ tempfile
+ blastSeq=/tmp/filejgq16u
++ tempfile
+ modifiedInputFile=/tmp/filehUnXQv
++ tempfile
+ muscleResultFile=/tmp/file1WmiEx
++ tempfile
+ conservationExtractorInput=/tmp/fileeyN4mB
+ search swissprot
+ db=swissprot
+ tee /mnt/ssd/prank/p2rank-datasets/holo4k/conservation/alignments/1b8gA.pdb.seq.fasta.ali
+ psiblast -db swissprot -outfmt '6 sallseqid qcovs pident' -evalue 0.00001 -num_threads 24 -num_iterations 1
+ ./filter.awk
+ blastdbcmd -db swissprot -entry_batch /tmp/fileoqVCew
+ cd-hit -i /tmp/filejgq16u -o /tmp/fileoqVCew
================================================================
Program: CD-HIT, V4.7 (+OpenMP), Mar 23 2018, 15:56:04
Command: cd-hit -i /tmp/filejgq16u -o /tmp/fileoqVCew

Started: Fri Jan 18 03:27:28 2019
================================================================
                            Output                              
----------------------------------------------------------------
total seq: 33
longest and shortest : 580 and 368
Total letters: 15953
Sequences have been sorted

Approximated minimal memory consumption:
Sequence        : 0M
Buffer          : 1 X 10M = 10M
Table           : 1 X 65M = 65M
Miscellaneous   : 0M
Total           : 75M

Table limit with the given memory limit:
Max number of representatives: 1230113
Max number of word counting entries: 90502528

comparing sequences from          0  to         33

       33  finished         28  clusters

Apprixmated maximum memory consumption: 76M
writing new database
writing clustering information
program completed !

Total CPU time 0.07
++ grep '^>'
++ wc -l
+ numSeq=28
+ echo Found 28 sequences in swissprot
Found 28 sequences in swissprot
++ wc -l
++ grep '^>'
+ numSeq=28
+ '[' 0 = 0 ']'
+ search uniref90
+ db=uniref90
+ ./filter.awk
+ psiblast -db uniref90 -outfmt '6 sallseqid qcovs pident' -evalue 0.00001 -num_threads 24 -num_iterations 1
+ tee /mnt/ssd/prank/p2rank-datasets/holo4k/conservation/alignments/1b8gA.pdb.seq.fasta.ali
+ blastdbcmd -db uniref90 -entry_batch /tmp/fileoqVCew
+ cd-hit -i /tmp/filejgq16u -o /tmp/fileoqVCew
================================================================
Program: CD-HIT, V4.7 (+OpenMP), Mar 23 2018, 15:56:04
Command: cd-hit -i /tmp/filejgq16u -o /tmp/fileoqVCew

Started: Fri Jan 18 03:29:39 2019
================================================================
                            Output                              
----------------------------------------------------------------
total seq: 494
longest and shortest : 1063 and 351
Total letters: 229619
Sequences have been sorted

Approximated minimal memory consumption:
Sequence        : 0M
Buffer          : 1 X 10M = 10M
Table           : 1 X 65M = 65M
Miscellaneous   : 0M
Total           : 76M

Table limit with the given memory limit:
Max number of representatives: 1262729
Max number of word counting entries: 90452944

comparing sequences from          0  to        494

      494  finished        452  clusters

Apprixmated maximum memory consumption: 78M
writing new database
writing clustering information
program completed !

Total CPU time 0.18
++ wc -l
++ grep '^>'
+ numSeq=452
+ echo Found 452 sequences in uniref90
Found 452 sequences in uniref90
+ sed 's/^>/>query_sekvence|/'
+ muscle -quiet
+ cat /tmp/fileoqVCew /tmp/filehUnXQv
+ awk -f sortMuscleOutput.awk
+ cd /mnt/ssd/conservation/conservation-workbench/conservation_code
+ python /mnt/ssd/conservation/conservation-workbench/conservation_code/score_conservation.py /tmp/fileeyN4mB
+ gzip -9
+ rm /tmp/file1WmiEx
+ rm /tmp/filehUnXQv
+ rm /tmp/filejgq16u
+ rm /tmp/fileoqVCew
TIME: 12 min 13 s
DONE
