PROCESSING [/mnt/ssd/prank/p2rank-datasets/holo4k/fasta/1etsL.pdb.seq.fasta]
LOG: /mnt/ssd/prank/p2rank-datasets/holo4k/conservation/log/1etsL.pdb.seq.fasta.log
+ source local-setenv.sh
++ PSIBLAST_DIR=/mnt/ssd/conservation/conservation-workbench/ncbi-blast/bin
++ CDHIT_DIR=/mnt/ssd/conservation/conservation-workbench/cd-hit
++ MUSCLE_DIR=/mnt/ssd/conservation/conservation-workbench
++ JSD_DIR=/mnt/ssd/conservation/conservation-workbench/conservation_code
++ PYTHON_CMD=python
++ BLASTDB_DIR=/mnt/ssd/conservation/blastdb
++ PSIBLAST_THREADS=24
++ export PATH=/mnt/ssd/conservation/conservation-workbench/ncbi-blast/bin:/mnt/ssd/conservation/conservation-workbench/cd-hit:/mnt/ssd/conservation/conservation-workbench:/home/rdk/.sdkman/candidates/gradle/current/bin:/usr/local/sbin:/usr/local/bin:/usr/sbin:/usr/bin:/sbin:/bin:/usr/games:/usr/local/games:/snap/bin:/usr/lib/jvm/java-8-oracle/bin:/usr/lib/jvm/java-8-oracle/db/bin:/usr/lib/jvm/java-8-oracle/jre/bin
++ PATH=/mnt/ssd/conservation/conservation-workbench/ncbi-blast/bin:/mnt/ssd/conservation/conservation-workbench/cd-hit:/mnt/ssd/conservation/conservation-workbench:/home/rdk/.sdkman/candidates/gradle/current/bin:/usr/local/sbin:/usr/local/bin:/usr/sbin:/usr/bin:/sbin:/bin:/usr/games:/usr/local/games:/snap/bin:/usr/lib/jvm/java-8-oracle/bin:/usr/lib/jvm/java-8-oracle/db/bin:/usr/lib/jvm/java-8-oracle/jre/bin
++ export JSD_DIR=/mnt/ssd/conservation/conservation-workbench/conservation_code
++ JSD_DIR=/mnt/ssd/conservation/conservation-workbench/conservation_code
++ export BLASTDB=/mnt/ssd/conservation/blastdb
++ BLASTDB=/mnt/ssd/conservation/blastdb
++ export PYTHON_CMD=python
++ PYTHON_CMD=python
++ export PSIBLAST_THREADS=24
++ PSIBLAST_THREADS=24
+ file=/mnt/ssd/prank/p2rank-datasets/holo4k/fasta/1etsL.pdb.seq.fasta
+ outdir=/mnt/ssd/prank/p2rank-datasets/holo4k/conservation
+ psiblast_evalue=0.00001
+ psiblast_iterations=1
+ mkdir -p /mnt/ssd/prank/p2rank-datasets/holo4k/conservation/alignments
+ mkdir -p /mnt/ssd/prank/p2rank-datasets/holo4k/conservation/scores
++ basename /mnt/ssd/prank/p2rank-datasets/holo4k/fasta/1etsL.pdb.seq.fasta
+ file_base=1etsL.pdb.seq.fasta
+ alignments_file=/mnt/ssd/prank/p2rank-datasets/holo4k/conservation/alignments/1etsL.pdb.seq.fasta.ali
+ scores_file=/mnt/ssd/prank/p2rank-datasets/holo4k/conservation/scores/1etsL.pdb.seq.fasta.hom.gz
++ tempfile
+ blastResFile=/tmp/fileRl3GLS
++ tempfile
+ blastSeq=/tmp/fileRkfzGS
++ tempfile
+ modifiedInputFile=/tmp/fileLeUaJS
++ tempfile
+ muscleResultFile=/tmp/fileSViVDS
++ tempfile
+ conservationExtractorInput=/tmp/filexKeCxS
+ search swissprot
+ db=swissprot
+ tee /mnt/ssd/prank/p2rank-datasets/holo4k/conservation/alignments/1etsL.pdb.seq.fasta.ali
+ psiblast -db swissprot -outfmt '6 sallseqid qcovs pident' -evalue 0.00001 -num_threads 24 -num_iterations 1
+ ./filter.awk
+ blastdbcmd -db swissprot -entry_batch /tmp/fileRl3GLS
+ cd-hit -i /tmp/fileRkfzGS -o /tmp/fileRl3GLS
================================================================
Program: CD-HIT, V4.7 (+OpenMP), Mar 23 2018, 15:56:04
Command: cd-hit -i /tmp/fileRkfzGS -o /tmp/fileRl3GLS

Started: Fri Jan 18 13:21:50 2019
================================================================
                            Output                              
----------------------------------------------------------------
total seq: 5
longest and shortest : 623 and 617
Total letters: 3103
Sequences have been sorted

Approximated minimal memory consumption:
Sequence        : 0M
Buffer          : 1 X 10M = 10M
Table           : 1 X 65M = 65M
Miscellaneous   : 0M
Total           : 75M

Table limit with the given memory limit:
Max number of representatives: 1001944
Max number of word counting entries: 90503558

comparing sequences from          0  to          5

        5  finished          3  clusters

Apprixmated maximum memory consumption: 75M
writing new database
writing clustering information
program completed !

Total CPU time 0.08
++ grep '^>'
++ wc -l
+ numSeq=3
+ echo Found 3 sequences in swissprot
Found 3 sequences in swissprot
++ grep '^>'
++ wc -l
+ numSeq=3
+ '[' 0 = 0 ']'
+ search uniref90
+ db=uniref90
+ psiblast -db uniref90 -outfmt '6 sallseqid qcovs pident' -evalue 0.00001 -num_threads 24 -num_iterations 1
+ tee /mnt/ssd/prank/p2rank-datasets/holo4k/conservation/alignments/1etsL.pdb.seq.fasta.ali
+ ./filter.awk
+ blastdbcmd -db uniref90 -entry_batch /tmp/fileRl3GLS
+ cd-hit -i /tmp/fileRkfzGS -o /tmp/fileRl3GLS
================================================================
Program: CD-HIT, V4.7 (+OpenMP), Mar 23 2018, 15:56:04
Command: cd-hit -i /tmp/fileRkfzGS -o /tmp/fileRl3GLS

Started: Fri Jan 18 13:22:22 2019
================================================================
                            Output                              
----------------------------------------------------------------
total seq: 122
longest and shortest : 821 and 289
Total letters: 69813
Sequences have been sorted

Approximated minimal memory consumption:
Sequence        : 0M
Buffer          : 1 X 10M = 10M
Table           : 1 X 65M = 65M
Miscellaneous   : 0M
Total           : 76M

Table limit with the given memory limit:
Max number of representatives: 1011285
Max number of word counting entries: 90487409

comparing sequences from          0  to        122

      122  finished        102  clusters

Apprixmated maximum memory consumption: 76M
writing new database
writing clustering information
program completed !

Total CPU time 0.10
++ grep '^>'
++ wc -l
+ numSeq=102
+ echo Found 102 sequences in uniref90
Found 102 sequences in uniref90
+ sed 's/^>/>query_sekvence|/'
+ muscle -quiet
+ cat /tmp/fileRl3GLS /tmp/fileLeUaJS
+ awk -f sortMuscleOutput.awk
+ cd /mnt/ssd/conservation/conservation-workbench/conservation_code
+ gzip -9
+ python /mnt/ssd/conservation/conservation-workbench/conservation_code/score_conservation.py /tmp/filexKeCxS
+ rm /tmp/fileSViVDS
+ rm /tmp/fileLeUaJS
+ rm /tmp/fileRkfzGS
+ rm /tmp/fileRl3GLS
TIME: 1 min 30 s
DONE
