PROCESSING [/mnt/ssd/prank/p2rank-datasets/holo4k/fasta/1ewkB.pdb.seq.fasta]
LOG: /mnt/ssd/prank/p2rank-datasets/holo4k/conservation/log/1ewkB.pdb.seq.fasta.log
+ source local-setenv.sh
++ PSIBLAST_DIR=/mnt/ssd/conservation/conservation-workbench/ncbi-blast/bin
++ CDHIT_DIR=/mnt/ssd/conservation/conservation-workbench/cd-hit
++ MUSCLE_DIR=/mnt/ssd/conservation/conservation-workbench
++ JSD_DIR=/mnt/ssd/conservation/conservation-workbench/conservation_code
++ PYTHON_CMD=python
++ BLASTDB_DIR=/mnt/ssd/conservation/blastdb
++ PSIBLAST_THREADS=24
++ export PATH=/mnt/ssd/conservation/conservation-workbench/ncbi-blast/bin:/mnt/ssd/conservation/conservation-workbench/cd-hit:/mnt/ssd/conservation/conservation-workbench:/home/rdk/.sdkman/candidates/gradle/current/bin:/usr/local/sbin:/usr/local/bin:/usr/sbin:/usr/bin:/sbin:/bin:/usr/games:/usr/local/games:/snap/bin:/usr/lib/jvm/java-8-oracle/bin:/usr/lib/jvm/java-8-oracle/db/bin:/usr/lib/jvm/java-8-oracle/jre/bin
++ PATH=/mnt/ssd/conservation/conservation-workbench/ncbi-blast/bin:/mnt/ssd/conservation/conservation-workbench/cd-hit:/mnt/ssd/conservation/conservation-workbench:/home/rdk/.sdkman/candidates/gradle/current/bin:/usr/local/sbin:/usr/local/bin:/usr/sbin:/usr/bin:/sbin:/bin:/usr/games:/usr/local/games:/snap/bin:/usr/lib/jvm/java-8-oracle/bin:/usr/lib/jvm/java-8-oracle/db/bin:/usr/lib/jvm/java-8-oracle/jre/bin
++ export JSD_DIR=/mnt/ssd/conservation/conservation-workbench/conservation_code
++ JSD_DIR=/mnt/ssd/conservation/conservation-workbench/conservation_code
++ export BLASTDB=/mnt/ssd/conservation/blastdb
++ BLASTDB=/mnt/ssd/conservation/blastdb
++ export PYTHON_CMD=python
++ PYTHON_CMD=python
++ export PSIBLAST_THREADS=24
++ PSIBLAST_THREADS=24
+ file=/mnt/ssd/prank/p2rank-datasets/holo4k/fasta/1ewkB.pdb.seq.fasta
+ outdir=/mnt/ssd/prank/p2rank-datasets/holo4k/conservation
+ psiblast_evalue=0.00001
+ psiblast_iterations=1
+ mkdir -p /mnt/ssd/prank/p2rank-datasets/holo4k/conservation/alignments
+ mkdir -p /mnt/ssd/prank/p2rank-datasets/holo4k/conservation/scores
++ basename /mnt/ssd/prank/p2rank-datasets/holo4k/fasta/1ewkB.pdb.seq.fasta
+ file_base=1ewkB.pdb.seq.fasta
+ alignments_file=/mnt/ssd/prank/p2rank-datasets/holo4k/conservation/alignments/1ewkB.pdb.seq.fasta.ali
+ scores_file=/mnt/ssd/prank/p2rank-datasets/holo4k/conservation/scores/1ewkB.pdb.seq.fasta.hom.gz
++ tempfile
+ blastResFile=/tmp/fileiayh0L
++ tempfile
+ blastSeq=/tmp/file8NldON
++ tempfile
+ modifiedInputFile=/tmp/filekZpHWQ
++ tempfile
+ muscleResultFile=/tmp/fileCR2YGQ
++ tempfile
+ conservationExtractorInput=/tmp/filet9gtxQ
+ search swissprot
+ db=swissprot
+ tee /mnt/ssd/prank/p2rank-datasets/holo4k/conservation/alignments/1ewkB.pdb.seq.fasta.ali
+ psiblast -db swissprot -outfmt '6 sallseqid qcovs pident' -evalue 0.00001 -num_threads 24 -num_iterations 1
+ ./filter.awk
+ blastdbcmd -db swissprot -entry_batch /tmp/fileiayh0L
+ cd-hit -i /tmp/file8NldON -o /tmp/fileiayh0L
================================================================
Program: CD-HIT, V4.7 (+OpenMP), Mar 23 2018, 15:56:04
Command: cd-hit -i /tmp/file8NldON -o /tmp/fileiayh0L

Started: Fri Jan 18 07:41:10 2019
================================================================
                            Output                              
----------------------------------------------------------------
total seq: 32
longest and shortest : 1212 and 868
Total letters: 30801
Sequences have been sorted

Approximated minimal memory consumption:
Sequence        : 0M
Buffer          : 1 X 10M = 10M
Table           : 1 X 65M = 65M
Miscellaneous   : 0M
Total           : 76M

Table limit with the given memory limit:
Max number of representatives: 714431
Max number of word counting entries: 90483864

comparing sequences from          0  to         32

       32  finished         11  clusters

Apprixmated maximum memory consumption: 76M
writing new database
writing clustering information
program completed !

Total CPU time 0.07
++ wc -l
++ grep '^>'
+ numSeq=11
+ echo Found 11 sequences in swissprot
Found 11 sequences in swissprot
++ wc -l
++ grep '^>'
+ numSeq=11
+ '[' 0 = 0 ']'
+ search uniref90
+ db=uniref90
+ tee /mnt/ssd/prank/p2rank-datasets/holo4k/conservation/alignments/1ewkB.pdb.seq.fasta.ali
+ psiblast -db uniref90 -outfmt '6 sallseqid qcovs pident' -evalue 0.00001 -num_threads 24 -num_iterations 1
+ ./filter.awk
+ blastdbcmd -db uniref90 -entry_batch /tmp/fileiayh0L
+ cd-hit -i /tmp/file8NldON -o /tmp/fileiayh0L
================================================================
Program: CD-HIT, V4.7 (+OpenMP), Mar 23 2018, 15:56:04
Command: cd-hit -i /tmp/file8NldON -o /tmp/fileiayh0L

Started: Fri Jan 18 07:42:13 2019
================================================================
                            Output                              
----------------------------------------------------------------
total seq: 444
longest and shortest : 2460 and 429
Total letters: 444705
Sequences have been sorted

Approximated minimal memory consumption:
Sequence        : 0M
Buffer          : 1 X 11M = 11M
Table           : 1 X 65M = 65M
Miscellaneous   : 0M
Total           : 76M

Table limit with the given memory limit:
Max number of representatives: 616754
Max number of word counting entries: 90389965

comparing sequences from          0  to        444

      444  finished        353  clusters

Apprixmated maximum memory consumption: 79M
writing new database
writing clustering information
program completed !

Total CPU time 0.37
++ grep '^>'
++ wc -l
+ numSeq=353
+ echo Found 353 sequences in uniref90
Found 353 sequences in uniref90
+ sed 's/^>/>query_sekvence|/'
+ cat /tmp/fileiayh0L /tmp/filekZpHWQ
+ muscle -quiet
+ awk -f sortMuscleOutput.awk
+ cd /mnt/ssd/conservation/conservation-workbench/conservation_code
+ gzip -9
+ python /mnt/ssd/conservation/conservation-workbench/conservation_code/score_conservation.py /tmp/filet9gtxQ
+ rm /tmp/fileCR2YGQ
+ rm /tmp/filekZpHWQ
+ rm /tmp/file8NldON
+ rm /tmp/fileiayh0L
TIME: 48 min 16 s
DONE
