PROCESSING [/mnt/ssd/prank/p2rank-datasets/holo4k/fasta/1exvB.pdb.seq.fasta]
LOG: /mnt/ssd/prank/p2rank-datasets/holo4k/conservation/log/1exvB.pdb.seq.fasta.log
+ source local-setenv.sh
++ PSIBLAST_DIR=/mnt/ssd/conservation/conservation-workbench/ncbi-blast/bin
++ CDHIT_DIR=/mnt/ssd/conservation/conservation-workbench/cd-hit
++ MUSCLE_DIR=/mnt/ssd/conservation/conservation-workbench
++ JSD_DIR=/mnt/ssd/conservation/conservation-workbench/conservation_code
++ PYTHON_CMD=python
++ BLASTDB_DIR=/mnt/ssd/conservation/blastdb
++ PSIBLAST_THREADS=24
++ export PATH=/mnt/ssd/conservation/conservation-workbench/ncbi-blast/bin:/mnt/ssd/conservation/conservation-workbench/cd-hit:/mnt/ssd/conservation/conservation-workbench:/home/rdk/.sdkman/candidates/gradle/current/bin:/usr/local/sbin:/usr/local/bin:/usr/sbin:/usr/bin:/sbin:/bin:/usr/games:/usr/local/games:/snap/bin:/usr/lib/jvm/java-8-oracle/bin:/usr/lib/jvm/java-8-oracle/db/bin:/usr/lib/jvm/java-8-oracle/jre/bin
++ PATH=/mnt/ssd/conservation/conservation-workbench/ncbi-blast/bin:/mnt/ssd/conservation/conservation-workbench/cd-hit:/mnt/ssd/conservation/conservation-workbench:/home/rdk/.sdkman/candidates/gradle/current/bin:/usr/local/sbin:/usr/local/bin:/usr/sbin:/usr/bin:/sbin:/bin:/usr/games:/usr/local/games:/snap/bin:/usr/lib/jvm/java-8-oracle/bin:/usr/lib/jvm/java-8-oracle/db/bin:/usr/lib/jvm/java-8-oracle/jre/bin
++ export JSD_DIR=/mnt/ssd/conservation/conservation-workbench/conservation_code
++ JSD_DIR=/mnt/ssd/conservation/conservation-workbench/conservation_code
++ export BLASTDB=/mnt/ssd/conservation/blastdb
++ BLASTDB=/mnt/ssd/conservation/blastdb
++ export PYTHON_CMD=python
++ PYTHON_CMD=python
++ export PSIBLAST_THREADS=24
++ PSIBLAST_THREADS=24
+ file=/mnt/ssd/prank/p2rank-datasets/holo4k/fasta/1exvB.pdb.seq.fasta
+ outdir=/mnt/ssd/prank/p2rank-datasets/holo4k/conservation
+ psiblast_evalue=0.00001
+ psiblast_iterations=1
+ mkdir -p /mnt/ssd/prank/p2rank-datasets/holo4k/conservation/alignments
+ mkdir -p /mnt/ssd/prank/p2rank-datasets/holo4k/conservation/scores
++ basename /mnt/ssd/prank/p2rank-datasets/holo4k/fasta/1exvB.pdb.seq.fasta
+ file_base=1exvB.pdb.seq.fasta
+ alignments_file=/mnt/ssd/prank/p2rank-datasets/holo4k/conservation/alignments/1exvB.pdb.seq.fasta.ali
+ scores_file=/mnt/ssd/prank/p2rank-datasets/holo4k/conservation/scores/1exvB.pdb.seq.fasta.hom.gz
++ tempfile
+ blastResFile=/tmp/filenE1Z6T
++ tempfile
+ blastSeq=/tmp/fileP8itfT
++ tempfile
+ modifiedInputFile=/tmp/filemUQAAT
++ tempfile
+ muscleResultFile=/tmp/fileq2lLwV
++ tempfile
+ conservationExtractorInput=/tmp/fileA9jqMY
+ search swissprot
+ db=swissprot
+ ./filter.awk
+ psiblast -db swissprot -outfmt '6 sallseqid qcovs pident' -evalue 0.00001 -num_threads 24 -num_iterations 1
+ tee /mnt/ssd/prank/p2rank-datasets/holo4k/conservation/alignments/1exvB.pdb.seq.fasta.ali
+ blastdbcmd -db swissprot -entry_batch /tmp/filenE1Z6T
+ cd-hit -i /tmp/fileP8itfT -o /tmp/filenE1Z6T
================================================================
Program: CD-HIT, V4.7 (+OpenMP), Mar 23 2018, 15:56:04
Command: cd-hit -i /tmp/fileP8itfT -o /tmp/filenE1Z6T

Started: Fri Jan 18 03:59:55 2019
================================================================
                            Output                              
----------------------------------------------------------------
total seq: 44
longest and shortest : 1003 and 752
Total letters: 38014
Sequences have been sorted

Approximated minimal memory consumption:
Sequence        : 0M
Buffer          : 1 X 10M = 10M
Table           : 1 X 65M = 65M
Miscellaneous   : 0M
Total           : 76M

Table limit with the given memory limit:
Max number of representatives: 766847
Max number of word counting entries: 90488290

comparing sequences from          0  to         44

       44  finished         25  clusters

Apprixmated maximum memory consumption: 76M
writing new database
writing clustering information
program completed !

Total CPU time 0.08
++ grep '^>'
++ wc -l
+ numSeq=25
+ echo Found 25 sequences in swissprot
Found 25 sequences in swissprot
++ grep '^>'
++ wc -l
+ numSeq=25
+ '[' 0 = 0 ']'
+ search uniref90
+ db=uniref90
+ tee /mnt/ssd/prank/p2rank-datasets/holo4k/conservation/alignments/1exvB.pdb.seq.fasta.ali
+ ./filter.awk
+ psiblast -db uniref90 -outfmt '6 sallseqid qcovs pident' -evalue 0.00001 -num_threads 24 -num_iterations 1
+ blastdbcmd -db uniref90 -entry_batch /tmp/filenE1Z6T
+ cd-hit -i /tmp/fileP8itfT -o /tmp/filenE1Z6T
================================================================
Program: CD-HIT, V4.7 (+OpenMP), Mar 23 2018, 15:56:04
Command: cd-hit -i /tmp/fileP8itfT -o /tmp/filenE1Z6T

Started: Fri Jan 18 04:02:03 2019
================================================================
                            Output                              
----------------------------------------------------------------
total seq: 483
longest and shortest : 1818 and 634
Total letters: 414221
Sequences have been sorted

Approximated minimal memory consumption:
Sequence        : 0M
Buffer          : 1 X 10M = 10M
Table           : 1 X 65M = 65M
Miscellaneous   : 0M
Total           : 76M

Table limit with the given memory limit:
Max number of representatives: 766333
Max number of word counting entries: 90409955

comparing sequences from          0  to        483

      483  finished        439  clusters

Apprixmated maximum memory consumption: 79M
writing new database
writing clustering information
program completed !

Total CPU time 0.32
++ wc -l
++ grep '^>'
+ numSeq=439
+ echo Found 439 sequences in uniref90
Found 439 sequences in uniref90
+ sed 's/^>/>query_sekvence|/'
+ cat /tmp/filenE1Z6T /tmp/filemUQAAT
+ muscle -quiet
+ awk -f sortMuscleOutput.awk
+ cd /mnt/ssd/conservation/conservation-workbench/conservation_code
+ gzip -9
+ python /mnt/ssd/conservation/conservation-workbench/conservation_code/score_conservation.py /tmp/fileA9jqMY
+ rm /tmp/fileq2lLwV
+ rm /tmp/filemUQAAT
+ rm /tmp/fileP8itfT
+ rm /tmp/filenE1Z6T
TIME: 32 min 6 s
DONE
