PROCESSING [/mnt/ssd/prank/p2rank-datasets/holo4k/fasta/1gx8A.pdb.seq.fasta]
LOG: /mnt/ssd/prank/p2rank-datasets/holo4k/conservation/log/1gx8A.pdb.seq.fasta.log
+ source local-setenv.sh
++ PSIBLAST_DIR=/mnt/ssd/conservation/conservation-workbench/ncbi-blast/bin
++ CDHIT_DIR=/mnt/ssd/conservation/conservation-workbench/cd-hit
++ MUSCLE_DIR=/mnt/ssd/conservation/conservation-workbench
++ JSD_DIR=/mnt/ssd/conservation/conservation-workbench/conservation_code
++ PYTHON_CMD=python
++ BLASTDB_DIR=/mnt/ssd/conservation/blastdb
++ PSIBLAST_THREADS=24
++ export PATH=/mnt/ssd/conservation/conservation-workbench/ncbi-blast/bin:/mnt/ssd/conservation/conservation-workbench/cd-hit:/mnt/ssd/conservation/conservation-workbench:/home/rdk/.sdkman/candidates/gradle/current/bin:/usr/local/sbin:/usr/local/bin:/usr/sbin:/usr/bin:/sbin:/bin:/usr/games:/usr/local/games:/snap/bin:/usr/lib/jvm/java-8-oracle/bin:/usr/lib/jvm/java-8-oracle/db/bin:/usr/lib/jvm/java-8-oracle/jre/bin
++ PATH=/mnt/ssd/conservation/conservation-workbench/ncbi-blast/bin:/mnt/ssd/conservation/conservation-workbench/cd-hit:/mnt/ssd/conservation/conservation-workbench:/home/rdk/.sdkman/candidates/gradle/current/bin:/usr/local/sbin:/usr/local/bin:/usr/sbin:/usr/bin:/sbin:/bin:/usr/games:/usr/local/games:/snap/bin:/usr/lib/jvm/java-8-oracle/bin:/usr/lib/jvm/java-8-oracle/db/bin:/usr/lib/jvm/java-8-oracle/jre/bin
++ export JSD_DIR=/mnt/ssd/conservation/conservation-workbench/conservation_code
++ JSD_DIR=/mnt/ssd/conservation/conservation-workbench/conservation_code
++ export BLASTDB=/mnt/ssd/conservation/blastdb
++ BLASTDB=/mnt/ssd/conservation/blastdb
++ export PYTHON_CMD=python
++ PYTHON_CMD=python
++ export PSIBLAST_THREADS=24
++ PSIBLAST_THREADS=24
+ file=/mnt/ssd/prank/p2rank-datasets/holo4k/fasta/1gx8A.pdb.seq.fasta
+ outdir=/mnt/ssd/prank/p2rank-datasets/holo4k/conservation
+ psiblast_evalue=0.00001
+ psiblast_iterations=1
+ mkdir -p /mnt/ssd/prank/p2rank-datasets/holo4k/conservation/alignments
+ mkdir -p /mnt/ssd/prank/p2rank-datasets/holo4k/conservation/scores
++ basename /mnt/ssd/prank/p2rank-datasets/holo4k/fasta/1gx8A.pdb.seq.fasta
+ file_base=1gx8A.pdb.seq.fasta
+ alignments_file=/mnt/ssd/prank/p2rank-datasets/holo4k/conservation/alignments/1gx8A.pdb.seq.fasta.ali
+ scores_file=/mnt/ssd/prank/p2rank-datasets/holo4k/conservation/scores/1gx8A.pdb.seq.fasta.hom.gz
++ tempfile
+ blastResFile=/tmp/fileohxkct
++ tempfile
+ blastSeq=/tmp/fileYh1EMr
++ tempfile
+ modifiedInputFile=/tmp/fileakCvFv
++ tempfile
+ muscleResultFile=/tmp/fileib5Pzv
++ tempfile
+ conservationExtractorInput=/tmp/file3SFaAx
+ search swissprot
+ db=swissprot
+ psiblast -db swissprot -outfmt '6 sallseqid qcovs pident' -evalue 0.00001 -num_threads 24 -num_iterations 1
+ tee /mnt/ssd/prank/p2rank-datasets/holo4k/conservation/alignments/1gx8A.pdb.seq.fasta.ali
+ ./filter.awk
+ blastdbcmd -db swissprot -entry_batch /tmp/fileohxkct
+ cd-hit -i /tmp/fileYh1EMr -o /tmp/fileohxkct
================================================================
Program: CD-HIT, V4.7 (+OpenMP), Mar 23 2018, 15:56:04
Command: cd-hit -i /tmp/fileYh1EMr -o /tmp/fileohxkct

Started: Sat Jan 19 01:08:06 2019
================================================================
                            Output                              
----------------------------------------------------------------
total seq: 14
longest and shortest : 181 and 155
Total letters: 2356
Sequences have been sorted

Approximated minimal memory consumption:
Sequence        : 0M
Buffer          : 1 X 10M = 10M
Table           : 1 X 65M = 65M
Miscellaneous   : 0M
Total           : 75M

Table limit with the given memory limit:
Max number of representatives: 2751421
Max number of word counting entries: 90515237

comparing sequences from          0  to         14

       14  finished         10  clusters

Apprixmated maximum memory consumption: 75M
writing new database
writing clustering information
program completed !

Total CPU time 0.08
++ grep '^>'
++ wc -l
+ numSeq=10
+ echo Found 10 sequences in swissprot
Found 10 sequences in swissprot
++ wc -l
++ grep '^>'
+ numSeq=10
+ '[' 0 = 0 ']'
+ search uniref90
+ db=uniref90
+ ./filter.awk
+ psiblast -db uniref90 -outfmt '6 sallseqid qcovs pident' -evalue 0.00001 -num_threads 24 -num_iterations 1
+ tee /mnt/ssd/prank/p2rank-datasets/holo4k/conservation/alignments/1gx8A.pdb.seq.fasta.ali
+ blastdbcmd -db uniref90 -entry_batch /tmp/fileohxkct
+ cd-hit -i /tmp/fileYh1EMr -o /tmp/fileohxkct
================================================================
Program: CD-HIT, V4.7 (+OpenMP), Mar 23 2018, 15:56:04
Command: cd-hit -i /tmp/fileYh1EMr -o /tmp/fileohxkct

Started: Sat Jan 19 01:09:11 2019
================================================================
                            Output                              
----------------------------------------------------------------
total seq: 111
longest and shortest : 743 and 118
Total letters: 23597
Sequences have been sorted

Approximated minimal memory consumption:
Sequence        : 0M
Buffer          : 1 X 10M = 10M
Table           : 1 X 65M = 65M
Miscellaneous   : 0M
Total           : 76M

Table limit with the given memory limit:
Max number of representatives: 2524783
Max number of word counting entries: 90495490

comparing sequences from          0  to        111

      111  finished         99  clusters

Apprixmated maximum memory consumption: 76M
writing new database
writing clustering information
program completed !

Total CPU time 0.08
++ wc -l
++ grep '^>'
+ numSeq=99
+ echo Found 99 sequences in uniref90
Found 99 sequences in uniref90
+ sed 's/^>/>query_sekvence|/'
+ cat /tmp/fileohxkct /tmp/fileakCvFv
+ muscle -quiet
+ awk -f sortMuscleOutput.awk
+ cd /mnt/ssd/conservation/conservation-workbench/conservation_code
+ python /mnt/ssd/conservation/conservation-workbench/conservation_code/score_conservation.py /tmp/file3SFaAx
+ gzip -9
+ rm /tmp/fileib5Pzv
+ rm /tmp/fileakCvFv
+ rm /tmp/fileYh1EMr
+ rm /tmp/fileohxkct
TIME: 1 min 30 s
DONE
