PROCESSING [/mnt/ssd/prank/p2rank-datasets/holo4k/fasta/1h5vA.pdb.seq.fasta]
LOG: /mnt/ssd/prank/p2rank-datasets/holo4k/conservation/log/1h5vA.pdb.seq.fasta.log
+ source local-setenv.sh
++ PSIBLAST_DIR=/mnt/ssd/conservation/conservation-workbench/ncbi-blast/bin
++ CDHIT_DIR=/mnt/ssd/conservation/conservation-workbench/cd-hit
++ MUSCLE_DIR=/mnt/ssd/conservation/conservation-workbench
++ JSD_DIR=/mnt/ssd/conservation/conservation-workbench/conservation_code
++ PYTHON_CMD=python
++ BLASTDB_DIR=/mnt/ssd/conservation/blastdb
++ PSIBLAST_THREADS=24
++ export PATH=/mnt/ssd/conservation/conservation-workbench/ncbi-blast/bin:/mnt/ssd/conservation/conservation-workbench/cd-hit:/mnt/ssd/conservation/conservation-workbench:/home/rdk/.sdkman/candidates/gradle/current/bin:/usr/local/sbin:/usr/local/bin:/usr/sbin:/usr/bin:/sbin:/bin:/usr/games:/usr/local/games:/snap/bin:/usr/lib/jvm/java-8-oracle/bin:/usr/lib/jvm/java-8-oracle/db/bin:/usr/lib/jvm/java-8-oracle/jre/bin
++ PATH=/mnt/ssd/conservation/conservation-workbench/ncbi-blast/bin:/mnt/ssd/conservation/conservation-workbench/cd-hit:/mnt/ssd/conservation/conservation-workbench:/home/rdk/.sdkman/candidates/gradle/current/bin:/usr/local/sbin:/usr/local/bin:/usr/sbin:/usr/bin:/sbin:/bin:/usr/games:/usr/local/games:/snap/bin:/usr/lib/jvm/java-8-oracle/bin:/usr/lib/jvm/java-8-oracle/db/bin:/usr/lib/jvm/java-8-oracle/jre/bin
++ export JSD_DIR=/mnt/ssd/conservation/conservation-workbench/conservation_code
++ JSD_DIR=/mnt/ssd/conservation/conservation-workbench/conservation_code
++ export BLASTDB=/mnt/ssd/conservation/blastdb
++ BLASTDB=/mnt/ssd/conservation/blastdb
++ export PYTHON_CMD=python
++ PYTHON_CMD=python
++ export PSIBLAST_THREADS=24
++ PSIBLAST_THREADS=24
+ file=/mnt/ssd/prank/p2rank-datasets/holo4k/fasta/1h5vA.pdb.seq.fasta
+ outdir=/mnt/ssd/prank/p2rank-datasets/holo4k/conservation
+ psiblast_evalue=0.00001
+ psiblast_iterations=1
+ mkdir -p /mnt/ssd/prank/p2rank-datasets/holo4k/conservation/alignments
+ mkdir -p /mnt/ssd/prank/p2rank-datasets/holo4k/conservation/scores
++ basename /mnt/ssd/prank/p2rank-datasets/holo4k/fasta/1h5vA.pdb.seq.fasta
+ file_base=1h5vA.pdb.seq.fasta
+ alignments_file=/mnt/ssd/prank/p2rank-datasets/holo4k/conservation/alignments/1h5vA.pdb.seq.fasta.ali
+ scores_file=/mnt/ssd/prank/p2rank-datasets/holo4k/conservation/scores/1h5vA.pdb.seq.fasta.hom.gz
++ tempfile
+ blastResFile=/tmp/fileuHgti2
++ tempfile
+ blastSeq=/tmp/filee0NWd2
++ tempfile
+ modifiedInputFile=/tmp/file3uw871
++ tempfile
+ muscleResultFile=/tmp/file9MKK21
++ tempfile
+ conservationExtractorInput=/tmp/fileWsET61
+ search swissprot
+ db=swissprot
+ ./filter.awk
+ psiblast -db swissprot -outfmt '6 sallseqid qcovs pident' -evalue 0.00001 -num_threads 24 -num_iterations 1
+ tee /mnt/ssd/prank/p2rank-datasets/holo4k/conservation/alignments/1h5vA.pdb.seq.fasta.ali
+ blastdbcmd -db swissprot -entry_batch /tmp/fileuHgti2
+ cd-hit -i /tmp/filee0NWd2 -o /tmp/fileuHgti2
================================================================
Program: CD-HIT, V4.7 (+OpenMP), Mar 23 2018, 15:56:04
Command: cd-hit -i /tmp/filee0NWd2 -o /tmp/fileuHgti2

Started: Fri Jan 18 10:08:55 2019
================================================================
                            Output                              
----------------------------------------------------------------
total seq: 16
longest and shortest : 941 and 312
Total letters: 8504
Sequences have been sorted

Approximated minimal memory consumption:
Sequence        : 0M
Buffer          : 1 X 10M = 10M
Table           : 1 X 65M = 65M
Miscellaneous   : 0M
Total           : 76M

Table limit with the given memory limit:
Max number of representatives: 1206707
Max number of word counting entries: 90494193

comparing sequences from          0  to         16

       16  finished         12  clusters

Apprixmated maximum memory consumption: 76M
writing new database
writing clustering information
program completed !

Total CPU time 0.08
++ grep '^>'
++ wc -l
+ numSeq=12
+ echo Found 12 sequences in swissprot
Found 12 sequences in swissprot
++ wc -l
++ grep '^>'
+ numSeq=12
+ '[' 0 = 0 ']'
+ search uniref90
+ db=uniref90
+ ./filter.awk
+ psiblast -db uniref90 -outfmt '6 sallseqid qcovs pident' -evalue 0.00001 -num_threads 24 -num_iterations 1
+ tee /mnt/ssd/prank/p2rank-datasets/holo4k/conservation/alignments/1h5vA.pdb.seq.fasta.ali
+ blastdbcmd -db uniref90 -entry_batch /tmp/fileuHgti2
+ cd-hit -i /tmp/filee0NWd2 -o /tmp/fileuHgti2
================================================================
Program: CD-HIT, V4.7 (+OpenMP), Mar 23 2018, 15:56:04
Command: cd-hit -i /tmp/filee0NWd2 -o /tmp/fileuHgti2

Started: Fri Jan 18 10:10:12 2019
================================================================
                            Output                              
----------------------------------------------------------------
total seq: 497
longest and shortest : 1517 and 264
Total letters: 229858
Sequences have been sorted

Approximated minimal memory consumption:
Sequence        : 0M
Buffer          : 1 X 10M = 10M
Table           : 1 X 65M = 65M
Miscellaneous   : 0M
Total           : 76M

Table limit with the given memory limit:
Max number of representatives: 1237818
Max number of word counting entries: 90440736

comparing sequences from          0  to        497

      497  finished        480  clusters

Apprixmated maximum memory consumption: 78M
writing new database
writing clustering information
program completed !

Total CPU time 0.15
++ grep '^>'
++ wc -l
+ numSeq=480
+ echo Found 480 sequences in uniref90
Found 480 sequences in uniref90
+ sed 's/^>/>query_sekvence|/'
+ cat /tmp/fileuHgti2 /tmp/file3uw871
+ muscle -quiet
+ awk -f sortMuscleOutput.awk
+ cd /mnt/ssd/conservation/conservation-workbench/conservation_code
+ gzip -9
+ python /mnt/ssd/conservation/conservation-workbench/conservation_code/score_conservation.py /tmp/fileWsET61
+ rm /tmp/file9MKK21
+ rm /tmp/file3uw871
+ rm /tmp/filee0NWd2
+ rm /tmp/fileuHgti2
TIME: 17 min 1 s
DONE
