PROCESSING [/mnt/ssd/prank/p2rank-datasets/holo4k/fasta/1j49A.pdb.seq.fasta]
LOG: /mnt/ssd/prank/p2rank-datasets/holo4k/conservation/log/1j49A.pdb.seq.fasta.log
+ source local-setenv.sh
++ PSIBLAST_DIR=/mnt/ssd/conservation/conservation-workbench/ncbi-blast/bin
++ CDHIT_DIR=/mnt/ssd/conservation/conservation-workbench/cd-hit
++ MUSCLE_DIR=/mnt/ssd/conservation/conservation-workbench
++ JSD_DIR=/mnt/ssd/conservation/conservation-workbench/conservation_code
++ PYTHON_CMD=python
++ BLASTDB_DIR=/mnt/ssd/conservation/blastdb
++ PSIBLAST_THREADS=24
++ export PATH=/mnt/ssd/conservation/conservation-workbench/ncbi-blast/bin:/mnt/ssd/conservation/conservation-workbench/cd-hit:/mnt/ssd/conservation/conservation-workbench:/home/rdk/.sdkman/candidates/gradle/current/bin:/usr/local/sbin:/usr/local/bin:/usr/sbin:/usr/bin:/sbin:/bin:/usr/games:/usr/local/games:/snap/bin:/usr/lib/jvm/java-8-oracle/bin:/usr/lib/jvm/java-8-oracle/db/bin:/usr/lib/jvm/java-8-oracle/jre/bin
++ PATH=/mnt/ssd/conservation/conservation-workbench/ncbi-blast/bin:/mnt/ssd/conservation/conservation-workbench/cd-hit:/mnt/ssd/conservation/conservation-workbench:/home/rdk/.sdkman/candidates/gradle/current/bin:/usr/local/sbin:/usr/local/bin:/usr/sbin:/usr/bin:/sbin:/bin:/usr/games:/usr/local/games:/snap/bin:/usr/lib/jvm/java-8-oracle/bin:/usr/lib/jvm/java-8-oracle/db/bin:/usr/lib/jvm/java-8-oracle/jre/bin
++ export JSD_DIR=/mnt/ssd/conservation/conservation-workbench/conservation_code
++ JSD_DIR=/mnt/ssd/conservation/conservation-workbench/conservation_code
++ export BLASTDB=/mnt/ssd/conservation/blastdb
++ BLASTDB=/mnt/ssd/conservation/blastdb
++ export PYTHON_CMD=python
++ PYTHON_CMD=python
++ export PSIBLAST_THREADS=24
++ PSIBLAST_THREADS=24
+ file=/mnt/ssd/prank/p2rank-datasets/holo4k/fasta/1j49A.pdb.seq.fasta
+ outdir=/mnt/ssd/prank/p2rank-datasets/holo4k/conservation
+ psiblast_evalue=0.00001
+ psiblast_iterations=1
+ mkdir -p /mnt/ssd/prank/p2rank-datasets/holo4k/conservation/alignments
+ mkdir -p /mnt/ssd/prank/p2rank-datasets/holo4k/conservation/scores
++ basename /mnt/ssd/prank/p2rank-datasets/holo4k/fasta/1j49A.pdb.seq.fasta
+ file_base=1j49A.pdb.seq.fasta
+ alignments_file=/mnt/ssd/prank/p2rank-datasets/holo4k/conservation/alignments/1j49A.pdb.seq.fasta.ali
+ scores_file=/mnt/ssd/prank/p2rank-datasets/holo4k/conservation/scores/1j49A.pdb.seq.fasta.hom.gz
++ tempfile
+ blastResFile=/tmp/file5btnqs
++ tempfile
+ blastSeq=/tmp/file66XtJs
++ tempfile
+ modifiedInputFile=/tmp/filemx8fyw
++ tempfile
+ muscleResultFile=/tmp/filemfI0Bw
++ tempfile
+ conservationExtractorInput=/tmp/filecWVwyu
+ search swissprot
+ db=swissprot
+ ./filter.awk
+ tee /mnt/ssd/prank/p2rank-datasets/holo4k/conservation/alignments/1j49A.pdb.seq.fasta.ali
+ psiblast -db swissprot -outfmt '6 sallseqid qcovs pident' -evalue 0.00001 -num_threads 24 -num_iterations 1
+ blastdbcmd -db swissprot -entry_batch /tmp/file5btnqs
+ cd-hit -i /tmp/file66XtJs -o /tmp/file5btnqs
================================================================
Program: CD-HIT, V4.7 (+OpenMP), Mar 23 2018, 15:56:04
Command: cd-hit -i /tmp/file66XtJs -o /tmp/file5btnqs

Started: Sat Jan 19 01:53:59 2019
================================================================
                            Output                              
----------------------------------------------------------------
total seq: 36
longest and shortest : 528 and 317
Total letters: 13055
Sequences have been sorted

Approximated minimal memory consumption:
Sequence        : 0M
Buffer          : 1 X 10M = 10M
Table           : 1 X 65M = 65M
Miscellaneous   : 0M
Total           : 75M

Table limit with the given memory limit:
Max number of representatives: 1677837
Max number of word counting entries: 90504217

comparing sequences from          0  to         36

       36  finished         24  clusters

Apprixmated maximum memory consumption: 76M
writing new database
writing clustering information
program completed !

Total CPU time 0.08
++ grep '^>'
++ wc -l
+ numSeq=24
+ echo Found 24 sequences in swissprot
Found 24 sequences in swissprot
++ wc -l
++ grep '^>'
+ numSeq=24
+ '[' 0 = 0 ']'
+ search uniref90
+ db=uniref90
+ psiblast -db uniref90 -outfmt '6 sallseqid qcovs pident' -evalue 0.00001 -num_threads 24 -num_iterations 1
+ ./filter.awk
+ tee /mnt/ssd/prank/p2rank-datasets/holo4k/conservation/alignments/1j49A.pdb.seq.fasta.ali
+ blastdbcmd -db uniref90 -entry_batch /tmp/file5btnqs
+ cd-hit -i /tmp/file66XtJs -o /tmp/file5btnqs
================================================================
Program: CD-HIT, V4.7 (+OpenMP), Mar 23 2018, 15:56:04
Command: cd-hit -i /tmp/file66XtJs -o /tmp/file5btnqs

Started: Sat Jan 19 01:55:29 2019
================================================================
                            Output                              
----------------------------------------------------------------
total seq: 497
longest and shortest : 536 and 319
Total letters: 166422
Sequences have been sorted

Approximated minimal memory consumption:
Sequence        : 0M
Buffer          : 1 X 10M = 10M
Table           : 1 X 65M = 65M
Miscellaneous   : 0M
Total           : 76M

Table limit with the given memory limit:
Max number of representatives: 1673382
Max number of word counting entries: 90474768

comparing sequences from          0  to        497

      497  finished        491  clusters

Apprixmated maximum memory consumption: 77M
writing new database
writing clustering information
program completed !

Total CPU time 0.15
++ wc -l
++ grep '^>'
+ numSeq=491
+ echo Found 491 sequences in uniref90
Found 491 sequences in uniref90
+ sed 's/^>/>query_sekvence|/'
+ muscle -quiet
+ cat /tmp/file5btnqs /tmp/filemx8fyw
+ awk -f sortMuscleOutput.awk
+ cd /mnt/ssd/conservation/conservation-workbench/conservation_code
+ python /mnt/ssd/conservation/conservation-workbench/conservation_code/score_conservation.py /tmp/filecWVwyu
+ gzip -9
+ rm /tmp/filemfI0Bw
+ rm /tmp/filemx8fyw
+ rm /tmp/file66XtJs
+ rm /tmp/file5btnqs
TIME: 4 min 45 s
DONE
