PROCESSING [/mnt/ssd/prank/p2rank-datasets/holo4k/fasta/1jpzA.pdb.seq.fasta]
LOG: /mnt/ssd/prank/p2rank-datasets/holo4k/conservation/log/1jpzA.pdb.seq.fasta.log
+ source local-setenv.sh
++ PSIBLAST_DIR=/mnt/ssd/conservation/conservation-workbench/ncbi-blast/bin
++ CDHIT_DIR=/mnt/ssd/conservation/conservation-workbench/cd-hit
++ MUSCLE_DIR=/mnt/ssd/conservation/conservation-workbench
++ JSD_DIR=/mnt/ssd/conservation/conservation-workbench/conservation_code
++ PYTHON_CMD=python
++ BLASTDB_DIR=/mnt/ssd/conservation/blastdb
++ PSIBLAST_THREADS=24
++ export PATH=/mnt/ssd/conservation/conservation-workbench/ncbi-blast/bin:/mnt/ssd/conservation/conservation-workbench/cd-hit:/mnt/ssd/conservation/conservation-workbench:/home/rdk/.sdkman/candidates/gradle/current/bin:/usr/local/sbin:/usr/local/bin:/usr/sbin:/usr/bin:/sbin:/bin:/usr/games:/usr/local/games:/snap/bin:/usr/lib/jvm/java-8-oracle/bin:/usr/lib/jvm/java-8-oracle/db/bin:/usr/lib/jvm/java-8-oracle/jre/bin
++ PATH=/mnt/ssd/conservation/conservation-workbench/ncbi-blast/bin:/mnt/ssd/conservation/conservation-workbench/cd-hit:/mnt/ssd/conservation/conservation-workbench:/home/rdk/.sdkman/candidates/gradle/current/bin:/usr/local/sbin:/usr/local/bin:/usr/sbin:/usr/bin:/sbin:/bin:/usr/games:/usr/local/games:/snap/bin:/usr/lib/jvm/java-8-oracle/bin:/usr/lib/jvm/java-8-oracle/db/bin:/usr/lib/jvm/java-8-oracle/jre/bin
++ export JSD_DIR=/mnt/ssd/conservation/conservation-workbench/conservation_code
++ JSD_DIR=/mnt/ssd/conservation/conservation-workbench/conservation_code
++ export BLASTDB=/mnt/ssd/conservation/blastdb
++ BLASTDB=/mnt/ssd/conservation/blastdb
++ export PYTHON_CMD=python
++ PYTHON_CMD=python
++ export PSIBLAST_THREADS=24
++ PSIBLAST_THREADS=24
+ file=/mnt/ssd/prank/p2rank-datasets/holo4k/fasta/1jpzA.pdb.seq.fasta
+ outdir=/mnt/ssd/prank/p2rank-datasets/holo4k/conservation
+ psiblast_evalue=0.00001
+ psiblast_iterations=1
+ mkdir -p /mnt/ssd/prank/p2rank-datasets/holo4k/conservation/alignments
+ mkdir -p /mnt/ssd/prank/p2rank-datasets/holo4k/conservation/scores
++ basename /mnt/ssd/prank/p2rank-datasets/holo4k/fasta/1jpzA.pdb.seq.fasta
+ file_base=1jpzA.pdb.seq.fasta
+ alignments_file=/mnt/ssd/prank/p2rank-datasets/holo4k/conservation/alignments/1jpzA.pdb.seq.fasta.ali
+ scores_file=/mnt/ssd/prank/p2rank-datasets/holo4k/conservation/scores/1jpzA.pdb.seq.fasta.hom.gz
++ tempfile
+ blastResFile=/tmp/fileH0BIti
++ tempfile
+ blastSeq=/tmp/fileCxk71l
++ tempfile
+ modifiedInputFile=/tmp/fileuHC9Ro
++ tempfile
+ muscleResultFile=/tmp/fileG6BTko
++ tempfile
+ conservationExtractorInput=/tmp/filez9Jgtr
+ search swissprot
+ db=swissprot
+ psiblast -db swissprot -outfmt '6 sallseqid qcovs pident' -evalue 0.00001 -num_threads 24 -num_iterations 1
+ ./filter.awk
+ tee /mnt/ssd/prank/p2rank-datasets/holo4k/conservation/alignments/1jpzA.pdb.seq.fasta.ali
+ blastdbcmd -db swissprot -entry_batch /tmp/fileH0BIti
+ cd-hit -i /tmp/fileCxk71l -o /tmp/fileH0BIti
================================================================
Program: CD-HIT, V4.7 (+OpenMP), Mar 23 2018, 15:56:04
Command: cd-hit -i /tmp/fileCxk71l -o /tmp/fileH0BIti

Started: Thu Jan 17 17:58:03 2019
================================================================
                            Output                              
----------------------------------------------------------------
total seq: 11
longest and shortest : 1115 and 502
Total letters: 9027
Sequences have been sorted

Approximated minimal memory consumption:
Sequence        : 0M
Buffer          : 1 X 10M = 10M
Table           : 1 X 65M = 65M
Miscellaneous   : 0M
Total           : 76M

Table limit with the given memory limit:
Max number of representatives: 622930
Max number of word counting entries: 90489595

comparing sequences from          0  to         11

       11  finished         11  clusters

Apprixmated maximum memory consumption: 76M
writing new database
writing clustering information
program completed !

Total CPU time 0.07
++ grep '^>'
++ wc -l
+ numSeq=11
+ echo Found 11 sequences in swissprot
Found 11 sequences in swissprot
++ wc -l
++ grep '^>'
+ numSeq=11
+ '[' 0 = 0 ']'
+ search uniref90
+ db=uniref90
+ psiblast -db uniref90 -outfmt '6 sallseqid qcovs pident' -evalue 0.00001 -num_threads 24 -num_iterations 1
+ ./filter.awk
+ tee /mnt/ssd/prank/p2rank-datasets/holo4k/conservation/alignments/1jpzA.pdb.seq.fasta.ali
+ blastdbcmd -db uniref90 -entry_batch /tmp/fileH0BIti
+ cd-hit -i /tmp/fileCxk71l -o /tmp/fileH0BIti
================================================================
Program: CD-HIT, V4.7 (+OpenMP), Mar 23 2018, 15:56:04
Command: cd-hit -i /tmp/fileCxk71l -o /tmp/fileH0BIti

Started: Thu Jan 17 17:59:33 2019
================================================================
                            Output                              
----------------------------------------------------------------
total seq: 495
longest and shortest : 1260 and 408
Total letters: 449899
Sequences have been sorted

Approximated minimal memory consumption:
Sequence        : 0M
Buffer          : 1 X 10M = 10M
Table           : 1 X 65M = 65M
Miscellaneous   : 0M
Total           : 76M

Table limit with the given memory limit:
Max number of representatives: 623447
Max number of word counting entries: 90420090

comparing sequences from          0  to        495

      495  finished        485  clusters

Apprixmated maximum memory consumption: 80M
writing new database
writing clustering information
program completed !

Total CPU time 0.27
++ grep '^>'
++ wc -l
+ numSeq=485
+ echo Found 485 sequences in uniref90
Found 485 sequences in uniref90
+ sed 's/^>/>query_sekvence|/'
+ cat /tmp/fileH0BIti /tmp/fileuHC9Ro
+ muscle -quiet
+ awk -f sortMuscleOutput.awk
+ cd /mnt/ssd/conservation/conservation-workbench/conservation_code
+ gzip -9
+ python /mnt/ssd/conservation/conservation-workbench/conservation_code/score_conservation.py /tmp/filez9Jgtr
+ rm /tmp/fileG6BTko
+ rm /tmp/fileuHC9Ro
+ rm /tmp/fileCxk71l
+ rm /tmp/fileH0BIti
TIME: 9 min 22 s
DONE
