PROCESSING [/mnt/ssd/prank/p2rank-datasets/holo4k/fasta/1kbjB.pdb.seq.fasta]
LOG: /mnt/ssd/prank/p2rank-datasets/holo4k/conservation/log/1kbjB.pdb.seq.fasta.log
+ source local-setenv.sh
++ PSIBLAST_DIR=/mnt/ssd/conservation/conservation-workbench/ncbi-blast/bin
++ CDHIT_DIR=/mnt/ssd/conservation/conservation-workbench/cd-hit
++ MUSCLE_DIR=/mnt/ssd/conservation/conservation-workbench
++ JSD_DIR=/mnt/ssd/conservation/conservation-workbench/conservation_code
++ PYTHON_CMD=python
++ BLASTDB_DIR=/mnt/ssd/conservation/blastdb
++ PSIBLAST_THREADS=24
++ export PATH=/mnt/ssd/conservation/conservation-workbench/ncbi-blast/bin:/mnt/ssd/conservation/conservation-workbench/cd-hit:/mnt/ssd/conservation/conservation-workbench:/home/rdk/.sdkman/candidates/gradle/current/bin:/usr/local/sbin:/usr/local/bin:/usr/sbin:/usr/bin:/sbin:/bin:/usr/games:/usr/local/games:/snap/bin:/usr/lib/jvm/java-8-oracle/bin:/usr/lib/jvm/java-8-oracle/db/bin:/usr/lib/jvm/java-8-oracle/jre/bin
++ PATH=/mnt/ssd/conservation/conservation-workbench/ncbi-blast/bin:/mnt/ssd/conservation/conservation-workbench/cd-hit:/mnt/ssd/conservation/conservation-workbench:/home/rdk/.sdkman/candidates/gradle/current/bin:/usr/local/sbin:/usr/local/bin:/usr/sbin:/usr/bin:/sbin:/bin:/usr/games:/usr/local/games:/snap/bin:/usr/lib/jvm/java-8-oracle/bin:/usr/lib/jvm/java-8-oracle/db/bin:/usr/lib/jvm/java-8-oracle/jre/bin
++ export JSD_DIR=/mnt/ssd/conservation/conservation-workbench/conservation_code
++ JSD_DIR=/mnt/ssd/conservation/conservation-workbench/conservation_code
++ export BLASTDB=/mnt/ssd/conservation/blastdb
++ BLASTDB=/mnt/ssd/conservation/blastdb
++ export PYTHON_CMD=python
++ PYTHON_CMD=python
++ export PSIBLAST_THREADS=24
++ PSIBLAST_THREADS=24
+ file=/mnt/ssd/prank/p2rank-datasets/holo4k/fasta/1kbjB.pdb.seq.fasta
+ outdir=/mnt/ssd/prank/p2rank-datasets/holo4k/conservation
+ psiblast_evalue=0.00001
+ psiblast_iterations=1
+ mkdir -p /mnt/ssd/prank/p2rank-datasets/holo4k/conservation/alignments
+ mkdir -p /mnt/ssd/prank/p2rank-datasets/holo4k/conservation/scores
++ basename /mnt/ssd/prank/p2rank-datasets/holo4k/fasta/1kbjB.pdb.seq.fasta
+ file_base=1kbjB.pdb.seq.fasta
+ alignments_file=/mnt/ssd/prank/p2rank-datasets/holo4k/conservation/alignments/1kbjB.pdb.seq.fasta.ali
+ scores_file=/mnt/ssd/prank/p2rank-datasets/holo4k/conservation/scores/1kbjB.pdb.seq.fasta.hom.gz
++ tempfile
+ blastResFile=/tmp/filezC3w4S
++ tempfile
+ blastSeq=/tmp/fileWoqOHW
++ tempfile
+ modifiedInputFile=/tmp/fileLrwWqV
++ tempfile
+ muscleResultFile=/tmp/fileDnX7lV
++ tempfile
+ conservationExtractorInput=/tmp/fileZTc3fV
+ search swissprot
+ db=swissprot
+ psiblast -db swissprot -outfmt '6 sallseqid qcovs pident' -evalue 0.00001 -num_threads 24 -num_iterations 1
+ tee /mnt/ssd/prank/p2rank-datasets/holo4k/conservation/alignments/1kbjB.pdb.seq.fasta.ali
+ ./filter.awk
+ blastdbcmd -db swissprot -entry_batch /tmp/filezC3w4S
+ cd-hit -i /tmp/fileWoqOHW -o /tmp/filezC3w4S
================================================================
Program: CD-HIT, V4.7 (+OpenMP), Mar 23 2018, 15:56:04
Command: cd-hit -i /tmp/fileWoqOHW -o /tmp/filezC3w4S

Started: Fri Jan 18 01:30:59 2019
================================================================
                            Output                              
----------------------------------------------------------------
total seq: 39
longest and shortest : 573 and 351
Total letters: 14960
Sequences have been sorted

Approximated minimal memory consumption:
Sequence        : 0M
Buffer          : 1 X 10M = 10M
Table           : 1 X 65M = 65M
Miscellaneous   : 0M
Total           : 75M

Table limit with the given memory limit:
Max number of representatives: 1541872
Max number of word counting entries: 90502716

comparing sequences from          0  to         39

       39  finished         27  clusters

Apprixmated maximum memory consumption: 76M
writing new database
writing clustering information
program completed !

Total CPU time 0.08
++ grep '^>'
++ wc -l
+ numSeq=27
+ echo Found 27 sequences in swissprot
Found 27 sequences in swissprot
++ wc -l
++ grep '^>'
+ numSeq=27
+ '[' 0 = 0 ']'
+ search uniref90
+ db=uniref90
+ ./filter.awk
+ psiblast -db uniref90 -outfmt '6 sallseqid qcovs pident' -evalue 0.00001 -num_threads 24 -num_iterations 1
+ tee /mnt/ssd/prank/p2rank-datasets/holo4k/conservation/alignments/1kbjB.pdb.seq.fasta.ali
+ blastdbcmd -db uniref90 -entry_batch /tmp/filezC3w4S
+ cd-hit -i /tmp/fileWoqOHW -o /tmp/filezC3w4S
================================================================
Program: CD-HIT, V4.7 (+OpenMP), Mar 23 2018, 15:56:04
Command: cd-hit -i /tmp/fileWoqOHW -o /tmp/filezC3w4S

Started: Fri Jan 18 01:33:02 2019
================================================================
                            Output                              
----------------------------------------------------------------
total seq: 494
longest and shortest : 2077 and 350
Total letters: 261640
Sequences have been sorted

Approximated minimal memory consumption:
Sequence        : 0M
Buffer          : 1 X 10M = 10M
Table           : 1 X 65M = 65M
Miscellaneous   : 0M
Total           : 76M

Table limit with the given memory limit:
Max number of representatives: 1189611
Max number of word counting entries: 90421928

comparing sequences from          0  to        494

      494  finished        475  clusters

Apprixmated maximum memory consumption: 78M
writing new database
writing clustering information
program completed !

Total CPU time 0.17
++ wc -l
++ grep '^>'
+ numSeq=475
+ echo Found 475 sequences in uniref90
Found 475 sequences in uniref90
+ sed 's/^>/>query_sekvence|/'
+ muscle -quiet
+ cat /tmp/filezC3w4S /tmp/fileLrwWqV
+ awk -f sortMuscleOutput.awk
+ cd /mnt/ssd/conservation/conservation-workbench/conservation_code
+ python /mnt/ssd/conservation/conservation-workbench/conservation_code/score_conservation.py /tmp/fileZTc3fV
+ gzip -9
+ rm /tmp/fileDnX7lV
+ rm /tmp/fileLrwWqV
+ rm /tmp/fileWoqOHW
+ rm /tmp/filezC3w4S
TIME: 35 min 46 s
DONE
