PROCESSING [/mnt/ssd/prank/p2rank-datasets/holo4k/fasta/1lotB.pdb.seq.fasta]
LOG: /mnt/ssd/prank/p2rank-datasets/holo4k/conservation/log/1lotB.pdb.seq.fasta.log
+ source local-setenv.sh
++ PSIBLAST_DIR=/mnt/ssd/conservation/conservation-workbench/ncbi-blast/bin
++ CDHIT_DIR=/mnt/ssd/conservation/conservation-workbench/cd-hit
++ MUSCLE_DIR=/mnt/ssd/conservation/conservation-workbench
++ JSD_DIR=/mnt/ssd/conservation/conservation-workbench/conservation_code
++ PYTHON_CMD=python
++ BLASTDB_DIR=/mnt/ssd/conservation/blastdb
++ PSIBLAST_THREADS=24
++ export PATH=/mnt/ssd/conservation/conservation-workbench/ncbi-blast/bin:/mnt/ssd/conservation/conservation-workbench/cd-hit:/mnt/ssd/conservation/conservation-workbench:/home/rdk/.sdkman/candidates/gradle/current/bin:/usr/local/sbin:/usr/local/bin:/usr/sbin:/usr/bin:/sbin:/bin:/usr/games:/usr/local/games:/snap/bin:/usr/lib/jvm/java-8-oracle/bin:/usr/lib/jvm/java-8-oracle/db/bin:/usr/lib/jvm/java-8-oracle/jre/bin
++ PATH=/mnt/ssd/conservation/conservation-workbench/ncbi-blast/bin:/mnt/ssd/conservation/conservation-workbench/cd-hit:/mnt/ssd/conservation/conservation-workbench:/home/rdk/.sdkman/candidates/gradle/current/bin:/usr/local/sbin:/usr/local/bin:/usr/sbin:/usr/bin:/sbin:/bin:/usr/games:/usr/local/games:/snap/bin:/usr/lib/jvm/java-8-oracle/bin:/usr/lib/jvm/java-8-oracle/db/bin:/usr/lib/jvm/java-8-oracle/jre/bin
++ export JSD_DIR=/mnt/ssd/conservation/conservation-workbench/conservation_code
++ JSD_DIR=/mnt/ssd/conservation/conservation-workbench/conservation_code
++ export BLASTDB=/mnt/ssd/conservation/blastdb
++ BLASTDB=/mnt/ssd/conservation/blastdb
++ export PYTHON_CMD=python
++ PYTHON_CMD=python
++ export PSIBLAST_THREADS=24
++ PSIBLAST_THREADS=24
+ file=/mnt/ssd/prank/p2rank-datasets/holo4k/fasta/1lotB.pdb.seq.fasta
+ outdir=/mnt/ssd/prank/p2rank-datasets/holo4k/conservation
+ psiblast_evalue=0.00001
+ psiblast_iterations=1
+ mkdir -p /mnt/ssd/prank/p2rank-datasets/holo4k/conservation/alignments
+ mkdir -p /mnt/ssd/prank/p2rank-datasets/holo4k/conservation/scores
++ basename /mnt/ssd/prank/p2rank-datasets/holo4k/fasta/1lotB.pdb.seq.fasta
+ file_base=1lotB.pdb.seq.fasta
+ alignments_file=/mnt/ssd/prank/p2rank-datasets/holo4k/conservation/alignments/1lotB.pdb.seq.fasta.ali
+ scores_file=/mnt/ssd/prank/p2rank-datasets/holo4k/conservation/scores/1lotB.pdb.seq.fasta.hom.gz
++ tempfile
+ blastResFile=/tmp/fileh4tRDa
++ tempfile
+ blastSeq=/tmp/fileqpDoKc
++ tempfile
+ modifiedInputFile=/tmp/fileYZ5fAc
++ tempfile
+ muscleResultFile=/tmp/fileQ5LYab
++ tempfile
+ conservationExtractorInput=/tmp/filejSRrtf
+ search swissprot
+ db=swissprot
+ psiblast -db swissprot -outfmt '6 sallseqid qcovs pident' -evalue 0.00001 -num_threads 24 -num_iterations 1
+ ./filter.awk
+ tee /mnt/ssd/prank/p2rank-datasets/holo4k/conservation/alignments/1lotB.pdb.seq.fasta.ali
+ blastdbcmd -db swissprot -entry_batch /tmp/fileh4tRDa
+ cd-hit -i /tmp/fileqpDoKc -o /tmp/fileh4tRDa
================================================================
Program: CD-HIT, V4.7 (+OpenMP), Mar 23 2018, 15:56:04
Command: cd-hit -i /tmp/fileqpDoKc -o /tmp/fileh4tRDa

Started: Sat Jan 19 11:47:01 2019
================================================================
                            Output                              
----------------------------------------------------------------
total seq: 417
longest and shortest : 1075 and 192
Total letters: 163685
Sequences have been sorted

Approximated minimal memory consumption:
Sequence        : 0M
Buffer          : 1 X 10M = 10M
Table           : 1 X 65M = 65M
Miscellaneous   : 0M
Total           : 76M

Table limit with the given memory limit:
Max number of representatives: 1516962
Max number of word counting entries: 90463127

comparing sequences from          0  to        417

      417  finished        124  clusters

Apprixmated maximum memory consumption: 76M
writing new database
writing clustering information
program completed !

Total CPU time 0.15
++ wc -l
++ grep '^>'
+ numSeq=124
+ echo Found 124 sequences in swissprot
Found 124 sequences in swissprot
++ wc -l
++ grep '^>'
+ numSeq=124
+ '[' 1 = 0 ']'
+ sed 's/^>/>query_sekvence|/'
+ cat /tmp/fileh4tRDa /tmp/fileYZ5fAc
+ muscle -quiet
+ awk -f sortMuscleOutput.awk
+ cd /mnt/ssd/conservation/conservation-workbench/conservation_code
+ python /mnt/ssd/conservation/conservation-workbench/conservation_code/score_conservation.py /tmp/filejSRrtf
+ gzip -9
+ rm /tmp/fileQ5LYab
+ rm /tmp/fileYZ5fAc
+ rm /tmp/fileqpDoKc
+ rm /tmp/fileh4tRDa
TIME: 54 s
DONE
