PROCESSING [/mnt/ssd/prank/p2rank-datasets/holo4k/fasta/1ms0B.pdb.seq.fasta]
LOG: /mnt/ssd/prank/p2rank-datasets/holo4k/conservation/log/1ms0B.pdb.seq.fasta.log
+ source local-setenv.sh
++ PSIBLAST_DIR=/mnt/ssd/conservation/conservation-workbench/ncbi-blast/bin
++ CDHIT_DIR=/mnt/ssd/conservation/conservation-workbench/cd-hit
++ MUSCLE_DIR=/mnt/ssd/conservation/conservation-workbench
++ JSD_DIR=/mnt/ssd/conservation/conservation-workbench/conservation_code
++ PYTHON_CMD=python
++ BLASTDB_DIR=/mnt/ssd/conservation/blastdb
++ PSIBLAST_THREADS=24
++ export PATH=/mnt/ssd/conservation/conservation-workbench/ncbi-blast/bin:/mnt/ssd/conservation/conservation-workbench/cd-hit:/mnt/ssd/conservation/conservation-workbench:/home/rdk/.sdkman/candidates/gradle/current/bin:/usr/local/sbin:/usr/local/bin:/usr/sbin:/usr/bin:/sbin:/bin:/usr/games:/usr/local/games:/snap/bin:/usr/lib/jvm/java-8-oracle/bin:/usr/lib/jvm/java-8-oracle/db/bin:/usr/lib/jvm/java-8-oracle/jre/bin
++ PATH=/mnt/ssd/conservation/conservation-workbench/ncbi-blast/bin:/mnt/ssd/conservation/conservation-workbench/cd-hit:/mnt/ssd/conservation/conservation-workbench:/home/rdk/.sdkman/candidates/gradle/current/bin:/usr/local/sbin:/usr/local/bin:/usr/sbin:/usr/bin:/sbin:/bin:/usr/games:/usr/local/games:/snap/bin:/usr/lib/jvm/java-8-oracle/bin:/usr/lib/jvm/java-8-oracle/db/bin:/usr/lib/jvm/java-8-oracle/jre/bin
++ export JSD_DIR=/mnt/ssd/conservation/conservation-workbench/conservation_code
++ JSD_DIR=/mnt/ssd/conservation/conservation-workbench/conservation_code
++ export BLASTDB=/mnt/ssd/conservation/blastdb
++ BLASTDB=/mnt/ssd/conservation/blastdb
++ export PYTHON_CMD=python
++ PYTHON_CMD=python
++ export PSIBLAST_THREADS=24
++ PSIBLAST_THREADS=24
+ file=/mnt/ssd/prank/p2rank-datasets/holo4k/fasta/1ms0B.pdb.seq.fasta
+ outdir=/mnt/ssd/prank/p2rank-datasets/holo4k/conservation
+ psiblast_evalue=0.00001
+ psiblast_iterations=1
+ mkdir -p /mnt/ssd/prank/p2rank-datasets/holo4k/conservation/alignments
+ mkdir -p /mnt/ssd/prank/p2rank-datasets/holo4k/conservation/scores
++ basename /mnt/ssd/prank/p2rank-datasets/holo4k/fasta/1ms0B.pdb.seq.fasta
+ file_base=1ms0B.pdb.seq.fasta
+ alignments_file=/mnt/ssd/prank/p2rank-datasets/holo4k/conservation/alignments/1ms0B.pdb.seq.fasta.ali
+ scores_file=/mnt/ssd/prank/p2rank-datasets/holo4k/conservation/scores/1ms0B.pdb.seq.fasta.hom.gz
++ tempfile
+ blastResFile=/tmp/filef1jfCo
++ tempfile
+ blastSeq=/tmp/fileiso2ep
++ tempfile
+ modifiedInputFile=/tmp/fileVdoY9o
++ tempfile
+ muscleResultFile=/tmp/filebeGB4o
++ tempfile
+ conservationExtractorInput=/tmp/fileJnSe8o
+ search swissprot
+ db=swissprot
+ psiblast -db swissprot -outfmt '6 sallseqid qcovs pident' -evalue 0.00001 -num_threads 24 -num_iterations 1
+ ./filter.awk
+ tee /mnt/ssd/prank/p2rank-datasets/holo4k/conservation/alignments/1ms0B.pdb.seq.fasta.ali
+ blastdbcmd -db swissprot -entry_batch /tmp/filef1jfCo
+ cd-hit -i /tmp/fileiso2ep -o /tmp/filef1jfCo
================================================================
Program: CD-HIT, V4.7 (+OpenMP), Mar 23 2018, 15:56:04
Command: cd-hit -i /tmp/fileiso2ep -o /tmp/filef1jfCo

Started: Sat Jan 19 06:20:24 2019
================================================================
                            Output                              
----------------------------------------------------------------
total seq: 3
longest and shortest : 1162 and 714
Total letters: 2628
Sequences have been sorted

Approximated minimal memory consumption:
Sequence        : 0M
Buffer          : 1 X 10M = 10M
Table           : 1 X 65M = 65M
Miscellaneous   : 0M
Total           : 76M

Table limit with the given memory limit:
Max number of representatives: 848507
Max number of word counting entries: 90489306

comparing sequences from          0  to          3

        3  finished          3  clusters

Apprixmated maximum memory consumption: 76M
writing new database
writing clustering information
program completed !

Total CPU time 0.09
++ wc -l
++ grep '^>'
+ numSeq=3
+ echo Found 3 sequences in swissprot
Found 3 sequences in swissprot
++ wc -l
++ grep '^>'
+ numSeq=3
+ '[' 0 = 0 ']'
+ search uniref90
+ db=uniref90
+ ./filter.awk
+ tee /mnt/ssd/prank/p2rank-datasets/holo4k/conservation/alignments/1ms0B.pdb.seq.fasta.ali
+ psiblast -db uniref90 -outfmt '6 sallseqid qcovs pident' -evalue 0.00001 -num_threads 24 -num_iterations 1
+ blastdbcmd -db uniref90 -entry_batch /tmp/filef1jfCo
+ cd-hit -i /tmp/fileiso2ep -o /tmp/filef1jfCo
================================================================
Program: CD-HIT, V4.7 (+OpenMP), Mar 23 2018, 15:56:04
Command: cd-hit -i /tmp/fileiso2ep -o /tmp/filef1jfCo

Started: Sat Jan 19 06:22:46 2019
================================================================
                            Output                              
----------------------------------------------------------------
total seq: 451
longest and shortest : 1496 and 554
Total letters: 376136
Sequences have been sorted

Approximated minimal memory consumption:
Sequence        : 0M
Buffer          : 1 X 10M = 10M
Table           : 1 X 65M = 65M
Miscellaneous   : 0M
Total           : 76M

Table limit with the given memory limit:
Max number of representatives: 757086
Max number of word counting entries: 90424105

comparing sequences from          0  to        451

      451  finished        439  clusters

Apprixmated maximum memory consumption: 79M
writing new database
writing clustering information
program completed !

Total CPU time 0.22
++ grep '^>'
++ wc -l
+ numSeq=439
+ echo Found 439 sequences in uniref90
Found 439 sequences in uniref90
+ sed 's/^>/>query_sekvence|/'
+ muscle -quiet
+ cat /tmp/filef1jfCo /tmp/fileVdoY9o
+ awk -f sortMuscleOutput.awk
+ cd /mnt/ssd/conservation/conservation-workbench/conservation_code
+ gzip -9
+ python /mnt/ssd/conservation/conservation-workbench/conservation_code/score_conservation.py /tmp/fileJnSe8o
+ rm /tmp/filebeGB4o
+ rm /tmp/fileVdoY9o
+ rm /tmp/fileiso2ep
+ rm /tmp/filef1jfCo
TIME: 23 min 1 s
DONE
