PROCESSING [/mnt/ssd/prank/p2rank-datasets/holo4k/fasta/1oadB.pdb.seq.fasta]
LOG: /mnt/ssd/prank/p2rank-datasets/holo4k/conservation/log/1oadB.pdb.seq.fasta.log
+ source local-setenv.sh
++ PSIBLAST_DIR=/mnt/ssd/conservation/conservation-workbench/ncbi-blast/bin
++ CDHIT_DIR=/mnt/ssd/conservation/conservation-workbench/cd-hit
++ MUSCLE_DIR=/mnt/ssd/conservation/conservation-workbench
++ JSD_DIR=/mnt/ssd/conservation/conservation-workbench/conservation_code
++ PYTHON_CMD=python
++ BLASTDB_DIR=/mnt/ssd/conservation/blastdb
++ PSIBLAST_THREADS=24
++ export PATH=/mnt/ssd/conservation/conservation-workbench/ncbi-blast/bin:/mnt/ssd/conservation/conservation-workbench/cd-hit:/mnt/ssd/conservation/conservation-workbench:/home/rdk/.sdkman/candidates/gradle/current/bin:/usr/local/sbin:/usr/local/bin:/usr/sbin:/usr/bin:/sbin:/bin:/usr/games:/usr/local/games:/snap/bin:/usr/lib/jvm/java-8-oracle/bin:/usr/lib/jvm/java-8-oracle/db/bin:/usr/lib/jvm/java-8-oracle/jre/bin
++ PATH=/mnt/ssd/conservation/conservation-workbench/ncbi-blast/bin:/mnt/ssd/conservation/conservation-workbench/cd-hit:/mnt/ssd/conservation/conservation-workbench:/home/rdk/.sdkman/candidates/gradle/current/bin:/usr/local/sbin:/usr/local/bin:/usr/sbin:/usr/bin:/sbin:/bin:/usr/games:/usr/local/games:/snap/bin:/usr/lib/jvm/java-8-oracle/bin:/usr/lib/jvm/java-8-oracle/db/bin:/usr/lib/jvm/java-8-oracle/jre/bin
++ export JSD_DIR=/mnt/ssd/conservation/conservation-workbench/conservation_code
++ JSD_DIR=/mnt/ssd/conservation/conservation-workbench/conservation_code
++ export BLASTDB=/mnt/ssd/conservation/blastdb
++ BLASTDB=/mnt/ssd/conservation/blastdb
++ export PYTHON_CMD=python
++ PYTHON_CMD=python
++ export PSIBLAST_THREADS=24
++ PSIBLAST_THREADS=24
+ file=/mnt/ssd/prank/p2rank-datasets/holo4k/fasta/1oadB.pdb.seq.fasta
+ outdir=/mnt/ssd/prank/p2rank-datasets/holo4k/conservation
+ psiblast_evalue=0.00001
+ psiblast_iterations=1
+ mkdir -p /mnt/ssd/prank/p2rank-datasets/holo4k/conservation/alignments
+ mkdir -p /mnt/ssd/prank/p2rank-datasets/holo4k/conservation/scores
++ basename /mnt/ssd/prank/p2rank-datasets/holo4k/fasta/1oadB.pdb.seq.fasta
+ file_base=1oadB.pdb.seq.fasta
+ alignments_file=/mnt/ssd/prank/p2rank-datasets/holo4k/conservation/alignments/1oadB.pdb.seq.fasta.ali
+ scores_file=/mnt/ssd/prank/p2rank-datasets/holo4k/conservation/scores/1oadB.pdb.seq.fasta.hom.gz
++ tempfile
+ blastResFile=/tmp/fileBnymGf
++ tempfile
+ blastSeq=/tmp/filecTc5jg
++ tempfile
+ modifiedInputFile=/tmp/fileOImFif
++ tempfile
+ muscleResultFile=/tmp/fileWXQF7g
++ tempfile
+ conservationExtractorInput=/tmp/fileo2w2Xk
+ search swissprot
+ db=swissprot
+ psiblast -db swissprot -outfmt '6 sallseqid qcovs pident' -evalue 0.00001 -num_threads 24 -num_iterations 1
+ ./filter.awk
+ tee /mnt/ssd/prank/p2rank-datasets/holo4k/conservation/alignments/1oadB.pdb.seq.fasta.ali
+ blastdbcmd -db swissprot -entry_batch /tmp/fileBnymGf
+ cd-hit -i /tmp/filecTc5jg -o /tmp/fileBnymGf
================================================================
Program: CD-HIT, V4.7 (+OpenMP), Mar 23 2018, 15:56:04
Command: cd-hit -i /tmp/filecTc5jg -o /tmp/fileBnymGf

Started: Sat Jan 19 19:02:09 2019
================================================================
                            Output                              
----------------------------------------------------------------
total seq: 27
longest and shortest : 446 and 387
Total letters: 10925
Sequences have been sorted

Approximated minimal memory consumption:
Sequence        : 0M
Buffer          : 1 X 10M = 10M
Table           : 1 X 65M = 65M
Miscellaneous   : 0M
Total           : 75M

Table limit with the given memory limit:
Max number of representatives: 1461420
Max number of word counting entries: 90506845

comparing sequences from          0  to         27

       27  finished         11  clusters

Apprixmated maximum memory consumption: 75M
writing new database
writing clustering information
program completed !

Total CPU time 0.08
++ grep '^>'
++ wc -l
+ numSeq=11
+ echo Found 11 sequences in swissprot
Found 11 sequences in swissprot
++ wc -l
++ grep '^>'
+ numSeq=11
+ '[' 0 = 0 ']'
+ search uniref90
+ db=uniref90
+ psiblast -db uniref90 -outfmt '6 sallseqid qcovs pident' -evalue 0.00001 -num_threads 24 -num_iterations 1
+ ./filter.awk
+ tee /mnt/ssd/prank/p2rank-datasets/holo4k/conservation/alignments/1oadB.pdb.seq.fasta.ali
+ blastdbcmd -db uniref90 -entry_batch /tmp/fileBnymGf
+ cd-hit -i /tmp/filecTc5jg -o /tmp/fileBnymGf
================================================================
Program: CD-HIT, V4.7 (+OpenMP), Mar 23 2018, 15:56:04
Command: cd-hit -i /tmp/filecTc5jg -o /tmp/fileBnymGf

Started: Sat Jan 19 19:03:52 2019
================================================================
                            Output                              
----------------------------------------------------------------
total seq: 496
longest and shortest : 869 and 347
Total letters: 195063
Sequences have been sorted

Approximated minimal memory consumption:
Sequence        : 0M
Buffer          : 1 X 10M = 10M
Table           : 1 X 65M = 65M
Miscellaneous   : 0M
Total           : 76M

Table limit with the given memory limit:
Max number of representatives: 1468338
Max number of word counting entries: 90462332

comparing sequences from          0  to        496

      496  finished        469  clusters

Apprixmated maximum memory consumption: 77M
writing new database
writing clustering information
program completed !

Total CPU time 0.33
++ wc -l
++ grep '^>'
+ numSeq=469
+ echo Found 469 sequences in uniref90
Found 469 sequences in uniref90
+ sed 's/^>/>query_sekvence|/'
+ muscle -quiet
+ cat /tmp/fileBnymGf /tmp/fileOImFif
+ awk -f sortMuscleOutput.awk
+ cd /mnt/ssd/conservation/conservation-workbench/conservation_code
+ python /mnt/ssd/conservation/conservation-workbench/conservation_code/score_conservation.py /tmp/fileo2w2Xk
+ gzip -9
+ rm /tmp/fileWXQF7g
+ rm /tmp/fileOImFif
+ rm /tmp/filecTc5jg
+ rm /tmp/fileBnymGf
TIME: 4 min 3 s
DONE
