PROCESSING [/mnt/ssd/prank/p2rank-datasets/holo4k/fasta/1q3eA.pdb.seq.fasta]
LOG: /mnt/ssd/prank/p2rank-datasets/holo4k/conservation/log/1q3eA.pdb.seq.fasta.log
+ source local-setenv.sh
++ PSIBLAST_DIR=/mnt/ssd/conservation/conservation-workbench/ncbi-blast/bin
++ CDHIT_DIR=/mnt/ssd/conservation/conservation-workbench/cd-hit
++ MUSCLE_DIR=/mnt/ssd/conservation/conservation-workbench
++ JSD_DIR=/mnt/ssd/conservation/conservation-workbench/conservation_code
++ PYTHON_CMD=python
++ BLASTDB_DIR=/mnt/ssd/conservation/blastdb
++ PSIBLAST_THREADS=24
++ export PATH=/mnt/ssd/conservation/conservation-workbench/ncbi-blast/bin:/mnt/ssd/conservation/conservation-workbench/cd-hit:/mnt/ssd/conservation/conservation-workbench:/home/rdk/.sdkman/candidates/gradle/current/bin:/usr/local/sbin:/usr/local/bin:/usr/sbin:/usr/bin:/sbin:/bin:/usr/games:/usr/local/games:/snap/bin:/usr/lib/jvm/java-8-oracle/bin:/usr/lib/jvm/java-8-oracle/db/bin:/usr/lib/jvm/java-8-oracle/jre/bin
++ PATH=/mnt/ssd/conservation/conservation-workbench/ncbi-blast/bin:/mnt/ssd/conservation/conservation-workbench/cd-hit:/mnt/ssd/conservation/conservation-workbench:/home/rdk/.sdkman/candidates/gradle/current/bin:/usr/local/sbin:/usr/local/bin:/usr/sbin:/usr/bin:/sbin:/bin:/usr/games:/usr/local/games:/snap/bin:/usr/lib/jvm/java-8-oracle/bin:/usr/lib/jvm/java-8-oracle/db/bin:/usr/lib/jvm/java-8-oracle/jre/bin
++ export JSD_DIR=/mnt/ssd/conservation/conservation-workbench/conservation_code
++ JSD_DIR=/mnt/ssd/conservation/conservation-workbench/conservation_code
++ export BLASTDB=/mnt/ssd/conservation/blastdb
++ BLASTDB=/mnt/ssd/conservation/blastdb
++ export PYTHON_CMD=python
++ PYTHON_CMD=python
++ export PSIBLAST_THREADS=24
++ PSIBLAST_THREADS=24
+ file=/mnt/ssd/prank/p2rank-datasets/holo4k/fasta/1q3eA.pdb.seq.fasta
+ outdir=/mnt/ssd/prank/p2rank-datasets/holo4k/conservation
+ psiblast_evalue=0.00001
+ psiblast_iterations=1
+ mkdir -p /mnt/ssd/prank/p2rank-datasets/holo4k/conservation/alignments
+ mkdir -p /mnt/ssd/prank/p2rank-datasets/holo4k/conservation/scores
++ basename /mnt/ssd/prank/p2rank-datasets/holo4k/fasta/1q3eA.pdb.seq.fasta
+ file_base=1q3eA.pdb.seq.fasta
+ alignments_file=/mnt/ssd/prank/p2rank-datasets/holo4k/conservation/alignments/1q3eA.pdb.seq.fasta.ali
+ scores_file=/mnt/ssd/prank/p2rank-datasets/holo4k/conservation/scores/1q3eA.pdb.seq.fasta.hom.gz
++ tempfile
+ blastResFile=/tmp/fileoWA8f0
++ tempfile
+ blastSeq=/tmp/filedoB1bR
++ tempfile
+ modifiedInputFile=/tmp/fileCsg5oQ
++ tempfile
+ muscleResultFile=/tmp/fileUcxHIQ
++ tempfile
+ conservationExtractorInput=/tmp/filembe9SS
+ search swissprot
+ db=swissprot
+ tee /mnt/ssd/prank/p2rank-datasets/holo4k/conservation/alignments/1q3eA.pdb.seq.fasta.ali
+ psiblast -db swissprot -outfmt '6 sallseqid qcovs pident' -evalue 0.00001 -num_threads 24 -num_iterations 1
+ ./filter.awk
+ blastdbcmd -db swissprot -entry_batch /tmp/fileoWA8f0
+ cd-hit -i /tmp/filedoB1bR -o /tmp/fileoWA8f0
================================================================
Program: CD-HIT, V4.7 (+OpenMP), Mar 23 2018, 15:56:04
Command: cd-hit -i /tmp/filedoB1bR -o /tmp/fileoWA8f0

Started: Thu Jan 17 16:47:29 2019
================================================================
                            Output                              
----------------------------------------------------------------
total seq: 31
longest and shortest : 1394 and 631
Total letters: 25696
Sequences have been sorted

Approximated minimal memory consumption:
Sequence        : 0M
Buffer          : 1 X 10M = 10M
Table           : 1 X 65M = 65M
Miscellaneous   : 0M
Total           : 76M

Table limit with the given memory limit:
Max number of representatives: 821241
Max number of word counting entries: 90479681

comparing sequences from          0  to         31

       31  finished         17  clusters

Apprixmated maximum memory consumption: 76M
writing new database
writing clustering information
program completed !

Total CPU time 0.08
++ grep '^>'
++ wc -l
+ numSeq=17
+ echo Found 17 sequences in swissprot
Found 17 sequences in swissprot
++ grep '^>'
++ wc -l
+ numSeq=17
+ '[' 0 = 0 ']'
+ search uniref90
+ db=uniref90
+ tee /mnt/ssd/prank/p2rank-datasets/holo4k/conservation/alignments/1q3eA.pdb.seq.fasta.ali
+ psiblast -db uniref90 -outfmt '6 sallseqid qcovs pident' -evalue 0.00001 -num_threads 24 -num_iterations 1
+ ./filter.awk
+ blastdbcmd -db uniref90 -entry_batch /tmp/fileoWA8f0
+ cd-hit -i /tmp/filedoB1bR -o /tmp/fileoWA8f0
================================================================
Program: CD-HIT, V4.7 (+OpenMP), Mar 23 2018, 15:56:04
Command: cd-hit -i /tmp/filedoB1bR -o /tmp/fileoWA8f0

Started: Thu Jan 17 16:48:15 2019
================================================================
                            Output                              
----------------------------------------------------------------
total seq: 408
longest and shortest : 2038 and 194
Total letters: 362067
Sequences have been sorted

Approximated minimal memory consumption:
Sequence        : 0M
Buffer          : 1 X 10M = 10M
Table           : 1 X 65M = 65M
Miscellaneous   : 0M
Total           : 76M

Table limit with the given memory limit:
Max number of representatives: 674065
Max number of word counting entries: 90412257

comparing sequences from          0  to        408

      408  finished        312  clusters

Apprixmated maximum memory consumption: 79M
writing new database
writing clustering information
program completed !

Total CPU time 0.59
++ grep '^>'
++ wc -l
+ numSeq=312
+ echo Found 312 sequences in uniref90
Found 312 sequences in uniref90
+ sed 's/^>/>query_sekvence|/'
+ cat /tmp/fileoWA8f0 /tmp/fileCsg5oQ
+ muscle -quiet
+ awk -f sortMuscleOutput.awk
+ cd /mnt/ssd/conservation/conservation-workbench/conservation_code
+ gzip -9
+ python /mnt/ssd/conservation/conservation-workbench/conservation_code/score_conservation.py /tmp/filembe9SS
+ rm /tmp/fileUcxHIQ
+ rm /tmp/fileCsg5oQ
+ rm /tmp/filedoB1bR
+ rm /tmp/fileoWA8f0
TIME: 17 min 34 s
DONE
