PROCESSING [/mnt/ssd/prank/p2rank-datasets/holo4k/fasta/1qhxA.pdb.seq.fasta]
LOG: /mnt/ssd/prank/p2rank-datasets/holo4k/conservation/log/1qhxA.pdb.seq.fasta.log
+ source local-setenv.sh
++ PSIBLAST_DIR=/mnt/ssd/conservation/conservation-workbench/ncbi-blast/bin
++ CDHIT_DIR=/mnt/ssd/conservation/conservation-workbench/cd-hit
++ MUSCLE_DIR=/mnt/ssd/conservation/conservation-workbench
++ JSD_DIR=/mnt/ssd/conservation/conservation-workbench/conservation_code
++ PYTHON_CMD=python
++ BLASTDB_DIR=/mnt/ssd/conservation/blastdb
++ PSIBLAST_THREADS=24
++ export PATH=/mnt/ssd/conservation/conservation-workbench/ncbi-blast/bin:/mnt/ssd/conservation/conservation-workbench/cd-hit:/mnt/ssd/conservation/conservation-workbench:/home/rdk/.sdkman/candidates/gradle/current/bin:/usr/local/sbin:/usr/local/bin:/usr/sbin:/usr/bin:/sbin:/bin:/usr/games:/usr/local/games:/snap/bin:/usr/lib/jvm/java-8-oracle/bin:/usr/lib/jvm/java-8-oracle/db/bin:/usr/lib/jvm/java-8-oracle/jre/bin
++ PATH=/mnt/ssd/conservation/conservation-workbench/ncbi-blast/bin:/mnt/ssd/conservation/conservation-workbench/cd-hit:/mnt/ssd/conservation/conservation-workbench:/home/rdk/.sdkman/candidates/gradle/current/bin:/usr/local/sbin:/usr/local/bin:/usr/sbin:/usr/bin:/sbin:/bin:/usr/games:/usr/local/games:/snap/bin:/usr/lib/jvm/java-8-oracle/bin:/usr/lib/jvm/java-8-oracle/db/bin:/usr/lib/jvm/java-8-oracle/jre/bin
++ export JSD_DIR=/mnt/ssd/conservation/conservation-workbench/conservation_code
++ JSD_DIR=/mnt/ssd/conservation/conservation-workbench/conservation_code
++ export BLASTDB=/mnt/ssd/conservation/blastdb
++ BLASTDB=/mnt/ssd/conservation/blastdb
++ export PYTHON_CMD=python
++ PYTHON_CMD=python
++ export PSIBLAST_THREADS=24
++ PSIBLAST_THREADS=24
+ file=/mnt/ssd/prank/p2rank-datasets/holo4k/fasta/1qhxA.pdb.seq.fasta
+ outdir=/mnt/ssd/prank/p2rank-datasets/holo4k/conservation
+ psiblast_evalue=0.00001
+ psiblast_iterations=1
+ mkdir -p /mnt/ssd/prank/p2rank-datasets/holo4k/conservation/alignments
+ mkdir -p /mnt/ssd/prank/p2rank-datasets/holo4k/conservation/scores
++ basename /mnt/ssd/prank/p2rank-datasets/holo4k/fasta/1qhxA.pdb.seq.fasta
+ file_base=1qhxA.pdb.seq.fasta
+ alignments_file=/mnt/ssd/prank/p2rank-datasets/holo4k/conservation/alignments/1qhxA.pdb.seq.fasta.ali
+ scores_file=/mnt/ssd/prank/p2rank-datasets/holo4k/conservation/scores/1qhxA.pdb.seq.fasta.hom.gz
++ tempfile
+ blastResFile=/tmp/filenUuWJd
++ tempfile
+ blastSeq=/tmp/fileX3keUd
++ tempfile
+ modifiedInputFile=/tmp/fileq7UM0f
++ tempfile
+ muscleResultFile=/tmp/fileKcKpkg
++ tempfile
+ conservationExtractorInput=/tmp/fileEsJAtf
+ search swissprot
+ db=swissprot
+ ./filter.awk
+ psiblast -db swissprot -outfmt '6 sallseqid qcovs pident' -evalue 0.00001 -num_threads 24 -num_iterations 1
+ tee /mnt/ssd/prank/p2rank-datasets/holo4k/conservation/alignments/1qhxA.pdb.seq.fasta.ali
+ blastdbcmd -db swissprot -entry_batch /tmp/filenUuWJd
+ cd-hit -i /tmp/fileX3keUd -o /tmp/filenUuWJd
================================================================
Program: CD-HIT, V4.7 (+OpenMP), Mar 23 2018, 15:56:04
Command: cd-hit -i /tmp/fileX3keUd -o /tmp/filenUuWJd

Started: Thu Jan 17 22:09:48 2019
================================================================
                            Output                              
----------------------------------------------------------------
total seq: 3
longest and shortest : 225 and 225
Total letters: 675
Sequences have been sorted

Approximated minimal memory consumption:
Sequence        : 0M
Buffer          : 1 X 10M = 10M
Table           : 1 X 65M = 65M
Miscellaneous   : 0M
Total           : 75M

Table limit with the given memory limit:
Max number of representatives: 2226507
Max number of word counting entries: 90514498

comparing sequences from          0  to          3

        3  finished          1  clusters

Apprixmated maximum memory consumption: 75M
writing new database
writing clustering information
program completed !

Total CPU time 0.07
++ grep '^>'
++ wc -l
+ numSeq=1
+ echo Found 1 sequences in swissprot
Found 1 sequences in swissprot
++ grep '^>'
++ wc -l
+ numSeq=1
+ '[' 0 = 0 ']'
+ search uniref90
+ db=uniref90
+ psiblast -db uniref90 -outfmt '6 sallseqid qcovs pident' -evalue 0.00001 -num_threads 24 -num_iterations 1
+ tee /mnt/ssd/prank/p2rank-datasets/holo4k/conservation/alignments/1qhxA.pdb.seq.fasta.ali
+ ./filter.awk
+ blastdbcmd -db uniref90 -entry_batch /tmp/filenUuWJd
+ cd-hit -i /tmp/fileX3keUd -o /tmp/filenUuWJd
================================================================
Program: CD-HIT, V4.7 (+OpenMP), Mar 23 2018, 15:56:04
Command: cd-hit -i /tmp/fileX3keUd -o /tmp/filenUuWJd

Started: Thu Jan 17 22:11:08 2019
================================================================
                            Output                              
----------------------------------------------------------------
total seq: 486
longest and shortest : 378 and 132
Total letters: 90138
Sequences have been sorted

Approximated minimal memory consumption:
Sequence        : 0M
Buffer          : 1 X 10M = 10M
Table           : 1 X 65M = 65M
Miscellaneous   : 0M
Total           : 76M

Table limit with the given memory limit:
Max number of representatives: 2572730
Max number of word counting entries: 90488706

comparing sequences from          0  to        486

      486  finished        470  clusters

Apprixmated maximum memory consumption: 76M
writing new database
writing clustering information
program completed !

Total CPU time 0.09
++ grep '^>'
++ wc -l
+ numSeq=470
+ echo Found 470 sequences in uniref90
Found 470 sequences in uniref90
+ sed 's/^>/>query_sekvence|/'
+ muscle -quiet
+ cat /tmp/filenUuWJd /tmp/fileq7UM0f
+ awk -f sortMuscleOutput.awk
+ cd /mnt/ssd/conservation/conservation-workbench/conservation_code
+ python /mnt/ssd/conservation/conservation-workbench/conservation_code/score_conservation.py /tmp/fileEsJAtf
+ gzip -9
+ rm /tmp/fileKcKpkg
+ rm /tmp/fileq7UM0f
+ rm /tmp/fileX3keUd
+ rm /tmp/filenUuWJd
TIME: 3 min 56 s
DONE
