PROCESSING [/mnt/ssd/prank/p2rank-datasets/holo4k/fasta/1qovM.pdb.seq.fasta]
LOG: /mnt/ssd/prank/p2rank-datasets/holo4k/conservation/log/1qovM.pdb.seq.fasta.log
+ source local-setenv.sh
++ PSIBLAST_DIR=/mnt/ssd/conservation/conservation-workbench/ncbi-blast/bin
++ CDHIT_DIR=/mnt/ssd/conservation/conservation-workbench/cd-hit
++ MUSCLE_DIR=/mnt/ssd/conservation/conservation-workbench
++ JSD_DIR=/mnt/ssd/conservation/conservation-workbench/conservation_code
++ PYTHON_CMD=python
++ BLASTDB_DIR=/mnt/ssd/conservation/blastdb
++ PSIBLAST_THREADS=24
++ export PATH=/mnt/ssd/conservation/conservation-workbench/ncbi-blast/bin:/mnt/ssd/conservation/conservation-workbench/cd-hit:/mnt/ssd/conservation/conservation-workbench:/home/rdk/.sdkman/candidates/gradle/current/bin:/usr/local/sbin:/usr/local/bin:/usr/sbin:/usr/bin:/sbin:/bin:/usr/games:/usr/local/games:/snap/bin:/usr/lib/jvm/java-8-oracle/bin:/usr/lib/jvm/java-8-oracle/db/bin:/usr/lib/jvm/java-8-oracle/jre/bin
++ PATH=/mnt/ssd/conservation/conservation-workbench/ncbi-blast/bin:/mnt/ssd/conservation/conservation-workbench/cd-hit:/mnt/ssd/conservation/conservation-workbench:/home/rdk/.sdkman/candidates/gradle/current/bin:/usr/local/sbin:/usr/local/bin:/usr/sbin:/usr/bin:/sbin:/bin:/usr/games:/usr/local/games:/snap/bin:/usr/lib/jvm/java-8-oracle/bin:/usr/lib/jvm/java-8-oracle/db/bin:/usr/lib/jvm/java-8-oracle/jre/bin
++ export JSD_DIR=/mnt/ssd/conservation/conservation-workbench/conservation_code
++ JSD_DIR=/mnt/ssd/conservation/conservation-workbench/conservation_code
++ export BLASTDB=/mnt/ssd/conservation/blastdb
++ BLASTDB=/mnt/ssd/conservation/blastdb
++ export PYTHON_CMD=python
++ PYTHON_CMD=python
++ export PSIBLAST_THREADS=24
++ PSIBLAST_THREADS=24
+ file=/mnt/ssd/prank/p2rank-datasets/holo4k/fasta/1qovM.pdb.seq.fasta
+ outdir=/mnt/ssd/prank/p2rank-datasets/holo4k/conservation
+ psiblast_evalue=0.00001
+ psiblast_iterations=1
+ mkdir -p /mnt/ssd/prank/p2rank-datasets/holo4k/conservation/alignments
+ mkdir -p /mnt/ssd/prank/p2rank-datasets/holo4k/conservation/scores
++ basename /mnt/ssd/prank/p2rank-datasets/holo4k/fasta/1qovM.pdb.seq.fasta
+ file_base=1qovM.pdb.seq.fasta
+ alignments_file=/mnt/ssd/prank/p2rank-datasets/holo4k/conservation/alignments/1qovM.pdb.seq.fasta.ali
+ scores_file=/mnt/ssd/prank/p2rank-datasets/holo4k/conservation/scores/1qovM.pdb.seq.fasta.hom.gz
++ tempfile
+ blastResFile=/tmp/fileTiyn0n
++ tempfile
+ blastSeq=/tmp/fileyFDdVn
++ tempfile
+ modifiedInputFile=/tmp/fileva3IOn
++ tempfile
+ muscleResultFile=/tmp/filehJpwSn
++ tempfile
+ conservationExtractorInput=/tmp/filej9RaMn
+ search swissprot
+ db=swissprot
+ psiblast -db swissprot -outfmt '6 sallseqid qcovs pident' -evalue 0.00001 -num_threads 24 -num_iterations 1
+ ./filter.awk
+ tee /mnt/ssd/prank/p2rank-datasets/holo4k/conservation/alignments/1qovM.pdb.seq.fasta.ali
+ blastdbcmd -db swissprot -entry_batch /tmp/fileTiyn0n
+ cd-hit -i /tmp/fileyFDdVn -o /tmp/fileTiyn0n
================================================================
Program: CD-HIT, V4.7 (+OpenMP), Mar 23 2018, 15:56:04
Command: cd-hit -i /tmp/fileyFDdVn -o /tmp/fileTiyn0n

Started: Sat Jan 19 18:55:32 2019
================================================================
                            Output                              
----------------------------------------------------------------
total seq: 21
longest and shortest : 330 and 252
Total letters: 6045
Sequences have been sorted

Approximated minimal memory consumption:
Sequence        : 0M
Buffer          : 1 X 10M = 10M
Table           : 1 X 65M = 65M
Miscellaneous   : 0M
Total           : 75M

Table limit with the given memory limit:
Max number of representatives: 1893875
Max number of word counting entries: 90510667

comparing sequences from          0  to         21

       21  finished         17  clusters

Apprixmated maximum memory consumption: 75M
writing new database
writing clustering information
program completed !

Total CPU time 0.08
++ grep '^>'
++ wc -l
+ numSeq=17
+ echo Found 17 sequences in swissprot
Found 17 sequences in swissprot
++ grep '^>'
++ wc -l
+ numSeq=17
+ '[' 0 = 0 ']'
+ search uniref90
+ db=uniref90
+ psiblast -db uniref90 -outfmt '6 sallseqid qcovs pident' -evalue 0.00001 -num_threads 24 -num_iterations 1
+ ./filter.awk
+ tee /mnt/ssd/prank/p2rank-datasets/holo4k/conservation/alignments/1qovM.pdb.seq.fasta.ali
+ blastdbcmd -db uniref90 -entry_batch /tmp/fileTiyn0n
+ cd-hit -i /tmp/fileyFDdVn -o /tmp/fileTiyn0n
================================================================
Program: CD-HIT, V4.7 (+OpenMP), Mar 23 2018, 15:56:04
Command: cd-hit -i /tmp/fileyFDdVn -o /tmp/fileTiyn0n

Started: Sat Jan 19 18:56:34 2019
================================================================
                            Output                              
----------------------------------------------------------------
total seq: 370
longest and shortest : 643 and 241
Total letters: 111473
Sequences have been sorted

Approximated minimal memory consumption:
Sequence        : 0M
Buffer          : 1 X 10M = 10M
Table           : 1 X 65M = 65M
Miscellaneous   : 0M
Total           : 76M

Table limit with the given memory limit:
Max number of representatives: 1716743
Max number of word counting entries: 90481605

comparing sequences from          0  to        370

      370  finished        322  clusters

Apprixmated maximum memory consumption: 76M
writing new database
writing clustering information
program completed !

Total CPU time 0.13
++ grep '^>'
++ wc -l
+ numSeq=322
+ echo Found 322 sequences in uniref90
Found 322 sequences in uniref90
+ sed 's/^>/>query_sekvence|/'
+ cat /tmp/fileTiyn0n /tmp/fileva3IOn
+ muscle -quiet
+ awk -f sortMuscleOutput.awk
+ cd /mnt/ssd/conservation/conservation-workbench/conservation_code
+ python /mnt/ssd/conservation/conservation-workbench/conservation_code/score_conservation.py /tmp/filej9RaMn
+ gzip -9
+ rm /tmp/filehJpwSn
+ rm /tmp/fileva3IOn
+ rm /tmp/fileyFDdVn
+ rm /tmp/fileTiyn0n
TIME: 1 min 59 s
DONE
