PROCESSING [/mnt/ssd/prank/p2rank-datasets/holo4k/fasta/1ukyA.pdb.seq.fasta]
LOG: /mnt/ssd/prank/p2rank-datasets/holo4k/conservation/log/1ukyA.pdb.seq.fasta.log
+ source local-setenv.sh
++ PSIBLAST_DIR=/mnt/ssd/conservation/conservation-workbench/ncbi-blast/bin
++ CDHIT_DIR=/mnt/ssd/conservation/conservation-workbench/cd-hit
++ MUSCLE_DIR=/mnt/ssd/conservation/conservation-workbench
++ JSD_DIR=/mnt/ssd/conservation/conservation-workbench/conservation_code
++ PYTHON_CMD=python
++ BLASTDB_DIR=/mnt/ssd/conservation/blastdb
++ PSIBLAST_THREADS=24
++ export PATH=/mnt/ssd/conservation/conservation-workbench/ncbi-blast/bin:/mnt/ssd/conservation/conservation-workbench/cd-hit:/mnt/ssd/conservation/conservation-workbench:/home/rdk/.sdkman/candidates/gradle/current/bin:/usr/local/sbin:/usr/local/bin:/usr/sbin:/usr/bin:/sbin:/bin:/usr/games:/usr/local/games:/snap/bin:/usr/lib/jvm/java-8-oracle/bin:/usr/lib/jvm/java-8-oracle/db/bin:/usr/lib/jvm/java-8-oracle/jre/bin
++ PATH=/mnt/ssd/conservation/conservation-workbench/ncbi-blast/bin:/mnt/ssd/conservation/conservation-workbench/cd-hit:/mnt/ssd/conservation/conservation-workbench:/home/rdk/.sdkman/candidates/gradle/current/bin:/usr/local/sbin:/usr/local/bin:/usr/sbin:/usr/bin:/sbin:/bin:/usr/games:/usr/local/games:/snap/bin:/usr/lib/jvm/java-8-oracle/bin:/usr/lib/jvm/java-8-oracle/db/bin:/usr/lib/jvm/java-8-oracle/jre/bin
++ export JSD_DIR=/mnt/ssd/conservation/conservation-workbench/conservation_code
++ JSD_DIR=/mnt/ssd/conservation/conservation-workbench/conservation_code
++ export BLASTDB=/mnt/ssd/conservation/blastdb
++ BLASTDB=/mnt/ssd/conservation/blastdb
++ export PYTHON_CMD=python
++ PYTHON_CMD=python
++ export PSIBLAST_THREADS=24
++ PSIBLAST_THREADS=24
+ file=/mnt/ssd/prank/p2rank-datasets/holo4k/fasta/1ukyA.pdb.seq.fasta
+ outdir=/mnt/ssd/prank/p2rank-datasets/holo4k/conservation
+ psiblast_evalue=0.00001
+ psiblast_iterations=1
+ mkdir -p /mnt/ssd/prank/p2rank-datasets/holo4k/conservation/alignments
+ mkdir -p /mnt/ssd/prank/p2rank-datasets/holo4k/conservation/scores
++ basename /mnt/ssd/prank/p2rank-datasets/holo4k/fasta/1ukyA.pdb.seq.fasta
+ file_base=1ukyA.pdb.seq.fasta
+ alignments_file=/mnt/ssd/prank/p2rank-datasets/holo4k/conservation/alignments/1ukyA.pdb.seq.fasta.ali
+ scores_file=/mnt/ssd/prank/p2rank-datasets/holo4k/conservation/scores/1ukyA.pdb.seq.fasta.hom.gz
++ tempfile
+ blastResFile=/tmp/fileBDpQkG
++ tempfile
+ blastSeq=/tmp/filelkeRNF
++ tempfile
+ modifiedInputFile=/tmp/fileKQpYEJ
++ tempfile
+ muscleResultFile=/tmp/file6reqJJ
++ tempfile
+ conservationExtractorInput=/tmp/filexndsLH
+ search swissprot
+ db=swissprot
+ ./filter.awk
+ tee /mnt/ssd/prank/p2rank-datasets/holo4k/conservation/alignments/1ukyA.pdb.seq.fasta.ali
+ psiblast -db swissprot -outfmt '6 sallseqid qcovs pident' -evalue 0.00001 -num_threads 24 -num_iterations 1
+ blastdbcmd -db swissprot -entry_batch /tmp/fileBDpQkG
+ cd-hit -i /tmp/filelkeRNF -o /tmp/fileBDpQkG
================================================================
Program: CD-HIT, V4.7 (+OpenMP), Mar 23 2018, 15:56:04
Command: cd-hit -i /tmp/filelkeRNF -o /tmp/fileBDpQkG

Started: Sat Jan 19 19:06:12 2019
================================================================
                            Output                              
----------------------------------------------------------------
total seq: 160
longest and shortest : 588 and 181
Total letters: 33874
Sequences have been sorted

Approximated minimal memory consumption:
Sequence        : 0M
Buffer          : 1 X 10M = 10M
Table           : 1 X 65M = 65M
Miscellaneous   : 0M
Total           : 76M

Table limit with the given memory limit:
Max number of representatives: 2457601
Max number of word counting entries: 90497502

comparing sequences from          0  to        160

      160  finished        104  clusters

Apprixmated maximum memory consumption: 76M
writing new database
writing clustering information
program completed !

Total CPU time 0.08
++ grep '^>'
++ wc -l
+ numSeq=104
+ echo Found 104 sequences in swissprot
Found 104 sequences in swissprot
++ grep '^>'
++ wc -l
+ numSeq=104
+ '[' 1 = 0 ']'
+ sed 's/^>/>query_sekvence|/'
+ muscle -quiet
+ cat /tmp/fileBDpQkG /tmp/fileKQpYEJ
+ awk -f sortMuscleOutput.awk
+ cd /mnt/ssd/conservation/conservation-workbench/conservation_code
+ gzip -9
+ python /mnt/ssd/conservation/conservation-workbench/conservation_code/score_conservation.py /tmp/filexndsLH
+ rm /tmp/file6reqJJ
+ rm /tmp/fileKQpYEJ
+ rm /tmp/filelkeRNF
+ rm /tmp/fileBDpQkG
TIME: 15 s
DONE
