PROCESSING [/mnt/ssd/prank/p2rank-datasets/holo4k/fasta/2ay9B.pdb.seq.fasta]
LOG: /mnt/ssd/prank/p2rank-datasets/holo4k/conservation/log/2ay9B.pdb.seq.fasta.log
+ source local-setenv.sh
++ PSIBLAST_DIR=/mnt/ssd/conservation/conservation-workbench/ncbi-blast/bin
++ CDHIT_DIR=/mnt/ssd/conservation/conservation-workbench/cd-hit
++ MUSCLE_DIR=/mnt/ssd/conservation/conservation-workbench
++ JSD_DIR=/mnt/ssd/conservation/conservation-workbench/conservation_code
++ PYTHON_CMD=python
++ BLASTDB_DIR=/mnt/ssd/conservation/blastdb
++ PSIBLAST_THREADS=24
++ export PATH=/mnt/ssd/conservation/conservation-workbench/ncbi-blast/bin:/mnt/ssd/conservation/conservation-workbench/cd-hit:/mnt/ssd/conservation/conservation-workbench:/home/rdk/.sdkman/candidates/gradle/current/bin:/usr/local/sbin:/usr/local/bin:/usr/sbin:/usr/bin:/sbin:/bin:/usr/games:/usr/local/games:/snap/bin:/usr/lib/jvm/java-8-oracle/bin:/usr/lib/jvm/java-8-oracle/db/bin:/usr/lib/jvm/java-8-oracle/jre/bin
++ PATH=/mnt/ssd/conservation/conservation-workbench/ncbi-blast/bin:/mnt/ssd/conservation/conservation-workbench/cd-hit:/mnt/ssd/conservation/conservation-workbench:/home/rdk/.sdkman/candidates/gradle/current/bin:/usr/local/sbin:/usr/local/bin:/usr/sbin:/usr/bin:/sbin:/bin:/usr/games:/usr/local/games:/snap/bin:/usr/lib/jvm/java-8-oracle/bin:/usr/lib/jvm/java-8-oracle/db/bin:/usr/lib/jvm/java-8-oracle/jre/bin
++ export JSD_DIR=/mnt/ssd/conservation/conservation-workbench/conservation_code
++ JSD_DIR=/mnt/ssd/conservation/conservation-workbench/conservation_code
++ export BLASTDB=/mnt/ssd/conservation/blastdb
++ BLASTDB=/mnt/ssd/conservation/blastdb
++ export PYTHON_CMD=python
++ PYTHON_CMD=python
++ export PSIBLAST_THREADS=24
++ PSIBLAST_THREADS=24
+ file=/mnt/ssd/prank/p2rank-datasets/holo4k/fasta/2ay9B.pdb.seq.fasta
+ outdir=/mnt/ssd/prank/p2rank-datasets/holo4k/conservation
+ psiblast_evalue=0.00001
+ psiblast_iterations=1
+ mkdir -p /mnt/ssd/prank/p2rank-datasets/holo4k/conservation/alignments
+ mkdir -p /mnt/ssd/prank/p2rank-datasets/holo4k/conservation/scores
++ basename /mnt/ssd/prank/p2rank-datasets/holo4k/fasta/2ay9B.pdb.seq.fasta
+ file_base=2ay9B.pdb.seq.fasta
+ alignments_file=/mnt/ssd/prank/p2rank-datasets/holo4k/conservation/alignments/2ay9B.pdb.seq.fasta.ali
+ scores_file=/mnt/ssd/prank/p2rank-datasets/holo4k/conservation/scores/2ay9B.pdb.seq.fasta.hom.gz
++ tempfile
+ blastResFile=/tmp/file2Rksbc
++ tempfile
+ blastSeq=/tmp/fileXVJawc
++ tempfile
+ modifiedInputFile=/tmp/file2Xypae
++ tempfile
+ muscleResultFile=/tmp/filekT82Te
++ tempfile
+ conservationExtractorInput=/tmp/file52S3Bh
+ search swissprot
+ db=swissprot
+ ./filter.awk
+ psiblast -db swissprot -outfmt '6 sallseqid qcovs pident' -evalue 0.00001 -num_threads 24 -num_iterations 1
+ tee /mnt/ssd/prank/p2rank-datasets/holo4k/conservation/alignments/2ay9B.pdb.seq.fasta.ali
+ blastdbcmd -db swissprot -entry_batch /tmp/file2Rksbc
+ cd-hit -i /tmp/fileXVJawc -o /tmp/file2Rksbc
================================================================
Program: CD-HIT, V4.7 (+OpenMP), Mar 23 2018, 15:56:04
Command: cd-hit -i /tmp/fileXVJawc -o /tmp/file2Rksbc

Started: Sat Jan 19 11:14:58 2019
================================================================
                            Output                              
----------------------------------------------------------------
total seq: 46
longest and shortest : 454 and 389
Total letters: 19141
Sequences have been sorted

Approximated minimal memory consumption:
Sequence        : 0M
Buffer          : 1 X 10M = 10M
Table           : 1 X 65M = 65M
Miscellaneous   : 0M
Total           : 75M

Table limit with the given memory limit:
Max number of representatives: 1410139
Max number of word counting entries: 90505220

comparing sequences from          0  to         46

       46  finished         28  clusters

Apprixmated maximum memory consumption: 76M
writing new database
writing clustering information
program completed !

Total CPU time 0.08
++ grep '^>'
++ wc -l
+ numSeq=28
+ echo Found 28 sequences in swissprot
Found 28 sequences in swissprot
++ wc -l
++ grep '^>'
+ numSeq=28
+ '[' 0 = 0 ']'
+ search uniref90
+ db=uniref90
+ ./filter.awk
+ tee /mnt/ssd/prank/p2rank-datasets/holo4k/conservation/alignments/2ay9B.pdb.seq.fasta.ali
+ psiblast -db uniref90 -outfmt '6 sallseqid qcovs pident' -evalue 0.00001 -num_threads 24 -num_iterations 1
+ blastdbcmd -db uniref90 -entry_batch /tmp/file2Rksbc
+ cd-hit -i /tmp/fileXVJawc -o /tmp/file2Rksbc
================================================================
Program: CD-HIT, V4.7 (+OpenMP), Mar 23 2018, 15:56:04
Command: cd-hit -i /tmp/fileXVJawc -o /tmp/file2Rksbc

Started: Sat Jan 19 11:17:16 2019
================================================================
                            Output                              
----------------------------------------------------------------
total seq: 497
longest and shortest : 408 and 322
Total letters: 195819
Sequences have been sorted

Approximated minimal memory consumption:
Sequence        : 0M
Buffer          : 1 X 10M = 10M
Table           : 1 X 65M = 65M
Miscellaneous   : 0M
Total           : 76M

Table limit with the given memory limit:
Max number of representatives: 1463964
Max number of word counting entries: 90474482

comparing sequences from          0  to        497

      497  finished        492  clusters

Apprixmated maximum memory consumption: 77M
writing new database
writing clustering information
program completed !

Total CPU time 0.15
++ wc -l
++ grep '^>'
+ numSeq=492
+ echo Found 492 sequences in uniref90
Found 492 sequences in uniref90
+ sed 's/^>/>query_sekvence|/'
+ muscle -quiet
+ cat /tmp/file2Rksbc /tmp/file2Xypae
+ awk -f sortMuscleOutput.awk
+ cd /mnt/ssd/conservation/conservation-workbench/conservation_code
+ python /mnt/ssd/conservation/conservation-workbench/conservation_code/score_conservation.py /tmp/file52S3Bh
+ gzip -9
+ rm /tmp/filekT82Te
+ rm /tmp/file2Xypae
+ rm /tmp/fileXVJawc
+ rm /tmp/file2Rksbc
TIME: 3 min 26 s
DONE
