PROCESSING [/mnt/ssd/prank/p2rank-datasets/holo4k/fasta/2rteB.pdb.seq.fasta]
LOG: /mnt/ssd/prank/p2rank-datasets/holo4k/conservation/log/2rteB.pdb.seq.fasta.log
+ source local-setenv.sh
++ PSIBLAST_DIR=/mnt/ssd/conservation/conservation-workbench/ncbi-blast/bin
++ CDHIT_DIR=/mnt/ssd/conservation/conservation-workbench/cd-hit
++ MUSCLE_DIR=/mnt/ssd/conservation/conservation-workbench
++ JSD_DIR=/mnt/ssd/conservation/conservation-workbench/conservation_code
++ PYTHON_CMD=python
++ BLASTDB_DIR=/mnt/ssd/conservation/blastdb
++ PSIBLAST_THREADS=24
++ export PATH=/mnt/ssd/conservation/conservation-workbench/ncbi-blast/bin:/mnt/ssd/conservation/conservation-workbench/cd-hit:/mnt/ssd/conservation/conservation-workbench:/home/rdk/.sdkman/candidates/gradle/current/bin:/usr/local/sbin:/usr/local/bin:/usr/sbin:/usr/bin:/sbin:/bin:/usr/games:/usr/local/games:/snap/bin:/usr/lib/jvm/java-8-oracle/bin:/usr/lib/jvm/java-8-oracle/db/bin:/usr/lib/jvm/java-8-oracle/jre/bin
++ PATH=/mnt/ssd/conservation/conservation-workbench/ncbi-blast/bin:/mnt/ssd/conservation/conservation-workbench/cd-hit:/mnt/ssd/conservation/conservation-workbench:/home/rdk/.sdkman/candidates/gradle/current/bin:/usr/local/sbin:/usr/local/bin:/usr/sbin:/usr/bin:/sbin:/bin:/usr/games:/usr/local/games:/snap/bin:/usr/lib/jvm/java-8-oracle/bin:/usr/lib/jvm/java-8-oracle/db/bin:/usr/lib/jvm/java-8-oracle/jre/bin
++ export JSD_DIR=/mnt/ssd/conservation/conservation-workbench/conservation_code
++ JSD_DIR=/mnt/ssd/conservation/conservation-workbench/conservation_code
++ export BLASTDB=/mnt/ssd/conservation/blastdb
++ BLASTDB=/mnt/ssd/conservation/blastdb
++ export PYTHON_CMD=python
++ PYTHON_CMD=python
++ export PSIBLAST_THREADS=24
++ PSIBLAST_THREADS=24
+ file=/mnt/ssd/prank/p2rank-datasets/holo4k/fasta/2rteB.pdb.seq.fasta
+ outdir=/mnt/ssd/prank/p2rank-datasets/holo4k/conservation
+ psiblast_evalue=0.00001
+ psiblast_iterations=1
+ mkdir -p /mnt/ssd/prank/p2rank-datasets/holo4k/conservation/alignments
+ mkdir -p /mnt/ssd/prank/p2rank-datasets/holo4k/conservation/scores
++ basename /mnt/ssd/prank/p2rank-datasets/holo4k/fasta/2rteB.pdb.seq.fasta
+ file_base=2rteB.pdb.seq.fasta
+ alignments_file=/mnt/ssd/prank/p2rank-datasets/holo4k/conservation/alignments/2rteB.pdb.seq.fasta.ali
+ scores_file=/mnt/ssd/prank/p2rank-datasets/holo4k/conservation/scores/2rteB.pdb.seq.fasta.hom.gz
++ tempfile
+ blastResFile=/tmp/filelW1zlt
++ tempfile
+ blastSeq=/tmp/filerh03ru
++ tempfile
+ modifiedInputFile=/tmp/filekFo1sx
++ tempfile
+ muscleResultFile=/tmp/file4rSz1z
++ tempfile
+ conservationExtractorInput=/tmp/filesw5EWz
+ search swissprot
+ db=swissprot
+ ./filter.awk
+ tee /mnt/ssd/prank/p2rank-datasets/holo4k/conservation/alignments/2rteB.pdb.seq.fasta.ali
+ psiblast -db swissprot -outfmt '6 sallseqid qcovs pident' -evalue 0.00001 -num_threads 24 -num_iterations 1
+ blastdbcmd -db swissprot -entry_batch /tmp/filelW1zlt
+ cd-hit -i /tmp/filerh03ru -o /tmp/filelW1zlt
================================================================
Program: CD-HIT, V4.7 (+OpenMP), Mar 23 2018, 15:56:04
Command: cd-hit -i /tmp/filerh03ru -o /tmp/filelW1zlt

Started: Fri Jan 18 08:25:53 2019
================================================================
                            Output                              
----------------------------------------------------------------
total seq: 1
longest and shortest : 150 and 150
Total letters: 150
Sequences have been sorted

Approximated minimal memory consumption:
Sequence        : 0M
Buffer          : 1 X 10M = 10M
Table           : 1 X 65M = 65M
Miscellaneous   : 0M
Total           : 75M

Table limit with the given memory limit:
Max number of representatives: 2894794
Max number of word counting entries: 90516601

comparing sequences from          0  to          1

        1  finished          1  clusters

Apprixmated maximum memory consumption: 75M
writing new database
writing clustering information
program completed !

Total CPU time 0.07
++ wc -l
++ grep '^>'
+ numSeq=1
+ echo Found 1 sequences in swissprot
Found 1 sequences in swissprot
++ grep '^>'
++ wc -l
+ numSeq=1
+ '[' 0 = 0 ']'
+ search uniref90
+ db=uniref90
+ psiblast -db uniref90 -outfmt '6 sallseqid qcovs pident' -evalue 0.00001 -num_threads 24 -num_iterations 1
+ ./filter.awk
+ tee /mnt/ssd/prank/p2rank-datasets/holo4k/conservation/alignments/2rteB.pdb.seq.fasta.ali
+ blastdbcmd -db uniref90 -entry_batch /tmp/filelW1zlt
+ cd-hit -i /tmp/filerh03ru -o /tmp/filelW1zlt
================================================================
Program: CD-HIT, V4.7 (+OpenMP), Mar 23 2018, 15:56:04
Command: cd-hit -i /tmp/filerh03ru -o /tmp/filelW1zlt

Started: Fri Jan 18 08:26:34 2019
================================================================
                            Output                              
----------------------------------------------------------------
total seq: 101
longest and shortest : 541 and 115
Total letters: 18192
Sequences have been sorted

Approximated minimal memory consumption:
Sequence        : 0M
Buffer          : 1 X 10M = 10M
Table           : 1 X 65M = 65M
Miscellaneous   : 0M
Total           : 75M

Table limit with the given memory limit:
Max number of representatives: 2716332
Max number of word counting entries: 90501763

comparing sequences from          0  to        101

      101  finished         96  clusters

Apprixmated maximum memory consumption: 76M
writing new database
writing clustering information
program completed !

Total CPU time 0.08
++ grep '^>'
++ wc -l
+ numSeq=96
+ echo Found 96 sequences in uniref90
Found 96 sequences in uniref90
+ sed 's/^>/>query_sekvence|/'
+ muscle -quiet
+ cat /tmp/filelW1zlt /tmp/filekFo1sx
+ awk -f sortMuscleOutput.awk
+ cd /mnt/ssd/conservation/conservation-workbench/conservation_code
+ gzip -9
+ python /mnt/ssd/conservation/conservation-workbench/conservation_code/score_conservation.py /tmp/filesw5EWz
+ rm /tmp/file4rSz1z
+ rm /tmp/filekFo1sx
+ rm /tmp/filerh03ru
+ rm /tmp/filelW1zlt
TIME: 51 s
DONE
