PROCESSING [/mnt/ssd/prank/p2rank-datasets/fptrain/fasta/1B57A.pdb.seq.fasta]
LOG: /mnt/ssd/prank/p2rank-datasets/fptrain/conservation_E5_I1/log/1B57A.pdb.seq.fasta.log
+ source local-setenv.sh
++ PSIBLAST_DIR=/mnt/ssd/conservation/conservation-workbench/ncbi-blast/bin
++ CDHIT_DIR=/mnt/ssd/conservation/conservation-workbench/cd-hit
++ MUSCLE_DIR=/mnt/ssd/conservation/conservation-workbench
++ JSD_DIR=/mnt/ssd/conservation/conservation-workbench/conservation_code
++ PYTHON_CMD=python
++ BLASTDB_DIR=/mnt/ssd/conservation/blastdb
++ PSIBLAST_THREADS=24
++ export PATH=/mnt/ssd/conservation/conservation-workbench/ncbi-blast/bin:/mnt/ssd/conservation/conservation-workbench/cd-hit:/mnt/ssd/conservation/conservation-workbench:/home/rdk/.sdkman/candidates/gradle/current/bin:/usr/local/sbin:/usr/local/bin:/usr/sbin:/usr/bin:/sbin:/bin:/usr/games:/usr/local/games:/snap/bin:/usr/lib/jvm/java-8-oracle/bin:/usr/lib/jvm/java-8-oracle/db/bin:/usr/lib/jvm/java-8-oracle/jre/bin
++ PATH=/mnt/ssd/conservation/conservation-workbench/ncbi-blast/bin:/mnt/ssd/conservation/conservation-workbench/cd-hit:/mnt/ssd/conservation/conservation-workbench:/home/rdk/.sdkman/candidates/gradle/current/bin:/usr/local/sbin:/usr/local/bin:/usr/sbin:/usr/bin:/sbin:/bin:/usr/games:/usr/local/games:/snap/bin:/usr/lib/jvm/java-8-oracle/bin:/usr/lib/jvm/java-8-oracle/db/bin:/usr/lib/jvm/java-8-oracle/jre/bin
++ export JSD_DIR=/mnt/ssd/conservation/conservation-workbench/conservation_code
++ JSD_DIR=/mnt/ssd/conservation/conservation-workbench/conservation_code
++ export BLASTDB=/mnt/ssd/conservation/blastdb
++ BLASTDB=/mnt/ssd/conservation/blastdb
++ export PYTHON_CMD=python
++ PYTHON_CMD=python
++ export PSIBLAST_THREADS=24
++ PSIBLAST_THREADS=24
+ file=/mnt/ssd/prank/p2rank-datasets/fptrain/fasta/1B57A.pdb.seq.fasta
+ outdir=/mnt/ssd/prank/p2rank-datasets/fptrain/conservation_E5_I1
+ psiblast_evalue=0.00001
+ psiblast_iterations=1
+ mkdir -p /mnt/ssd/prank/p2rank-datasets/fptrain/conservation_E5_I1/alignments
+ mkdir -p /mnt/ssd/prank/p2rank-datasets/fptrain/conservation_E5_I1/scores
++ basename /mnt/ssd/prank/p2rank-datasets/fptrain/fasta/1B57A.pdb.seq.fasta
+ file_base=1B57A.pdb.seq.fasta
+ alignments_file=/mnt/ssd/prank/p2rank-datasets/fptrain/conservation_E5_I1/alignments/1B57A.pdb.seq.fasta.ali
+ scores_file=/mnt/ssd/prank/p2rank-datasets/fptrain/conservation_E5_I1/scores/1B57A.pdb.seq.fasta.hom.gz
++ tempfile
+ blastResFile=/tmp/fileJtW4sK
++ tempfile
+ blastSeq=/tmp/filepWLzmK
++ tempfile
+ modifiedInputFile=/tmp/filetLzLGN
++ tempfile
+ muscleResultFile=/tmp/fileK8FGrN
++ tempfile
+ conservationExtractorInput=/tmp/filenJGboN
+ search swissprot
+ db=swissprot
+ psiblast -db swissprot -outfmt '6 sallseqid qcovs pident' -evalue 0.00001 -num_threads 24 -num_iterations 1
+ tee /mnt/ssd/prank/p2rank-datasets/fptrain/conservation_E5_I1/alignments/1B57A.pdb.seq.fasta.ali
+ ./filter.awk
+ blastdbcmd -db swissprot -entry_batch /tmp/fileJtW4sK
+ cd-hit -i /tmp/filepWLzmK -o /tmp/fileJtW4sK
================================================================
Program: CD-HIT, V4.7 (+OpenMP), Mar 23 2018, 15:56:04
Command: cd-hit -i /tmp/filepWLzmK -o /tmp/fileJtW4sK

Started: Wed Jan 16 01:31:39 2019
================================================================
                            Output                              
----------------------------------------------------------------
total seq: 24
longest and shortest : 363 and 288
Total letters: 8436
Sequences have been sorted

Approximated minimal memory consumption:
Sequence        : 0M
Buffer          : 1 X 10M = 10M
Table           : 1 X 65M = 65M
Miscellaneous   : 0M
Total           : 75M

Table limit with the given memory limit:
Max number of representatives: 1579698
Max number of word counting entries: 90509428

comparing sequences from          0  to         24

       24  finished         21  clusters

Apprixmated maximum memory consumption: 75M
writing new database
writing clustering information
program completed !

Total CPU time 0.07
++ grep '^>'
++ wc -l
+ numSeq=21
+ echo Found 21 sequences in swissprot
Found 21 sequences in swissprot
++ grep '^>'
++ wc -l
+ numSeq=21
+ '[' 0 = 0 ']'
+ search uniref90
+ db=uniref90
+ ./filter.awk
+ tee /mnt/ssd/prank/p2rank-datasets/fptrain/conservation_E5_I1/alignments/1B57A.pdb.seq.fasta.ali
+ psiblast -db uniref90 -outfmt '6 sallseqid qcovs pident' -evalue 0.00001 -num_threads 24 -num_iterations 1
+ blastdbcmd -db uniref90 -entry_batch /tmp/fileJtW4sK
+ cd-hit -i /tmp/filepWLzmK -o /tmp/fileJtW4sK
================================================================
Program: CD-HIT, V4.7 (+OpenMP), Mar 23 2018, 15:56:04
Command: cd-hit -i /tmp/filepWLzmK -o /tmp/fileJtW4sK

Started: Wed Jan 16 01:38:10 2019
================================================================
                            Output                              
----------------------------------------------------------------
total seq: 496
longest and shortest : 733 and 291
Total letters: 177732
Sequences have been sorted

Approximated minimal memory consumption:
Sequence        : 0M
Buffer          : 1 X 10M = 10M
Table           : 1 X 65M = 65M
Miscellaneous   : 0M
Total           : 76M

Table limit with the given memory limit:
Max number of representatives: 1577704
Max number of word counting entries: 90468136

comparing sequences from          0  to        496

      496  finished        464  clusters

Apprixmated maximum memory consumption: 77M
writing new database
writing clustering information
program completed !

Total CPU time 0.15
++ wc -l
++ grep '^>'
+ numSeq=464
+ echo Found 464 sequences in uniref90
Found 464 sequences in uniref90
+ sed 's/^>/>query_sekvence|/'
+ cat /tmp/fileJtW4sK /tmp/filetLzLGN
+ muscle -quiet
+ awk -f sortMuscleOutput.awk
+ cd /mnt/ssd/conservation/conservation-workbench/conservation_code
+ python /mnt/ssd/conservation/conservation-workbench/conservation_code/score_conservation.py /tmp/filenJGboN
+ gzip -9
+ rm /tmp/fileK8FGrN
+ rm /tmp/filetLzLGN
+ rm /tmp/filepWLzmK
+ rm /tmp/fileJtW4sK
TIME: 9 min 23 s
DONE
