PROCESSING [/mnt/ssd/prank/p2rank-datasets/fptrain/fasta/1JZSA.pdb.seq.fasta]
LOG: /mnt/ssd/prank/p2rank-datasets/fptrain/conservation_E5_I1/log/1JZSA.pdb.seq.fasta.log
+ source local-setenv.sh
++ PSIBLAST_DIR=/mnt/ssd/conservation/conservation-workbench/ncbi-blast/bin
++ CDHIT_DIR=/mnt/ssd/conservation/conservation-workbench/cd-hit
++ MUSCLE_DIR=/mnt/ssd/conservation/conservation-workbench
++ JSD_DIR=/mnt/ssd/conservation/conservation-workbench/conservation_code
++ PYTHON_CMD=python
++ BLASTDB_DIR=/mnt/ssd/conservation/blastdb
++ PSIBLAST_THREADS=24
++ export PATH=/mnt/ssd/conservation/conservation-workbench/ncbi-blast/bin:/mnt/ssd/conservation/conservation-workbench/cd-hit:/mnt/ssd/conservation/conservation-workbench:/home/rdk/.sdkman/candidates/gradle/current/bin:/usr/local/sbin:/usr/local/bin:/usr/sbin:/usr/bin:/sbin:/bin:/usr/games:/usr/local/games:/snap/bin:/usr/lib/jvm/java-8-oracle/bin:/usr/lib/jvm/java-8-oracle/db/bin:/usr/lib/jvm/java-8-oracle/jre/bin
++ PATH=/mnt/ssd/conservation/conservation-workbench/ncbi-blast/bin:/mnt/ssd/conservation/conservation-workbench/cd-hit:/mnt/ssd/conservation/conservation-workbench:/home/rdk/.sdkman/candidates/gradle/current/bin:/usr/local/sbin:/usr/local/bin:/usr/sbin:/usr/bin:/sbin:/bin:/usr/games:/usr/local/games:/snap/bin:/usr/lib/jvm/java-8-oracle/bin:/usr/lib/jvm/java-8-oracle/db/bin:/usr/lib/jvm/java-8-oracle/jre/bin
++ export JSD_DIR=/mnt/ssd/conservation/conservation-workbench/conservation_code
++ JSD_DIR=/mnt/ssd/conservation/conservation-workbench/conservation_code
++ export BLASTDB=/mnt/ssd/conservation/blastdb
++ BLASTDB=/mnt/ssd/conservation/blastdb
++ export PYTHON_CMD=python
++ PYTHON_CMD=python
++ export PSIBLAST_THREADS=24
++ PSIBLAST_THREADS=24
+ file=/mnt/ssd/prank/p2rank-datasets/fptrain/fasta/1JZSA.pdb.seq.fasta
+ outdir=/mnt/ssd/prank/p2rank-datasets/fptrain/conservation_E5_I1
+ psiblast_evalue=0.00001
+ psiblast_iterations=1
+ mkdir -p /mnt/ssd/prank/p2rank-datasets/fptrain/conservation_E5_I1/alignments
+ mkdir -p /mnt/ssd/prank/p2rank-datasets/fptrain/conservation_E5_I1/scores
++ basename /mnt/ssd/prank/p2rank-datasets/fptrain/fasta/1JZSA.pdb.seq.fasta
+ file_base=1JZSA.pdb.seq.fasta
+ alignments_file=/mnt/ssd/prank/p2rank-datasets/fptrain/conservation_E5_I1/alignments/1JZSA.pdb.seq.fasta.ali
+ scores_file=/mnt/ssd/prank/p2rank-datasets/fptrain/conservation_E5_I1/scores/1JZSA.pdb.seq.fasta.hom.gz
++ tempfile
+ blastResFile=/tmp/fileiLdOhi
++ tempfile
+ blastSeq=/tmp/filef6mx9l
++ tempfile
+ modifiedInputFile=/tmp/filepDPD5l
++ tempfile
+ muscleResultFile=/tmp/fileD1oM8l
++ tempfile
+ conservationExtractorInput=/tmp/filefoKq3l
+ search swissprot
+ db=swissprot
+ ./filter.awk
+ psiblast -db swissprot -outfmt '6 sallseqid qcovs pident' -evalue 0.00001 -num_threads 24 -num_iterations 1
+ tee /mnt/ssd/prank/p2rank-datasets/fptrain/conservation_E5_I1/alignments/1JZSA.pdb.seq.fasta.ali
+ blastdbcmd -db swissprot -entry_batch /tmp/fileiLdOhi
+ cd-hit -i /tmp/filef6mx9l -o /tmp/fileiLdOhi
================================================================
Program: CD-HIT, V4.7 (+OpenMP), Mar 23 2018, 15:56:04
Command: cd-hit -i /tmp/filef6mx9l -o /tmp/fileiLdOhi

Started: Wed Jan 16 02:11:31 2019
================================================================
                            Output                              
----------------------------------------------------------------
total seq: 358
longest and shortest : 1262 and 896
Total letters: 350904
Sequences have been sorted

Approximated minimal memory consumption:
Sequence        : 0M
Buffer          : 1 X 10M = 10M
Table           : 1 X 65M = 65M
Miscellaneous   : 0M
Total           : 76M

Table limit with the given memory limit:
Max number of representatives: 692821
Max number of word counting entries: 90435948

comparing sequences from          0  to        358

      358  finished        218  clusters

Apprixmated maximum memory consumption: 78M
writing new database
writing clustering information
program completed !

Total CPU time 0.18
++ grep '^>'
++ wc -l
+ numSeq=218
+ echo Found 218 sequences in swissprot
Found 218 sequences in swissprot
++ wc -l
++ grep '^>'
+ numSeq=218
+ '[' 1 = 0 ']'
+ sed 's/^>/>query_sekvence|/'
+ muscle -quiet
+ cat /tmp/fileiLdOhi /tmp/filepDPD5l
+ awk -f sortMuscleOutput.awk
+ cd /mnt/ssd/conservation/conservation-workbench/conservation_code
+ gzip -9
+ python /mnt/ssd/conservation/conservation-workbench/conservation_code/score_conservation.py /tmp/filefoKq3l
+ rm /tmp/fileD1oM8l
+ rm /tmp/filepDPD5l
+ rm /tmp/filef6mx9l
+ rm /tmp/fileiLdOhi
TIME: 3 min 11 s
DONE
