PROCESSING [/mnt/ssd/prank/p2rank-datasets/fptrain/fasta/1NVQB.pdb.seq.fasta]
LOG: /mnt/ssd/prank/p2rank-datasets/fptrain/conservation_E5_I1/log/1NVQB.pdb.seq.fasta.log
+ source local-setenv.sh
++ PSIBLAST_DIR=/mnt/ssd/conservation/conservation-workbench/ncbi-blast/bin
++ CDHIT_DIR=/mnt/ssd/conservation/conservation-workbench/cd-hit
++ MUSCLE_DIR=/mnt/ssd/conservation/conservation-workbench
++ JSD_DIR=/mnt/ssd/conservation/conservation-workbench/conservation_code
++ PYTHON_CMD=python
++ BLASTDB_DIR=/mnt/ssd/conservation/blastdb
++ PSIBLAST_THREADS=24
++ export PATH=/mnt/ssd/conservation/conservation-workbench/ncbi-blast/bin:/mnt/ssd/conservation/conservation-workbench/cd-hit:/mnt/ssd/conservation/conservation-workbench:/home/rdk/.sdkman/candidates/gradle/current/bin:/usr/local/sbin:/usr/local/bin:/usr/sbin:/usr/bin:/sbin:/bin:/usr/games:/usr/local/games:/snap/bin:/usr/lib/jvm/java-8-oracle/bin:/usr/lib/jvm/java-8-oracle/db/bin:/usr/lib/jvm/java-8-oracle/jre/bin
++ PATH=/mnt/ssd/conservation/conservation-workbench/ncbi-blast/bin:/mnt/ssd/conservation/conservation-workbench/cd-hit:/mnt/ssd/conservation/conservation-workbench:/home/rdk/.sdkman/candidates/gradle/current/bin:/usr/local/sbin:/usr/local/bin:/usr/sbin:/usr/bin:/sbin:/bin:/usr/games:/usr/local/games:/snap/bin:/usr/lib/jvm/java-8-oracle/bin:/usr/lib/jvm/java-8-oracle/db/bin:/usr/lib/jvm/java-8-oracle/jre/bin
++ export JSD_DIR=/mnt/ssd/conservation/conservation-workbench/conservation_code
++ JSD_DIR=/mnt/ssd/conservation/conservation-workbench/conservation_code
++ export BLASTDB=/mnt/ssd/conservation/blastdb
++ BLASTDB=/mnt/ssd/conservation/blastdb
++ export PYTHON_CMD=python
++ PYTHON_CMD=python
++ export PSIBLAST_THREADS=24
++ PSIBLAST_THREADS=24
+ file=/mnt/ssd/prank/p2rank-datasets/fptrain/fasta/1NVQB.pdb.seq.fasta
+ outdir=/mnt/ssd/prank/p2rank-datasets/fptrain/conservation_E5_I1
+ psiblast_evalue=0.00001
+ psiblast_iterations=1
+ mkdir -p /mnt/ssd/prank/p2rank-datasets/fptrain/conservation_E5_I1/alignments
+ mkdir -p /mnt/ssd/prank/p2rank-datasets/fptrain/conservation_E5_I1/scores
++ basename /mnt/ssd/prank/p2rank-datasets/fptrain/fasta/1NVQB.pdb.seq.fasta
+ file_base=1NVQB.pdb.seq.fasta
+ alignments_file=/mnt/ssd/prank/p2rank-datasets/fptrain/conservation_E5_I1/alignments/1NVQB.pdb.seq.fasta.ali
+ scores_file=/mnt/ssd/prank/p2rank-datasets/fptrain/conservation_E5_I1/scores/1NVQB.pdb.seq.fasta.hom.gz
++ tempfile
+ blastResFile=/tmp/filetX6vWk
++ tempfile
+ blastSeq=/tmp/filecEkE7j
++ tempfile
+ modifiedInputFile=/tmp/fileMNp25n
++ tempfile
+ muscleResultFile=/tmp/fileY0Rlwq
++ tempfile
+ conservationExtractorInput=/tmp/fileL9AdDo
+ search swissprot
+ db=swissprot
+ psiblast -db swissprot -outfmt '6 sallseqid qcovs pident' -evalue 0.00001 -num_threads 24 -num_iterations 1
+ ./filter.awk
+ tee /mnt/ssd/prank/p2rank-datasets/fptrain/conservation_E5_I1/alignments/1NVQB.pdb.seq.fasta.ali
+ blastdbcmd -db swissprot -entry_batch /tmp/filetX6vWk
+ cd-hit -i /tmp/filecEkE7j -o /tmp/filetX6vWk
================================================================
Program: CD-HIT, V4.7 (+OpenMP), Mar 23 2018, 15:56:04
Command: cd-hit -i /tmp/filecEkE7j -o /tmp/filetX6vWk

Started: Wed Jan 16 02:51:33 2019
================================================================
                            Output                              
----------------------------------------------------------------
total seq: 0
longest and shortest : 0 and 18446744073709551615
Total letters: 0
Sequences have been sorted

Approximated minimal memory consumption:
Sequence        : 0M
Buffer          : 1 X 10M = 10M
Table           : 1 X 65M = 65M
Miscellaneous   : 0M
Total           : 75M

Table limit with the given memory limit:
Max number of representatives: 4000000
Max number of word counting entries: 90520634


        0  finished          0  clusters

Apprixmated maximum memory consumption: 75M
writing new database
writing clustering information
program completed !

Total CPU time 0.06
++ grep '^>'
++ wc -l
+ numSeq=0
+ echo Found 0 sequences in swissprot
Found 0 sequences in swissprot
++ grep '^>'
++ wc -l
+ numSeq=0
+ '[' 0 = 0 ']'
+ search uniref90
+ db=uniref90
+ tee /mnt/ssd/prank/p2rank-datasets/fptrain/conservation_E5_I1/alignments/1NVQB.pdb.seq.fasta.ali
+ ./filter.awk
+ psiblast -db uniref90 -outfmt '6 sallseqid qcovs pident' -evalue 0.00001 -num_threads 24 -num_iterations 1
+ blastdbcmd -db uniref90 -entry_batch /tmp/filetX6vWk
+ cd-hit -i /tmp/filecEkE7j -o /tmp/filetX6vWk
================================================================
Program: CD-HIT, V4.7 (+OpenMP), Mar 23 2018, 15:56:04
Command: cd-hit -i /tmp/filecEkE7j -o /tmp/filetX6vWk

Started: Wed Jan 16 02:51:52 2019
================================================================
                            Output                              
----------------------------------------------------------------
total seq: 0
longest and shortest : 0 and 18446744073709551615
Total letters: 0
Sequences have been sorted

Approximated minimal memory consumption:
Sequence        : 0M
Buffer          : 1 X 10M = 10M
Table           : 1 X 65M = 65M
Miscellaneous   : 0M
Total           : 75M

Table limit with the given memory limit:
Max number of representatives: 4000000
Max number of word counting entries: 90520634


        0  finished          0  clusters

Apprixmated maximum memory consumption: 75M
writing new database
writing clustering information
program completed !

Total CPU time 0.06
++ grep '^>'
++ wc -l
+ numSeq=0
+ echo Found 0 sequences in uniref90
Found 0 sequences in uniref90
+ sed 's/^>/>query_sekvence|/'
+ cat /tmp/filetX6vWk /tmp/fileMNp25n
+ muscle -quiet
+ awk -f sortMuscleOutput.awk
+ cd /mnt/ssd/conservation/conservation-workbench/conservation_code
+ python /mnt/ssd/conservation/conservation-workbench/conservation_code/score_conservation.py /tmp/fileL9AdDo
+ gzip -9
+ rm /tmp/fileY0Rlwq
+ rm /tmp/fileMNp25n
+ rm /tmp/filecEkE7j
+ rm /tmp/filetX6vWk
TIME: 20 s
DONE
