PROCESSING [/mnt/ssd/prank/p2rank-datasets/fptrain/fasta/2BIFA.pdb.seq.fasta]
LOG: /mnt/ssd/prank/p2rank-datasets/fptrain/conservation_E5_I1/log/2BIFA.pdb.seq.fasta.log
+ source local-setenv.sh
++ PSIBLAST_DIR=/mnt/ssd/conservation/conservation-workbench/ncbi-blast/bin
++ CDHIT_DIR=/mnt/ssd/conservation/conservation-workbench/cd-hit
++ MUSCLE_DIR=/mnt/ssd/conservation/conservation-workbench
++ JSD_DIR=/mnt/ssd/conservation/conservation-workbench/conservation_code
++ PYTHON_CMD=python
++ BLASTDB_DIR=/mnt/ssd/conservation/blastdb
++ PSIBLAST_THREADS=24
++ export PATH=/mnt/ssd/conservation/conservation-workbench/ncbi-blast/bin:/mnt/ssd/conservation/conservation-workbench/cd-hit:/mnt/ssd/conservation/conservation-workbench:/home/rdk/.sdkman/candidates/gradle/current/bin:/usr/local/sbin:/usr/local/bin:/usr/sbin:/usr/bin:/sbin:/bin:/usr/games:/usr/local/games:/snap/bin:/usr/lib/jvm/java-8-oracle/bin:/usr/lib/jvm/java-8-oracle/db/bin:/usr/lib/jvm/java-8-oracle/jre/bin
++ PATH=/mnt/ssd/conservation/conservation-workbench/ncbi-blast/bin:/mnt/ssd/conservation/conservation-workbench/cd-hit:/mnt/ssd/conservation/conservation-workbench:/home/rdk/.sdkman/candidates/gradle/current/bin:/usr/local/sbin:/usr/local/bin:/usr/sbin:/usr/bin:/sbin:/bin:/usr/games:/usr/local/games:/snap/bin:/usr/lib/jvm/java-8-oracle/bin:/usr/lib/jvm/java-8-oracle/db/bin:/usr/lib/jvm/java-8-oracle/jre/bin
++ export JSD_DIR=/mnt/ssd/conservation/conservation-workbench/conservation_code
++ JSD_DIR=/mnt/ssd/conservation/conservation-workbench/conservation_code
++ export BLASTDB=/mnt/ssd/conservation/blastdb
++ BLASTDB=/mnt/ssd/conservation/blastdb
++ export PYTHON_CMD=python
++ PYTHON_CMD=python
++ export PSIBLAST_THREADS=24
++ PSIBLAST_THREADS=24
+ file=/mnt/ssd/prank/p2rank-datasets/fptrain/fasta/2BIFA.pdb.seq.fasta
+ outdir=/mnt/ssd/prank/p2rank-datasets/fptrain/conservation_E5_I1
+ psiblast_evalue=0.00001
+ psiblast_iterations=1
+ mkdir -p /mnt/ssd/prank/p2rank-datasets/fptrain/conservation_E5_I1/alignments
+ mkdir -p /mnt/ssd/prank/p2rank-datasets/fptrain/conservation_E5_I1/scores
++ basename /mnt/ssd/prank/p2rank-datasets/fptrain/fasta/2BIFA.pdb.seq.fasta
+ file_base=2BIFA.pdb.seq.fasta
+ alignments_file=/mnt/ssd/prank/p2rank-datasets/fptrain/conservation_E5_I1/alignments/2BIFA.pdb.seq.fasta.ali
+ scores_file=/mnt/ssd/prank/p2rank-datasets/fptrain/conservation_E5_I1/scores/2BIFA.pdb.seq.fasta.hom.gz
++ tempfile
+ blastResFile=/tmp/filerwsMKW
++ tempfile
+ blastSeq=/tmp/fileHZbUCV
++ tempfile
+ modifiedInputFile=/tmp/filekUsXYV
++ tempfile
+ muscleResultFile=/tmp/file981ucZ
++ tempfile
+ conservationExtractorInput=/tmp/fileFBMYvZ
+ search swissprot
+ db=swissprot
+ tee /mnt/ssd/prank/p2rank-datasets/fptrain/conservation_E5_I1/alignments/2BIFA.pdb.seq.fasta.ali
+ psiblast -db swissprot -outfmt '6 sallseqid qcovs pident' -evalue 0.00001 -num_threads 24 -num_iterations 1
+ ./filter.awk
+ blastdbcmd -db swissprot -entry_batch /tmp/filerwsMKW
+ cd-hit -i /tmp/fileHZbUCV -o /tmp/filerwsMKW
================================================================
Program: CD-HIT, V4.7 (+OpenMP), Mar 23 2018, 15:56:04
Command: cd-hit -i /tmp/fileHZbUCV -o /tmp/filerwsMKW

Started: Wed Jan 16 02:02:14 2019
================================================================
                            Output                              
----------------------------------------------------------------
total seq: 23
longest and shortest : 827 and 408
Total letters: 12175
Sequences have been sorted

Approximated minimal memory consumption:
Sequence        : 0M
Buffer          : 1 X 10M = 10M
Table           : 1 X 65M = 65M
Miscellaneous   : 0M
Total           : 76M

Table limit with the given memory limit:
Max number of representatives: 1177523
Max number of word counting entries: 90496626

comparing sequences from          0  to         23

       23  finished         15  clusters

Apprixmated maximum memory consumption: 76M
writing new database
writing clustering information
program completed !

Total CPU time 0.08
++ grep '^>'
++ wc -l
+ numSeq=15
+ echo Found 15 sequences in swissprot
Found 15 sequences in swissprot
++ grep '^>'
++ wc -l
+ numSeq=15
+ '[' 0 = 0 ']'
+ search uniref90
+ db=uniref90
+ ./filter.awk
+ psiblast -db uniref90 -outfmt '6 sallseqid qcovs pident' -evalue 0.00001 -num_threads 24 -num_iterations 1
+ tee /mnt/ssd/prank/p2rank-datasets/fptrain/conservation_E5_I1/alignments/2BIFA.pdb.seq.fasta.ali
+ blastdbcmd -db uniref90 -entry_batch /tmp/filerwsMKW
+ cd-hit -i /tmp/fileHZbUCV -o /tmp/filerwsMKW
================================================================
Program: CD-HIT, V4.7 (+OpenMP), Mar 23 2018, 15:56:04
Command: cd-hit -i /tmp/fileHZbUCV -o /tmp/filerwsMKW

Started: Wed Jan 16 02:03:45 2019
================================================================
                            Output                              
----------------------------------------------------------------
total seq: 471
longest and shortest : 1319 and 362
Total letters: 237181
Sequences have been sorted

Approximated minimal memory consumption:
Sequence        : 0M
Buffer          : 1 X 10M = 10M
Table           : 1 X 65M = 65M
Miscellaneous   : 0M
Total           : 76M

Table limit with the given memory limit:
Max number of representatives: 1203296
Max number of word counting entries: 90445632

comparing sequences from          0  to        471

      471  finished        363  clusters

Apprixmated maximum memory consumption: 77M
writing new database
writing clustering information
program completed !

Total CPU time 0.28
++ grep '^>'
++ wc -l
+ numSeq=363
+ echo Found 363 sequences in uniref90
Found 363 sequences in uniref90
+ sed 's/^>/>query_sekvence|/'
+ muscle -quiet
+ cat /tmp/filerwsMKW /tmp/filekUsXYV
+ awk -f sortMuscleOutput.awk
+ cd /mnt/ssd/conservation/conservation-workbench/conservation_code
+ gzip -9
+ python /mnt/ssd/conservation/conservation-workbench/conservation_code/score_conservation.py /tmp/fileFBMYvZ
+ rm /tmp/file981ucZ
+ rm /tmp/filekUsXYV
+ rm /tmp/fileHZbUCV
+ rm /tmp/filerwsMKW
TIME: 16 min 4 s
DONE
