1s69
1do1
1qgw
3cx5
1m6z
2np5
1i5z
1rx0
3cr5
1rzl
2rbt
1mud
1tez
1qmg
1mv8
2b4f
1v7w
1dl2
1ld8
1al6
1dz4
1n8u
1vi0
2amb
1n5u
1rqj
2aib
19hc
1qdb
1w2y
1tb7
1sx6
2nw8
2ou3
1d7b
1uh4
1oio
1d3c
1uyy
2vxj
1urx
6cel
1w3y
2rk1
2cz6
1loj
2zqn
1ja1
1nb9
2vbu
2i02
1usf
4eng
2r09
1n9y
1w2t
1s1d
1f8b
1cq1
1pjx
1ofz
2ajc
2hyr
2jf2
3bsy
1nyw
1lrh
1qje
1dry
2fct
1i5z
1c9s
1sjn
1o9s
2g46
1iiy
2ag4
1y2w
1w8h
2v7x
1km0
1g67
1d3g
2fzb
1gvy
1x38
2j8f
1p6b
1j79
1fxq
1mdl
1p7t
1ir1
1i9c
1ee2
2g82
1qmg
1bw9
1x7d
1oja
1c0i
1h16
2or4
1oiz
1on3
1ag9
1sg0
1x39
2f2t
1fnd
1ja1
1pg2
1n2b
1wxi
1ez1
2ji7
2hxf
2ji7
2r5n
2ji7
2r5n
1e2f
2iyq
1m7g
1uj2
1q0b
1a82
2ck3
1nlu
1t7q
1aax
13gs
1cza
3bex
1a5v
2gui
2ai2
2ewb
1tf8
2jfg
1jbw
3bqm
2bln
2cl5
1fp2
2o07
1jqe
1jsz
2c7p
2ibt
2h11
3egv
1elu
2bhx
1yro
3cu0
1e5k
1lzi
1f0p
1ukb
1llf
1yas
2ajc
1q0r
1kic
1ia2
1lii
3uag
1jbw
1gs5
1ai2
1moq
1eu1
1kae
1p5d
1hdi
1m5r
2c1x
1hfw
1lbc
1bq6
2fr5
1g8m
2haw
2vvo
1ne7
1q7t
1bvi
1lwg
11bg
1h72
1gpe
1k0i
2gf3
2akr
2itk
1qip
1lqp
1lkd
2cye
1n5q
3bbf
1ir2
1wc1
1w1r
1ejd
1oni
2hxf
3c9u
1h47
1gcz
1q0q
1yki
1hs6
1o4o
2nm2
2pes
1m4g
1p0z
1rya
1kzi
1pvg
1j1g
1s9r
1bg0
1m0w
2r84
2cnq
1w2c
1wve
1uxy
1uxy
1y21
2gfk
1ix1
1g1s
1m9m
1sox
1xlr
1o26
1zb6
2hdu
1dgf
2f3d
1gx6
2asd
1kt8
1dqs
1amu
1uwk
1z0s
