PROCESSING [/mnt/ssd/prank/p2rank-datasets/coach420/fasta/1lzsAA.pdb.seq.fasta]
LOG: /mnt/ssd/prank/p2rank-datasets/coach420/conservation_E5_I1/log/1lzsAA.pdb.seq.fasta.log
+ source local-setenv.sh
++ PSIBLAST_DIR=/mnt/ssd/conservation/conservation-workbench/ncbi-blast/bin
++ CDHIT_DIR=/mnt/ssd/conservation/conservation-workbench/cd-hit
++ MUSCLE_DIR=/mnt/ssd/conservation/conservation-workbench
++ JSD_DIR=/mnt/ssd/conservation/conservation-workbench/conservation_code
++ PYTHON_CMD=python
++ BLASTDB_DIR=/mnt/ssd/conservation/blastdb
++ PSIBLAST_THREADS=24
++ export PATH=/mnt/ssd/conservation/conservation-workbench/ncbi-blast/bin:/mnt/ssd/conservation/conservation-workbench/cd-hit:/mnt/ssd/conservation/conservation-workbench:/home/rdk/.sdkman/candidates/gradle/current/bin:/usr/local/sbin:/usr/local/bin:/usr/sbin:/usr/bin:/sbin:/bin:/usr/games:/usr/local/games:/snap/bin:/usr/lib/jvm/java-8-oracle/bin:/usr/lib/jvm/java-8-oracle/db/bin:/usr/lib/jvm/java-8-oracle/jre/bin
++ PATH=/mnt/ssd/conservation/conservation-workbench/ncbi-blast/bin:/mnt/ssd/conservation/conservation-workbench/cd-hit:/mnt/ssd/conservation/conservation-workbench:/home/rdk/.sdkman/candidates/gradle/current/bin:/usr/local/sbin:/usr/local/bin:/usr/sbin:/usr/bin:/sbin:/bin:/usr/games:/usr/local/games:/snap/bin:/usr/lib/jvm/java-8-oracle/bin:/usr/lib/jvm/java-8-oracle/db/bin:/usr/lib/jvm/java-8-oracle/jre/bin
++ export JSD_DIR=/mnt/ssd/conservation/conservation-workbench/conservation_code
++ JSD_DIR=/mnt/ssd/conservation/conservation-workbench/conservation_code
++ export BLASTDB=/mnt/ssd/conservation/blastdb
++ BLASTDB=/mnt/ssd/conservation/blastdb
++ export PYTHON_CMD=python
++ PYTHON_CMD=python
++ export PSIBLAST_THREADS=24
++ PSIBLAST_THREADS=24
+ file=/mnt/ssd/prank/p2rank-datasets/coach420/fasta/1lzsAA.pdb.seq.fasta
+ outdir=/mnt/ssd/prank/p2rank-datasets/coach420/conservation_E5_I1
+ psiblast_evalue=0.00001
+ psiblast_iterations=1
+ mkdir -p /mnt/ssd/prank/p2rank-datasets/coach420/conservation_E5_I1/alignments
+ mkdir -p /mnt/ssd/prank/p2rank-datasets/coach420/conservation_E5_I1/scores
++ basename /mnt/ssd/prank/p2rank-datasets/coach420/fasta/1lzsAA.pdb.seq.fasta
+ file_base=1lzsAA.pdb.seq.fasta
+ alignments_file=/mnt/ssd/prank/p2rank-datasets/coach420/conservation_E5_I1/alignments/1lzsAA.pdb.seq.fasta.ali
+ scores_file=/mnt/ssd/prank/p2rank-datasets/coach420/conservation_E5_I1/scores/1lzsAA.pdb.seq.fasta.hom.gz
++ tempfile
+ blastResFile=/tmp/file3Vu6bl
++ tempfile
+ blastSeq=/tmp/filewGInBo
++ tempfile
+ modifiedInputFile=/tmp/fileiir57p
++ tempfile
+ muscleResultFile=/tmp/filekrwsqp
++ tempfile
+ conservationExtractorInput=/tmp/file9VM4Kp
+ search swissprot
+ db=swissprot
+ ./filter.awk
+ tee /mnt/ssd/prank/p2rank-datasets/coach420/conservation_E5_I1/alignments/1lzsAA.pdb.seq.fasta.ali
+ psiblast -db swissprot -outfmt '6 sallseqid qcovs pident' -evalue 0.00001 -num_threads 24 -num_iterations 1
+ blastdbcmd -db swissprot -entry_batch /tmp/file3Vu6bl
+ cd-hit -i /tmp/filewGInBo -o /tmp/file3Vu6bl
================================================================
Program: CD-HIT, V4.7 (+OpenMP), Mar 23 2018, 15:56:04
Command: cd-hit -i /tmp/filewGInBo -o /tmp/file3Vu6bl

Started: Wed Jan 16 16:48:31 2019
================================================================
                            Output                              
----------------------------------------------------------------
total seq: 140
longest and shortest : 221 and 120
Total letters: 19897
Sequences have been sorted

Approximated minimal memory consumption:
Sequence        : 0M
Buffer          : 1 X 10M = 10M
Table           : 1 X 65M = 65M
Miscellaneous   : 0M
Total           : 75M

Table limit with the given memory limit:
Max number of representatives: 2952746
Max number of word counting entries: 90509433

comparing sequences from          0  to        140

      140  finished         76  clusters

Apprixmated maximum memory consumption: 76M
writing new database
writing clustering information
program completed !

Total CPU time 0.07
++ grep '^>'
++ wc -l
+ numSeq=76
+ echo Found 76 sequences in swissprot
Found 76 sequences in swissprot
++ grep '^>'
++ wc -l
+ numSeq=76
+ '[' 1 = 0 ']'
+ sed 's/^>/>query_sekvence|/'
+ cat /tmp/file3Vu6bl /tmp/fileiir57p
+ muscle -quiet
+ awk -f sortMuscleOutput.awk
+ cd /mnt/ssd/conservation/conservation-workbench/conservation_code
+ gzip -9
+ python /mnt/ssd/conservation/conservation-workbench/conservation_code/score_conservation.py /tmp/file9VM4Kp
+ rm /tmp/filekrwsqp
+ rm /tmp/fileiir57p
+ rm /tmp/filewGInBo
+ rm /tmp/file3Vu6bl
TIME: 4 s
DONE
