PROCESSING [/mnt/ssd/prank/p2rank-datasets/coach420/fasta/2e1tAA.pdb.seq.fasta]
LOG: /mnt/ssd/prank/p2rank-datasets/coach420/conservation_E5_I1/log/2e1tAA.pdb.seq.fasta.log
+ source local-setenv.sh
++ PSIBLAST_DIR=/mnt/ssd/conservation/conservation-workbench/ncbi-blast/bin
++ CDHIT_DIR=/mnt/ssd/conservation/conservation-workbench/cd-hit
++ MUSCLE_DIR=/mnt/ssd/conservation/conservation-workbench
++ JSD_DIR=/mnt/ssd/conservation/conservation-workbench/conservation_code
++ PYTHON_CMD=python
++ BLASTDB_DIR=/mnt/ssd/conservation/blastdb
++ PSIBLAST_THREADS=24
++ export PATH=/mnt/ssd/conservation/conservation-workbench/ncbi-blast/bin:/mnt/ssd/conservation/conservation-workbench/cd-hit:/mnt/ssd/conservation/conservation-workbench:/home/rdk/.sdkman/candidates/gradle/current/bin:/usr/local/sbin:/usr/local/bin:/usr/sbin:/usr/bin:/sbin:/bin:/usr/games:/usr/local/games:/snap/bin:/usr/lib/jvm/java-8-oracle/bin:/usr/lib/jvm/java-8-oracle/db/bin:/usr/lib/jvm/java-8-oracle/jre/bin
++ PATH=/mnt/ssd/conservation/conservation-workbench/ncbi-blast/bin:/mnt/ssd/conservation/conservation-workbench/cd-hit:/mnt/ssd/conservation/conservation-workbench:/home/rdk/.sdkman/candidates/gradle/current/bin:/usr/local/sbin:/usr/local/bin:/usr/sbin:/usr/bin:/sbin:/bin:/usr/games:/usr/local/games:/snap/bin:/usr/lib/jvm/java-8-oracle/bin:/usr/lib/jvm/java-8-oracle/db/bin:/usr/lib/jvm/java-8-oracle/jre/bin
++ export JSD_DIR=/mnt/ssd/conservation/conservation-workbench/conservation_code
++ JSD_DIR=/mnt/ssd/conservation/conservation-workbench/conservation_code
++ export BLASTDB=/mnt/ssd/conservation/blastdb
++ BLASTDB=/mnt/ssd/conservation/blastdb
++ export PYTHON_CMD=python
++ PYTHON_CMD=python
++ export PSIBLAST_THREADS=24
++ PSIBLAST_THREADS=24
+ file=/mnt/ssd/prank/p2rank-datasets/coach420/fasta/2e1tAA.pdb.seq.fasta
+ outdir=/mnt/ssd/prank/p2rank-datasets/coach420/conservation_E5_I1
+ psiblast_evalue=0.00001
+ psiblast_iterations=1
+ mkdir -p /mnt/ssd/prank/p2rank-datasets/coach420/conservation_E5_I1/alignments
+ mkdir -p /mnt/ssd/prank/p2rank-datasets/coach420/conservation_E5_I1/scores
++ basename /mnt/ssd/prank/p2rank-datasets/coach420/fasta/2e1tAA.pdb.seq.fasta
+ file_base=2e1tAA.pdb.seq.fasta
+ alignments_file=/mnt/ssd/prank/p2rank-datasets/coach420/conservation_E5_I1/alignments/2e1tAA.pdb.seq.fasta.ali
+ scores_file=/mnt/ssd/prank/p2rank-datasets/coach420/conservation_E5_I1/scores/2e1tAA.pdb.seq.fasta.hom.gz
++ tempfile
+ blastResFile=/tmp/file11D8b7
++ tempfile
+ blastSeq=/tmp/fileKoGXl6
++ tempfile
+ modifiedInputFile=/tmp/fileJefBO6
++ tempfile
+ muscleResultFile=/tmp/fileKwTUU8
++ tempfile
+ conservationExtractorInput=/tmp/fileduGwC8
+ search swissprot
+ db=swissprot
+ ./filter.awk
+ tee /mnt/ssd/prank/p2rank-datasets/coach420/conservation_E5_I1/alignments/2e1tAA.pdb.seq.fasta.ali
+ psiblast -db swissprot -outfmt '6 sallseqid qcovs pident' -evalue 0.00001 -num_threads 24 -num_iterations 1
+ blastdbcmd -db swissprot -entry_batch /tmp/file11D8b7
+ cd-hit -i /tmp/fileKoGXl6 -o /tmp/file11D8b7
================================================================
Program: CD-HIT, V4.7 (+OpenMP), Mar 23 2018, 15:56:04
Command: cd-hit -i /tmp/fileKoGXl6 -o /tmp/file11D8b7

Started: Wed Jan 16 17:04:19 2019
================================================================
                            Output                              
----------------------------------------------------------------
total seq: 9
longest and shortest : 469 and 446
Total letters: 4140
Sequences have been sorted

Approximated minimal memory consumption:
Sequence        : 0M
Buffer          : 1 X 10M = 10M
Table           : 1 X 65M = 65M
Miscellaneous   : 0M
Total           : 75M

Table limit with the given memory limit:
Max number of representatives: 1287287
Max number of word counting entries: 90507447

comparing sequences from          0  to          9

        9  finished          8  clusters

Apprixmated maximum memory consumption: 75M
writing new database
writing clustering information
program completed !

Total CPU time 0.07
++ grep '^>'
++ wc -l
+ numSeq=8
+ echo Found 8 sequences in swissprot
Found 8 sequences in swissprot
++ grep '^>'
++ wc -l
+ numSeq=8
+ '[' 0 = 0 ']'
+ search uniref90
+ db=uniref90
+ ./filter.awk
+ psiblast -db uniref90 -outfmt '6 sallseqid qcovs pident' -evalue 0.00001 -num_threads 24 -num_iterations 1
+ tee /mnt/ssd/prank/p2rank-datasets/coach420/conservation_E5_I1/alignments/2e1tAA.pdb.seq.fasta.ali
+ blastdbcmd -db uniref90 -entry_batch /tmp/file11D8b7
+ cd-hit -i /tmp/fileKoGXl6 -o /tmp/file11D8b7
================================================================
Program: CD-HIT, V4.7 (+OpenMP), Mar 23 2018, 15:56:04
Command: cd-hit -i /tmp/fileKoGXl6 -o /tmp/file11D8b7

Started: Wed Jan 16 17:05:30 2019
================================================================
                            Output                              
----------------------------------------------------------------
total seq: 495
longest and shortest : 1375 and 379
Total letters: 232480
Sequences have been sorted

Approximated minimal memory consumption:
Sequence        : 0M
Buffer          : 1 X 10M = 10M
Table           : 1 X 65M = 65M
Miscellaneous   : 0M
Total           : 76M

Table limit with the given memory limit:
Max number of representatives: 1279776
Max number of word counting entries: 90444214

comparing sequences from          0  to        495

      495  finished        488  clusters

Apprixmated maximum memory consumption: 78M
writing new database
writing clustering information
program completed !

Total CPU time 0.14
++ grep '^>'
++ wc -l
+ numSeq=488
+ echo Found 488 sequences in uniref90
Found 488 sequences in uniref90
+ sed 's/^>/>query_sekvence|/'
+ muscle -quiet
+ cat /tmp/file11D8b7 /tmp/fileJefBO6
+ awk -f sortMuscleOutput.awk
+ cd /mnt/ssd/conservation/conservation-workbench/conservation_code
+ gzip -9
+ python /mnt/ssd/conservation/conservation-workbench/conservation_code/score_conservation.py /tmp/fileduGwC8
+ rm /tmp/fileKwTUU8
+ rm /tmp/fileJefBO6
+ rm /tmp/fileKoGXl6
+ rm /tmp/file11D8b7
TIME: 40 min 32 s
DONE
