PROCESSING [/mnt/ssd/prank/p2rank-datasets/coach420/fasta/2rk2AA.pdb.seq.fasta]
LOG: /mnt/ssd/prank/p2rank-datasets/coach420/conservation_E5_I1/log/2rk2AA.pdb.seq.fasta.log
+ source local-setenv.sh
++ PSIBLAST_DIR=/mnt/ssd/conservation/conservation-workbench/ncbi-blast/bin
++ CDHIT_DIR=/mnt/ssd/conservation/conservation-workbench/cd-hit
++ MUSCLE_DIR=/mnt/ssd/conservation/conservation-workbench
++ JSD_DIR=/mnt/ssd/conservation/conservation-workbench/conservation_code
++ PYTHON_CMD=python
++ BLASTDB_DIR=/mnt/ssd/conservation/blastdb
++ PSIBLAST_THREADS=24
++ export PATH=/mnt/ssd/conservation/conservation-workbench/ncbi-blast/bin:/mnt/ssd/conservation/conservation-workbench/cd-hit:/mnt/ssd/conservation/conservation-workbench:/home/rdk/.sdkman/candidates/gradle/current/bin:/usr/local/sbin:/usr/local/bin:/usr/sbin:/usr/bin:/sbin:/bin:/usr/games:/usr/local/games:/snap/bin:/usr/lib/jvm/java-8-oracle/bin:/usr/lib/jvm/java-8-oracle/db/bin:/usr/lib/jvm/java-8-oracle/jre/bin
++ PATH=/mnt/ssd/conservation/conservation-workbench/ncbi-blast/bin:/mnt/ssd/conservation/conservation-workbench/cd-hit:/mnt/ssd/conservation/conservation-workbench:/home/rdk/.sdkman/candidates/gradle/current/bin:/usr/local/sbin:/usr/local/bin:/usr/sbin:/usr/bin:/sbin:/bin:/usr/games:/usr/local/games:/snap/bin:/usr/lib/jvm/java-8-oracle/bin:/usr/lib/jvm/java-8-oracle/db/bin:/usr/lib/jvm/java-8-oracle/jre/bin
++ export JSD_DIR=/mnt/ssd/conservation/conservation-workbench/conservation_code
++ JSD_DIR=/mnt/ssd/conservation/conservation-workbench/conservation_code
++ export BLASTDB=/mnt/ssd/conservation/blastdb
++ BLASTDB=/mnt/ssd/conservation/blastdb
++ export PYTHON_CMD=python
++ PYTHON_CMD=python
++ export PSIBLAST_THREADS=24
++ PSIBLAST_THREADS=24
+ file=/mnt/ssd/prank/p2rank-datasets/coach420/fasta/2rk2AA.pdb.seq.fasta
+ outdir=/mnt/ssd/prank/p2rank-datasets/coach420/conservation_E5_I1
+ psiblast_evalue=0.00001
+ psiblast_iterations=1
+ mkdir -p /mnt/ssd/prank/p2rank-datasets/coach420/conservation_E5_I1/alignments
+ mkdir -p /mnt/ssd/prank/p2rank-datasets/coach420/conservation_E5_I1/scores
++ basename /mnt/ssd/prank/p2rank-datasets/coach420/fasta/2rk2AA.pdb.seq.fasta
+ file_base=2rk2AA.pdb.seq.fasta
+ alignments_file=/mnt/ssd/prank/p2rank-datasets/coach420/conservation_E5_I1/alignments/2rk2AA.pdb.seq.fasta.ali
+ scores_file=/mnt/ssd/prank/p2rank-datasets/coach420/conservation_E5_I1/scores/2rk2AA.pdb.seq.fasta.hom.gz
++ tempfile
+ blastResFile=/tmp/filevEaHNh
++ tempfile
+ blastSeq=/tmp/fileGImGTj
++ tempfile
+ modifiedInputFile=/tmp/filebSoiKj
++ tempfile
+ muscleResultFile=/tmp/file9pFWdj
++ tempfile
+ conservationExtractorInput=/tmp/fileyXGFrm
+ search swissprot
+ db=swissprot
+ tee /mnt/ssd/prank/p2rank-datasets/coach420/conservation_E5_I1/alignments/2rk2AA.pdb.seq.fasta.ali
+ psiblast -db swissprot -outfmt '6 sallseqid qcovs pident' -evalue 0.00001 -num_threads 24 -num_iterations 1
+ ./filter.awk
+ blastdbcmd -db swissprot -entry_batch /tmp/filevEaHNh
+ cd-hit -i /tmp/fileGImGTj -o /tmp/filevEaHNh
================================================================
Program: CD-HIT, V4.7 (+OpenMP), Mar 23 2018, 15:56:04
Command: cd-hit -i /tmp/fileGImGTj -o /tmp/filevEaHNh

Started: Wed Jan 16 16:46:14 2019
================================================================
                            Output                              
----------------------------------------------------------------
total seq: 2
longest and shortest : 78 and 78
Total letters: 156
Sequences have been sorted

Approximated minimal memory consumption:
Sequence        : 0M
Buffer          : 1 X 10M = 10M
Table           : 1 X 65M = 65M
Miscellaneous   : 0M
Total           : 75M

Table limit with the given memory limit:
Max number of representatives: 4000000
Max number of word counting entries: 90518497

comparing sequences from          0  to          2

        2  finished          2  clusters

Apprixmated maximum memory consumption: 75M
writing new database
writing clustering information
program completed !

Total CPU time 0.07
++ grep '^>'
++ wc -l
+ numSeq=2
+ echo Found 2 sequences in swissprot
Found 2 sequences in swissprot
++ grep '^>'
++ wc -l
+ numSeq=2
+ '[' 0 = 0 ']'
+ search uniref90
+ db=uniref90
+ psiblast -db uniref90 -outfmt '6 sallseqid qcovs pident' -evalue 0.00001 -num_threads 24 -num_iterations 1
+ tee /mnt/ssd/prank/p2rank-datasets/coach420/conservation_E5_I1/alignments/2rk2AA.pdb.seq.fasta.ali
+ ./filter.awk
+ blastdbcmd -db uniref90 -entry_batch /tmp/filevEaHNh
+ cd-hit -i /tmp/fileGImGTj -o /tmp/filevEaHNh
================================================================
Program: CD-HIT, V4.7 (+OpenMP), Mar 23 2018, 15:56:04
Command: cd-hit -i /tmp/fileGImGTj -o /tmp/filevEaHNh

Started: Wed Jan 16 16:46:40 2019
================================================================
                            Output                              
----------------------------------------------------------------
total seq: 28
longest and shortest : 463 and 60
Total letters: 3435
Sequences have been sorted

Approximated minimal memory consumption:
Sequence        : 0M
Buffer          : 1 X 10M = 10M
Table           : 1 X 65M = 65M
Miscellaneous   : 0M
Total           : 75M

Table limit with the given memory limit:
Max number of representatives: 3211427
Max number of word counting entries: 90507266

comparing sequences from          0  to         28

       28  finished         27  clusters

Apprixmated maximum memory consumption: 75M
writing new database
writing clustering information
program completed !

Total CPU time 0.07
++ grep '^>'
++ wc -l
+ numSeq=27
+ echo Found 27 sequences in uniref90
Found 27 sequences in uniref90
+ sed 's/^>/>query_sekvence|/'
+ cat /tmp/filevEaHNh /tmp/filebSoiKj
+ muscle -quiet
+ awk -f sortMuscleOutput.awk
+ cd /mnt/ssd/conservation/conservation-workbench/conservation_code
+ python /mnt/ssd/conservation/conservation-workbench/conservation_code/score_conservation.py /tmp/fileyXGFrm
+ gzip -9
+ rm /tmp/file9pFWdj
+ rm /tmp/filebSoiKj
+ rm /tmp/fileGImGTj
+ rm /tmp/filevEaHNh
TIME: 27 s
DONE
