PROCESSING [/mnt/ssd/prank/p2rank-datasets/coach420/fasta/2zasAA.pdb.seq.fasta]
LOG: /mnt/ssd/prank/p2rank-datasets/coach420/conservation_E5_I1/log/2zasAA.pdb.seq.fasta.log
+ source local-setenv.sh
++ PSIBLAST_DIR=/mnt/ssd/conservation/conservation-workbench/ncbi-blast/bin
++ CDHIT_DIR=/mnt/ssd/conservation/conservation-workbench/cd-hit
++ MUSCLE_DIR=/mnt/ssd/conservation/conservation-workbench
++ JSD_DIR=/mnt/ssd/conservation/conservation-workbench/conservation_code
++ PYTHON_CMD=python
++ BLASTDB_DIR=/mnt/ssd/conservation/blastdb
++ PSIBLAST_THREADS=24
++ export PATH=/mnt/ssd/conservation/conservation-workbench/ncbi-blast/bin:/mnt/ssd/conservation/conservation-workbench/cd-hit:/mnt/ssd/conservation/conservation-workbench:/home/rdk/.sdkman/candidates/gradle/current/bin:/usr/local/sbin:/usr/local/bin:/usr/sbin:/usr/bin:/sbin:/bin:/usr/games:/usr/local/games:/snap/bin:/usr/lib/jvm/java-8-oracle/bin:/usr/lib/jvm/java-8-oracle/db/bin:/usr/lib/jvm/java-8-oracle/jre/bin
++ PATH=/mnt/ssd/conservation/conservation-workbench/ncbi-blast/bin:/mnt/ssd/conservation/conservation-workbench/cd-hit:/mnt/ssd/conservation/conservation-workbench:/home/rdk/.sdkman/candidates/gradle/current/bin:/usr/local/sbin:/usr/local/bin:/usr/sbin:/usr/bin:/sbin:/bin:/usr/games:/usr/local/games:/snap/bin:/usr/lib/jvm/java-8-oracle/bin:/usr/lib/jvm/java-8-oracle/db/bin:/usr/lib/jvm/java-8-oracle/jre/bin
++ export JSD_DIR=/mnt/ssd/conservation/conservation-workbench/conservation_code
++ JSD_DIR=/mnt/ssd/conservation/conservation-workbench/conservation_code
++ export BLASTDB=/mnt/ssd/conservation/blastdb
++ BLASTDB=/mnt/ssd/conservation/blastdb
++ export PYTHON_CMD=python
++ PYTHON_CMD=python
++ export PSIBLAST_THREADS=24
++ PSIBLAST_THREADS=24
+ file=/mnt/ssd/prank/p2rank-datasets/coach420/fasta/2zasAA.pdb.seq.fasta
+ outdir=/mnt/ssd/prank/p2rank-datasets/coach420/conservation_E5_I1
+ psiblast_evalue=0.00001
+ psiblast_iterations=1
+ mkdir -p /mnt/ssd/prank/p2rank-datasets/coach420/conservation_E5_I1/alignments
+ mkdir -p /mnt/ssd/prank/p2rank-datasets/coach420/conservation_E5_I1/scores
++ basename /mnt/ssd/prank/p2rank-datasets/coach420/fasta/2zasAA.pdb.seq.fasta
+ file_base=2zasAA.pdb.seq.fasta
+ alignments_file=/mnt/ssd/prank/p2rank-datasets/coach420/conservation_E5_I1/alignments/2zasAA.pdb.seq.fasta.ali
+ scores_file=/mnt/ssd/prank/p2rank-datasets/coach420/conservation_E5_I1/scores/2zasAA.pdb.seq.fasta.hom.gz
++ tempfile
+ blastResFile=/tmp/fileiXSe00
++ tempfile
+ blastSeq=/tmp/filezain72
++ tempfile
+ modifiedInputFile=/tmp/file1334P1
++ tempfile
+ muscleResultFile=/tmp/file3BoQk2
++ tempfile
+ conservationExtractorInput=/tmp/filegNS8g6
+ search swissprot
+ db=swissprot
+ ./filter.awk
+ psiblast -db swissprot -outfmt '6 sallseqid qcovs pident' -evalue 0.00001 -num_threads 24 -num_iterations 1
+ tee /mnt/ssd/prank/p2rank-datasets/coach420/conservation_E5_I1/alignments/2zasAA.pdb.seq.fasta.ali
+ blastdbcmd -db swissprot -entry_batch /tmp/fileiXSe00
+ cd-hit -i /tmp/filezain72 -o /tmp/fileiXSe00
================================================================
Program: CD-HIT, V4.7 (+OpenMP), Mar 23 2018, 15:56:04
Command: cd-hit -i /tmp/filezain72 -o /tmp/fileiXSe00

Started: Wed Jan 16 18:16:19 2019
================================================================
                            Output                              
----------------------------------------------------------------
total seq: 115
longest and shortest : 673 and 279
Total letters: 57484
Sequences have been sorted

Approximated minimal memory consumption:
Sequence        : 0M
Buffer          : 1 X 10M = 10M
Table           : 1 X 65M = 65M
Miscellaneous   : 0M
Total           : 76M

Table limit with the given memory limit:
Max number of representatives: 1195274
Max number of word counting entries: 90493203

comparing sequences from          0  to        115

      115  finished         62  clusters

Apprixmated maximum memory consumption: 76M
writing new database
writing clustering information
program completed !

Total CPU time 0.10
++ wc -l
++ grep '^>'
+ numSeq=62
+ echo Found 62 sequences in swissprot
Found 62 sequences in swissprot
++ grep '^>'
++ wc -l
+ numSeq=62
+ '[' 1 = 0 ']'
+ sed 's/^>/>query_sekvence|/'
+ muscle -quiet
+ cat /tmp/fileiXSe00 /tmp/file1334P1
+ awk -f sortMuscleOutput.awk
+ cd /mnt/ssd/conservation/conservation-workbench/conservation_code
+ gzip -9
+ python /mnt/ssd/conservation/conservation-workbench/conservation_code/score_conservation.py /tmp/filegNS8g6
+ rm /tmp/file3BoQk2
+ rm /tmp/file1334P1
+ rm /tmp/filezain72
+ rm /tmp/fileiXSe00
TIME: 12 s
DONE
