PROCESSING [/mnt/ssd/prank/p2rank-datasets/chen11/fasta/a.102.002.001_1dl2aA.pdb.seq.fasta]
LOG: /mnt/ssd/prank/p2rank-datasets/chen11/conservation/e5i1/log/a.102.002.001_1dl2aA.pdb.seq.fasta.log
+ source local-setenv.sh
++ PSIBLAST_DIR=/mnt/ssd/conservation/conservation-workbench/ncbi-blast/bin
++ CDHIT_DIR=/mnt/ssd/conservation/conservation-workbench/cd-hit
++ MUSCLE_DIR=/mnt/ssd/conservation/conservation-workbench
++ JSD_DIR=/mnt/ssd/conservation/conservation-workbench/conservation_code
++ PYTHON_CMD=python
++ BLASTDB_DIR=/mnt/ssd/conservation/blastdb
++ PSIBLAST_THREADS=24
++ export PATH=/mnt/ssd/conservation/conservation-workbench/ncbi-blast/bin:/mnt/ssd/conservation/conservation-workbench/cd-hit:/mnt/ssd/conservation/conservation-workbench:/home/rdk/.sdkman/candidates/gradle/current/bin:/usr/local/sbin:/usr/local/bin:/usr/sbin:/usr/bin:/sbin:/bin:/usr/games:/usr/local/games:/snap/bin:/usr/lib/jvm/java-8-oracle/bin:/usr/lib/jvm/java-8-oracle/db/bin:/usr/lib/jvm/java-8-oracle/jre/bin
++ PATH=/mnt/ssd/conservation/conservation-workbench/ncbi-blast/bin:/mnt/ssd/conservation/conservation-workbench/cd-hit:/mnt/ssd/conservation/conservation-workbench:/home/rdk/.sdkman/candidates/gradle/current/bin:/usr/local/sbin:/usr/local/bin:/usr/sbin:/usr/bin:/sbin:/bin:/usr/games:/usr/local/games:/snap/bin:/usr/lib/jvm/java-8-oracle/bin:/usr/lib/jvm/java-8-oracle/db/bin:/usr/lib/jvm/java-8-oracle/jre/bin
++ export JSD_DIR=/mnt/ssd/conservation/conservation-workbench/conservation_code
++ JSD_DIR=/mnt/ssd/conservation/conservation-workbench/conservation_code
++ export BLASTDB=/mnt/ssd/conservation/blastdb
++ BLASTDB=/mnt/ssd/conservation/blastdb
++ export PYTHON_CMD=python
++ PYTHON_CMD=python
++ export PSIBLAST_THREADS=24
++ PSIBLAST_THREADS=24
+ file=/mnt/ssd/prank/p2rank-datasets/chen11/fasta/a.102.002.001_1dl2aA.pdb.seq.fasta
+ outdir=/mnt/ssd/prank/p2rank-datasets/chen11/conservation/e5i1
+ psiblast_evalue=0.00001
+ psiblast_iterations=1
+ mkdir -p /mnt/ssd/prank/p2rank-datasets/chen11/conservation/e5i1/alignments
+ mkdir -p /mnt/ssd/prank/p2rank-datasets/chen11/conservation/e5i1/scores
++ basename /mnt/ssd/prank/p2rank-datasets/chen11/fasta/a.102.002.001_1dl2aA.pdb.seq.fasta
+ file_base=a.102.002.001_1dl2aA.pdb.seq.fasta
+ alignments_file=/mnt/ssd/prank/p2rank-datasets/chen11/conservation/e5i1/alignments/a.102.002.001_1dl2aA.pdb.seq.fasta.ali
+ scores_file=/mnt/ssd/prank/p2rank-datasets/chen11/conservation/e5i1/scores/a.102.002.001_1dl2aA.pdb.seq.fasta.hom.gz
++ tempfile
+ blastResFile=/tmp/fileDxsD9I
++ tempfile
+ blastSeq=/tmp/file2Do13I
++ tempfile
+ modifiedInputFile=/tmp/fileqgCIXI
++ tempfile
+ muscleResultFile=/tmp/fileeGbfSI
++ tempfile
+ conservationExtractorInput=/tmp/fileQUDWLI
+ search swissprot
+ db=swissprot
+ psiblast -db swissprot -outfmt '6 sallseqid qcovs pident' -evalue 0.00001 -num_threads 24 -num_iterations 1
+ tee /mnt/ssd/prank/p2rank-datasets/chen11/conservation/e5i1/alignments/a.102.002.001_1dl2aA.pdb.seq.fasta.ali
+ ./filter.awk
+ blastdbcmd -db swissprot -entry_batch /tmp/fileDxsD9I
+ cd-hit -i /tmp/file2Do13I -o /tmp/fileDxsD9I
================================================================
Program: CD-HIT, V4.7 (+OpenMP), Mar 23 2018, 15:56:04
Command: cd-hit -i /tmp/file2Do13I -o /tmp/fileDxsD9I

Started: Sun Jan 20 03:20:22 2019
================================================================
                            Output                              
----------------------------------------------------------------
total seq: 18
longest and shortest : 699 and 469
Total letters: 10970
Sequences have been sorted

Approximated minimal memory consumption:
Sequence        : 0M
Buffer          : 1 X 10M = 10M
Table           : 1 X 65M = 65M
Miscellaneous   : 0M
Total           : 75M

Table limit with the given memory limit:
Max number of representatives: 976140
Max number of word counting entries: 90500287

comparing sequences from          0  to         18

       18  finished         14  clusters

Apprixmated maximum memory consumption: 76M
writing new database
writing clustering information
program completed !

Total CPU time 0.08
++ grep '^>'
++ wc -l
+ numSeq=14
+ echo Found 14 sequences in swissprot
Found 14 sequences in swissprot
++ wc -l
++ grep '^>'
+ numSeq=14
+ '[' 0 = 0 ']'
+ search uniref90
+ db=uniref90
+ psiblast -db uniref90 -outfmt '6 sallseqid qcovs pident' -evalue 0.00001 -num_threads 24 -num_iterations 1
+ tee /mnt/ssd/prank/p2rank-datasets/chen11/conservation/e5i1/alignments/a.102.002.001_1dl2aA.pdb.seq.fasta.ali
+ ./filter.awk
+ blastdbcmd -db uniref90 -entry_batch /tmp/fileDxsD9I
+ cd-hit -i /tmp/file2Do13I -o /tmp/fileDxsD9I
================================================================
Program: CD-HIT, V4.7 (+OpenMP), Mar 23 2018, 15:56:04
Command: cd-hit -i /tmp/file2Do13I -o /tmp/fileDxsD9I

Started: Sun Jan 20 03:22:42 2019
================================================================
                            Output                              
----------------------------------------------------------------
total seq: 493
longest and shortest : 1512 and 415
Total letters: 317981
Sequences have been sorted

Approximated minimal memory consumption:
Sequence        : 0M
Buffer          : 1 X 10M = 10M
Table           : 1 X 65M = 65M
Miscellaneous   : 0M
Total           : 76M

Table limit with the given memory limit:
Max number of representatives: 971696
Max number of word counting entries: 90429948

comparing sequences from          0  to        493

      493  finished        475  clusters

Apprixmated maximum memory consumption: 79M
writing new database
writing clustering information
program completed !

Total CPU time 0.18
++ wc -l
++ grep '^>'
+ numSeq=475
+ echo Found 475 sequences in uniref90
Found 475 sequences in uniref90
+ sed 's/^>/>query_sekvence|/'
+ muscle -quiet
+ cat /tmp/fileDxsD9I /tmp/fileqgCIXI
+ awk -f sortMuscleOutput.awk
+ cd /mnt/ssd/conservation/conservation-workbench/conservation_code
+ python /mnt/ssd/conservation/conservation-workbench/conservation_code/score_conservation.py /tmp/fileQUDWLI
+ gzip -9
+ rm /tmp/fileeGbfSI
+ rm /tmp/fileqgCIXI
+ rm /tmp/file2Do13I
+ rm /tmp/fileDxsD9I
TIME: 16 min 16 s
DONE
