PROCESSING [/mnt/ssd/prank/p2rank-datasets/chen11/fasta/b.070.003.001_2ajcaA.pdb.seq.fasta]
LOG: /mnt/ssd/prank/p2rank-datasets/chen11/conservation/e5i1/log/b.070.003.001_2ajcaA.pdb.seq.fasta.log
+ source local-setenv.sh
++ PSIBLAST_DIR=/mnt/ssd/conservation/conservation-workbench/ncbi-blast/bin
++ CDHIT_DIR=/mnt/ssd/conservation/conservation-workbench/cd-hit
++ MUSCLE_DIR=/mnt/ssd/conservation/conservation-workbench
++ JSD_DIR=/mnt/ssd/conservation/conservation-workbench/conservation_code
++ PYTHON_CMD=python
++ BLASTDB_DIR=/mnt/ssd/conservation/blastdb
++ PSIBLAST_THREADS=24
++ export PATH=/mnt/ssd/conservation/conservation-workbench/ncbi-blast/bin:/mnt/ssd/conservation/conservation-workbench/cd-hit:/mnt/ssd/conservation/conservation-workbench:/home/rdk/.sdkman/candidates/gradle/current/bin:/usr/local/sbin:/usr/local/bin:/usr/sbin:/usr/bin:/sbin:/bin:/usr/games:/usr/local/games:/snap/bin:/usr/lib/jvm/java-8-oracle/bin:/usr/lib/jvm/java-8-oracle/db/bin:/usr/lib/jvm/java-8-oracle/jre/bin
++ PATH=/mnt/ssd/conservation/conservation-workbench/ncbi-blast/bin:/mnt/ssd/conservation/conservation-workbench/cd-hit:/mnt/ssd/conservation/conservation-workbench:/home/rdk/.sdkman/candidates/gradle/current/bin:/usr/local/sbin:/usr/local/bin:/usr/sbin:/usr/bin:/sbin:/bin:/usr/games:/usr/local/games:/snap/bin:/usr/lib/jvm/java-8-oracle/bin:/usr/lib/jvm/java-8-oracle/db/bin:/usr/lib/jvm/java-8-oracle/jre/bin
++ export JSD_DIR=/mnt/ssd/conservation/conservation-workbench/conservation_code
++ JSD_DIR=/mnt/ssd/conservation/conservation-workbench/conservation_code
++ export BLASTDB=/mnt/ssd/conservation/blastdb
++ BLASTDB=/mnt/ssd/conservation/blastdb
++ export PYTHON_CMD=python
++ PYTHON_CMD=python
++ export PSIBLAST_THREADS=24
++ PSIBLAST_THREADS=24
+ file=/mnt/ssd/prank/p2rank-datasets/chen11/fasta/b.070.003.001_2ajcaA.pdb.seq.fasta
+ outdir=/mnt/ssd/prank/p2rank-datasets/chen11/conservation/e5i1
+ psiblast_evalue=0.00001
+ psiblast_iterations=1
+ mkdir -p /mnt/ssd/prank/p2rank-datasets/chen11/conservation/e5i1/alignments
+ mkdir -p /mnt/ssd/prank/p2rank-datasets/chen11/conservation/e5i1/scores
++ basename /mnt/ssd/prank/p2rank-datasets/chen11/fasta/b.070.003.001_2ajcaA.pdb.seq.fasta
+ file_base=b.070.003.001_2ajcaA.pdb.seq.fasta
+ alignments_file=/mnt/ssd/prank/p2rank-datasets/chen11/conservation/e5i1/alignments/b.070.003.001_2ajcaA.pdb.seq.fasta.ali
+ scores_file=/mnt/ssd/prank/p2rank-datasets/chen11/conservation/e5i1/scores/b.070.003.001_2ajcaA.pdb.seq.fasta.hom.gz
++ tempfile
+ blastResFile=/tmp/fileIXerOs
++ tempfile
+ blastSeq=/tmp/filejlL6ow
++ tempfile
+ modifiedInputFile=/tmp/file24564u
++ tempfile
+ muscleResultFile=/tmp/fileOIm8Ey
++ tempfile
+ conservationExtractorInput=/tmp/filebgsVVx
+ search swissprot
+ db=swissprot
+ ./filter.awk
+ psiblast -db swissprot -outfmt '6 sallseqid qcovs pident' -evalue 0.00001 -num_threads 24 -num_iterations 1
+ tee /mnt/ssd/prank/p2rank-datasets/chen11/conservation/e5i1/alignments/b.070.003.001_2ajcaA.pdb.seq.fasta.ali
+ blastdbcmd -db swissprot -entry_batch /tmp/fileIXerOs
+ cd-hit -i /tmp/filejlL6ow -o /tmp/fileIXerOs
================================================================
Program: CD-HIT, V4.7 (+OpenMP), Mar 23 2018, 15:56:04
Command: cd-hit -i /tmp/filejlL6ow -o /tmp/fileIXerOs

Started: Sun Jan 20 03:05:23 2019
================================================================
                            Output                              
----------------------------------------------------------------
total seq: 24
longest and shortest : 865 and 753
Total letters: 18868
Sequences have been sorted

Approximated minimal memory consumption:
Sequence        : 0M
Buffer          : 1 X 10M = 10M
Table           : 1 X 65M = 65M
Miscellaneous   : 0M
Total           : 76M

Table limit with the given memory limit:
Max number of representatives: 826563
Max number of word counting entries: 90494758

comparing sequences from          0  to         24

       24  finished         12  clusters

Apprixmated maximum memory consumption: 76M
writing new database
writing clustering information
program completed !

Total CPU time 0.07
++ grep '^>'
++ wc -l
+ numSeq=12
+ echo Found 12 sequences in swissprot
Found 12 sequences in swissprot
++ grep '^>'
++ wc -l
+ numSeq=12
+ '[' 0 = 0 ']'
+ search uniref90
+ db=uniref90
+ ./filter.awk
+ psiblast -db uniref90 -outfmt '6 sallseqid qcovs pident' -evalue 0.00001 -num_threads 24 -num_iterations 1
+ tee /mnt/ssd/prank/p2rank-datasets/chen11/conservation/e5i1/alignments/b.070.003.001_2ajcaA.pdb.seq.fasta.ali
+ blastdbcmd -db uniref90 -entry_batch /tmp/fileIXerOs
+ cd-hit -i /tmp/filejlL6ow -o /tmp/fileIXerOs
================================================================
Program: CD-HIT, V4.7 (+OpenMP), Mar 23 2018, 15:56:04
Command: cd-hit -i /tmp/filejlL6ow -o /tmp/fileIXerOs

Started: Sun Jan 20 03:07:02 2019
================================================================
                            Output                              
----------------------------------------------------------------
total seq: 470
longest and shortest : 1590 and 414
Total letters: 361582
Sequences have been sorted

Approximated minimal memory consumption:
Sequence        : 0M
Buffer          : 1 X 10M = 10M
Table           : 1 X 65M = 65M
Miscellaneous   : 0M
Total           : 76M

Table limit with the given memory limit:
Max number of representatives: 828057
Max number of word counting entries: 90422878

comparing sequences from          0  to        470

      470  finished        421  clusters

Apprixmated maximum memory consumption: 79M
writing new database
writing clustering information
program completed !

Total CPU time 0.27
++ grep '^>'
++ wc -l
+ numSeq=421
+ echo Found 421 sequences in uniref90
Found 421 sequences in uniref90
+ sed 's/^>/>query_sekvence|/'
+ cat /tmp/fileIXerOs /tmp/file24564u
+ muscle -quiet
+ awk -f sortMuscleOutput.awk
+ cd /mnt/ssd/conservation/conservation-workbench/conservation_code
+ gzip -9
+ python /mnt/ssd/conservation/conservation-workbench/conservation_code/score_conservation.py /tmp/filebgsVVx
+ rm /tmp/fileOIm8Ey
+ rm /tmp/file24564u
+ rm /tmp/filejlL6ow
+ rm /tmp/fileIXerOs
TIME: 27 min 36 s
DONE
