PROCESSING [/mnt/ssd/prank/p2rank-datasets/chen11/fasta/c.001.008.008_2j8faA.pdb.seq.fasta]
LOG: /mnt/ssd/prank/p2rank-datasets/chen11/conservation/e5i1/log/c.001.008.008_2j8faA.pdb.seq.fasta.log
+ source local-setenv.sh
++ PSIBLAST_DIR=/mnt/ssd/conservation/conservation-workbench/ncbi-blast/bin
++ CDHIT_DIR=/mnt/ssd/conservation/conservation-workbench/cd-hit
++ MUSCLE_DIR=/mnt/ssd/conservation/conservation-workbench
++ JSD_DIR=/mnt/ssd/conservation/conservation-workbench/conservation_code
++ PYTHON_CMD=python
++ BLASTDB_DIR=/mnt/ssd/conservation/blastdb
++ PSIBLAST_THREADS=24
++ export PATH=/mnt/ssd/conservation/conservation-workbench/ncbi-blast/bin:/mnt/ssd/conservation/conservation-workbench/cd-hit:/mnt/ssd/conservation/conservation-workbench:/home/rdk/.sdkman/candidates/gradle/current/bin:/usr/local/sbin:/usr/local/bin:/usr/sbin:/usr/bin:/sbin:/bin:/usr/games:/usr/local/games:/snap/bin:/usr/lib/jvm/java-8-oracle/bin:/usr/lib/jvm/java-8-oracle/db/bin:/usr/lib/jvm/java-8-oracle/jre/bin
++ PATH=/mnt/ssd/conservation/conservation-workbench/ncbi-blast/bin:/mnt/ssd/conservation/conservation-workbench/cd-hit:/mnt/ssd/conservation/conservation-workbench:/home/rdk/.sdkman/candidates/gradle/current/bin:/usr/local/sbin:/usr/local/bin:/usr/sbin:/usr/bin:/sbin:/bin:/usr/games:/usr/local/games:/snap/bin:/usr/lib/jvm/java-8-oracle/bin:/usr/lib/jvm/java-8-oracle/db/bin:/usr/lib/jvm/java-8-oracle/jre/bin
++ export JSD_DIR=/mnt/ssd/conservation/conservation-workbench/conservation_code
++ JSD_DIR=/mnt/ssd/conservation/conservation-workbench/conservation_code
++ export BLASTDB=/mnt/ssd/conservation/blastdb
++ BLASTDB=/mnt/ssd/conservation/blastdb
++ export PYTHON_CMD=python
++ PYTHON_CMD=python
++ export PSIBLAST_THREADS=24
++ PSIBLAST_THREADS=24
+ file=/mnt/ssd/prank/p2rank-datasets/chen11/fasta/c.001.008.008_2j8faA.pdb.seq.fasta
+ outdir=/mnt/ssd/prank/p2rank-datasets/chen11/conservation/e5i1
+ psiblast_evalue=0.00001
+ psiblast_iterations=1
+ mkdir -p /mnt/ssd/prank/p2rank-datasets/chen11/conservation/e5i1/alignments
+ mkdir -p /mnt/ssd/prank/p2rank-datasets/chen11/conservation/e5i1/scores
++ basename /mnt/ssd/prank/p2rank-datasets/chen11/fasta/c.001.008.008_2j8faA.pdb.seq.fasta
+ file_base=c.001.008.008_2j8faA.pdb.seq.fasta
+ alignments_file=/mnt/ssd/prank/p2rank-datasets/chen11/conservation/e5i1/alignments/c.001.008.008_2j8faA.pdb.seq.fasta.ali
+ scores_file=/mnt/ssd/prank/p2rank-datasets/chen11/conservation/e5i1/scores/c.001.008.008_2j8faA.pdb.seq.fasta.hom.gz
++ tempfile
+ blastResFile=/tmp/filebBWVIV
++ tempfile
+ blastSeq=/tmp/filer1Drw0
++ tempfile
+ modifiedInputFile=/tmp/fileAoHaV5
++ tempfile
+ muscleResultFile=/tmp/filewLcpc7
++ tempfile
+ conservationExtractorInput=/tmp/fileUMuXB9
+ search swissprot
+ db=swissprot
+ tee /mnt/ssd/prank/p2rank-datasets/chen11/conservation/e5i1/alignments/c.001.008.008_2j8faA.pdb.seq.fasta.ali
+ psiblast -db swissprot -outfmt '6 sallseqid qcovs pident' -evalue 0.00001 -num_threads 24 -num_iterations 1
+ ./filter.awk
+ blastdbcmd -db swissprot -entry_batch /tmp/filebBWVIV
+ cd-hit -i /tmp/filer1Drw0 -o /tmp/filebBWVIV
================================================================
Program: CD-HIT, V4.7 (+OpenMP), Mar 23 2018, 15:56:04
Command: cd-hit -i /tmp/filer1Drw0 -o /tmp/filebBWVIV

Started: Sun Jan 20 02:16:37 2019
================================================================
                            Output                              
----------------------------------------------------------------
total seq: 2
longest and shortest : 342 and 339
Total letters: 681
Sequences have been sorted

Approximated minimal memory consumption:
Sequence        : 0M
Buffer          : 1 X 10M = 10M
Table           : 1 X 65M = 65M
Miscellaneous   : 0M
Total           : 75M

Table limit with the given memory limit:
Max number of representatives: 1636948
Max number of word counting entries: 90511402

comparing sequences from          0  to          2

        2  finished          2  clusters

Apprixmated maximum memory consumption: 75M
writing new database
writing clustering information
program completed !

Total CPU time 0.07
++ grep '^>'
++ wc -l
+ numSeq=2
+ echo Found 2 sequences in swissprot
Found 2 sequences in swissprot
++ wc -l
++ grep '^>'
+ numSeq=2
+ '[' 0 = 0 ']'
+ search uniref90
+ db=uniref90
+ ./filter.awk
+ psiblast -db uniref90 -outfmt '6 sallseqid qcovs pident' -evalue 0.00001 -num_threads 24 -num_iterations 1
+ tee /mnt/ssd/prank/p2rank-datasets/chen11/conservation/e5i1/alignments/c.001.008.008_2j8faA.pdb.seq.fasta.ali
+ blastdbcmd -db uniref90 -entry_batch /tmp/filebBWVIV
+ cd-hit -i /tmp/filer1Drw0 -o /tmp/filebBWVIV
================================================================
Program: CD-HIT, V4.7 (+OpenMP), Mar 23 2018, 15:56:04
Command: cd-hit -i /tmp/filer1Drw0 -o /tmp/filebBWVIV

Started: Sun Jan 20 02:19:21 2019
================================================================
                            Output                              
----------------------------------------------------------------
total seq: 229
longest and shortest : 939 and 189
Total letters: 87249
Sequences have been sorted

Approximated minimal memory consumption:
Sequence        : 0M
Buffer          : 1 X 10M = 10M
Table           : 1 X 65M = 65M
Miscellaneous   : 0M
Total           : 76M

Table limit with the given memory limit:
Max number of representatives: 1527281
Max number of word counting entries: 90479764

comparing sequences from          0  to        229

      229  finished        208  clusters

Apprixmated maximum memory consumption: 76M
writing new database
writing clustering information
program completed !

Total CPU time 0.09
++ wc -l
++ grep '^>'
+ numSeq=208
+ echo Found 208 sequences in uniref90
Found 208 sequences in uniref90
+ sed 's/^>/>query_sekvence|/'
+ cat /tmp/filebBWVIV /tmp/fileAoHaV5
+ muscle -quiet
+ awk -f sortMuscleOutput.awk
+ cd /mnt/ssd/conservation/conservation-workbench/conservation_code
+ python /mnt/ssd/conservation/conservation-workbench/conservation_code/score_conservation.py /tmp/fileUMuXB9
+ gzip -9
+ rm /tmp/filewLcpc7
+ rm /tmp/fileAoHaV5
+ rm /tmp/filer1Drw0
+ rm /tmp/filebBWVIV
TIME: 4 min 41 s
DONE
