PROCESSING [/mnt/ssd/prank/p2rank-datasets/chen11/fasta/c.014.001.004_1on3bB.pdb.seq.fasta]
LOG: /mnt/ssd/prank/p2rank-datasets/chen11/conservation/e5i1/log/c.014.001.004_1on3bB.pdb.seq.fasta.log
+ source local-setenv.sh
++ PSIBLAST_DIR=/mnt/ssd/conservation/conservation-workbench/ncbi-blast/bin
++ CDHIT_DIR=/mnt/ssd/conservation/conservation-workbench/cd-hit
++ MUSCLE_DIR=/mnt/ssd/conservation/conservation-workbench
++ JSD_DIR=/mnt/ssd/conservation/conservation-workbench/conservation_code
++ PYTHON_CMD=python
++ BLASTDB_DIR=/mnt/ssd/conservation/blastdb
++ PSIBLAST_THREADS=24
++ export PATH=/mnt/ssd/conservation/conservation-workbench/ncbi-blast/bin:/mnt/ssd/conservation/conservation-workbench/cd-hit:/mnt/ssd/conservation/conservation-workbench:/home/rdk/.sdkman/candidates/gradle/current/bin:/usr/local/sbin:/usr/local/bin:/usr/sbin:/usr/bin:/sbin:/bin:/usr/games:/usr/local/games:/snap/bin:/usr/lib/jvm/java-8-oracle/bin:/usr/lib/jvm/java-8-oracle/db/bin:/usr/lib/jvm/java-8-oracle/jre/bin
++ PATH=/mnt/ssd/conservation/conservation-workbench/ncbi-blast/bin:/mnt/ssd/conservation/conservation-workbench/cd-hit:/mnt/ssd/conservation/conservation-workbench:/home/rdk/.sdkman/candidates/gradle/current/bin:/usr/local/sbin:/usr/local/bin:/usr/sbin:/usr/bin:/sbin:/bin:/usr/games:/usr/local/games:/snap/bin:/usr/lib/jvm/java-8-oracle/bin:/usr/lib/jvm/java-8-oracle/db/bin:/usr/lib/jvm/java-8-oracle/jre/bin
++ export JSD_DIR=/mnt/ssd/conservation/conservation-workbench/conservation_code
++ JSD_DIR=/mnt/ssd/conservation/conservation-workbench/conservation_code
++ export BLASTDB=/mnt/ssd/conservation/blastdb
++ BLASTDB=/mnt/ssd/conservation/blastdb
++ export PYTHON_CMD=python
++ PYTHON_CMD=python
++ export PSIBLAST_THREADS=24
++ PSIBLAST_THREADS=24
+ file=/mnt/ssd/prank/p2rank-datasets/chen11/fasta/c.014.001.004_1on3bB.pdb.seq.fasta
+ outdir=/mnt/ssd/prank/p2rank-datasets/chen11/conservation/e5i1
+ psiblast_evalue=0.00001
+ psiblast_iterations=1
+ mkdir -p /mnt/ssd/prank/p2rank-datasets/chen11/conservation/e5i1/alignments
+ mkdir -p /mnt/ssd/prank/p2rank-datasets/chen11/conservation/e5i1/scores
++ basename /mnt/ssd/prank/p2rank-datasets/chen11/fasta/c.014.001.004_1on3bB.pdb.seq.fasta
+ file_base=c.014.001.004_1on3bB.pdb.seq.fasta
+ alignments_file=/mnt/ssd/prank/p2rank-datasets/chen11/conservation/e5i1/alignments/c.014.001.004_1on3bB.pdb.seq.fasta.ali
+ scores_file=/mnt/ssd/prank/p2rank-datasets/chen11/conservation/e5i1/scores/c.014.001.004_1on3bB.pdb.seq.fasta.hom.gz
++ tempfile
+ blastResFile=/tmp/fileEPrYLk
++ tempfile
+ blastSeq=/tmp/filetzmqKi
++ tempfile
+ modifiedInputFile=/tmp/fileZ53Ezm
++ tempfile
+ muscleResultFile=/tmp/files32GUl
++ tempfile
+ conservationExtractorInput=/tmp/filedVfwzo
+ search swissprot
+ db=swissprot
+ psiblast -db swissprot -outfmt '6 sallseqid qcovs pident' -evalue 0.00001 -num_threads 24 -num_iterations 1
+ ./filter.awk
+ tee /mnt/ssd/prank/p2rank-datasets/chen11/conservation/e5i1/alignments/c.014.001.004_1on3bB.pdb.seq.fasta.ali
+ blastdbcmd -db swissprot -entry_batch /tmp/fileEPrYLk
+ cd-hit -i /tmp/filetzmqKi -o /tmp/fileEPrYLk
================================================================
Program: CD-HIT, V4.7 (+OpenMP), Mar 23 2018, 15:56:04
Command: cd-hit -i /tmp/filetzmqKi -o /tmp/fileEPrYLk

Started: Sun Jan 20 02:43:58 2019
================================================================
                            Output                              
----------------------------------------------------------------
total seq: 23
longest and shortest : 608 and 473
Total letters: 12403
Sequences have been sorted

Approximated minimal memory consumption:
Sequence        : 0M
Buffer          : 1 X 10M = 10M
Table           : 1 X 65M = 65M
Miscellaneous   : 0M
Total           : 75M

Table limit with the given memory limit:
Max number of representatives: 1119719
Max number of word counting entries: 90502428

comparing sequences from          0  to         23

       23  finished         15  clusters

Apprixmated maximum memory consumption: 76M
writing new database
writing clustering information
program completed !

Total CPU time 0.08
++ grep '^>'
++ wc -l
+ numSeq=15
+ echo Found 15 sequences in swissprot
Found 15 sequences in swissprot
++ wc -l
++ grep '^>'
+ numSeq=15
+ '[' 0 = 0 ']'
+ search uniref90
+ db=uniref90
+ ./filter.awk
+ psiblast -db uniref90 -outfmt '6 sallseqid qcovs pident' -evalue 0.00001 -num_threads 24 -num_iterations 1
+ tee /mnt/ssd/prank/p2rank-datasets/chen11/conservation/e5i1/alignments/c.014.001.004_1on3bB.pdb.seq.fasta.ali
+ blastdbcmd -db uniref90 -entry_batch /tmp/fileEPrYLk
+ cd-hit -i /tmp/filetzmqKi -o /tmp/fileEPrYLk
================================================================
Program: CD-HIT, V4.7 (+OpenMP), Mar 23 2018, 15:56:04
Command: cd-hit -i /tmp/filetzmqKi -o /tmp/fileEPrYLk

Started: Sun Jan 20 02:45:01 2019
================================================================
                            Output                              
----------------------------------------------------------------
total seq: 498
longest and shortest : 570 and 224
Total letters: 253918
Sequences have been sorted

Approximated minimal memory consumption:
Sequence        : 0M
Buffer          : 1 X 10M = 10M
Table           : 1 X 65M = 65M
Miscellaneous   : 0M
Total           : 76M

Table limit with the given memory limit:
Max number of representatives: 1173756
Max number of word counting entries: 90462902

comparing sequences from          0  to        498

      498  finished        480  clusters

Apprixmated maximum memory consumption: 78M
writing new database
writing clustering information
program completed !

Total CPU time 0.20
++ wc -l
++ grep '^>'
+ numSeq=480
+ echo Found 480 sequences in uniref90
Found 480 sequences in uniref90
+ sed 's/^>/>query_sekvence|/'
+ muscle -quiet
+ cat /tmp/fileEPrYLk /tmp/fileZ53Ezm
+ awk -f sortMuscleOutput.awk
+ cd /mnt/ssd/conservation/conservation-workbench/conservation_code
+ python /mnt/ssd/conservation/conservation-workbench/conservation_code/score_conservation.py /tmp/filedVfwzo
+ gzip -9
+ rm /tmp/files32GUl
+ rm /tmp/fileZ53Ezm
+ rm /tmp/filetzmqKi
+ rm /tmp/fileEPrYLk
TIME: 3 min 0 s
DONE
