PROCESSING [/mnt/ssd/prank/p2rank-datasets/chen11/fasta/d.032.001.002_1lqpaA.pdb.seq.fasta]
LOG: /mnt/ssd/prank/p2rank-datasets/chen11/conservation/e5i1/log/d.032.001.002_1lqpaA.pdb.seq.fasta.log
+ source local-setenv.sh
++ PSIBLAST_DIR=/mnt/ssd/conservation/conservation-workbench/ncbi-blast/bin
++ CDHIT_DIR=/mnt/ssd/conservation/conservation-workbench/cd-hit
++ MUSCLE_DIR=/mnt/ssd/conservation/conservation-workbench
++ JSD_DIR=/mnt/ssd/conservation/conservation-workbench/conservation_code
++ PYTHON_CMD=python
++ BLASTDB_DIR=/mnt/ssd/conservation/blastdb
++ PSIBLAST_THREADS=24
++ export PATH=/mnt/ssd/conservation/conservation-workbench/ncbi-blast/bin:/mnt/ssd/conservation/conservation-workbench/cd-hit:/mnt/ssd/conservation/conservation-workbench:/home/rdk/.sdkman/candidates/gradle/current/bin:/usr/local/sbin:/usr/local/bin:/usr/sbin:/usr/bin:/sbin:/bin:/usr/games:/usr/local/games:/snap/bin:/usr/lib/jvm/java-8-oracle/bin:/usr/lib/jvm/java-8-oracle/db/bin:/usr/lib/jvm/java-8-oracle/jre/bin
++ PATH=/mnt/ssd/conservation/conservation-workbench/ncbi-blast/bin:/mnt/ssd/conservation/conservation-workbench/cd-hit:/mnt/ssd/conservation/conservation-workbench:/home/rdk/.sdkman/candidates/gradle/current/bin:/usr/local/sbin:/usr/local/bin:/usr/sbin:/usr/bin:/sbin:/bin:/usr/games:/usr/local/games:/snap/bin:/usr/lib/jvm/java-8-oracle/bin:/usr/lib/jvm/java-8-oracle/db/bin:/usr/lib/jvm/java-8-oracle/jre/bin
++ export JSD_DIR=/mnt/ssd/conservation/conservation-workbench/conservation_code
++ JSD_DIR=/mnt/ssd/conservation/conservation-workbench/conservation_code
++ export BLASTDB=/mnt/ssd/conservation/blastdb
++ BLASTDB=/mnt/ssd/conservation/blastdb
++ export PYTHON_CMD=python
++ PYTHON_CMD=python
++ export PSIBLAST_THREADS=24
++ PSIBLAST_THREADS=24
+ file=/mnt/ssd/prank/p2rank-datasets/chen11/fasta/d.032.001.002_1lqpaA.pdb.seq.fasta
+ outdir=/mnt/ssd/prank/p2rank-datasets/chen11/conservation/e5i1
+ psiblast_evalue=0.00001
+ psiblast_iterations=1
+ mkdir -p /mnt/ssd/prank/p2rank-datasets/chen11/conservation/e5i1/alignments
+ mkdir -p /mnt/ssd/prank/p2rank-datasets/chen11/conservation/e5i1/scores
++ basename /mnt/ssd/prank/p2rank-datasets/chen11/fasta/d.032.001.002_1lqpaA.pdb.seq.fasta
+ file_base=d.032.001.002_1lqpaA.pdb.seq.fasta
+ alignments_file=/mnt/ssd/prank/p2rank-datasets/chen11/conservation/e5i1/alignments/d.032.001.002_1lqpaA.pdb.seq.fasta.ali
+ scores_file=/mnt/ssd/prank/p2rank-datasets/chen11/conservation/e5i1/scores/d.032.001.002_1lqpaA.pdb.seq.fasta.hom.gz
++ tempfile
+ blastResFile=/tmp/filelgqv1n
++ tempfile
+ blastSeq=/tmp/fileNIbjRr
++ tempfile
+ modifiedInputFile=/tmp/filewNkfJr
++ tempfile
+ muscleResultFile=/tmp/fileTLk0sr
++ tempfile
+ conservationExtractorInput=/tmp/fileihwxbr
+ search swissprot
+ db=swissprot
+ tee /mnt/ssd/prank/p2rank-datasets/chen11/conservation/e5i1/alignments/d.032.001.002_1lqpaA.pdb.seq.fasta.ali
+ ./filter.awk
+ psiblast -db swissprot -outfmt '6 sallseqid qcovs pident' -evalue 0.00001 -num_threads 24 -num_iterations 1
+ blastdbcmd -db swissprot -entry_batch /tmp/filelgqv1n
+ cd-hit -i /tmp/fileNIbjRr -o /tmp/filelgqv1n
================================================================
Program: CD-HIT, V4.7 (+OpenMP), Mar 23 2018, 15:56:04
Command: cd-hit -i /tmp/fileNIbjRr -o /tmp/filelgqv1n

Started: Sun Jan 20 03:04:53 2019
================================================================
                            Output                              
----------------------------------------------------------------
total seq: 50
longest and shortest : 154 and 133
Total letters: 6984
Sequences have been sorted

Approximated minimal memory consumption:
Sequence        : 0M
Buffer          : 1 X 10M = 10M
Table           : 1 X 65M = 65M
Miscellaneous   : 0M
Total           : 75M

Table limit with the given memory limit:
Max number of representatives: 3027828
Max number of word counting entries: 90514651

comparing sequences from          0  to         50

       50  finished         22  clusters

Apprixmated maximum memory consumption: 75M
writing new database
writing clustering information
program completed !

Total CPU time 0.07
++ grep '^>'
++ wc -l
+ numSeq=22
+ echo Found 22 sequences in swissprot
Found 22 sequences in swissprot
++ grep '^>'
++ wc -l
+ numSeq=22
+ '[' 0 = 0 ']'
+ search uniref90
+ db=uniref90
+ ./filter.awk
+ tee /mnt/ssd/prank/p2rank-datasets/chen11/conservation/e5i1/alignments/d.032.001.002_1lqpaA.pdb.seq.fasta.ali
+ psiblast -db uniref90 -outfmt '6 sallseqid qcovs pident' -evalue 0.00001 -num_threads 24 -num_iterations 1
+ blastdbcmd -db uniref90 -entry_batch /tmp/filelgqv1n
+ cd-hit -i /tmp/fileNIbjRr -o /tmp/filelgqv1n
================================================================
Program: CD-HIT, V4.7 (+OpenMP), Mar 23 2018, 15:56:04
Command: cd-hit -i /tmp/fileNIbjRr -o /tmp/filelgqv1n

Started: Sun Jan 20 03:05:43 2019
================================================================
                            Output                              
----------------------------------------------------------------
total seq: 485
longest and shortest : 289 and 110
Total letters: 68087
Sequences have been sorted

Approximated minimal memory consumption:
Sequence        : 0M
Buffer          : 1 X 10M = 10M
Table           : 1 X 65M = 65M
Miscellaneous   : 0M
Total           : 76M

Table limit with the given memory limit:
Max number of representatives: 3050924
Max number of word counting entries: 90493865

comparing sequences from          0  to        485

      485  finished        469  clusters

Apprixmated maximum memory consumption: 76M
writing new database
writing clustering information
program completed !

Total CPU time 0.09
++ wc -l
++ grep '^>'
+ numSeq=469
+ echo Found 469 sequences in uniref90
Found 469 sequences in uniref90
+ sed 's/^>/>query_sekvence|/'
+ muscle -quiet
+ cat /tmp/filelgqv1n /tmp/filewNkfJr
+ awk -f sortMuscleOutput.awk
+ cd /mnt/ssd/conservation/conservation-workbench/conservation_code
+ python /mnt/ssd/conservation/conservation-workbench/conservation_code/score_conservation.py /tmp/fileihwxbr
+ gzip -9
+ rm /tmp/fileTLk0sr
+ rm /tmp/filewNkfJr
+ rm /tmp/fileNIbjRr
+ rm /tmp/filelgqv1n
TIME: 2 min 24 s
DONE
