PROCESSING [/mnt/ssd/prank/p2rank-datasets/chen11/fasta/d.124.001.001_1j1gaA.pdb.seq.fasta]
LOG: /mnt/ssd/prank/p2rank-datasets/chen11/conservation/e5i1/log/d.124.001.001_1j1gaA.pdb.seq.fasta.log
+ source local-setenv.sh
++ PSIBLAST_DIR=/mnt/ssd/conservation/conservation-workbench/ncbi-blast/bin
++ CDHIT_DIR=/mnt/ssd/conservation/conservation-workbench/cd-hit
++ MUSCLE_DIR=/mnt/ssd/conservation/conservation-workbench
++ JSD_DIR=/mnt/ssd/conservation/conservation-workbench/conservation_code
++ PYTHON_CMD=python
++ BLASTDB_DIR=/mnt/ssd/conservation/blastdb
++ PSIBLAST_THREADS=24
++ export PATH=/mnt/ssd/conservation/conservation-workbench/ncbi-blast/bin:/mnt/ssd/conservation/conservation-workbench/cd-hit:/mnt/ssd/conservation/conservation-workbench:/home/rdk/.sdkman/candidates/gradle/current/bin:/usr/local/sbin:/usr/local/bin:/usr/sbin:/usr/bin:/sbin:/bin:/usr/games:/usr/local/games:/snap/bin:/usr/lib/jvm/java-8-oracle/bin:/usr/lib/jvm/java-8-oracle/db/bin:/usr/lib/jvm/java-8-oracle/jre/bin
++ PATH=/mnt/ssd/conservation/conservation-workbench/ncbi-blast/bin:/mnt/ssd/conservation/conservation-workbench/cd-hit:/mnt/ssd/conservation/conservation-workbench:/home/rdk/.sdkman/candidates/gradle/current/bin:/usr/local/sbin:/usr/local/bin:/usr/sbin:/usr/bin:/sbin:/bin:/usr/games:/usr/local/games:/snap/bin:/usr/lib/jvm/java-8-oracle/bin:/usr/lib/jvm/java-8-oracle/db/bin:/usr/lib/jvm/java-8-oracle/jre/bin
++ export JSD_DIR=/mnt/ssd/conservation/conservation-workbench/conservation_code
++ JSD_DIR=/mnt/ssd/conservation/conservation-workbench/conservation_code
++ export BLASTDB=/mnt/ssd/conservation/blastdb
++ BLASTDB=/mnt/ssd/conservation/blastdb
++ export PYTHON_CMD=python
++ PYTHON_CMD=python
++ export PSIBLAST_THREADS=24
++ PSIBLAST_THREADS=24
+ file=/mnt/ssd/prank/p2rank-datasets/chen11/fasta/d.124.001.001_1j1gaA.pdb.seq.fasta
+ outdir=/mnt/ssd/prank/p2rank-datasets/chen11/conservation/e5i1
+ psiblast_evalue=0.00001
+ psiblast_iterations=1
+ mkdir -p /mnt/ssd/prank/p2rank-datasets/chen11/conservation/e5i1/alignments
+ mkdir -p /mnt/ssd/prank/p2rank-datasets/chen11/conservation/e5i1/scores
++ basename /mnt/ssd/prank/p2rank-datasets/chen11/fasta/d.124.001.001_1j1gaA.pdb.seq.fasta
+ file_base=d.124.001.001_1j1gaA.pdb.seq.fasta
+ alignments_file=/mnt/ssd/prank/p2rank-datasets/chen11/conservation/e5i1/alignments/d.124.001.001_1j1gaA.pdb.seq.fasta.ali
+ scores_file=/mnt/ssd/prank/p2rank-datasets/chen11/conservation/e5i1/scores/d.124.001.001_1j1gaA.pdb.seq.fasta.hom.gz
++ tempfile
+ blastResFile=/tmp/fileeIOSp8
++ tempfile
+ blastSeq=/tmp/filepvftL8
++ tempfile
+ modifiedInputFile=/tmp/filehQrOza
++ tempfile
+ muscleResultFile=/tmp/fileG8PB6c
++ tempfile
+ conservationExtractorInput=/tmp/fileK7reFf
+ search swissprot
+ db=swissprot
+ tee /mnt/ssd/prank/p2rank-datasets/chen11/conservation/e5i1/alignments/d.124.001.001_1j1gaA.pdb.seq.fasta.ali
+ ./filter.awk
+ psiblast -db swissprot -outfmt '6 sallseqid qcovs pident' -evalue 0.00001 -num_threads 24 -num_iterations 1
+ blastdbcmd -db swissprot -entry_batch /tmp/fileeIOSp8
+ cd-hit -i /tmp/filepvftL8 -o /tmp/fileeIOSp8
================================================================
Program: CD-HIT, V4.7 (+OpenMP), Mar 23 2018, 15:56:04
Command: cd-hit -i /tmp/filepvftL8 -o /tmp/fileeIOSp8

Started: Sun Jan 20 02:19:29 2019
================================================================
                            Output                              
----------------------------------------------------------------
total seq: 21
longest and shortest : 259 and 180
Total letters: 4770
Sequences have been sorted

Approximated minimal memory consumption:
Sequence        : 0M
Buffer          : 1 X 10M = 10M
Table           : 1 X 65M = 65M
Miscellaneous   : 0M
Total           : 75M

Table limit with the given memory limit:
Max number of representatives: 2205885
Max number of word counting entries: 90512717

comparing sequences from          0  to         21

       21  finished         20  clusters

Apprixmated maximum memory consumption: 75M
writing new database
writing clustering information
program completed !

Total CPU time 0.07
++ wc -l
++ grep '^>'
+ numSeq=20
+ echo Found 20 sequences in swissprot
Found 20 sequences in swissprot
++ grep '^>'
++ wc -l
+ numSeq=20
+ '[' 0 = 0 ']'
+ search uniref90
+ db=uniref90
+ ./filter.awk
+ tee /mnt/ssd/prank/p2rank-datasets/chen11/conservation/e5i1/alignments/d.124.001.001_1j1gaA.pdb.seq.fasta.ali
+ psiblast -db uniref90 -outfmt '6 sallseqid qcovs pident' -evalue 0.00001 -num_threads 24 -num_iterations 1
+ blastdbcmd -db uniref90 -entry_batch /tmp/fileeIOSp8
+ cd-hit -i /tmp/filepvftL8 -o /tmp/fileeIOSp8
================================================================
Program: CD-HIT, V4.7 (+OpenMP), Mar 23 2018, 15:56:04
Command: cd-hit -i /tmp/filepvftL8 -o /tmp/fileeIOSp8

Started: Sun Jan 20 02:20:14 2019
================================================================
                            Output                              
----------------------------------------------------------------
total seq: 477
longest and shortest : 716 and 156
Total letters: 106267
Sequences have been sorted

Approximated minimal memory consumption:
Sequence        : 0M
Buffer          : 1 X 10M = 10M
Table           : 1 X 65M = 65M
Miscellaneous   : 0M
Total           : 76M

Table limit with the given memory limit:
Max number of representatives: 2208692
Max number of word counting entries: 90477978

comparing sequences from          0  to        477

      477  finished        432  clusters

Apprixmated maximum memory consumption: 76M
writing new database
writing clustering information
program completed !

Total CPU time 0.10
++ grep '^>'
++ wc -l
+ numSeq=432
+ echo Found 432 sequences in uniref90
Found 432 sequences in uniref90
+ sed 's/^>/>query_sekvence|/'
+ cat /tmp/fileeIOSp8 /tmp/filehQrOza
+ muscle -quiet
+ awk -f sortMuscleOutput.awk
+ cd /mnt/ssd/conservation/conservation-workbench/conservation_code
+ python /mnt/ssd/conservation/conservation-workbench/conservation_code/score_conservation.py /tmp/fileK7reFf
+ gzip -9
+ rm /tmp/fileG8PB6c
+ rm /tmp/filehQrOza
+ rm /tmp/filepvftL8
+ rm /tmp/fileeIOSp8
TIME: 13 min 4 s
DONE
