PROCESSING [/mnt/ssd/prank/p2rank-datasets/chen11/fasta/e.008.001.004_1gx6aA.pdb.seq.fasta]
LOG: /mnt/ssd/prank/p2rank-datasets/chen11/conservation/e5i1/log/e.008.001.004_1gx6aA.pdb.seq.fasta.log
+ source local-setenv.sh
++ PSIBLAST_DIR=/mnt/ssd/conservation/conservation-workbench/ncbi-blast/bin
++ CDHIT_DIR=/mnt/ssd/conservation/conservation-workbench/cd-hit
++ MUSCLE_DIR=/mnt/ssd/conservation/conservation-workbench
++ JSD_DIR=/mnt/ssd/conservation/conservation-workbench/conservation_code
++ PYTHON_CMD=python
++ BLASTDB_DIR=/mnt/ssd/conservation/blastdb
++ PSIBLAST_THREADS=24
++ export PATH=/mnt/ssd/conservation/conservation-workbench/ncbi-blast/bin:/mnt/ssd/conservation/conservation-workbench/cd-hit:/mnt/ssd/conservation/conservation-workbench:/home/rdk/.sdkman/candidates/gradle/current/bin:/usr/local/sbin:/usr/local/bin:/usr/sbin:/usr/bin:/sbin:/bin:/usr/games:/usr/local/games:/snap/bin:/usr/lib/jvm/java-8-oracle/bin:/usr/lib/jvm/java-8-oracle/db/bin:/usr/lib/jvm/java-8-oracle/jre/bin
++ PATH=/mnt/ssd/conservation/conservation-workbench/ncbi-blast/bin:/mnt/ssd/conservation/conservation-workbench/cd-hit:/mnt/ssd/conservation/conservation-workbench:/home/rdk/.sdkman/candidates/gradle/current/bin:/usr/local/sbin:/usr/local/bin:/usr/sbin:/usr/bin:/sbin:/bin:/usr/games:/usr/local/games:/snap/bin:/usr/lib/jvm/java-8-oracle/bin:/usr/lib/jvm/java-8-oracle/db/bin:/usr/lib/jvm/java-8-oracle/jre/bin
++ export JSD_DIR=/mnt/ssd/conservation/conservation-workbench/conservation_code
++ JSD_DIR=/mnt/ssd/conservation/conservation-workbench/conservation_code
++ export BLASTDB=/mnt/ssd/conservation/blastdb
++ BLASTDB=/mnt/ssd/conservation/blastdb
++ export PYTHON_CMD=python
++ PYTHON_CMD=python
++ export PSIBLAST_THREADS=24
++ PSIBLAST_THREADS=24
+ file=/mnt/ssd/prank/p2rank-datasets/chen11/fasta/e.008.001.004_1gx6aA.pdb.seq.fasta
+ outdir=/mnt/ssd/prank/p2rank-datasets/chen11/conservation/e5i1
+ psiblast_evalue=0.00001
+ psiblast_iterations=1
+ mkdir -p /mnt/ssd/prank/p2rank-datasets/chen11/conservation/e5i1/alignments
+ mkdir -p /mnt/ssd/prank/p2rank-datasets/chen11/conservation/e5i1/scores
++ basename /mnt/ssd/prank/p2rank-datasets/chen11/fasta/e.008.001.004_1gx6aA.pdb.seq.fasta
+ file_base=e.008.001.004_1gx6aA.pdb.seq.fasta
+ alignments_file=/mnt/ssd/prank/p2rank-datasets/chen11/conservation/e5i1/alignments/e.008.001.004_1gx6aA.pdb.seq.fasta.ali
+ scores_file=/mnt/ssd/prank/p2rank-datasets/chen11/conservation/e5i1/scores/e.008.001.004_1gx6aA.pdb.seq.fasta.hom.gz
++ tempfile
+ blastResFile=/tmp/fileooAuqC
++ tempfile
+ blastSeq=/tmp/filesXIHhC
++ tempfile
+ modifiedInputFile=/tmp/filefuQ66D
++ tempfile
+ muscleResultFile=/tmp/file7Smb0G
++ tempfile
+ conservationExtractorInput=/tmp/filen3ZpEI
+ search swissprot
+ db=swissprot
+ ./filter.awk
+ psiblast -db swissprot -outfmt '6 sallseqid qcovs pident' -evalue 0.00001 -num_threads 24 -num_iterations 1
+ tee /mnt/ssd/prank/p2rank-datasets/chen11/conservation/e5i1/alignments/e.008.001.004_1gx6aA.pdb.seq.fasta.ali
+ blastdbcmd -db swissprot -entry_batch /tmp/fileooAuqC
+ cd-hit -i /tmp/filesXIHhC -o /tmp/fileooAuqC
================================================================
Program: CD-HIT, V4.7 (+OpenMP), Mar 23 2018, 15:56:04
Command: cd-hit -i /tmp/filesXIHhC -o /tmp/fileooAuqC

Started: Sun Jan 20 02:23:22 2019
================================================================
                            Output                              
----------------------------------------------------------------
total seq: 26
longest and shortest : 3037 and 2864
Total letters: 78363
Sequences have been sorted

Approximated minimal memory consumption:
Sequence        : 0M
Buffer          : 1 X 11M = 11M
Table           : 1 X 65M = 65M
Miscellaneous   : 0M
Total           : 76M

Table limit with the given memory limit:
Max number of representatives: 231719
Max number of word counting entries: 90429454

comparing sequences from          0  to         26

       26  finished         18  clusters

Apprixmated maximum memory consumption: 76M
writing new database
writing clustering information
program completed !

Total CPU time 0.10
++ grep '^>'
++ wc -l
+ numSeq=18
+ echo Found 18 sequences in swissprot
Found 18 sequences in swissprot
++ grep '^>'
++ wc -l
+ numSeq=18
+ '[' 0 = 0 ']'
+ search uniref90
+ db=uniref90
+ psiblast -db uniref90 -outfmt '6 sallseqid qcovs pident' -evalue 0.00001 -num_threads 24 -num_iterations 1
+ tee /mnt/ssd/prank/p2rank-datasets/chen11/conservation/e5i1/alignments/e.008.001.004_1gx6aA.pdb.seq.fasta.ali
+ ./filter.awk
+ blastdbcmd -db uniref90 -entry_batch /tmp/fileooAuqC
+ cd-hit -i /tmp/filesXIHhC -o /tmp/fileooAuqC
================================================================
Program: CD-HIT, V4.7 (+OpenMP), Mar 23 2018, 15:56:04
Command: cd-hit -i /tmp/filesXIHhC -o /tmp/fileooAuqC

Started: Sun Jan 20 02:25:53 2019
================================================================
                            Output                              
----------------------------------------------------------------
total seq: 253
longest and shortest : 3333 and 433
Total letters: 597931
Sequences have been sorted

Approximated minimal memory consumption:
Sequence        : 0M
Buffer          : 1 X 11M = 11M
Table           : 1 X 65M = 65M
Miscellaneous   : 0M
Total           : 77M

Table limit with the given memory limit:
Max number of representatives: 231720
Max number of word counting entries: 90351713

comparing sequences from          0  to        253

      253  finished        183  clusters

Apprixmated maximum memory consumption: 81M
writing new database
writing clustering information
program completed !

Total CPU time 0.75
++ grep '^>'
++ wc -l
+ numSeq=183
+ echo Found 183 sequences in uniref90
Found 183 sequences in uniref90
+ sed 's/^>/>query_sekvence|/'
+ muscle -quiet
+ cat /tmp/fileooAuqC /tmp/filefuQ66D
+ awk -f sortMuscleOutput.awk
+ cd /mnt/ssd/conservation/conservation-workbench/conservation_code
+ python /mnt/ssd/conservation/conservation-workbench/conservation_code/score_conservation.py /tmp/filen3ZpEI
+ gzip -9
+ rm /tmp/file7Smb0G
+ rm /tmp/filefuQ66D
+ rm /tmp/filesXIHhC
+ rm /tmp/fileooAuqC
TIME: 29 min 2 s
DONE
