PROCESSING [/mnt/ssd/prank/p2rank-datasets/chen11/fasta/e.023.001.001_1amuaA.pdb.seq.fasta]
LOG: /mnt/ssd/prank/p2rank-datasets/chen11/conservation/e5i1/log/e.023.001.001_1amuaA.pdb.seq.fasta.log
+ source local-setenv.sh
++ PSIBLAST_DIR=/mnt/ssd/conservation/conservation-workbench/ncbi-blast/bin
++ CDHIT_DIR=/mnt/ssd/conservation/conservation-workbench/cd-hit
++ MUSCLE_DIR=/mnt/ssd/conservation/conservation-workbench
++ JSD_DIR=/mnt/ssd/conservation/conservation-workbench/conservation_code
++ PYTHON_CMD=python
++ BLASTDB_DIR=/mnt/ssd/conservation/blastdb
++ PSIBLAST_THREADS=24
++ export PATH=/mnt/ssd/conservation/conservation-workbench/ncbi-blast/bin:/mnt/ssd/conservation/conservation-workbench/cd-hit:/mnt/ssd/conservation/conservation-workbench:/home/rdk/.sdkman/candidates/gradle/current/bin:/usr/local/sbin:/usr/local/bin:/usr/sbin:/usr/bin:/sbin:/bin:/usr/games:/usr/local/games:/snap/bin:/usr/lib/jvm/java-8-oracle/bin:/usr/lib/jvm/java-8-oracle/db/bin:/usr/lib/jvm/java-8-oracle/jre/bin
++ PATH=/mnt/ssd/conservation/conservation-workbench/ncbi-blast/bin:/mnt/ssd/conservation/conservation-workbench/cd-hit:/mnt/ssd/conservation/conservation-workbench:/home/rdk/.sdkman/candidates/gradle/current/bin:/usr/local/sbin:/usr/local/bin:/usr/sbin:/usr/bin:/sbin:/bin:/usr/games:/usr/local/games:/snap/bin:/usr/lib/jvm/java-8-oracle/bin:/usr/lib/jvm/java-8-oracle/db/bin:/usr/lib/jvm/java-8-oracle/jre/bin
++ export JSD_DIR=/mnt/ssd/conservation/conservation-workbench/conservation_code
++ JSD_DIR=/mnt/ssd/conservation/conservation-workbench/conservation_code
++ export BLASTDB=/mnt/ssd/conservation/blastdb
++ BLASTDB=/mnt/ssd/conservation/blastdb
++ export PYTHON_CMD=python
++ PYTHON_CMD=python
++ export PSIBLAST_THREADS=24
++ PSIBLAST_THREADS=24
+ file=/mnt/ssd/prank/p2rank-datasets/chen11/fasta/e.023.001.001_1amuaA.pdb.seq.fasta
+ outdir=/mnt/ssd/prank/p2rank-datasets/chen11/conservation/e5i1
+ psiblast_evalue=0.00001
+ psiblast_iterations=1
+ mkdir -p /mnt/ssd/prank/p2rank-datasets/chen11/conservation/e5i1/alignments
+ mkdir -p /mnt/ssd/prank/p2rank-datasets/chen11/conservation/e5i1/scores
++ basename /mnt/ssd/prank/p2rank-datasets/chen11/fasta/e.023.001.001_1amuaA.pdb.seq.fasta
+ file_base=e.023.001.001_1amuaA.pdb.seq.fasta
+ alignments_file=/mnt/ssd/prank/p2rank-datasets/chen11/conservation/e5i1/alignments/e.023.001.001_1amuaA.pdb.seq.fasta.ali
+ scores_file=/mnt/ssd/prank/p2rank-datasets/chen11/conservation/e5i1/scores/e.023.001.001_1amuaA.pdb.seq.fasta.hom.gz
++ tempfile
+ blastResFile=/tmp/fileE8DdiA
++ tempfile
+ blastSeq=/tmp/fileg3JINz
++ tempfile
+ modifiedInputFile=/tmp/fileoOXl7C
++ tempfile
+ muscleResultFile=/tmp/fileAWQGRF
++ tempfile
+ conservationExtractorInput=/tmp/filepLnuPH
+ search swissprot
+ db=swissprot
+ tee /mnt/ssd/prank/p2rank-datasets/chen11/conservation/e5i1/alignments/e.023.001.001_1amuaA.pdb.seq.fasta.ali
+ psiblast -db swissprot -outfmt '6 sallseqid qcovs pident' -evalue 0.00001 -num_threads 24 -num_iterations 1
+ ./filter.awk
+ blastdbcmd -db swissprot -entry_batch /tmp/fileE8DdiA
+ cd-hit -i /tmp/fileg3JINz -o /tmp/fileE8DdiA
================================================================
Program: CD-HIT, V4.7 (+OpenMP), Mar 23 2018, 15:56:04
Command: cd-hit -i /tmp/fileg3JINz -o /tmp/fileE8DdiA

Started: Sun Jan 20 03:03:48 2019
================================================================
                            Output                              
----------------------------------------------------------------
total seq: 141
longest and shortest : 8903 and 485
Total letters: 611173
Sequences have been sorted

Approximated minimal memory consumption:
Sequence        : 0M
Buffer          : 1 X 12M = 12M
Table           : 1 X 65M = 65M
Miscellaneous   : 0M
Total           : 78M

Table limit with the given memory limit:
Max number of representatives: 40000
Max number of word counting entries: 90204341

comparing sequences from          0  to        141

      141  finished         63  clusters

Apprixmated maximum memory consumption: 80M
writing new database
writing clustering information
program completed !

Total CPU time 0.27
++ grep '^>'
++ wc -l
+ numSeq=63
+ echo Found 63 sequences in swissprot
Found 63 sequences in swissprot
++ grep '^>'
++ wc -l
+ numSeq=63
+ '[' 1 = 0 ']'
+ sed 's/^>/>query_sekvence|/'
+ muscle -quiet
+ cat /tmp/fileE8DdiA /tmp/fileoOXl7C
+ awk -f sortMuscleOutput.awk
+ cd /mnt/ssd/conservation/conservation-workbench/conservation_code
+ python /mnt/ssd/conservation/conservation-workbench/conservation_code/score_conservation.py /tmp/filepLnuPH
+ gzip -9
+ rm /tmp/fileAWQGRF
+ rm /tmp/fileoOXl7C
+ rm /tmp/fileg3JINz
+ rm /tmp/fileE8DdiA
TIME: 34 min 31 s
DONE
