PROCESSING [/mnt/ssd/prank/p2rank-datasets/coach420/fasta/2zdqAA.pdb.seq.fasta]
LOG: /mnt/ssd/prank/p2rank-datasets/coach420/conservation_E5_I1/log/2zdqAA.pdb.seq.fasta.log
+ source local-setenv.sh
++ PSIBLAST_DIR=/mnt/ssd/conservation/conservation-workbench/ncbi-blast/bin
++ CDHIT_DIR=/mnt/ssd/conservation/conservation-workbench/cd-hit
++ MUSCLE_DIR=/mnt/ssd/conservation/conservation-workbench
++ JSD_DIR=/mnt/ssd/conservation/conservation-workbench/conservation_code
++ PYTHON_CMD=python
++ BLASTDB_DIR=/mnt/ssd/conservation/blastdb
++ PSIBLAST_THREADS=24
++ export PATH=/mnt/ssd/conservation/conservation-workbench/ncbi-blast/bin:/mnt/ssd/conservation/conservation-workbench/cd-hit:/mnt/ssd/conservation/conservation-workbench:/home/rdk/.sdkman/candidates/gradle/current/bin:/usr/local/sbin:/usr/local/bin:/usr/sbin:/usr/bin:/sbin:/bin:/usr/games:/usr/local/games:/snap/bin:/usr/lib/jvm/java-8-oracle/bin:/usr/lib/jvm/java-8-oracle/db/bin:/usr/lib/jvm/java-8-oracle/jre/bin
++ PATH=/mnt/ssd/conservation/conservation-workbench/ncbi-blast/bin:/mnt/ssd/conservation/conservation-workbench/cd-hit:/mnt/ssd/conservation/conservation-workbench:/home/rdk/.sdkman/candidates/gradle/current/bin:/usr/local/sbin:/usr/local/bin:/usr/sbin:/usr/bin:/sbin:/bin:/usr/games:/usr/local/games:/snap/bin:/usr/lib/jvm/java-8-oracle/bin:/usr/lib/jvm/java-8-oracle/db/bin:/usr/lib/jvm/java-8-oracle/jre/bin
++ export JSD_DIR=/mnt/ssd/conservation/conservation-workbench/conservation_code
++ JSD_DIR=/mnt/ssd/conservation/conservation-workbench/conservation_code
++ export BLASTDB=/mnt/ssd/conservation/blastdb
++ BLASTDB=/mnt/ssd/conservation/blastdb
++ export PYTHON_CMD=python
++ PYTHON_CMD=python
++ export PSIBLAST_THREADS=24
++ PSIBLAST_THREADS=24
+ file=/mnt/ssd/prank/p2rank-datasets/coach420/fasta/2zdqAA.pdb.seq.fasta
+ outdir=/mnt/ssd/prank/p2rank-datasets/coach420/conservation_E5_I1
+ psiblast_evalue=0.00001
+ psiblast_iterations=1
+ mkdir -p /mnt/ssd/prank/p2rank-datasets/coach420/conservation_E5_I1/alignments
+ mkdir -p /mnt/ssd/prank/p2rank-datasets/coach420/conservation_E5_I1/scores
++ basename /mnt/ssd/prank/p2rank-datasets/coach420/fasta/2zdqAA.pdb.seq.fasta
+ file_base=2zdqAA.pdb.seq.fasta
+ alignments_file=/mnt/ssd/prank/p2rank-datasets/coach420/conservation_E5_I1/alignments/2zdqAA.pdb.seq.fasta.ali
+ scores_file=/mnt/ssd/prank/p2rank-datasets/coach420/conservation_E5_I1/scores/2zdqAA.pdb.seq.fasta.hom.gz
++ tempfile
+ blastResFile=/tmp/fileL4BRxi
++ tempfile
+ blastSeq=/tmp/filensbBTi
++ tempfile
+ modifiedInputFile=/tmp/fileqN0gSk
++ tempfile
+ muscleResultFile=/tmp/fileMaJgGj
++ tempfile
+ conservationExtractorInput=/tmp/filewd3Zvn
+ search swissprot
+ db=swissprot
+ psiblast -db swissprot -outfmt '6 sallseqid qcovs pident' -evalue 0.00001 -num_threads 24 -num_iterations 1
+ tee /mnt/ssd/prank/p2rank-datasets/coach420/conservation_E5_I1/alignments/2zdqAA.pdb.seq.fasta.ali
+ ./filter.awk
+ blastdbcmd -db swissprot -entry_batch /tmp/fileL4BRxi
+ cd-hit -i /tmp/filensbBTi -o /tmp/fileL4BRxi
================================================================
Program: CD-HIT, V4.7 (+OpenMP), Mar 23 2018, 15:56:04
Command: cd-hit -i /tmp/filensbBTi -o /tmp/fileL4BRxi

Started: Wed Jan 16 17:38:28 2019
================================================================
                            Output                              
----------------------------------------------------------------
total seq: 459
longest and shortest : 811 and 291
Total letters: 157520
Sequences have been sorted

Approximated minimal memory consumption:
Sequence        : 0M
Buffer          : 1 X 10M = 10M
Table           : 1 X 65M = 65M
Miscellaneous   : 0M
Total           : 76M

Table limit with the given memory limit:
Max number of representatives: 1612617
Max number of word counting entries: 90470034

comparing sequences from          0  to        459

      459  finished        299  clusters

Apprixmated maximum memory consumption: 77M
writing new database
writing clustering information
program completed !

Total CPU time 0.11
++ wc -l
++ grep '^>'
+ numSeq=299
+ echo Found 299 sequences in swissprot
Found 299 sequences in swissprot
++ wc -l
++ grep '^>'
+ numSeq=299
+ '[' 1 = 0 ']'
+ sed 's/^>/>query_sekvence|/'
+ cat /tmp/fileL4BRxi /tmp/fileqN0gSk
+ muscle -quiet
+ awk -f sortMuscleOutput.awk
+ cd /mnt/ssd/conservation/conservation-workbench/conservation_code
+ gzip -9
+ python /mnt/ssd/conservation/conservation-workbench/conservation_code/score_conservation.py /tmp/filewd3Zvn
+ rm /tmp/fileMaJgGj
+ rm /tmp/fileqN0gSk
+ rm /tmp/filensbBTi
+ rm /tmp/fileL4BRxi
TIME: 1 min 37 s
DONE
