11bg.pdb
11gs.pdb
121p.pdb
12as.pdb
13gs.pdb
13pk.pdb
16pk.pdb
17gs.pdb
182l.pdb
183l.pdb
184l.pdb
185l.pdb
186l.pdb
187l.pdb
18gs.pdb
19gs.pdb
1a05.pdb
1a0f.pdb
1a0g.pdb
1a0j.pdb
1a0q.pdb
1a0t.pdb
1a26.pdb
1a27.pdb
1a28.pdb
1a2b.pdb
1a2c.pdb
1a2k.pdb
1a2t.pdb
1a3g.pdb
1a3l.pdb
1a42.pdb
1a46.pdb
1a4g.pdb
1a4h.pdb
1a4i.pdb
1a4m.pdb
1a4q.pdb
1a4w.pdb
1a50.pdb
1a53.pdb
1a54.pdb
1a59.pdb
1a5a.pdb
1a5b.pdb
1a5g.pdb
1a5s.pdb
1a5z.pdb
1a69.pdb
1a6v.pdb
1a6w.pdb
1a71.pdb
1a78.pdb
1a80.pdb
1a82.pdb
1a85.pdb
1a86.pdb
1a8g.pdb
1a8i.pdb
1a8p.pdb
1a95.pdb
1a96.pdb
1a9m.pdb
1a9p.pdb
1a9q.pdb
1a9r.pdb
1a9s.pdb
1a9t.pdb
1a9u.pdb
1a9y.pdb
1a9z.pdb
1aa6.pdb
1aaq.pdb
1aaw.pdb
1aax.pdb
1abe.pdb
1abf.pdb
1ac4.pdb
1ac8.pdb
1aco.pdb
1ad4.pdb
1ad8.pdb
1adb.pdb
1add.pdb
1adl.pdb
1ado.pdb
1ads.pdb
1ae1.pdb
1ae8.pdb
1aed.pdb
1aee.pdb
1aef.pdb
1aeg.pdb
1aeh.pdb
1aej.pdb
1aek.pdb
1aem.pdb
1aen.pdb
1aeo.pdb
1aeq.pdb
1af6.pdb
1af7.pdb
1afe.pdb
1afl.pdb
1afq.pdb
1afs.pdb
1ag9.pdb
1agp.pdb
1agw.pdb
1ah0.pdb
1ah3.pdb
1ah4.pdb
1ah5.pdb
1aha.pdb
1ahb.pdb
1ahe.pdb
1ahf.pdb
1ahh.pdb
1ahi.pdb
1aht.pdb
1ahx.pdb
1ahy.pdb
1ai5.pdb
1ai8.pdb
1ai9.pdb
1aia.pdb
1aic.pdb
1aid.pdb
1aij.pdb
1aiq.pdb
1aix.pdb
1aj0.pdb
1aj2.pdb
1aj7.pdb
1aj8.pdb
1ajk.pdb
1ajn.pdb
1ajp.pdb
1ajq.pdb
1ajs.pdb
1ajv.pdb
1ajx.pdb
1aka.pdb
1akb.pdb
1akc.pdb
1akd.pdb
1ake.pdb
1akq.pdb
1akr.pdb
1akt.pdb
1aku.pdb
1akv.pdb
1akw.pdb
1aky.pdb
1al6.pdb
1al8.pdb
1aln.pdb
1alw.pdb
1am1.pdb
1ama.pdb
1ami.pdb
1amk.pdb
1amq.pdb
1amr.pdb
1amu.pdb
1amw.pdb
1amz.pdb
1an9.pdb
1anc.pdb
1and.pdb
1ane.pdb
1ank.pdb
1aob.pdb
1aoe.pdb
1aog.pdb
1aor.pdb
1ap9.pdb
1apb.pdb
1apt.pdb
1apv.pdb
1apw.pdb
1aq1.pdb
1aq2.pdb
1aqb.pdb
1aqu.pdb
1aqy.pdb
1arg.pdb
1arh.pdb
1ari.pdb
1ars.pdb
1as0.pdb
1as3.pdb
1asa.pdb
1asc.pdb
1asd.pdb
1ase.pdb
1asm.pdb
1asn.pdb
1at3.pdb
1atp.pdb
1atr.pdb
1ats.pdb
1au8.pdb
1aur.pdb
1aux.pdb
1av5.pdb
1awb.pdb
1awf.pdb
1axa.pdb
1axe.pdb
1axg.pdb
1axr.pdb
1axw.pdb
1axz.pdb
1ay4.pdb
1ay5.pdb
1ay6.pdb
1ay8.pdb
1ayl.pdb
1aym.pdb
1az1.pdb
1az8.pdb
1azl.pdb
1azm.pdb
1azs.pdb
1azt.pdb
1b02.pdb
1b09.pdb
1b0j.pdb
1b0k.pdb
1b0m.pdb
1b0o.pdb
1b12.pdb
1b14.pdb
1b15.pdb
1b16.pdb
1b1c.pdb
1b2l.pdb
1b2r.pdb
1b37.pdb
1b38.pdb
1b39.pdb
1b3a.pdb
1b42.pdb
1b4e.pdb
1b4k.pdb
1b4p.pdb
1b4s.pdb
1b4u.pdb
1b4v.pdb
1b4x.pdb
1b54.pdb
1b56.pdb
1b59.pdb
1b5d.pdb
1b5e.pdb
1b5g.pdb
1b5o.pdb
1b5p.pdb
1b5q.pdb
1b5t.pdb
1b62.pdb
1b63.pdb
1b6a.pdb
1b6j.pdb
1b6k.pdb
1b6l.pdb
1b6m.pdb
1b6p.pdb
1b6s.pdb
1b6t.pdb
1b7a.pdb
1b7y.pdb
1b8a.pdb
1b8d.pdb
1b8g.pdb
1b8n.pdb
1b8o.pdb
1b8s.pdb
1b8u.pdb
1b8v.pdb
1b8y.pdb
1b9h.pdb
1b9i.pdb
1b9s.pdb
1b9t.pdb
1b9v.pdb
1b9z.pdb
1ba0.pdb
1ba1.pdb
1bap.pdb
1bav.pdb
1bbp.pdb
1bc5.pdb
1bcd.pdb
1bcr.pdb
1bcs.pdb
1bcu.pdb
1bd0.pdb
1bd4.pdb
1bdb.pdb
1bdm.pdb
1bdq.pdb
1bdu.pdb
1be4.pdb
1be6.pdb
1be8.pdb
1beu.pdb
1bex.pdb
1bf3.pdb
1bfd.pdb
1bfv.pdb
1bg0.pdb
1bg2.pdb
1bgg.pdb
1bgn.pdb
1bgq.pdb
1bh2.pdb
1bh5.pdb
1bh6.pdb
1bhn.pdb
1bht.pdb
1bhx.pdb
1bif.pdb
1bil.pdb
1bio.pdb
1bir.pdb
1bit.pdb
1bj5.pdb
1bjg.pdb
1bji.pdb
1bjk.pdb
1bjp.pdb
1bju.pdb
1bjv.pdb
1bk0.pdb
1bk9.pdb
1bkj.pdb
1bks.pdb
1bkw.pdb
1bky.pdb
1bl5.pdb
1bl6.pdb
1bl7.pdb
1blh.pdb
1blz.pdb
1bma.pdb
1bmd.pdb
1bmk.pdb
1bmq.pdb
1bn1.pdb
1bn3.pdb
1bn4.pdb
1bnn.pdb
1bnq.pdb
1bnt.pdb
1bnu.pdb
1bnv.pdb
1bnw.pdb
1bo4.pdb
1bo6.pdb
1bo7.pdb
1boa.pdb
1bof.pdb
1boz.pdb
1bp1.pdb
1bq1.pdb
1bq4.pdb
1bq6.pdb
1bqe.pdb
1bqo.pdb
1br5.pdb
1br6.pdb
1bra.pdb
1brp.pdb
1bru.pdb
1brw.pdb
1brx.pdb
1bs1.pdb
1bso.pdb
1bsv.pdb
1bt4.pdb
1bt5.pdb
1bto.pdb
1btu.pdb
1btw.pdb
1btx.pdb
1bty.pdb
1bu4.pdb
1bu5.pdb
1buc.pdb
1bul.pdb
1bup.pdb
1bv7.pdb
1bv9.pdb
1bvc.pdb
1bvd.pdb
1bvi.pdb
1bvv.pdb
1bvy.pdb
1bw9.pdb
1bwa.pdb
1bwb.pdb
1bwc.pdb
1bwk.pdb
1bws.pdb
1bx0.pdb
1bx1.pdb
1bx3.pdb
1bx4.pdb
1bx6.pdb
1bxg.pdb
1bxk.pdb
1bxm.pdb
1bxo.pdb
1bxq.pdb
1bxs.pdb
1byd.pdb
1byg.pdb
1byq.pdb
1byu.pdb
1bzj.pdb
1bzl.pdb
1bzm.pdb
1bzs.pdb
1bzy.pdb
1c0f.pdb
1c0g.pdb
1c0i.pdb
1c0k.pdb
1c0l.pdb
1c14.pdb
1c1b.pdb
1c1c.pdb
1c1d.pdb
1c1e.pdb
1c1n.pdb
1c1q.pdb
1c1r.pdb
1c1t.pdb
1c1u.pdb
1c1v.pdb
1c1w.pdb
1c1x.pdb
1c1y.pdb
1c22.pdb
1c23.pdb
1c24.pdb
1c27.pdb
1c29.pdb
1c2d.pdb
1c2e.pdb
1c2h.pdb
1c2i.pdb
1c2j.pdb
1c2k.pdb
1c2t.pdb
1c3b.pdb
1c3e.pdb
1c3j.pdb
1c3q.pdb
1c3r.pdb
1c3v.pdb
1c3w.pdb
1c3x.pdb
1c4u.pdb
1c4v.pdb
1c50.pdb
1c5c.pdb
1c5i.pdb
1c5n.pdb
1c5o.pdb
1c5p.pdb
1c5q.pdb
1c5r.pdb
1c5s.pdb
1c5t.pdb
1c5u.pdb
1c5z.pdb
1c6x.pdb
1c6y.pdb
1c6z.pdb
1c70.pdb
1c7e.pdb
1c7f.pdb
1c7s.pdb
1c80.pdb
1c81.pdb
1c83.pdb
1c84.pdb
1c86.pdb
1c87.pdb
1c88.pdb
1c8k.pdb
1c8l.pdb
1c8r.pdb
1c8s.pdb
1c8u.pdb
1c8v.pdb
1c96.pdb
1c9c.pdb
1c9d.pdb
1c9k.pdb
1c9u.pdb
1c9w.pdb
1c9y.pdb
1ca7.pdb
1caq.pdb
1cb0.pdb
1cb7.pdb
1cbf.pdb
1cbk.pdb
1cbo.pdb
1cbq.pdb
1cbs.pdb
1cbx.pdb
1cc2.pdb
1cc4.pdb
1cc6.pdb
1cci.pdb
1ccw.pdb
1cd2.pdb
1cde.pdb
1cdk.pdb
1cdo.pdb
1ce5.pdb
1cea.pdb
1ceb.pdb
1cel.pdb
1cf2.pdb
1cf3.pdb
1cfv.pdb
1cg0.pdb
1cg1.pdb
1cg3.pdb
1cg4.pdb
1cg6.pdb
1cgh.pdb
1cgk.pdb
1cgl.pdb
1cgz.pdb
1ch0.pdb
1chm.pdb
1chw.pdb
1ci9.pdb
1cil.pdb
1cim.pdb
1cin.pdb
1cip.pdb
1ciz.pdb
1cj3.pdb
1cj4.pdb
1cjb.pdb
1cjc.pdb
1ck6.pdb
1ckm.pdb
1ckn.pdb
1ckp.pdb
1cl0.pdb
1cl2.pdb
1cle.pdb
1clu.pdb
1cm0.pdb
1cm8.pdb
1cmc.pdb
1cml.pdb
1cmp.pdb
1cnq.pdb
1cnw.pdb
1cnx.pdb
1com.pdb
1coy.pdb
1coz.pdb
1cpc.pdb
1cps.pdb
1cpu.pdb
1cq1.pdb
1cq7.pdb
1cq8.pdb
1cqs.pdb
1cqx.pdb
1cr5.pdb
1crb.pdb
1cru.pdb
1cs4.pdb
1csc.pdb
1csh.pdb
1csi.pdb
1csn.pdb
1csr.pdb
1css.pdb
1ct1.pdb
1ct5.pdb
1ct8.pdb
1ct9.pdb
1cte.pdb
1ctq.pdb
1ctr.pdb
1ctt.pdb
1ctu.pdb
1cul.pdb
1cv8.pdb
1cvu.pdb
1cvw.pdb
1cvz.pdb
1cw2.pdb
1cw4.pdb
1cwq.pdb
1cwu.pdb
1cx4.pdb
1cx9.pdb
1cxv.pdb
1cxz.pdb
1cy1.pdb
1cy2.pdb
1cy6.pdb
1cy7.pdb
1cy8.pdb
1cyd.pdb
1cza.pdb
1czc.pdb
1cze.pdb
1czh.pdb
1czk.pdb
1czl.pdb
1czm.pdb
1czn.pdb
1czo.pdb
1czr.pdb
1czs.pdb
1czu.pdb
1d03.pdb
1d04.pdb
1d09.pdb
1d0c.pdb
1d0l.pdb
1d0m.pdb
1d0o.pdb
1d0s.pdb
1d0v.pdb
1d0x.pdb
1d0y.pdb
1d0z.pdb
1d1a.pdb
1d1b.pdb
1d1c.pdb
1d1g.pdb
1d1j.pdb
1d1q.pdb
1d1s.pdb
1d1t.pdb
1d1v.pdb
1d1x.pdb
1d1y.pdb
1d2a.pdb
1d2e.pdb
1d2f.pdb
1d2n.pdb
1d2s.pdb
1d2z.pdb
1d3d.pdb
1d3g.pdb
1d3h.pdb
1d3p.pdb
1d3v.pdb
1d4a.pdb
1d4d.pdb
1d4h.pdb
1d4i.pdb
1d4j.pdb
1d4k.pdb
1d4l.pdb
1d4o.pdb
1d4p.pdb
1d4s.pdb
1d4x.pdb
1d4y.pdb
1d5c.pdb
1d5r.pdb
1d6a.pdb
1d6f.pdb
1d6h.pdb
1d6j.pdb
1d6s.pdb
1d6u.pdb
1d6v.pdb
1d6w.pdb
1d6y.pdb
1d6z.pdb
1d7a.pdb
1d7b.pdb
1d7c.pdb
1d7d.pdb
1d7e.pdb
1d7l.pdb
1d7o.pdb
1d7r.pdb
1d7s.pdb
1d7u.pdb
1d7x.pdb
1d7y.pdb
1d8a.pdb
1d8c.pdb
1d8d.pdb
1d8t.pdb
1d9i.pdb
1daa.pdb
1dad.pdb
1daf.pdb
1dag.pdb
1dah.pdb
1daj.pdb
1dak.pdb
1dam.pdb
1dap.pdb
1dar.pdb
1daw.pdb
1day.pdb
1db1.pdb
1db4.pdb
1dbg.pdb
1dbo.pdb
1dbp.pdb
1dbt.pdb
1dbv.pdb
1dc6.pdb
1dcn.pdb
1dd4.pdb
1dd6.pdb
1ddg.pdb
1ddr.pdb
1dds.pdb
1ddt.pdb
1ddu.pdb
1de5.pdb
1de6.pdb
1deh.pdb
1dej.pdb
1dek.pdb
1df7.pdb
1df8.pdb
1dfg.pdb
1dfh.pdb
1dfi.pdb
1dfo.pdb
1dfp.pdb
1dg1.pdb
1dg5.pdb
1dg7.pdb
1dg8.pdb
1dg9.pdb
1dgb.pdb
1dgf.pdb
1dgg.pdb
1dgh.pdb
1dgm.pdb
1dhf.pdb
1dhi.pdb
1dhj.pdb
1dhr.pdb
1dht.pdb
1di8.pdb
1dia.pdb
1dic.pdb
1did.pdb
1dif.pdb
1dig.pdb
1dih.pdb
1dii.pdb
1dil.pdb
1dim.pdb
1dio.pdb
1dje.pdb
1djl.pdb
1djn.pdb
1djo.pdb
1djp.pdb
1djq.pdb
1dju.pdb
1djw.pdb
1djx.pdb
1dkf.pdb
1dkp.pdb
1dkq.pdb
1dku.pdb
1dl5.pdb
1dl7.pdb
1dlg.pdb
1dli.pdb
1dlj.pdb
1dlk.pdb
1dlm.pdb
1dlq.pdb
1dlr.pdb
1dls.pdb
1dlt.pdb
1dlv.pdb
1dm2.pdb
1dm3.pdb
1dm6.pdb
1dm7.pdb
1dm8.pdb
1dmh.pdb
1dmj.pdb
1dmk.pdb
1dmr.pdb
1dms.pdb
1dmt.pdb
1dmy.pdb
1dna.pdb
1dnc.pdb
1dnp.pdb
1dob.pdb
1doc.pdb
1dod.pdb
1doe.pdb
1dog.pdb
1doh.pdb
1dor.pdb
1dpf.pdb
1dpm.pdb
1dpo.pdb
1dq8.pdb
1dqa.pdb
1dqe.pdb
1dqn.pdb
1dqp.pdb
1dqr.pdb
1dqs.pdb
1dqx.pdb
1dqy.pdb
1dr1.pdb
1dr2.pdb
1dr3.pdb
1dr4.pdb
1dr5.pdb
1dr6.pdb
1dr7.pdb
1dra.pdb
1drb.pdb
1drf.pdb
1drh.pdb
1drj.pdb
1drk.pdb
1drt.pdb
1dru.pdb
1drv.pdb
1drw.pdb
1dry.pdb
1ds1.pdb
1ds6.pdb
1ds7.pdb
1ds8.pdb
1dss.pdb
1dth.pdb
1dtl.pdb
1dtp.pdb
1dty.pdb
1dug.pdb
1dui.pdb
1duv.pdb
1dv2.pdb
1dv3.pdb
1dv6.pdb
1dvj.pdb
1dvr.pdb
1dwv.pdb
1dww.pdb
1dx6.pdb
1dxo.pdb
1dxr.pdb
1dxy.pdb
1dy3.pdb
1dy4.pdb
1dyh.pdb
1dyi.pdb
1dyj.pdb
1dyr.pdb
1dz4.pdb
1dz6.pdb
1dz8.pdb
1dz9.pdb
1dze.pdb
1dzj.pdb
1dzk.pdb
1dzm.pdb
1dzp.pdb
1e0p.pdb
1e0v.pdb
1e0x.pdb
1e1k.pdb
1e1l.pdb
1e1m.pdb
1e1n.pdb
1e1t.pdb
1e1v.pdb
1e1x.pdb
1e1y.pdb
1e2d.pdb
1e2e.pdb
1e2f.pdb
1e2g.pdb
1e2i.pdb
1e2j.pdb
1e2k.pdb
1e2l.pdb
1e2m.pdb
1e2n.pdb
1e2p.pdb
1e2q.pdb
1e2s.pdb
1e3d.pdb
1e3e.pdb
1e3g.pdb
1e3i.pdb
1e3l.pdb
1e3r.pdb
1e3s.pdb
1e4e.pdb
1e4i.pdb
1e4n.pdb
1e4v.pdb
1e4y.pdb
1e5d.pdb
1e5e.pdb
1e5f.pdb
1e5h.pdb
1e5i.pdb
1e5j.pdb
1e5v.pdb
1e6a.pdb
1e6d.pdb
1e6e.pdb
1e6q.pdb
1e6r.pdb
1e6s.pdb
1e6u.pdb
1e6w.pdb
1e6x.pdb
1e6z.pdb
1e7a.pdb
1e7b.pdb
1e7c.pdb
1e7e.pdb
1e7f.pdb
1e7g.pdb
1e7h.pdb
1e7q.pdb
1e7r.pdb
1e7s.pdb
1e7u.pdb
1e7v.pdb
1e7w.pdb
1e7y.pdb
1e8c.pdb
1e8g.pdb
1e8v.pdb
1e8w.pdb
1e8x.pdb
1e8z.pdb
1e9a.pdb
1e9b.pdb
1e9c.pdb
1e9d.pdb
1e9e.pdb
1e9f.pdb
1e9h.pdb
1e9l.pdb
1e9x.pdb
1ea1.pdb
1eag.pdb
1eam.pdb
1eap.pdb
1eau.pdb
1eax.pdb
1eb1.pdb
1eb2.pdb
1eb3.pdb
1eb9.pdb
1ebf.pdb
1ebg.pdb
1ebw.pdb
1eby.pdb
1ebz.pdb
1ec0.pdb
1ec1.pdb
1ec2.pdb
1ec3.pdb
1ec8.pdb
1ec9.pdb
1ecc.pdb
1ecf.pdb
1ecg.pdb
1ecj.pdb
1ecm.pdb
1ecq.pdb
1ecs.pdb
1ecv.pdb
1ed4.pdb
1ed5.pdb