1v1k.pdb
1v39.pdb
1vao.pdb
1vbt.pdb
1vcj.pdb
1vdc.pdb
1vfn.pdb
1vfr.pdb
1vgc.pdb
1vid.pdb
1vik.pdb
1vj3.pdb
1vm1.pdb
1vom.pdb
1vot.pdb
1vp3.pdb
1vp9.pdb
1vpe.pdb
1vpo.pdb
1vpt.pdb
1vru.pdb
1vza.pdb
1vzb.pdb
1vzc.pdb
1vzd.pdb
1vze.pdb
1wbl.pdb
1wht.pdb
1wq1.pdb
1xan.pdb
1xel.pdb
1xgf.pdb
1xid.pdb
1xie.pdb
1xig.pdb
1xih.pdb
1xii.pdb
1xij.pdb
1xim.pdb
1xka.pdb
1xkb.pdb
1xlf.pdb
1xli.pdb
1xlj.pdb
1xlm.pdb
1xug.pdb
1xui.pdb
1xva.pdb
1xyb.pdb
1xyc.pdb
1xzc.pdb
1xzk.pdb
1xzl.pdb
1xzm.pdb
1yaa.pdb
1yag.pdb
1yda.pdb
1ydb.pdb
1ydd.pdb
1ydr.pdb
1yds.pdb
1ydt.pdb
1yec.pdb
1yee.pdb
1yef.pdb
1yeg.pdb
1yei.pdb
1yej.pdb
1yek.pdb
1yet.pdb
1ykf.pdb
1ylv.pdb
1yoo.pdb
1ypn.pdb
1yvn.pdb
1yyy.pdb
1z1h.pdb
1z1r.pdb
1zap.pdb
1zei.pdb
1zfj.pdb
1zin.pdb
1zio.pdb
1zip.pdb
1zpr.pdb
1zsb.pdb
1zzz.pdb
20gs.pdb
210l.pdb
221p.pdb
225l.pdb
25c8.pdb
2a3h.pdb
2aad.pdb
2ace.pdb
2ack.pdb
2acq.pdb
2acr.pdb
2acs.pdb
2acu.pdb
2ada.pdb
2adm.pdb
2ae2.pdb
2aid.pdb
2ak3.pdb
2aky.pdb
2amv.pdb
2ans.pdb
2arc.pdb
2atj.pdb
2ay1.pdb
2ay2.pdb
2ay3.pdb
2ay4.pdb
2ay5.pdb
2ay6.pdb
2ay7.pdb
2ay8.pdb
2ay9.pdb
2bat.pdb
2bbq.pdb
2bef.pdb
2bfv.pdb
2bgu.pdb
2bif.pdb
2bir.pdb
2bkj.pdb
2bpv.pdb
2bpy.pdb
2bpz.pdb
2btm.pdb
2bu4.pdb
2bup.pdb
2bvw.pdb
2bza.pdb
2can.pdb
2cbs.pdb
2cd2.pdb
2cgr.pdb
2cha.pdb
2cmk.pdb
2cp4.pdb
2cpp.pdb
2csc.pdb
2csn.pdb
2cst.pdb
2ctc.pdb
2cut.pdb
2cxg.pdb
2dab.pdb
2dap.pdb
2dbv.pdb
2dhf.pdb
2dln.pdb
2dor.pdb
2dpg.pdb
2dpm.pdb
2drc.pdb
2dri.pdb
2eug.pdb
2fap.pdb
2fax.pdb
2fcr.pdb
2fdx.pdb
2fgi.pdb
2flv.pdb
2fox.pdb
2fvx.pdb
2fx2.pdb
2glr.pdb
2gpa.pdb
2gpb.pdb
2gsa.pdb
2gsp.pdb
2gsq.pdb
2gss.pdb
2gst.pdb
2gyi.pdb
2h4n.pdb
2hdh.pdb
2hgs.pdb
2hmb.pdb
2hoh.pdb
2ifb.pdb
2izf.pdb
2izg.pdb
2izh.pdb
2izi.pdb
2izj.pdb
2izk.pdb
2izl.pdb
2kce.pdb
2ki5.pdb
2lbd.pdb
2lh6.pdb
2lh7.pdb
2lig.pdb
2lpr.pdb
2mas.pdb
2mbr.pdb
2min.pdb
2nad.pdb
2nap.pdb
2ncd.pdb
2ngr.pdb
2nlr.pdb
2npx.pdb
2oat.pdb
2ohx.pdb
2oxi.pdb
2pax.pdb
2pcp.pdb
2pgt.pdb
2phy.pdb
2pia.pdb
2pka.pdb
2por.pdb
2prc.pdb
2prg.pdb
2pri.pdb
2pva.pdb
2pyp.pdb
2q21.pdb
2qr2.pdb
2qwb.pdb
2qwc.pdb
2qwd.pdb
2qwe.pdb
2qwf.pdb
2qwg.pdb
2qwh.pdb
2qwi.pdb
2qwj.pdb
2qwk.pdb
2rtd.pdb
2rte.pdb
2rtf.pdb
2rtg.pdb
2rth.pdb
2rti.pdb
2rtj.pdb
2rtk.pdb
2rtl.pdb
2rtm.pdb
2rtn.pdb
2rto.pdb
2rtp.pdb
2rtq.pdb
2rtr.pdb
2scu.pdb
2sfp.pdb
2shp.pdb
2sim.pdb
2sli.pdb
2sqc.pdb
2src.pdb
2std.pdb
2tbs.pdb
2tcl.pdb
2tct.pdb
2tgd.pdb
2tio.pdb
2tmd.pdb
2tmk.pdb
2tod.pdb
2tpl.pdb
2tpr.pdb
2tps.pdb
2trs.pdb
2trt.pdb
2tsc.pdb
2tsy.pdb
2tys.pdb
2uag.pdb
2udp.pdb
2ukd.pdb
2usn.pdb
2vgc.pdb
2vp3.pdb
2web.pdb
2wec.pdb
2wsy.pdb
2xin.pdb
2xis.pdb
2xyl.pdb
2yhx.pdb
2ypi.pdb
2ypn.pdb
35c8.pdb
3a3h.pdb
3aid.pdb
3aky.pdb
3amv.pdb
3atj.pdb
3bif.pdb
3bir.pdb
3bls.pdb
3bto.pdb
3bu4.pdb
3ca2.pdb
3cbs.pdb
3cd2.pdb
3cgt.pdb
3cox.pdb
3cp4.pdb
3cpp.pdb
3csc.pdb
3csj.pdb
3dap.pdb
3dbv.pdb
3dfr.pdb
3dhe.pdb
3dmr.pdb
3drc.pdb
3erd.pdb
3erk.pdb
3ert.pdb
3fap.pdb
3fx2.pdb
3fyg.pdb
3gal.pdb
3gch.pdb
3gpb.pdb
3grs.pdb
3grt.pdb
3gsp.pdb
3gss.pdb
3gst.pdb
3gwx.pdb
3had.pdb
3hoh.pdb
3hsc.pdb
3jdw.pdb
3kar.pdb
3kiv.pdb
3lad.pdb
3lbd.pdb
3lkf.pdb
3lpr.pdb
3mag.pdb
3mct.pdb
3mdd.pdb
3mde.pdb
3min.pdb
3nll.pdb
3nos.pdb
3pah.pdb
3pax.pdb
3pgt.pdb
3por.pdb
3prc.pdb
3pro.pdb
3ptb.pdb
3pyp.pdb
3rab.pdb
3rap.pdb
3rhn.pdb
3sga.pdb
3sli.pdb
3std.pdb
3tmk.pdb
3uag.pdb
3ukd.pdb
3upj.pdb
3vgc.pdb
3xim.pdb
421p.pdb
43ca.pdb
456c.pdb
4a3h.pdb
4aah.pdb
4aig.pdb
4atj.pdb
4blc.pdb
4bu4.pdb
4cd2.pdb
4cp4.pdb
4cpp.pdb
4csc.pdb
4daa.pdb
4dbv.pdb
4dcg.pdb
4dfr.pdb
4dmr.pdb
4eng.pdb
4er1.pdb
4erk.pdb
4est.pdb
4fbp.pdb
4fua.pdb
4fx2.pdb
4gch.pdb
4gpb.pdb
4gr1.pdb
4gsa.pdb
4gsp.pdb
4gss.pdb
4gst.pdb
4hoh.pdb
4lbd.pdb
4lip.pdb
4mdh.pdb
4nll.pdb
4ovw.pdb
4pah.pdb
4pbg.pdb
4pfk.pdb
4pgt.pdb
4phv.pdb
4q21.pdb
4rhn.pdb
4rsk.pdb
4sli.pdb
4std.pdb
4thi.pdb
4tim.pdb
4tln.pdb
4tmk.pdb
4uag.pdb
4ukd.pdb
4upj.pdb
4vgc.pdb
4xia.pdb
5a3h.pdb
5abp.pdb
5acn.pdb
5bir.pdb
5bj3.pdb
5bj4.pdb
5bu4.pdb
5cna.pdb
5cp4.pdb
5cpp.pdb
5cts.pdb
5eaa.pdb
5eau.pdb
5enl.pdb
5er1.pdb
5est.pdb
5eug.pdb
5fbp.pdb
5fit.pdb
5fwg.pdb
5fx2.pdb
5gpb.pdb
5grt.pdb
5gsp.pdb
5gss.pdb
5hoh.pdb
5mdh.pdb
5nll.pdb
5nse.pdb
5nuc.pdb
5nul.pdb
5p21.pdb
5p2p.pdb
5pah.pdb
5prc.pdb
5rhn.pdb
5std.pdb
5tmp.pdb
5ukd.pdb
5ull.pdb
5upj.pdb
5xia.pdb
5yas.pdb
621p.pdb
6a3h.pdb
6abp.pdb
6acn.pdb
6ald.pdb
6atj.pdb
6cha.pdb
6cp4.pdb
6cpa.pdb
6csc.pdb
6dfr.pdb
6enl.pdb
6gch.pdb
6gsp.pdb
6gss.pdb
6gst.pdb
6gsu.pdb
6gsv.pdb
6gsw.pdb
6gsx.pdb
6gsy.pdb
6jdw.pdb
6lpr.pdb
6nse.pdb
6nul.pdb
6prc.pdb
6q21.pdb
6rsa.pdb
6std.pdb
6tim.pdb
6upj.pdb
721p.pdb
7aat.pdb
7abp.pdb
7acn.pdb
7cpa.pdb
7cpp.pdb
7dfr.pdb
7enl.pdb
7gch.pdb
7gsp.pdb
7gss.pdb
7jdw.pdb
7lpr.pdb
7nse.pdb
7odc.pdb
7taa.pdb
7tim.pdb
7tln.pdb
7upj.pdb
821p.pdb
830c.pdb
8a3h.pdb
8aat.pdb
8abp.pdb
8acn.pdb
8atc.pdb
8cgt.pdb
8cpa.pdb
8cpp.pdb
8dfr.pdb
8est.pdb
8gpb.pdb
8gss.pdb
8lpr.pdb
8nse.pdb
8rsa.pdb
966c.pdb
9aat.pdb
9abp.pdb
9cgt.pdb
9est.pdb
9gss.pdb
9ldb.pdb
9ldt.pdb
9lpr.pdb
9xia.pdb